F00:0001       BPLCON0=                    $100
F00:0002       BPLCON1=                    $102
F00:0003       BPLCON2=                    $104
F00:0004       BLTAMOD:                equ $64
F00:0005       BLTBMOD:                equ $62
F00:0006       BLTCMOD:                equ $60
F00:0007       BLTDMOD:                equ $66
F00:0008       BLTAFWM:                equ $44
F00:0009       BLTCON0:                equ $40
F00:0010       BLTCON1:                equ $42
F00:0011       VHPOSR:                 equ 6
F00:0012       BLTAPTH:                equ $50
F00:0013       BLTAPTL:                equ $52
F00:0014       BLTBPTH:                equ $4c
F00:0015       BLTCPTH:                equ $48
F00:0016       BLTDPTH:                equ $54
F00:0017       BLTSIZE:                equ $58
F00:0018       BLTADAT:                equ $74
F00:0019       BLTBDAT:                equ $72
F00:0020       CIAAPRA         EQU             $bfe001
F00:0021       VPOSR           EQU             $dff004
F00:0022       COP1LCH         EQU             $dff080
F00:0023       DMACONR		EQU		$dff002
F00:0024       ADKCONR		EQU		$dff010
F00:0025       INTENAR		EQU		$dff01c
F00:0026       INTREQR		EQU		$dff01e
F00:0027       CIAAPRA2         EQU             $001
F00:0028       VPOSR2           EQU             $004
F00:0029       COP1LCH2         EQU             $080
F00:0030       DMACONR2		EQU		$002
F00:0031       ADKCONR2		EQU		$010
F00:0032       INTENAR2		EQU		$01c
F00:0033       INTREQR2		EQU		$01e
F00:0034       DMACON		EQU		$dff096
F00:0035       ADKCON		EQU		$dff09e
F00:0036       INTENA		EQU		$dff09a
F00:0037       INTREQ		EQU		$dff09c
F00:0038       DMACON2		EQU		$096
F00:0039       ADKCON2		EQU		$09e
F00:0040       INTENA2		EQU		$09a
F00:0041       INTREQ2		EQU		$09c
F00:0042       init:
F00:0043       	; store data in hardwareregisters ORed with $8000
F00:0044               ;(bit 15 is a write-set bit when values are written back into the system)
F00:0045       ;Stack the registers
F00:0046       	movem.l d0-d7/a0-a6,-(sp)
               S01:00000000:  48 E7 FF FE
F00:0047       	move.w	DMACONR,d0
               S01:00000004:  30 39 00 DF F0 02
F00:0048       	or.w #$8000,d0
               S01:0000000A:  80 7C 80 00
F00:0049       	move.w d0,olddmareq
               S01:0000000E:  33 C0 00 00 1D F8 [R]
F00:0050       	move.w	INTENAR,d0
               S01:00000014:  30 39 00 DF F0 1C
F00:0051       	or.w #$8000,d0
               S01:0000001A:  80 7C 80 00
F00:0052       	move.w d0,oldintena
               S01:0000001E:  33 C0 00 00 1D FC [R]
F00:0053       	move.w	INTREQR,d0
               S01:00000024:  30 39 00 DF F0 1E
F00:0054       	or.w #$8000,d0
               S01:0000002A:  80 7C 80 00
F00:0055       	move.w d0,oldintreq
               S01:0000002E:  33 C0 00 00 1D FA [R]
F00:0056       ;        move.w  #$7fff,INTENA
F00:0057               move.w	ADKCONR,d0;
               S01:00000034:  30 39 00 DF F0 10
F00:0058       	or.w #$8000,d0
               S01:0000003A:  80 7C 80 00
F00:0059       	move.w d0,oldadkcon
               S01:0000003E:  33 C0 00 00 1D FE [R]
F00:0060       	; base library address in $4
F00:0061       	move.l	$4,a6
               S01:00000044:  2C 78 00 04
F00:0062       	move.l	#gfxname,a1
               S01:00000048:  43 FA 1D BA
F00:0063       	moveq	#0,d0 ; whatever
               S01:0000004C:  70 00
F00:0064       	jsr	-552(a6) 
               S01:0000004E:  4E AE FD D8
F00:0065       	move.l	d0,gfxbase
               S01:00000052:  23 C0 00 00 1D F0 [R]
F00:0066       	move.l 	d0,a6
               S01:00000058:  2C 40
F00:0067       	move.l 	34(a6),oldview
               S01:0000005A:  23 EE 00 22 00 00 1D E8 [R]
F00:0068       	move.l 	38(a6),oldcopper
               S01:00000062:  23 EE 00 26 00 00 1D EC [R]
F00:0069       	move.l #0,a1
               S01:0000006A:  93 C9
F00:0070       	jsr -222(a6)	; LoadView
               S01:0000006C:  4E AE FF 22
F00:0071       	jsr -270(a6)	; WaitTOF
               S01:00000070:  4E AE FE F2
F00:0072       	jsr -270(a6)	; WaitTOF
               S01:00000074:  4E AE FE F2
F00:0073       	move.l	$4,a6
               S01:00000078:  2C 78 00 04
F00:0074       	jsr -132(a6)	; Forbid
               S01:0000007C:  4E AE FF 7C
F00:0075               move.l #cop,a0
               S01:00000080:  41 F9 00 00 00 00 [R]
F00:0076               move.l a0,COP1LCH
               S01:00000086:  23 C8 00 DF F0 80
F00:0077       	jmp block1
               S01:0000008C:  60 00 19 7E
F00:0078       Graphics_pa dc.l 0
               S01:00000090:  00 00 00 00
F00:0079       Graphics_bpl	dc.w	0
               S01:00000094:  00 00
F00:0080       Graphics_j	dc.w	0
               S01:00000096:  00 00
F00:0081       Graphics_bytefill1	dc.b $ff, $7f, $3f, $1f, $f, $7, $3, $1
               S01:00000098:  FF
               S01:00000099:  7F
               S01:0000009A:  3F
               S01:0000009B:  1F
               S01:0000009C:  0F
               S01:0000009D:  07
               S01:0000009E:  03
               S01:0000009F:  01
F00:0082       Graphics_bytefill2	dc.b $0, $80, $c0, $e0, $f0, $f8, $fc, $fe
               S01:000000A0:  00
               S01:000000A1:  80
               S01:000000A2:  C0
               S01:000000A3:  E0
               S01:000000A4:  F0
               S01:000000A5:  F8
               S01:000000A6:  FC
               S01:000000A7:  FE
F00:0083       	dc.b $ff, $ff
               S01:000000A8:  FF
               S01:000000A9:  FF
F00:0084       Graphics_bytefill3	dc.b $fe, $fc, $f8, $f0, $e0, $c0, $80, $0
               S01:000000AA:  FE
               S01:000000AB:  FC
               S01:000000AC:  F8
               S01:000000AD:  F0
               S01:000000AE:  E0
               S01:000000AF:  C0
               S01:000000B0:  80
               S01:000000B1:  00
F00:0085       curBuf	dc.w	$00
               S01:000000B2:  00 00
F00:0086       isDone	dc.w	$00
               S01:000000B4:  00 00
F00:0087       colorcycled	dc.w	$00
               S01:000000B6:  00 00
F00:0088       curcopperpos	dc.l	$00
               S01:000000B8:  00 00 00 00
F00:0089       lightypos	dc.w	$3001
               S01:000000BC:  30 01
F00:0090       screenOffset	dc.l	$2800
               S01:000000BE:  00 00 28 00
F00:0091       foamCounter	dc.w	$00
               S01:000000C2:  00 00
F00:0092       eff0Counter	dc.w	$00
               S01:000000C4:  00 00
F00:0093       yOffset	dc.w	$8b
               S01:000000C6:  00 8B
F00:0094       	 	CNOP 0,4
F00:0095       image_palette
F00:0096       	incbin "C:/Users/uersu/Documents/GitData/compofiller///resources/images/cupempty.COP"
               S01:000000C8:  01 80 00 00 01 82 08 52 01 84 0C 73 01 86 0E B8
               S01:000000D8:  01 88 0F DA 01 8A 0E DC 01 8C 0B A8 01 8E 0C 63
F00:0097       	 	CNOP 0,4
F00:0098       	 	CNOP 0,4
F00:0099       image_palette_cycled
F00:0100       	incbin "C:/Users/uersu/Documents/GitData/compofiller///resources/images/cupemptycycle.COP"
               S01:00000148:  01 80 00 00 01 82 0C 94 01 84 0F B5 01 86 0F EA
               S01:00000158:  01 88 0F FC 01 8A 0F FE 01 8C 0F EA 01 8E 0C 63
F00:0101       	 	CNOP 0,4
F00:0102       screen	dc.l	0
               S01:000001C8:  00 00 00 00
F00:0103       offscreen	dc.l	0
               S01:000001CC:  00 00 00 00
F00:0104       i	dc.w	$00
               S01:000001D0:  00 00
F00:0105       bltsize	dc.w	$00
               S01:000001D2:  00 00
F00:0106       musicPos	dc.w	$00
               S01:000001D4:  00 00
F00:0107       current	dc.w	$00
               S01:000001D6:  00 00
F00:0108       beerinput	dc.w	$00
               S01:000001D8:  00 00
F00:0109       curbplmod	dc.w	$ffd8
               S01:000001DA:  FF D8
F00:0110       istart	dc.w	$82
               S01:000001DC:  00 82
F00:0111       effectNumber	dc.w	$01
               S01:000001DE:  00 01
F00:0112       imagemask	dc.l	0
               S01:000001E0:  00 00 00 00
F00:0113       srcimage	dc.l	0
               S01:000001E4:  00 00 00 00
F00:0114       sine4Copper	dc.w $182, $188, $18e, $195, $19b, $1a1, $1a7, $1ad
               S01:000001E8:  01 82
               S01:000001EA:  01 88
               S01:000001EC:  01 8E
               S01:000001EE:  01 95
               S01:000001F0:  01 9B
               S01:000001F2:  01 A1
               S01:000001F4:  01 A7
               S01:000001F6:  01 AD
F00:0115       	dc.w $1b3, $1b9, $1bf, $1c5, $1ca, $1cf, $1d4, $1d9
               S01:000001F8:  01 B3
               S01:000001FA:  01 B9
               S01:000001FC:  01 BF
               S01:000001FE:  01 C5
               S01:00000200:  01 CA
               S01:00000202:  01 CF
               S01:00000204:  01 D4
               S01:00000206:  01 D9
F00:0116       	dc.w $1de, $1e2, $1e6, $1ea, $1ee, $1f1, $1f5, $1f7
               S01:00000208:  01 DE
               S01:0000020A:  01 E2
               S01:0000020C:  01 E6
               S01:0000020E:  01 EA
               S01:00000210:  01 EE
               S01:00000212:  01 F1
               S01:00000214:  01 F5
               S01:00000216:  01 F7
F00:0117       	dc.w $1fa, $1fc, $1fe, $200, $202, $203, $203, $204
               S01:00000218:  01 FA
               S01:0000021A:  01 FC
               S01:0000021C:  01 FE
               S01:0000021E:  02 00
               S01:00000220:  02 02
               S01:00000222:  02 03
               S01:00000224:  02 03
               S01:00000226:  02 04
F00:0118       	dc.w $204, $204, $203, $203, $202, $200, $1fe, $1fc
               S01:00000228:  02 04
               S01:0000022A:  02 04
               S01:0000022C:  02 03
               S01:0000022E:  02 03
               S01:00000230:  02 02
               S01:00000232:  02 00
               S01:00000234:  01 FE
               S01:00000236:  01 FC
F00:0119       	dc.w $1fa, $1f8, $1f5, $1f2, $1ee, $1ea, $1e7, $1e2
               S01:00000238:  01 FA
               S01:0000023A:  01 F8
               S01:0000023C:  01 F5
               S01:0000023E:  01 F2
               S01:00000240:  01 EE
               S01:00000242:  01 EA
               S01:00000244:  01 E7
               S01:00000246:  01 E2
F00:0120       	dc.w $1de, $1d9, $1d4, $1cf, $1ca, $1c5, $1bf, $1b9
               S01:00000248:  01 DE
               S01:0000024A:  01 D9
               S01:0000024C:  01 D4
               S01:0000024E:  01 CF
               S01:00000250:  01 CA
               S01:00000252:  01 C5
               S01:00000254:  01 BF
               S01:00000256:  01 B9
F00:0121       	dc.w $1b4, $1ae, $1a8, $1a1, $19b, $195, $18e, $188
               S01:00000258:  01 B4
               S01:0000025A:  01 AE
               S01:0000025C:  01 A8
               S01:0000025E:  01 A1
               S01:00000260:  01 9B
               S01:00000262:  01 95
               S01:00000264:  01 8E
               S01:00000266:  01 88
F00:0122       	dc.w $182, $17b, $175, $16f, $168, $162, $15c, $156
               S01:00000268:  01 82
               S01:0000026A:  01 7B
               S01:0000026C:  01 75
               S01:0000026E:  01 6F
               S01:00000270:  01 68
               S01:00000272:  01 62
               S01:00000274:  01 5C
               S01:00000276:  01 56
F00:0123       	dc.w $150, $14a, $144, $13f, $139, $134, $12f, $12a
               S01:00000278:  01 50
               S01:0000027A:  01 4A
               S01:0000027C:  01 44
               S01:0000027E:  01 3F
               S01:00000280:  01 39
               S01:00000282:  01 34
               S01:00000284:  01 2F
               S01:00000286:  01 2A
F00:0124       	dc.w $125, $121, $11d, $119, $115, $112, $10e, $10c
               S01:00000288:  01 25
               S01:0000028A:  01 21
               S01:0000028C:  01 1D
               S01:0000028E:  01 19
               S01:00000290:  01 15
               S01:00000292:  01 12
               S01:00000294:  01 0E
               S01:00000296:  01 0C
F00:0125       	dc.w $109, $107, $105, $103, $102, $100, $100, $ff
               S01:00000298:  01 09
               S01:0000029A:  01 07
               S01:0000029C:  01 05
               S01:0000029E:  01 03
               S01:000002A0:  01 02
               S01:000002A2:  01 00
               S01:000002A4:  01 00
               S01:000002A6:  00 FF
F00:0126       	dc.w $ff, $ff, $100, $100, $101, $103, $104, $106
               S01:000002A8:  00 FF
               S01:000002AA:  00 FF
               S01:000002AC:  01 00
               S01:000002AE:  01 00
               S01:000002B0:  01 01
               S01:000002B2:  01 03
               S01:000002B4:  01 04
               S01:000002B6:  01 06
F00:0127       	dc.w $109, $10b, $10e, $111, $115, $118, $11c, $121
               S01:000002B8:  01 09
               S01:000002BA:  01 0B
               S01:000002BC:  01 0E
               S01:000002BE:  01 11
               S01:000002C0:  01 15
               S01:000002C2:  01 18
               S01:000002C4:  01 1C
               S01:000002C6:  01 21
F00:0128       	dc.w $125, $12a, $12e, $133, $139, $13e, $144, $149
               S01:000002C8:  01 25
               S01:000002CA:  01 2A
               S01:000002CC:  01 2E
               S01:000002CE:  01 33
               S01:000002D0:  01 39
               S01:000002D2:  01 3E
               S01:000002D4:  01 44
               S01:000002D6:  01 49
F00:0129       	dc.w $14f, $155, $15b, $161, $168, $16e, $174, $17b
               S01:000002D8:  01 4F
               S01:000002DA:  01 55
               S01:000002DC:  01 5B
               S01:000002DE:  01 61
               S01:000002E0:  01 68
               S01:000002E2:  01 6E
               S01:000002E4:  01 74
               S01:000002E6:  01 7B
F00:0130       	dc.w $181, $187, $18e, $194, $19b, $1a1, $1a7, $1ad
               S01:000002E8:  01 81
               S01:000002EA:  01 87
               S01:000002EC:  01 8E
               S01:000002EE:  01 94
               S01:000002F0:  01 9B
               S01:000002F2:  01 A1
               S01:000002F4:  01 A7
               S01:000002F6:  01 AD
F00:0131       	dc.w $1b3, $1b9, $1bf, $1c4, $1ca, $1cf, $1d4, $1d9
               S01:000002F8:  01 B3
               S01:000002FA:  01 B9
               S01:000002FC:  01 BF
               S01:000002FE:  01 C4
               S01:00000300:  01 CA
               S01:00000302:  01 CF
               S01:00000304:  01 D4
               S01:00000306:  01 D9
F00:0132       	dc.w $1dd, $1e2, $1e6, $1ea, $1ee, $1f1, $1f4, $1f7
               S01:00000308:  01 DD
               S01:0000030A:  01 E2
               S01:0000030C:  01 E6
               S01:0000030E:  01 EA
               S01:00000310:  01 EE
               S01:00000312:  01 F1
               S01:00000314:  01 F4
               S01:00000316:  01 F7
F00:0133       	dc.w $1fa, $1fc, $1fe, $200, $201, $203, $203, $204
               S01:00000318:  01 FA
               S01:0000031A:  01 FC
               S01:0000031C:  01 FE
               S01:0000031E:  02 00
               S01:00000320:  02 01
               S01:00000322:  02 03
               S01:00000324:  02 03
               S01:00000326:  02 04
F00:0134       	dc.w $204, $204, $203, $203, $202, $200, $1ff, $1fd
               S01:00000328:  02 04
               S01:0000032A:  02 04
               S01:0000032C:  02 03
               S01:0000032E:  02 03
               S01:00000330:  02 02
               S01:00000332:  02 00
               S01:00000334:  01 FF
               S01:00000336:  01 FD
F00:0135       	dc.w $1fa, $1f8, $1f5, $1f2, $1ee, $1eb, $1e7, $1e3
               S01:00000338:  01 FA
               S01:0000033A:  01 F8
               S01:0000033C:  01 F5
               S01:0000033E:  01 F2
               S01:00000340:  01 EE
               S01:00000342:  01 EB
               S01:00000344:  01 E7
               S01:00000346:  01 E3
F00:0136       	dc.w $1de, $1da, $1d5, $1d0, $1cb, $1c5, $1c0, $1ba
               S01:00000348:  01 DE
               S01:0000034A:  01 DA
               S01:0000034C:  01 D5
               S01:0000034E:  01 D0
               S01:00000350:  01 CB
               S01:00000352:  01 C5
               S01:00000354:  01 C0
               S01:00000356:  01 BA
F00:0137       	dc.w $1b4, $1ae, $1a8, $1a2, $19c, $195, $18f, $189
               S01:00000358:  01 B4
               S01:0000035A:  01 AE
               S01:0000035C:  01 A8
               S01:0000035E:  01 A2
               S01:00000360:  01 9C
               S01:00000362:  01 95
               S01:00000364:  01 8F
               S01:00000366:  01 89
F00:0138       	dc.w $182, $17c, $175, $16f, $169, $162, $15c, $156
               S01:00000368:  01 82
               S01:0000036A:  01 7C
               S01:0000036C:  01 75
               S01:0000036E:  01 6F
               S01:00000370:  01 69
               S01:00000372:  01 62
               S01:00000374:  01 5C
               S01:00000376:  01 56
F00:0139       	dc.w $150, $14a, $145, $13f, $13a, $134, $12f, $12a
               S01:00000378:  01 50
               S01:0000037A:  01 4A
               S01:0000037C:  01 45
               S01:0000037E:  01 3F
               S01:00000380:  01 3A
               S01:00000382:  01 34
               S01:00000384:  01 2F
               S01:00000386:  01 2A
F00:0140       	dc.w $126, $121, $11d, $119, $115, $112, $10f, $10c
               S01:00000388:  01 26
               S01:0000038A:  01 21
               S01:0000038C:  01 1D
               S01:0000038E:  01 19
               S01:00000390:  01 15
               S01:00000392:  01 12
               S01:00000394:  01 0F
               S01:00000396:  01 0C
F00:0141       	dc.w $109, $107, $105, $103, $102, $100, $100, $ff
               S01:00000398:  01 09
               S01:0000039A:  01 07
               S01:0000039C:  01 05
               S01:0000039E:  01 03
               S01:000003A0:  01 02
               S01:000003A2:  01 00
               S01:000003A4:  01 00
               S01:000003A6:  00 FF
F00:0142       	dc.w $ff, $ff, $ff, $100, $101, $103, $104, $106
               S01:000003A8:  00 FF
               S01:000003AA:  00 FF
               S01:000003AC:  00 FF
               S01:000003AE:  01 00
               S01:000003B0:  01 01
               S01:000003B2:  01 03
               S01:000003B4:  01 04
               S01:000003B6:  01 06
F00:0143       	dc.w $109, $10b, $10e, $111, $115, $118, $11c, $120
               S01:000003B8:  01 09
               S01:000003BA:  01 0B
               S01:000003BC:  01 0E
               S01:000003BE:  01 11
               S01:000003C0:  01 15
               S01:000003C2:  01 18
               S01:000003C4:  01 1C
               S01:000003C6:  01 20
F00:0144       	dc.w $125, $129, $12e, $133, $138, $13e, $143, $149
               S01:000003C8:  01 25
               S01:000003CA:  01 29
               S01:000003CC:  01 2E
               S01:000003CE:  01 33
               S01:000003D0:  01 38
               S01:000003D2:  01 3E
               S01:000003D4:  01 43
               S01:000003D6:  01 49
F00:0145       	dc.w $14f, $155, $15b, $161, $167, $16e, $174, $17a
               S01:000003D8:  01 4F
               S01:000003DA:  01 55
               S01:000003DC:  01 5B
               S01:000003DE:  01 61
               S01:000003E0:  01 67
               S01:000003E2:  01 6E
               S01:000003E4:  01 74
               S01:000003E6:  01 7A
F00:0146       sine4CopperAdd	dc.w $0, $0, $1, $1, $2, $3, $3, $4
               S01:000003E8:  00 00
               S01:000003EA:  00 00
               S01:000003EC:  00 01
               S01:000003EE:  00 01
               S01:000003F0:  00 02
               S01:000003F2:  00 03
               S01:000003F4:  00 03
               S01:000003F6:  00 04
F00:0147       	dc.w $4, $5, $6, $6, $7, $7, $8, $8
               S01:000003F8:  00 04
               S01:000003FA:  00 05
               S01:000003FC:  00 06
               S01:000003FE:  00 06
               S01:00000400:  00 07
               S01:00000402:  00 07
               S01:00000404:  00 08
               S01:00000406:  00 08
F00:0148       	dc.w $9, $9, $a, $a, $a, $b, $b, $b
               S01:00000408:  00 09
               S01:0000040A:  00 09
               S01:0000040C:  00 0A
               S01:0000040E:  00 0A
               S01:00000410:  00 0A
               S01:00000412:  00 0B
               S01:00000414:  00 0B
               S01:00000416:  00 0B
F00:0149       	dc.w $c, $c, $c, $c, $c, $c, $c, $d
               S01:00000418:  00 0C
               S01:0000041A:  00 0C
               S01:0000041C:  00 0C
               S01:0000041E:  00 0C
               S01:00000420:  00 0C
               S01:00000422:  00 0C
               S01:00000424:  00 0C
               S01:00000426:  00 0D
F00:0150       	dc.w $d, $d, $c, $c, $c, $c, $c, $c
               S01:00000428:  00 0D
               S01:0000042A:  00 0D
               S01:0000042C:  00 0C
               S01:0000042E:  00 0C
               S01:00000430:  00 0C
               S01:00000432:  00 0C
               S01:00000434:  00 0C
               S01:00000436:  00 0C
F00:0151       	dc.w $c, $b, $b, $b, $a, $a, $a, $9
               S01:00000438:  00 0C
               S01:0000043A:  00 0B
               S01:0000043C:  00 0B
               S01:0000043E:  00 0B
               S01:00000440:  00 0A
               S01:00000442:  00 0A
               S01:00000444:  00 0A
               S01:00000446:  00 09
F00:0152       	dc.w $9, $8, $8, $7, $7, $6, $6, $5
               S01:00000448:  00 09
               S01:0000044A:  00 08
               S01:0000044C:  00 08
               S01:0000044E:  00 07
               S01:00000450:  00 07
               S01:00000452:  00 06
               S01:00000454:  00 06
               S01:00000456:  00 05
F00:0153       	dc.w $5, $4, $3, $3, $2, $1, $1, $0
               S01:00000458:  00 05
               S01:0000045A:  00 04
               S01:0000045C:  00 03
               S01:0000045E:  00 03
               S01:00000460:  00 02
               S01:00000462:  00 01
               S01:00000464:  00 01
               S01:00000466:  00 00
F00:0154       	dc.w $0, $0, $ffff, $ffff, $fffe, $fffd, $fffd, $fffc
               S01:00000468:  00 00
               S01:0000046A:  00 00
               S01:0000046C:  FF FF
               S01:0000046E:  FF FF
               S01:00000470:  FF FE
               S01:00000472:  FF FD
               S01:00000474:  FF FD
               S01:00000476:  FF FC
F00:0155       	dc.w $fffc, $fffb, $fffa, $fffa, $fff9, $fff9, $fff8, $fff8
               S01:00000478:  FF FC
               S01:0000047A:  FF FB
               S01:0000047C:  FF FA
               S01:0000047E:  FF FA
               S01:00000480:  FF F9
               S01:00000482:  FF F9
               S01:00000484:  FF F8
               S01:00000486:  FF F8
F00:0156       	dc.w $fff7, $fff7, $fff6, $fff6, $fff6, $fff5, $fff5, $fff5
               S01:00000488:  FF F7
               S01:0000048A:  FF F7
               S01:0000048C:  FF F6
               S01:0000048E:  FF F6
               S01:00000490:  FF F6
               S01:00000492:  FF F5
               S01:00000494:  FF F5
               S01:00000496:  FF F5
F00:0157       	dc.w $fff4, $fff4, $fff4, $fff4, $fff4, $fff4, $fff4, $fff3
               S01:00000498:  FF F4
               S01:0000049A:  FF F4
               S01:0000049C:  FF F4
               S01:0000049E:  FF F4
               S01:000004A0:  FF F4
               S01:000004A2:  FF F4
               S01:000004A4:  FF F4
               S01:000004A6:  FF F3
F00:0158       	dc.w $fff3, $fff3, $fff4, $fff4, $fff4, $fff4, $fff4, $fff4
               S01:000004A8:  FF F3
               S01:000004AA:  FF F3
               S01:000004AC:  FF F4
               S01:000004AE:  FF F4
               S01:000004B0:  FF F4
               S01:000004B2:  FF F4
               S01:000004B4:  FF F4
               S01:000004B6:  FF F4
F00:0159       	dc.w $fff4, $fff5, $fff5, $fff5, $fff6, $fff6, $fff6, $fff7
               S01:000004B8:  FF F4
               S01:000004BA:  FF F5
               S01:000004BC:  FF F5
               S01:000004BE:  FF F5
               S01:000004C0:  FF F6
               S01:000004C2:  FF F6
               S01:000004C4:  FF F6
               S01:000004C6:  FF F7
F00:0160       	dc.w $fff7, $fff8, $fff8, $fff9, $fff9, $fffa, $fffa, $fffb
               S01:000004C8:  FF F7
               S01:000004CA:  FF F8
               S01:000004CC:  FF F8
               S01:000004CE:  FF F9
               S01:000004D0:  FF F9
               S01:000004D2:  FF FA
               S01:000004D4:  FF FA
               S01:000004D6:  FF FB
F00:0161       	dc.w $fffb, $fffc, $fffd, $fffd, $fffe, $ffff, $ffff, $0
               S01:000004D8:  FF FB
               S01:000004DA:  FF FC
               S01:000004DC:  FF FD
               S01:000004DE:  FF FD
               S01:000004E0:  FF FE
               S01:000004E2:  FF FF
               S01:000004E4:  FF FF
               S01:000004E6:  00 00
F00:0162       	dc.w $0, $0, $1, $1, $2, $3, $3, $4
               S01:000004E8:  00 00
               S01:000004EA:  00 00
               S01:000004EC:  00 01
               S01:000004EE:  00 01
               S01:000004F0:  00 02
               S01:000004F2:  00 03
               S01:000004F4:  00 03
               S01:000004F6:  00 04
F00:0163       	dc.w $4, $5, $6, $6, $7, $7, $8, $8
               S01:000004F8:  00 04
               S01:000004FA:  00 05
               S01:000004FC:  00 06
               S01:000004FE:  00 06
               S01:00000500:  00 07
               S01:00000502:  00 07
               S01:00000504:  00 08
               S01:00000506:  00 08
F00:0164       	dc.w $9, $9, $a, $a, $a, $b, $b, $b
               S01:00000508:  00 09
               S01:0000050A:  00 09
               S01:0000050C:  00 0A
               S01:0000050E:  00 0A
               S01:00000510:  00 0A
               S01:00000512:  00 0B
               S01:00000514:  00 0B
               S01:00000516:  00 0B
F00:0165       	dc.w $c, $c, $c, $c, $c, $c, $c, $d
               S01:00000518:  00 0C
               S01:0000051A:  00 0C
               S01:0000051C:  00 0C
               S01:0000051E:  00 0C
               S01:00000520:  00 0C
               S01:00000522:  00 0C
               S01:00000524:  00 0C
               S01:00000526:  00 0D
F00:0166       	dc.w $d, $d, $c, $c, $c, $c, $c, $c
               S01:00000528:  00 0D
               S01:0000052A:  00 0D
               S01:0000052C:  00 0C
               S01:0000052E:  00 0C
               S01:00000530:  00 0C
               S01:00000532:  00 0C
               S01:00000534:  00 0C
               S01:00000536:  00 0C
F00:0167       	dc.w $c, $b, $b, $b, $a, $a, $a, $9
               S01:00000538:  00 0C
               S01:0000053A:  00 0B
               S01:0000053C:  00 0B
               S01:0000053E:  00 0B
               S01:00000540:  00 0A
               S01:00000542:  00 0A
               S01:00000544:  00 0A
               S01:00000546:  00 09
F00:0168       	dc.w $9, $8, $8, $7, $7, $6, $6, $5
               S01:00000548:  00 09
               S01:0000054A:  00 08
               S01:0000054C:  00 08
               S01:0000054E:  00 07
               S01:00000550:  00 07
               S01:00000552:  00 06
               S01:00000554:  00 06
               S01:00000556:  00 05
F00:0169       	dc.w $5, $4, $3, $3, $2, $1, $1, $0
               S01:00000558:  00 05
               S01:0000055A:  00 04
               S01:0000055C:  00 03
               S01:0000055E:  00 03
               S01:00000560:  00 02
               S01:00000562:  00 01
               S01:00000564:  00 01
               S01:00000566:  00 00
F00:0170       	dc.w $0, $0, $ffff, $ffff, $fffe, $fffd, $fffd, $fffc
               S01:00000568:  00 00
               S01:0000056A:  00 00
               S01:0000056C:  FF FF
               S01:0000056E:  FF FF
               S01:00000570:  FF FE
               S01:00000572:  FF FD
               S01:00000574:  FF FD
               S01:00000576:  FF FC
F00:0171       	dc.w $fffc, $fffb, $fffa, $fffa, $fff9, $fff9, $fff8, $fff8
               S01:00000578:  FF FC
               S01:0000057A:  FF FB
               S01:0000057C:  FF FA
               S01:0000057E:  FF FA
               S01:00000580:  FF F9
               S01:00000582:  FF F9
               S01:00000584:  FF F8
               S01:00000586:  FF F8
F00:0172       	dc.w $fff7, $fff7, $fff6, $fff6, $fff6, $fff5, $fff5, $fff5
               S01:00000588:  FF F7
               S01:0000058A:  FF F7
               S01:0000058C:  FF F6
               S01:0000058E:  FF F6
               S01:00000590:  FF F6
               S01:00000592:  FF F5
               S01:00000594:  FF F5
               S01:00000596:  FF F5
F00:0173       	dc.w $fff4, $fff4, $fff4, $fff4, $fff4, $fff4, $fff4, $fff3
               S01:00000598:  FF F4
               S01:0000059A:  FF F4
               S01:0000059C:  FF F4
               S01:0000059E:  FF F4
               S01:000005A0:  FF F4
               S01:000005A2:  FF F4
               S01:000005A4:  FF F4
               S01:000005A6:  FF F3
F00:0174       	dc.w $fff3, $fff3, $fff3, $fff4, $fff4, $fff4, $fff4, $fff4
               S01:000005A8:  FF F3
               S01:000005AA:  FF F3
               S01:000005AC:  FF F3
               S01:000005AE:  FF F4
               S01:000005B0:  FF F4
               S01:000005B2:  FF F4
               S01:000005B4:  FF F4
               S01:000005B6:  FF F4
F00:0175       	dc.w $fff4, $fff5, $fff5, $fff5, $fff6, $fff6, $fff6, $fff7
               S01:000005B8:  FF F4
               S01:000005BA:  FF F5
               S01:000005BC:  FF F5
               S01:000005BE:  FF F5
               S01:000005C0:  FF F6
               S01:000005C2:  FF F6
               S01:000005C4:  FF F6
               S01:000005C6:  FF F7
F00:0176       	dc.w $fff7, $fff8, $fff8, $fff9, $fff9, $fffa, $fffa, $fffb
               S01:000005C8:  FF F7
               S01:000005CA:  FF F8
               S01:000005CC:  FF F8
               S01:000005CE:  FF F9
               S01:000005D0:  FF F9
               S01:000005D2:  FF FA
               S01:000005D4:  FF FA
               S01:000005D6:  FF FB
F00:0177       	dc.w $fffb, $fffc, $fffd, $fffd, $fffe, $ffff, $ffff, $0
               S01:000005D8:  FF FB
               S01:000005DA:  FF FC
               S01:000005DC:  FF FD
               S01:000005DE:  FF FD
               S01:000005E0:  FF FE
               S01:000005E2:  FF FF
               S01:000005E4:  FF FF
               S01:000005E6:  00 00
F00:0178       row	dc.w	$01
               S01:000005E8:  00 01
F00:0179       tmp	dc.w	$01
               S01:000005EA:  00 01
F00:0180       tmp2	dc.l	$00
               S01:000005EC:  00 00 00 00
F00:0181       	;*
F00:0182       ; //	Sets up the copper list to point to a 320x256 buffer. Note that the screen will be set up 
F00:0183       ; //	non-interlaced, with 40*256 bytes per bitplane. <p>
F00:0184       ; //	
F00:0185       ; //	Usage: 
F00:0186       ; //		SetupNonInterlacedScreen( [ data buffer ], [ number of bitplanes ] )
F00:0187       ; //		
F00:0188       ; //	Note that the data buffer must reside in chipmem
F00:0189       ; //	
F00:0190       ; //	Example:
F00:0191       ; //	
F00:0192       ; //	<code>
F00:0193       ; //var
F00:0194       ; //	const noBitPlanes = 4; 
F00:0195       ; // 4 bitplanes = 16 colors
F00:0196       ; //	buf : array[40*256*noBitPlanes] chipmem; 
F00:0197       ; // data buffer stored in chipmem  
F00:0198       ; //...
F00:0199       ; //begin
F00:0200       ; //	Graphics::SetupNonInterlacedScreen(#buf, noBitPlanes);
F00:0201       ; //	</code>
F00:0202       ; //	
F00:0203       ; 
F00:0204       
F00:0205       	; ***********  Defining procedure : Graphics_SetupNonInterlacedScreen
F00:0206       	;    Procedure type : User-defined procedure
F00:0207       	jmp block2
               S01:000005F0:  60 02
F00:0208        ; Temp vars section
F00:0209        ; Temp vars section ends
F00:0210       	 	CNOP 0,4
F00:0211       block2
F00:0212       Graphics_SetupNonInterlacedScreen
F00:0213       	moveq #0,d0
               S01:000005F4:  70 00
F00:0214       	moveq #0,d1
               S01:000005F6:  72 00
F00:0215       	move.w #$1000,d1     ; BOP move
               S01:000005F8:  32 3C 10 00
F00:0216       	mulu.w Graphics_bpl,d1 ; simple bop
               S01:000005FC:  C2 FA FA 96
F00:0217       	move.w d1,d0     ; BOP move
               S01:00000600:  30 01
F00:0218       	or.w #$200,d0 ; simple bop
               S01:00000602:  80 7C 02 00
F00:0219       	; Store variable : Graphics_j
F00:0220       	move.w d0,Graphics_j
               S01:00000606:  33 C0 00 00 00 96 [R]
F00:0221       	; Poke command
F00:0222       	move.l #copper_resolution,a0
               S01:0000060C:  41 F9 00 00 01 1A [R]
F00:0223       	move.w Graphics_j,(a0)
               S01:00000612:  30 BA FA 82
F00:0224       	
F00:0225       ; // $4000  = bitplanes, $200 = colours
F00:0226       	; Poke command
F00:0227       	move.l #copper_mod_even,a0
               S01:00000616:  41 F9 00 00 00 12 [R]
F00:0228       	move.w #$0,(a0)
               S01:0000061C:  30 BC 00 00
F00:0229       	; Poke command
F00:0230       	move.l #copper_mod_odd,a0
               S01:00000620:  41 F9 00 00 00 16 [R]
F00:0231       	move.w #$0,(a0)
               S01:00000626:  30 BC 00 00
F00:0232       	cmp.w #$5,Graphics_bpl
               S01:0000062A:  0C 79 00 05 00 00 00 94 [R]
F00:0233       	bne edblock6
               S01:00000632:  66 00 00 98
F00:0234       ctb4: ;Main true block ;keep 
F00:0235       	
F00:0236       ; // Set palette at copper palette location, 16 colors
F00:0237       ; // Setup image copper list (4 bitplanes, 40*40 modulo 120
F00:0238       	; setcopperlist32
F00:0239       	move.l Graphics_pa,a1
               S01:00000636:  22 7A FA 58
F00:0240       	move.l a1,d0
               S01:0000063A:  20 09
F00:0241       	move.l #copper_bitplane0,a0
               S01:0000063C:  41 F9 00 00 00 E8 [R]
F00:0242       	move.w d0,6(a0)
               S01:00000642:  31 40 00 06
F00:0243       	swap d0
               S01:00000646:  48 40
F00:0244       	move.w d0,2(a0)
               S01:00000648:  31 40 00 02
F00:0245       	add.l #$2800,Graphics_pa ; Optimization: simple A := A op Const ADD SUB OR AND
               S01:0000064C:  06 B9 00 00 28 00 00 00 00 90 [R]
F00:0246       	; setcopperlist32
F00:0247       	move.l Graphics_pa,a1
               S01:00000656:  22 7A FA 38
F00:0248       	move.l a1,d0
               S01:0000065A:  20 09
F00:0249       	move.l #copper_bitplane1,a0
               S01:0000065C:  41 F9 00 00 00 F0 [R]
F00:0250       	move.w d0,6(a0)
               S01:00000662:  31 40 00 06
F00:0251       	swap d0
               S01:00000666:  48 40
F00:0252       	move.w d0,2(a0)
               S01:00000668:  31 40 00 02
F00:0253       	add.l #$2800,Graphics_pa ; Optimization: simple A := A op Const ADD SUB OR AND
               S01:0000066C:  06 B9 00 00 28 00 00 00 00 90 [R]
F00:0254       	; setcopperlist32
F00:0255       	move.l Graphics_pa,a1
               S01:00000676:  22 7A FA 18
F00:0256       	move.l a1,d0
               S01:0000067A:  20 09
F00:0257       	move.l #copper_bitplane2,a0
               S01:0000067C:  41 F9 00 00 00 F8 [R]
F00:0258       	move.w d0,6(a0)
               S01:00000682:  31 40 00 06
F00:0259       	swap d0
               S01:00000686:  48 40
F00:0260       	move.w d0,2(a0)
               S01:00000688:  31 40 00 02
F00:0261       	add.l #$2800,Graphics_pa ; Optimization: simple A := A op Const ADD SUB OR AND
               S01:0000068C:  06 B9 00 00 28 00 00 00 00 90 [R]
F00:0262       	; setcopperlist32
F00:0263       	move.l Graphics_pa,a1
               S01:00000696:  22 7A F9 F8
F00:0264       	move.l a1,d0
               S01:0000069A:  20 09
F00:0265       	move.l #copper_bitplane3,a0
               S01:0000069C:  41 F9 00 00 01 00 [R]
F00:0266       	move.w d0,6(a0)
               S01:000006A2:  31 40 00 06
F00:0267       	swap d0
               S01:000006A6:  48 40
F00:0268       	move.w d0,2(a0)
               S01:000006A8:  31 40 00 02
F00:0269       	add.l #$2800,Graphics_pa ; Optimization: simple A := A op Const ADD SUB OR AND
               S01:000006AC:  06 B9 00 00 28 00 00 00 00 90 [R]
F00:0270       	; setcopperlist32
F00:0271       	move.l Graphics_pa,a1
               S01:000006B6:  22 7A F9 D8
F00:0272       	move.l a1,d0
               S01:000006BA:  20 09
F00:0273       	move.l #copper_bitplane4,a0
               S01:000006BC:  41 F9 00 00 01 08 [R]
F00:0274       	move.w d0,6(a0)
               S01:000006C2:  31 40 00 06
F00:0275       	swap d0
               S01:000006C6:  48 40
F00:0276       	move.w d0,2(a0)
               S01:000006C8:  31 40 00 02
F00:0277       edblock6
F00:0278       	cmp.w #$4,Graphics_bpl
               S01:000006CC:  0C 79 00 04 00 00 00 94 [R]
F00:0279       	bne edblock12
               S01:000006D4:  66 76
F00:0280       ctb10: ;Main true block ;keep 
F00:0281       	; setcopperlist32
F00:0282       	move.l Graphics_pa,a1
               S01:000006D6:  22 7A F9 B8
F00:0283       	move.l a1,d0
               S01:000006DA:  20 09
F00:0284       	move.l #copper_bitplane0,a0
               S01:000006DC:  41 F9 00 00 00 E8 [R]
F00:0285       	move.w d0,6(a0)
               S01:000006E2:  31 40 00 06
F00:0286       	swap d0
               S01:000006E6:  48 40
F00:0287       	move.w d0,2(a0)
               S01:000006E8:  31 40 00 02
F00:0288       	add.l #$2800,Graphics_pa ; Optimization: simple A := A op Const ADD SUB OR AND
               S01:000006EC:  06 B9 00 00 28 00 00 00 00 90 [R]
F00:0289       	; setcopperlist32
F00:0290       	move.l Graphics_pa,a1
               S01:000006F6:  22 7A F9 98
F00:0291       	move.l a1,d0
               S01:000006FA:  20 09
F00:0292       	move.l #copper_bitplane1,a0
               S01:000006FC:  41 F9 00 00 00 F0 [R]
F00:0293       	move.w d0,6(a0)
               S01:00000702:  31 40 00 06
F00:0294       	swap d0
               S01:00000706:  48 40
F00:0295       	move.w d0,2(a0)
               S01:00000708:  31 40 00 02
F00:0296       	add.l #$2800,Graphics_pa ; Optimization: simple A := A op Const ADD SUB OR AND
               S01:0000070C:  06 B9 00 00 28 00 00 00 00 90 [R]
F00:0297       	; setcopperlist32
F00:0298       	move.l Graphics_pa,a1
               S01:00000716:  22 7A F9 78
F00:0299       	move.l a1,d0
               S01:0000071A:  20 09
F00:0300       	move.l #copper_bitplane2,a0
               S01:0000071C:  41 F9 00 00 00 F8 [R]
F00:0301       	move.w d0,6(a0)
               S01:00000722:  31 40 00 06
F00:0302       	swap d0
               S01:00000726:  48 40
F00:0303       	move.w d0,2(a0)
               S01:00000728:  31 40 00 02
F00:0304       	add.l #$2800,Graphics_pa ; Optimization: simple A := A op Const ADD SUB OR AND
               S01:0000072C:  06 B9 00 00 28 00 00 00 00 90 [R]
F00:0305       	; setcopperlist32
F00:0306       	move.l Graphics_pa,a1
               S01:00000736:  22 7A F9 58
F00:0307       	move.l a1,d0
               S01:0000073A:  20 09
F00:0308       	move.l #copper_bitplane3,a0
               S01:0000073C:  41 F9 00 00 01 00 [R]
F00:0309       	move.w d0,6(a0)
               S01:00000742:  31 40 00 06
F00:0310       	swap d0
               S01:00000746:  48 40
F00:0311       	move.w d0,2(a0)
               S01:00000748:  31 40 00 02
F00:0312       edblock12
F00:0313       	cmp.w #$3,Graphics_bpl
               S01:0000074C:  0C 79 00 03 00 00 00 94 [R]
F00:0314       	bne edblock18
               S01:00000754:  66 56
F00:0315       ctb16: ;Main true block ;keep 
F00:0316       	; setcopperlist32
F00:0317       	move.l Graphics_pa,a1
               S01:00000756:  22 7A F9 38
F00:0318       	move.l a1,d0
               S01:0000075A:  20 09
F00:0319       	move.l #copper_bitplane0,a0
               S01:0000075C:  41 F9 00 00 00 E8 [R]
F00:0320       	move.w d0,6(a0)
               S01:00000762:  31 40 00 06
F00:0321       	swap d0
               S01:00000766:  48 40
F00:0322       	move.w d0,2(a0)
               S01:00000768:  31 40 00 02
F00:0323       	add.l #$2800,Graphics_pa ; Optimization: simple A := A op Const ADD SUB OR AND
               S01:0000076C:  06 B9 00 00 28 00 00 00 00 90 [R]
F00:0324       	; setcopperlist32
F00:0325       	move.l Graphics_pa,a1
               S01:00000776:  22 7A F9 18
F00:0326       	move.l a1,d0
               S01:0000077A:  20 09
F00:0327       	move.l #copper_bitplane1,a0
               S01:0000077C:  41 F9 00 00 00 F0 [R]
F00:0328       	move.w d0,6(a0)
               S01:00000782:  31 40 00 06
F00:0329       	swap d0
               S01:00000786:  48 40
F00:0330       	move.w d0,2(a0)
               S01:00000788:  31 40 00 02
F00:0331       	add.l #$2800,Graphics_pa ; Optimization: simple A := A op Const ADD SUB OR AND
               S01:0000078C:  06 B9 00 00 28 00 00 00 00 90 [R]
F00:0332       	; setcopperlist32
F00:0333       	move.l Graphics_pa,a1
               S01:00000796:  22 7A F8 F8
F00:0334       	move.l a1,d0
               S01:0000079A:  20 09
F00:0335       	move.l #copper_bitplane2,a0
               S01:0000079C:  41 F9 00 00 00 F8 [R]
F00:0336       	move.w d0,6(a0)
               S01:000007A2:  31 40 00 06
F00:0337       	swap d0
               S01:000007A6:  48 40
F00:0338       	move.w d0,2(a0)
               S01:000007A8:  31 40 00 02
F00:0339       edblock18
F00:0340       	cmp.w #$2,Graphics_bpl
               S01:000007AC:  0C 79 00 02 00 00 00 94 [R]
F00:0341       	bne edblock24
               S01:000007B4:  66 36
F00:0342       ctb22: ;Main true block ;keep 
F00:0343       	; setcopperlist32
F00:0344       	move.l Graphics_pa,a1
               S01:000007B6:  22 7A F8 D8
F00:0345       	move.l a1,d0
               S01:000007BA:  20 09
F00:0346       	move.l #copper_bitplane0,a0
               S01:000007BC:  41 F9 00 00 00 E8 [R]
F00:0347       	move.w d0,6(a0)
               S01:000007C2:  31 40 00 06
F00:0348       	swap d0
               S01:000007C6:  48 40
F00:0349       	move.w d0,2(a0)
               S01:000007C8:  31 40 00 02
F00:0350       	add.l #$2800,Graphics_pa ; Optimization: simple A := A op Const ADD SUB OR AND
               S01:000007CC:  06 B9 00 00 28 00 00 00 00 90 [R]
F00:0351       	; setcopperlist32
F00:0352       	move.l Graphics_pa,a1
               S01:000007D6:  22 7A F8 B8
F00:0353       	move.l a1,d0
               S01:000007DA:  20 09
F00:0354       	move.l #copper_bitplane1,a0
               S01:000007DC:  41 F9 00 00 00 F0 [R]
F00:0355       	move.w d0,6(a0)
               S01:000007E2:  31 40 00 06
F00:0356       	swap d0
               S01:000007E6:  48 40
F00:0357       	move.w d0,2(a0)
               S01:000007E8:  31 40 00 02
F00:0358       edblock24
F00:0359       	cmp.w #$1,Graphics_bpl
               S01:000007EC:  0C 79 00 01 00 00 00 94 [R]
F00:0360       	bne edblock30
               S01:000007F4:  66 16
F00:0361       ctb28: ;Main true block ;keep 
F00:0362       	; setcopperlist32
F00:0363       	move.l Graphics_pa,a1
               S01:000007F6:  22 7A F8 98
F00:0364       	move.l a1,d0
               S01:000007FA:  20 09
F00:0365       	move.l #copper_bitplane0,a0
               S01:000007FC:  41 F9 00 00 00 E8 [R]
F00:0366       	move.w d0,6(a0)
               S01:00000802:  31 40 00 06
F00:0367       	swap d0
               S01:00000806:  48 40
F00:0368       	move.w d0,2(a0)
               S01:00000808:  31 40 00 02
F00:0369       edblock30
F00:0370       	rts
               S01:0000080C:  4E 75
F00:0371       	; ***********  Defining procedure : LSP_CIAStart
F00:0372       	;    Procedure type : User-defined procedure
F00:0373       	jmp block33
               S01:0000080E:  60 0C
F00:0374       cs_music	dc.l	0
               S01:00000810:  00 00 00 00
F00:0375       cs_bank	dc.l	0
               S01:00000814:  00 00 00 00
F00:0376       cs_vbr	dc.w	0
               S01:00000818:  00 00
F00:0377       cs_palntsc	dc.w	0
               S01:0000081A:  00 00
F00:0378       	 	CNOP 0,4
F00:0379       block33
F00:0380       LSP_CIAStart
F00:0381       		; Init LSP and start replay using easy CIA toolbox
F00:0382       			move.l	cs_music,a0
               S01:0000081C:  20 7A FF F2
F00:0383       			move.l	cs_bank,a1
               S01:00000820:  22 7A FF F2
F00:0384       			suba.l	a2,a2			
               S01:00000824:  95 CA
F00:0385       			move.w	cs_vbr,a2			; VBR
               S01:00000826:  34 7A FF F0
F00:0386       			moveq	#0,d0			
               S01:0000082A:  70 00
F00:0387       			move.w  cs_palntsc,d0		; PALNTSC
               S01:0000082C:  30 3A FF EC
F00:0388       			bsr		LSP_MusicDriver_CIA_Start
               S01:00000830:  61 0C
F00:0389       			move.w	#$e000,$dff09a
               S01:00000832:  33 FC E0 00 00 DF F0 9A
F00:0390       			bra.w   lspend
               S01:0000083A:  60 00 03 7E
F00:0391       			
F00:0392       LSP_MusicDriver_CIA_Start:
F00:0393       			move.w	d0,-(a7)
               S01:0000083E:  3F 00
F00:0394       			lea		.irqVector(pc),a3
               S01:00000840:  47 FA 00 28
F00:0395       			lea		$78(a2),a2
               S01:00000844:  45 EA 00 78
F00:0396       			move.l	a2,(a3)
               S01:00000848:  26 8A
F00:0397       			lea		.LSPDmaCon+1(pc),a2		; DMACON byte patch address
               S01:0000084A:  45 FA 00 1D
F00:0398       			bsr		LSP_MusicInit			; init the LSP player ( whatever fast or insane version )
               S01:0000084E:  61 00 01 4A
F00:0399       			lea		.pMusicBPM(pc),a2
               S01:00000852:  45 FA 00 20
F00:0400       			move.l	a0,(a2)					; store music BPM pointer
               S01:00000856:  24 88
F00:0401       			move.w	(a0),d0					; start BPM
               S01:00000858:  30 10
F00:0402       			lea		.curBpm(pc),a2
               S01:0000085A:  45 FA 00 16
F00:0403       			move.w	d0,(a2)
               S01:0000085E:  34 80
F00:0404       			moveq	#1,d1
               S01:00000860:  72 01
F00:0405       			and.w	(a7)+,d1
               S01:00000862:  C2 5F
F00:0406       			bsr.s	.LSP_IrqInstall
               S01:00000864:  61 12
F00:0407       			rts
               S01:00000866:  4E 75
F00:0408       .LSPDmaCon:	dc.w	$8000
               S01:00000868:  80 00
F00:0409       .irqVector:	dc.l	0
               S01:0000086A:  00 00 00 00
F00:0410       .ciaClock:	dc.l	0
               S01:0000086E:  00 00 00 00
F00:0411       .curBpm:	dc.w	0
               S01:00000872:  00 00
F00:0412       .pMusicBPM:	dc.l	0
               S01:00000874:  00 00 00 00
F00:0413       ; d0: music BPM
F00:0414       ; d1: PAL(0) or NTSC(1)
F00:0415       .LSP_IrqInstall:
F00:0416       			move.w 	#(1<<13),$dff09a		; disable CIA interrupt
               S01:00000878:  33 FC 20 00 00 DF F0 9A
F00:0417       			lea		.LSP_MainIrq(pc),a0
               S01:00000880:  41 FA 00 6A
F00:0418       			move.l	.irqVector(pc),a5
               S01:00000884:  2A 7A FF E4
F00:0419       			move.l	a0,(a5)
               S01:00000888:  2A 88
F00:0420       			lea		$bfd000,a0
               S01:0000088A:  41 F9 00 BF D0 00
F00:0421       			move.b 	#$7f,$d00(a0)
               S01:00000890:  11 7C 00 7F 0D 00
F00:0422       			move.b 	#$10,$e00(a0)
               S01:00000896:  11 7C 00 10 0E 00
F00:0423       			move.b 	#$10,$f00(a0)
               S01:0000089C:  11 7C 00 10 0F 00
F00:0424       			lsl.w	#2,d1
               S01:000008A2:  E5 49
F00:0425       			move.l	.palClocks(pc,d1.w),d1				; PAL or NTSC clock
               S01:000008A4:  22 3B 10 3E
F00:0426       			lea		.ciaClock(pc),a5
               S01:000008A8:  4B FA FF C4
F00:0427       			move.l	d1,(a5)
               S01:000008AC:  2A 81
F00:0428       			divu.w	d0,d1
               S01:000008AE:  82 C0
F00:0429       			move.b	d1,$400(a0)
               S01:000008B0:  11 41 04 00
F00:0430       			lsr.w 	#8,d1
               S01:000008B4:  E0 49
F00:0431       			move.b	d1,$500(a0)
               S01:000008B6:  11 41 05 00
F00:0432       			move.b	#$83,$d00(a0)
               S01:000008BA:  11 7C 00 83 0D 00
F00:0433       			move.b	#$11,$e00(a0)
               S01:000008C0:  11 7C 00 11 0E 00
F00:0434       			
F00:0435       			move.b	#496&255,$600(a0)		; set timer b to 496 ( to set DMACON )
               S01:000008C6:  11 7C 00 F0 06 00
F00:0436       			move.b	#496>>8,$700(a0)
               S01:000008CC:  11 7C 00 01 07 00
F00:0437       			move.w 	#(1<<13),$dff09c		; clear any req CIA
               S01:000008D2:  33 FC 20 00 00 DF F0 9C
F00:0438       			move.w 	#$a000,$dff09a			; CIA interrupt enabled
               S01:000008DA:  33 FC A0 00 00 DF F0 9A
F00:0439       			rts
               S01:000008E2:  4E 75
F00:0440       		
F00:0441       .palClocks:	dc.l	1773447,1789773
               S01:000008E4:  00 1B 0F 87
               S01:000008E8:  00 1B 4F 4D
F00:0442       .LSP_MainIrq:
F00:0443       			btst.b	#0,$bfdd00
               S01:000008EC:  08 39 00 00 00 BF DD 00
F00:0444       			beq.s	.skipa
               S01:000008F4:  67 4A
F00:0445       			
F00:0446       			movem.l	d0-a6,-(a7)
               S01:000008F6:  48 E7 FF FE
F00:0447       		; call player tick
F00:0448       			lea		$dff0a0,a6
               S01:000008FA:  4D F9 00 DF F0 A0
F00:0449       			bsr		LSP_MusicPlayTick		; LSP main music driver tick
               S01:00000900:  61 00 01 60
F00:0450       		; check if BMP changed in the middle of the music
F00:0451       			move.l	.pMusicBPM(pc),a0
               S01:00000904:  20 7A FF 6E
F00:0452       			move.w	(a0),d0					; current music BPM
               S01:00000908:  30 10
F00:0453       			cmp.w	.curBpm(pc),d0
               S01:0000090A:  B0 7A FF 66
F00:0454       			beq.s	.noChg
               S01:0000090E:  67 1A
F00:0455       			lea		.curBpm(pc),a2			
               S01:00000910:  45 FA FF 60
F00:0456       			move.w	d0,(a2)					; current BPM
               S01:00000914:  34 80
F00:0457       			move.l	.ciaClock(pc),d1
               S01:00000916:  22 3A FF 56
F00:0458       			divu.w	d0,d1
               S01:0000091A:  82 C0
F00:0459       			move.b	d1,$bfd400
               S01:0000091C:  13 C1 00 BF D4 00
F00:0460       			lsr.w 	#8,d1
               S01:00000922:  E0 49
F00:0461       			move.b	d1,$bfd500			
               S01:00000924:  13 C1 00 BF D5 00
F00:0462       .noChg:		lea		.LSP_DmaconIrq(pc),a0
               S01:0000092A:  41 FA 00 20
F00:0463       			move.l	.irqVector(pc),a1
               S01:0000092E:  22 7A FF 3A
F00:0464       			move.l	a0,(a1)
               S01:00000932:  22 88
F00:0465       			move.b	#$19,$bfdf00			; start timerB, one shot
               S01:00000934:  13 FC 00 19 00 BF DF 00
F00:0466       			movem.l	(a7)+,d0-a6
               S01:0000093C:  4C DF 7F FF
F00:0467       .skipa:		move.w	#$2000,$dff09c
               S01:00000940:  33 FC 20 00 00 DF F0 9C
F00:0468       			nop
               S01:00000948:  4E 71
F00:0469       			rte
               S01:0000094A:  4E 73
F00:0470       .LSP_DmaconIrq:
F00:0471       			btst.b	#1,$bfdd00
               S01:0000094C:  08 39 00 01 00 BF DD 00
F00:0472       			beq.s	.skipb
               S01:00000954:  67 16
F00:0473       			move.w	.LSPDmaCon(pc),$dff096
               S01:00000956:  33 FA FF 10 00 DF F0 96
F00:0474       			pea		(a0)
               S01:0000095E:  48 50
F00:0475       			move.l	.irqVector(pc),a0
               S01:00000960:  20 7A FF 08
F00:0476       			pea		.LSP_MainIrq(pc)
               S01:00000964:  48 7A FF 86
F00:0477       			move.l	(a7)+,(a0)
               S01:00000968:  20 9F
F00:0478       			move.l	(a7)+,a0
               S01:0000096A:  20 5F
F00:0479       .skipb:		move.w	#$2000,$dff09c
               S01:0000096C:  33 FC 20 00 00 DF F0 9C
F00:0480       			nop
               S01:00000974:  4E 71
F00:0481       			rte
               S01:00000976:  4E 73
F00:0482       LSP_MusicDriver_CIA_Stop:
F00:0483       			move.b	#$7f,$bfdd00
               S01:00000978:  13 FC 00 7F 00 BF DD 00
F00:0484       			move.w	#$2000,$dff09a
               S01:00000980:  33 FC 20 00 00 DF F0 9A
F00:0485       			move.w	#$2000,$dff09c
               S01:00000988:  33 FC 20 00 00 DF F0 9C
F00:0486       			move.w	#$000f,$dff096
               S01:00000990:  33 FC 00 0F 00 DF F0 96
F00:0487       			rts
               S01:00000998:  4E 75
F00:0488       			
F00:0489       LSP_MusicInit:
F00:0490       			cmpi.l	#'LSP1',(a0)+
               S01:0000099A:  0C 98 4C 53 50 31
F00:0491       			bne		.dataError
               S01:000009A0:  66 00 00 BE
F00:0492       			move.l	(a0)+,d0		; unique id
               S01:000009A4:  20 18
F00:0493       			cmp.l	(a1),d0			; check sample bank matches the lsmusic file
               S01:000009A6:  B0 91
F00:0494       			bne		.dataError
               S01:000009A8:  66 00 00 B6
F00:0495       			lea		LSP_State(pc),a3
               S01:000009AC:  47 FA 01 DE
F00:0496       			move.l	a2,m_dmaconPatch(a3)
               S01:000009B0:  27 4A 00 08
F00:0497       			move.w	#$8000,-1(a2)			; Be sure DMACon word is $8000 (note: a2 should be ODD address)
               S01:000009B4:  35 7C 80 00 FF FF
F00:0498       			cmpi.w	#$010b,(a0)+			; this play routine supports v1.11 as minimal version of LPConvert.exe
               S01:000009BA:  0C 58 01 0B
F00:0499       			blt		.dataError
               S01:000009BE:  6D 00 00 A0
F00:0500       			movea.l	a0,a4					; relocation flag ad
               S01:000009C2:  28 48
F00:0501       			addq.w	#2,a0					; skip relocation flag
               S01:000009C4:  54 48
F00:0502       			move.w	(a0)+,m_currentBpm(a3)	; default BPM
               S01:000009C6:  37 58 00 1A
F00:0503       			move.w	(a0)+,m_escCodeRewind(a3)
               S01:000009CA:  37 58 00 10
F00:0504       			move.w	(a0)+,m_escCodeSetBpm(a3)
               S01:000009CE:  37 58 00 12
F00:0505       			move.w	(a0)+,m_escCodeGetPos(a3)
               S01:000009D2:  37 58 00 2C
F00:0506       			move.l	(a0)+,-(a7)				; music len in frame ticks
               S01:000009D6:  2F 18
F00:0507       			move.w	(a0)+,d0				; instrument count
               S01:000009D8:  30 18
F00:0508       			lea		-12(a0),a2				; LSP data has -12 offset on instrument tab ( to win 2 cycles in insane player :) )
               S01:000009DA:  45 E8 FF F4
F00:0509       			move.l	a2,m_lspInstruments(a3)	; instrument tab addr ( minus 4 )
               S01:000009DE:  27 4A 00 14
F00:0510       			subq.w	#1,d0
               S01:000009E2:  53 40
F00:0511       			move.l	a1,d1
               S01:000009E4:  22 09
F00:0512       			movea.l	a0,a1					; keep relocated flag
               S01:000009E6:  22 48
F00:0513       .relocLoop:	tst.b	(a4)					; relocation guard
               S01:000009E8:  4A 14
F00:0514       			bne.s	.relocated
               S01:000009EA:  66 06
F00:0515       			add.l	d1,(a0)
               S01:000009EC:  D3 90
F00:0516       			add.l	d1,6(a0)
               S01:000009EE:  D3 A8 00 06
F00:0517       .relocated:	lea		12(a0),a0
               S01:000009F2:  41 E8 00 0C
F00:0518       			dbf		d0,.relocLoop
               S01:000009F6:  51 C8 FF F0
F00:0519       			move.w	(a0)+,d0				; codes table size
               S01:000009FA:  30 18
F00:0520       			move.l	a0,m_codeTableAddr(a3)	; code table
               S01:000009FC:  27 48 00 0C
F00:0521       			add.w	d0,d0
               S01:00000A00:  D0 40
F00:0522       			add.w	d0,a0
               S01:00000A02:  D0 C0
F00:0523       		; read sequence timing infos (if any)
F00:0524       			move.w	(a0)+,m_seqCount(a3)
               S01:00000A04:  37 58 00 24
F00:0525       			beq.s	.noSeq
               S01:00000A08:  67 2A
F00:0526       			move.l	a0,m_seqTable(a3)
               S01:00000A0A:  27 48 00 26
F00:0527       			clr.w	m_currentSeq(a3)
               S01:00000A0E:  42 6B 00 2A
F00:0528       			move.w	m_seqCount(a3),d0
               S01:00000A12:  30 2B 00 24
F00:0529       			moveq	#0,d1
               S01:00000A16:  72 00
F00:0530       			move.w	d0,d1
               S01:00000A18:  32 00
F00:0531       			lsl.w	#3,d1			; 8 bytes per entry
               S01:00000A1A:  E7 49
F00:0532       			add.w	#12,d1			; add 3 last 32bits (word stream size, byte stream loop, word stream loop)
               S01:00000A1C:  D2 7C 00 0C
F00:0533       			add.l	a0,d1			; word stream data address
               S01:00000A20:  D2 88
F00:0534       			subq.w	#1,d0
               S01:00000A22:  53 40
F00:0535       .seqRel:	tst.b	(a4)
               S01:00000A24:  4A 14
F00:0536       			bne.s	.skipRel
               S01:00000A26:  66 06
F00:0537       			add.l	d1,(a0)
               S01:00000A28:  D3 90
F00:0538       			add.l	d1,4(a0)
               S01:00000A2A:  D3 A8 00 04
F00:0539       .skipRel:	addq.w	#8,a0
               S01:00000A2E:  50 48
F00:0540       			dbf		d0,.seqRel
               S01:00000A30:  51 C8 FF F2
F00:0541       .noSeq:		movem.l	(a0)+,d0-d2				; word stream size, byte stream loop point, word stream loop point
               S01:00000A34:  4C D8 00 07
F00:0542       			st		(a4)					
               S01:00000A38:  50 D4
F00:0543       			move.l	a0,m_wordStream(a3)
               S01:00000A3A:  27 48 00 04
F00:0544       			lea		0(a0,d0.l),a1			; byte stream
               S01:00000A3E:  43 F0 08 00
F00:0545       			move.l	a1,m_byteStream(a3)
               S01:00000A42:  26 89
F00:0546       			add.l	d2,a0
               S01:00000A44:  D1 C2
F00:0547       			add.l	d1,a1
               S01:00000A46:  D3 C1
F00:0548       			move.l	a0,m_wordStreamLoop(a3)
               S01:00000A48:  27 48 00 20
F00:0549       			move.l	a1,m_byteStreamLoop(a3)
               S01:00000A4C:  27 49 00 1C
F00:0550       			bset.b	#1,$bfe001				; disabling this fucking Low pass filter!!
               S01:00000A50:  08 F9 00 01 00 BF E0 01
F00:0551       			lea		m_currentBpm(a3),a0
               S01:00000A58:  41 EB 00 1A
F00:0552       			move.l	(a7)+,d0				; music len in frame ticks
               S01:00000A5C:  20 1F
F00:0553       			rts
               S01:00000A5E:  4E 75
F00:0554       .dataError:	illegal
               S01:00000A60:  4A FC
F00:0555       ;------------------------------------------------------------------
F00:0556       ;
F00:0557       ;	LSP_MusicPlayTick
F00:0558       ;
F00:0559       ;		In:	a6: should be $dff0a0
F00:0560       ;			Scratched regs: d0/d1/d2/a0/a1/a2/a3/a4/a5
F00:0561       ;		Out:None
F00:0562       ;
F00:0563       ;------------------------------------------------------------------
F00:0564       LSP_MusicPlayTick:
F00:0565       			lea		LSP_State(pc),a1
               S01:00000A62:  43 FA 01 28
F00:0566       			move.l	(a1),a0					; byte stream
               S01:00000A66:  20 51
F00:0567       			move.l	m_codeTableAddr(a1),a2	; code table
               S01:00000A68:  24 69 00 0C
F00:0568       .process:	moveq	#0,d0
               S01:00000A6C:  70 00
F00:0569       .cloop:		move.b	(a0)+,d0
               S01:00000A6E:  10 18
F00:0570       			beq		.cextended
               S01:00000A70:  67 00 00 A2
F00:0571       			add.w	d0,d0
               S01:00000A74:  D0 40
F00:0572       			move.w	0(a2,d0.w),d0			; code
               S01:00000A76:  30 32 00 00
F00:0573       			beq		.noInst
               S01:00000A7A:  67 00 00 94
F00:0574       .cmdExec:	add.b	d0,d0
               S01:00000A7E:  D0 00
F00:0575       			bcc.s	.noVd
               S01:00000A80:  64 04
F00:0576       			move.b	(a0)+,$d9-$a0(a6)
               S01:00000A82:  1D 58 00 39
F00:0577       .noVd:		add.b	d0,d0
               S01:00000A86:  D0 00
F00:0578       			bcc.s	.noVc
               S01:00000A88:  64 04
F00:0579       			move.b	(a0)+,$c9-$a0(a6)
               S01:00000A8A:  1D 58 00 29
F00:0580       .noVc:		add.b	d0,d0
               S01:00000A8E:  D0 00
F00:0581       			bcc.s	.noVb
               S01:00000A90:  64 04
F00:0582       			move.b	(a0)+,$b9-$a0(a6)
               S01:00000A92:  1D 58 00 19
F00:0583       .noVb:		add.b	d0,d0
               S01:00000A96:  D0 00
F00:0584       			bcc.s	.noVa
               S01:00000A98:  64 04
F00:0585       			move.b	(a0)+,$a9-$a0(a6)
               S01:00000A9A:  1D 58 00 09
F00:0586       .noVa:		
F00:0587       			move.l	a0,(a1)+	; store byte stream ptr
               S01:00000A9E:  22 C8
F00:0588       			move.l	(a1),a0		; word stream
               S01:00000AA0:  20 51
F00:0589       			tst.b	d0
               S01:00000AA2:  4A 00
F00:0590       			beq.s	.noPa
               S01:00000AA4:  67 20
F00:0591       			add.b	d0,d0
               S01:00000AA6:  D0 00
F00:0592       			bcc.s	.noPd
               S01:00000AA8:  64 04
F00:0593       			move.w	(a0)+,$d6-$a0(a6)
               S01:00000AAA:  3D 58 00 36
F00:0594       .noPd:		add.b	d0,d0
               S01:00000AAE:  D0 00
F00:0595       			bcc.s	.noPc
               S01:00000AB0:  64 04
F00:0596       			move.w	(a0)+,$c6-$a0(a6)
               S01:00000AB2:  3D 58 00 26
F00:0597       .noPc:		add.b	d0,d0
               S01:00000AB6:  D0 00
F00:0598       			bcc.s	.noPb
               S01:00000AB8:  64 04
F00:0599       			move.w	(a0)+,$b6-$a0(a6)
               S01:00000ABA:  3D 58 00 16
F00:0600       .noPb:		add.b	d0,d0
               S01:00000ABE:  D0 00
F00:0601       			bcc.s	.noPa
               S01:00000AC0:  64 04
F00:0602       			move.w	(a0)+,$a6-$a0(a6)
               S01:00000AC2:  3D 58 00 06
F00:0603       .noPa:		
F00:0604       			tst.w	d0
               S01:00000AC6:  4A 40
F00:0605       			beq.s	.noInst
               S01:00000AC8:  67 46
F00:0606       			moveq	#0,d1
               S01:00000ACA:  72 00
F00:0607       			move.l	m_lspInstruments-4(a1),a2	; instrument table
               S01:00000ACC:  24 69 00 10
F00:0608       			lea		.resetv+12(pc),a4
               S01:00000AD0:  49 FA 00 8E
F00:0609       			lea		3*16(a6),a5
               S01:00000AD4:  4B EE 00 30
F00:0610       			moveq	#4-1,d2
               S01:00000AD8:  74 03
F00:0611       .vloop:		add.w	d0,d0
               S01:00000ADA:  D0 40
F00:0612       			bcs.s	.setIns
               S01:00000ADC:  65 0E
F00:0613       			add.w	d0,d0
               S01:00000ADE:  D0 40
F00:0614       			bcc.s	.skip
               S01:00000AE0:  64 1E
F00:0615       			move.l	(a4),a3
               S01:00000AE2:  26 54
F00:0616       			move.l	(a3)+,(a5)
               S01:00000AE4:  2A 9B
F00:0617       			move.w	(a3)+,4(a5)
               S01:00000AE6:  3B 5B 00 04
F00:0618       			bra.s	.skip
               S01:00000AEA:  60 14
F00:0619       .setIns:	add.w	(a0)+,a2
               S01:00000AEC:  D4 D8
F00:0620       			add.w	d0,d0
               S01:00000AEE:  D0 40
F00:0621       			bcc.s	.noReset
               S01:00000AF0:  64 06
F00:0622       			bset	d2,d1
               S01:00000AF2:  05 C1
F00:0623       			move.w	d1,$96-$a0(a6)
               S01:00000AF4:  3D 41 FF F6
F00:0624       .noReset:	move.l	(a2)+,(a5)
               S01:00000AF8:  2A 9A
F00:0625       			move.w	(a2)+,4(a5)
               S01:00000AFA:  3B 5A 00 04
F00:0626       			move.l	a2,(a4)
               S01:00000AFE:  28 8A
F00:0627       .skip:		subq.w	#4,a4
               S01:00000B00:  59 4C
F00:0628       			lea		-16(a5),a5
               S01:00000B02:  4B ED FF F0
F00:0629       			dbf		d2,.vloop
               S01:00000B06:  51 CA FF D2
F00:0630       			move.l	m_dmaconPatch-4(a1),a3		; dmacon patch
               S01:00000B0A:  26 69 00 04
F00:0631       			move.b	d1,(a3)						; dmacon			
               S01:00000B0E:  16 81
F00:0632       .noInst:	move.l	a0,(a1)			; store word stream (or byte stream if coming from early out)
               S01:00000B10:  22 88
F00:0633       			rts
               S01:00000B12:  4E 75
F00:0634       .cextended:	addi.w	#$100,d0
               S01:00000B14:  06 40 01 00
F00:0635       			move.b	(a0)+,d0
               S01:00000B18:  10 18
F00:0636       			beq.s	.cextended
               S01:00000B1A:  67 F8
F00:0637       			add.w	d0,d0
               S01:00000B1C:  D0 40
F00:0638       			move.w	0(a2,d0.w),d0			; code
               S01:00000B1E:  30 32 00 00
F00:0639       			cmp.w	m_escCodeRewind(a1),d0
               S01:00000B22:  B0 69 00 10
F00:0640       			beq.s	.r_rewind
               S01:00000B26:  67 16
F00:0641       			cmp.w	m_escCodeSetBpm(a1),d0
               S01:00000B28:  B0 69 00 12
F00:0642       			beq.s	.r_chgbpm
               S01:00000B2C:  67 1E
F00:0643       			cmp.w	m_escCodeGetPos(a1),d0
               S01:00000B2E:  B0 69 00 2C
F00:0644       			bne		.cmdExec
               S01:00000B32:  66 00 FF 4A
F00:0645       .r_setPos:	move.b	(a0)+,(m_currentSeq+1)(a1)
               S01:00000B36:  13 58 00 2B
F00:0646       			bra		.process
               S01:00000B3A:  60 00 FF 30
F00:0647       .r_rewind:	
F00:0648       			move.l	m_byteStreamLoop(a1),a0
               S01:00000B3E:  20 69 00 1C
F00:0649       			move.l	m_wordStreamLoop(a1),m_wordStream(a1)
               S01:00000B42:  23 69 00 20 00 04
F00:0650       			bra		.process
               S01:00000B48:  60 00 FF 22
F00:0651       .r_chgbpm:	move.b	(a0)+,(m_currentBpm+1)(a1)	; BPM
               S01:00000B4C:  13 58 00 1B
F00:0652       			bra		.process
               S01:00000B50:  60 00 FF 1A
F00:0653       .resetv:	dc.l	0,0,0,0
               S01:00000B54:  00 00 00 00
               S01:00000B58:  00 00 00 00
               S01:00000B5C:  00 00 00 00
               S01:00000B60:  00 00 00 00
F00:0654       ;------------------------------------------------------------------
F00:0655       ;
F00:0656       ;	LSP_MusicSetPos
F00:0657       ;
F00:0658       ;		In: d0: seq position (from 0 to last seq of the song)
F00:0659       ;		Out:None
F00:0660       ;
F00:0661       ;	Force the replay pointer to a seq position. If music wasn't converted
F00:0662       ;	using -setpos option, this func does nothing
F00:0663       ;
F00:0664       ;------------------------------------------------------------------
F00:0665       LSP_MusicSetPos:
F00:0666       			lea		LSP_State(pc),a3
               S01:00000B64:  47 FA 00 26
F00:0667       			move.w	m_seqCount(a3),d1
               S01:00000B68:  32 2B 00 24
F00:0668       			beq.s	.noTimingInfo
               S01:00000B6C:  67 16
F00:0669       			cmp.w	d1,d0
               S01:00000B6E:  B0 41
F00:0670       			bge.s	.noTimingInfo
               S01:00000B70:  6C 12
F00:0671       			move.w	d0,m_currentSeq(a3)
               S01:00000B72:  37 40 00 2A
F00:0672       			move.l	m_seqTable(a3),a0
               S01:00000B76:  20 6B 00 26
F00:0673       			lsl.w	#3,d0
               S01:00000B7A:  E7 48
F00:0674       			add.w	d0,a0
               S01:00000B7C:  D0 C0
F00:0675       			move.l	(a0)+,m_wordStream(a3)
               S01:00000B7E:  27 58 00 04
F00:0676       			move.l	(a0)+,m_byteStream(a3)
               S01:00000B82:  26 98
F00:0677       .noTimingInfo:
F00:0678       			rts
               S01:00000B84:  4E 75
F00:0679       ;------------------------------------------------------------------
F00:0680       ;
F00:0681       ;	LSP_MusicGetPos
F00:0682       ;
F00:0683       ;		In: None
F00:0684       ;		Out: d0:  seq position (from 0 to last seq of the song)
F00:0685       ;
F00:0686       ;	Get the current seq position. If music wasn't converted with
F00:0687       ;	-getpos option, this func just returns 0
F00:0688       ;
F00:0689       ;------------------------------------------------------------------
F00:0690       LSP_MusicGetPos:			
F00:0691       			move.w	(LSP_State+m_currentSeq)(pc),d0
               S01:00000B86:  30 3A 00 2E
F00:0692       			rts
               S01:00000B8A:  4E 75
F00:0693       	rsreset
F00:0694       	
F00:0695       m_byteStream:		rs.l	1	;  0 byte stream
F00:0696       m_wordStream:		rs.l	1	;  4 word stream
F00:0697       m_dmaconPatch:		rs.l	1	;  8 m_lfmDmaConPatch
F00:0698       m_codeTableAddr:	rs.l	1	; 12 code table addr
F00:0699       m_escCodeRewind:	rs.w	1	; 16 rewind special escape code
F00:0700       m_escCodeSetBpm:	rs.w	1	; 18 set BPM escape code
F00:0701       m_lspInstruments:	rs.l	1	; 20 LSP instruments table addr
F00:0702       m_relocDone:		rs.w	1	; 24 reloc done flag
F00:0703       m_currentBpm:		rs.w	1	; 26 current BPM
F00:0704       m_byteStreamLoop:	rs.l	1	; 28 byte stream loop point
F00:0705       m_wordStreamLoop:	rs.l	1	; 32 word stream loop point
F00:0706       m_seqCount:			rs.w	1
F00:0707       m_seqTable:			rs.l	1
F00:0708       m_currentSeq:		rs.w	1
F00:0709       m_escCodeGetPos:	rs.w	1
F00:0710       sizeof_LSPVars:		rs.w	0
F00:0711       LSP_State:			ds.b	sizeof_LSPVars		
F00:0712       lspend:	
F00:0713       	
F00:0714       	rts
               S01:00000BBA:  4E 75
F00:0715       	; ***********  Defining procedure : CookieCut
F00:0716       	;    Procedure type : User-defined procedure
F00:0717       	jmp block34
               S01:00000BBC:  60 0E
F00:0718       cc_src	dc.l	0
               S01:00000BBE:  00 00 00 00
F00:0719       cc_dst	dc.l	0
               S01:00000BC2:  00 00 00 00
F00:0720       cc_mask	dc.l	0
               S01:00000BC6:  00 00 00 00
F00:0721       cc_size	dc.w	0
               S01:00000BCA:  00 00
F00:0722       	 	CNOP 0,4
F00:0723       block34
F00:0724       CookieCut
F00:0725       waitforblitter35
F00:0726       	btst	#14,DMACONR
               S01:00000BCC:  08 39 00 0E 00 DF F0 02
F00:0727       	bne.s	waitforblitter35
               S01:00000BD4:  66 F6
F00:0728       	; Poke command
F00:0729       	move.l #$DFF000,a0
               S01:00000BD6:  20 7C 00 DF F0 00
F00:0730       	add.w #$50,a0; cc_mask
               S01:00000BDC:  41 E8 00 50
F00:0731       	move.l cc_mask,(a0)
               S01:00000BE0:  20 BA FF E4
F00:0732       	
F00:0733       ; //BLTAPT
F00:0734       	; Poke command
F00:0735       	move.l #$DFF000,a0
               S01:00000BE4:  20 7C 00 DF F0 00
F00:0736       	add.w #$4c,a0; cc_src
               S01:00000BEA:  41 E8 00 4C
F00:0737       	move.l cc_src,(a0)
               S01:00000BEE:  20 BA FF CE
F00:0738       	
F00:0739       ; //BLTBPT
F00:0740       	; Poke command
F00:0741       	move.l #$DFF000,a0
               S01:00000BF2:  20 7C 00 DF F0 00
F00:0742       	add.w #$48,a0; cc_dst
               S01:00000BF8:  41 E8 00 48
F00:0743       	move.l cc_dst,(a0)
               S01:00000BFC:  20 BA FF C4
F00:0744       	
F00:0745       ; //BLTCPT	
F00:0746       	; Poke command
F00:0747       	move.l #$DFF000,a0
               S01:00000C00:  20 7C 00 DF F0 00
F00:0748       	add.w #$54,a0; cc_dst
               S01:00000C06:  41 E8 00 54
F00:0749       	move.l cc_dst,(a0)
               S01:00000C0A:  20 BA FF B6
F00:0750       	
F00:0751       ; //BLTDPT		
F00:0752       	; Poke command
F00:0753       	move.l #$DFF000,a0
               S01:00000C0E:  20 7C 00 DF F0 00
F00:0754       	add.w #$40,a0; #$FCA
               S01:00000C14:  41 E8 00 40
F00:0755       	move.w #$FCA,(a0)
               S01:00000C18:  30 BC 0F CA
F00:0756       	
F00:0757       ; //BLTCON0	
F00:0758       	; Poke command
F00:0759       	move.l #$DFF000,a0
               S01:00000C1C:  20 7C 00 DF F0 00
F00:0760       	add.w #$58,a0; cc_size
               S01:00000C22:  41 E8 00 58
F00:0761       	move.w cc_size,(a0)
               S01:00000C26:  30 BA FF A2
F00:0762       	rts
               S01:00000C2A:  4E 75
F00:0763       	
F00:0764       ; //BLTSIZE*
F00:0765       ; ///All Channels / Cookie Cut
F00:0766       	; ***********  Defining procedure : DistortCopperLine
F00:0767       	;    Procedure type : User-defined procedure
F00:0768       DistortCopperLine
F00:0769       	moveq.l #0,d1
               S01:00000C2C:  72 00
F00:0770       	move.w i,d1          ; Loadvar regular end
               S01:00000C2E:  32 3A F5 A0
F00:0771       	moveq.l #0,d2
               S01:00000C32:  74 00
F00:0772       	move.w  row,d2 
               S01:00000C34:  34 3A F9 B2
F00:0773       	; Array is integer, so multiply with 2
F00:0774       	add.w d1,d1
               S01:00000C38:  D2 41
F00:0775       	lea sine4Copper,a0             ; LoadVariable:: is array
               S01:00000C3A:  41 FA F5 AC
F00:0776       	move.w (a0,d1),d0             ; LoadVariable:: is array
               S01:00000C3E:  30 30 10 00
F00:0777       	; Store variable : current
F00:0778       	lsr.w #$8,d0 ; Optimization: simple A := A op Const MUL DIV SHR etc
               S01:00000C42:  E0 48
F00:0779       	cmp.w #$1,d0
               S01:00000C44:  B0 7C 00 01
F00:0780       	bls c_eblock39
               S01:00000C48:  63 20
F00:0781       c_ctb38: ;Main true block ;keep 
F00:0782       	move.l d6,(a5)+
               S01:00000C4A:  2A C6
F00:0783       	move.l d5,(a5)+
               S01:00000C4C:  2A C5
F00:0784       	cmp.w d7,d2
               S01:00000C4E:  B4 47
F00:0785       	bne c_edblock91
               S01:00000C50:  66 02
F00:0786       c_ctb89: ;Main true block ;keep 
F00:0787       	move.l a3,(a5)+
               S01:00000C52:  2A CB
F00:0788       c_edblock91
F00:0789       	add.w #$100,d2 ; Optimization: simple A := A op Const ADD SUB OR AND
               S01:00000C54:  D4 7C 01 00
F00:0790       	move.w d2,(a5)+
               S01:00000C58:  3A C2
F00:0791       	move.w #$fffe,(a5)+
               S01:00000C5A:  3A FC FF FE
F00:0792       	move.l d4,(a5)+
               S01:00000C5E:  2A C4
F00:0793       	move.l d3,(a5)+
               S01:00000C60:  2A C3
F00:0794       	cmp.w d7,d2
               S01:00000C62:  B4 47
F00:0795       	bne c_edblock97
               S01:00000C64:  66 02
F00:0796       c_ctb95: ;Main true block ;keep 
F00:0797       	move.l a3,(a5)+
               S01:00000C66:  2A CB
F00:0798       c_edblock97
F00:0799       	bra.s c_edblock40
               S01:00000C68:  60 22
F00:0800       c_eblock39
F00:0801       	cmp.w #$0,d0
               S01:00000C6A:  4A 40
F00:0802       	bls c_eblock103
               S01:00000C6C:  63 14
F00:0803       c_ctb102: ;Main true block ;keep 
F00:0804       	move.l d6,(a5)+
               S01:00000C6E:  2A C6
F00:0805       	move.l d5,(a5)+
               S01:00000C70:  2A C5
F00:0806       	cmp.w d7,d2
               S01:00000C72:  B4 47
F00:0807       	bne c_edblock123
               S01:00000C74:  66 02
F00:0808       c_ctb121: ;Main true block ;keep 
F00:0809       	move.l a3,(a5)+
               S01:00000C76:  2A CB
F00:0810       c_edblock123
F00:0811       	move.w #$0,curbplmod ; Simple a:=b optimization 
               S01:00000C78:  33 FC 00 00 00 00 01 DA [R]
F00:0812       	bra.s c_edblock104
               S01:00000C80:  60 0A
F00:0813       c_eblock103
F00:0814       	move.l a6,(a5)+
               S01:00000C82:  2A CE
F00:0815       	move.l a4,(a5)+
               S01:00000C84:  2A CC
F00:0816       	cmp.w d7,d2
               S01:00000C86:  B4 47
F00:0817       	bne c_edblock130
               S01:00000C88:  66 02
F00:0818       c_ctb128: ;Main true block ;keep 
F00:0819       	move.l a3,(a5)+
               S01:00000C8A:  2A CB
F00:0820       c_edblock130
F00:0821       c_edblock104
F00:0822       c_edblock40
F00:0823       	cmp.w #$fe,i
               S01:00000C8C:  0C 79 00 FE 00 00 01 D0 [R]
F00:0824       	bhs c_eblock135
               S01:00000C94:  64 08
F00:0825       c_ctb134: ;Main true block ;keep 
F00:0826       	add.w #$1,i ; Optimization: simple A := A op Const ADD SUB OR AND
               S01:00000C96:  52 79 00 00 01 D0 [R]
F00:0827       	bra.s c_edblock136
               S01:00000C9C:  60 08
F00:0828       c_eblock135
F00:0829       	move.w #$0,i ; Simple a:=b optimization 
               S01:00000C9E:  33 FC 00 00 00 00 01 D0 [R]
F00:0830       c_edblock136
F00:0831       	move.w d2,row
               S01:00000CA6:  33 C2 00 00 05 E8 [R]
F00:0832       	rts
               S01:00000CAC:  4E 75
F00:0833       	
F00:0834       	rts
               S01:00000CAE:  4E 75
F00:0835       	; ***********  Defining procedure : ColorCycle
F00:0836       	;    Procedure type : User-defined procedure
F00:0837       ColorCycle
F00:0838       	move.w #$1,colorcycled ; Simple a:=b optimization 
               S01:00000CB0:  33 FC 00 01 00 00 00 B6 [R]
F00:0839       	move.w  #1,$100
               S01:00000CB8:  31 FC 00 01 01 00
F00:0840       	move.l	a5,curcopperpos
               S01:00000CBE:  23 CD 00 00 00 B8 [R]
F00:0841       	
F00:0842       	move.w #$1f,d0
               S01:00000CC4:  30 3C 00 1F
F00:0843       	move.l #image_palette_cycled,a0
               S01:00000CC8:  41 FA F4 7E
F00:0844       	move.l curcopperpos,a1
               S01:00000CCC:  22 7A F3 EA
F00:0845       memcpy38
F00:0846       	move.l (a0)+,(a1)+
               S01:00000CD0:  22 D8
F00:0847       	dbf d0,memcpy38
               S01:00000CD2:  51 C8 FF FC
F00:0848       	add.l #128,a5
               S01:00000CD6:  4B ED 00 80
F00:0849       	
F00:0850       	rts
               S01:00000CDA:  4E 75
F00:0851       	; ***********  Defining procedure : ColorCycleRestore
F00:0852       	;    Procedure type : User-defined procedure
F00:0853       ColorCycleRestore
F00:0854       	move.w #$2,colorcycled ; Simple a:=b optimization 
               S01:00000CDC:  33 FC 00 02 00 00 00 B6 [R]
F00:0855       	move.l	a5,curcopperpos
               S01:00000CE4:  23 CD 00 00 00 B8 [R]
F00:0856       	
F00:0857       	move.w #$1f,d0
               S01:00000CEA:  30 3C 00 1F
F00:0858       	move.l #image_palette,a1
               S01:00000CEE:  43 FA F3 D8
F00:0859       	move.l curcopperpos,a0
               S01:00000CF2:  20 7A F3 C4
F00:0860       memcpy40
F00:0861       	move.l (a1)+,(a0)+
               S01:00000CF6:  20 D9
F00:0862       	dbf d0,memcpy40
               S01:00000CF8:  51 C8 FF FC
F00:0863       	add.l #128,a5
               S01:00000CFC:  4B ED 00 80
F00:0864       	
F00:0865       	rts
               S01:00000D00:  4E 75
F00:0866       	; ***********  Defining procedure : CopperEffects
F00:0867       	;    Procedure type : User-defined procedure
F00:0868       CopperEffects
F00:0869       	move.w istart,i ; Simple a:=b optimization 
               S01:00000D02:  33 FA F4 D8 00 00 01 D0 [R]
F00:0870       	move.w #$2c01,row ; Simple a:=b optimization 
               S01:00000D0A:  33 FC 2C 01 00 00 05 E8 [R]
F00:0871       		moveq.l #0,d7
               S01:00000D12:  7E 00
F00:0872       		move.w #$ff01,d7	
               S01:00000D14:  3E 3C FF 01
F00:0873       		move.l #$1080000,d6
               S01:00000D18:  2C 3C 01 08 00 00
F00:0874       		move.l #$10a0000,d5
               S01:00000D1E:  2A 3C 01 0A 00 00
F00:0875       		move.l #$108ffd8,d4
               S01:00000D24:  28 3C 01 08 FF D8
F00:0876       		move.l #$10affd8,d3
               S01:00000D2A:  26 3C 01 0A FF D8
F00:0877       		move.l #$1080028,a6
               S01:00000D30:  2C 7C 01 08 00 28
F00:0878       		move.l #$10a0028,a4
               S01:00000D36:  28 7C 01 0A 00 28
F00:0879       		move.l #$ffdffffe,a3
               S01:00000D3C:  26 7C FF DF FF FE
F00:0880       	
F00:0881       	lea copper_custom,a5
               S01:00000D42:  4B F9 00 00 01 1C [R]
F00:0882       while42
F00:0883       loopstart46
F00:0884       	move.w lightypos,d1          ; Loadvar regular end
               S01:00000D48:  32 3A F3 72
F00:0885       	move.w row,d0
               S01:00000D4C:  30 3A F8 9A
F00:0886       	cmp.w d1,d0
               S01:00000D50:  B0 41
F00:0887       	bhi edblock45
               S01:00000D52:  62 1E
F00:0888       ctb43: ;Main true block ;keep 
F00:0889       	move.w row,(a5)+
               S01:00000D54:  3A FA F8 92
F00:0890       	move.w #$fffe,(a5)+
               S01:00000D58:  3A FC FF FE
F00:0891       	cmp.w #$0,beerinput
               S01:00000D5C:  4A 79 00 00 01 D8 [R]
F00:0892       	bls edblock59
               S01:00000D62:  63 04
F00:0893       ctb57: ;Main true block ;keep 
F00:0894       	jsr DistortCopperLine
               S01:00000D64:  61 00 FE C6
F00:0895       edblock59
F00:0896       	add.w #$100,row ; Optimization: simple A := A op Const ADD SUB OR AND
               S01:00000D68:  06 79 01 00 00 00 05 E8 [R]
F00:0897       	jmp while42
               S01:00000D70:  60 D6
F00:0898       edblock45
F00:0899       loopend47
F00:0900       	cmp.w #$6,effectNumber
               S01:00000D72:  0C 79 00 06 00 00 01 DE [R]
F00:0901       	bne edblock65
               S01:00000D7A:  66 20
F00:0902       ctb63: ;Main true block ;keep 
F00:0903       	move.w row,(a5)+
               S01:00000D7C:  3A FA F8 6A
F00:0904       	move.w #$fffe,(a5)+
               S01:00000D80:  3A FC FF FE
F00:0905       	cmp.w #$0,beerinput
               S01:00000D84:  4A 79 00 00 01 D8 [R]
F00:0906       	bls edblock77
               S01:00000D8A:  63 04
F00:0907       ctb75: ;Main true block ;keep 
F00:0908       	jsr DistortCopperLine
               S01:00000D8C:  61 00 FE 9E
F00:0909       edblock77
F00:0910       	jsr ColorCycle
               S01:00000D90:  61 00 FF 1E
F00:0911       	add.w #$100,row ; Optimization: simple A := A op Const ADD SUB OR AND
               S01:00000D94:  06 79 01 00 00 00 05 E8 [R]
F00:0912       edblock65
F00:0913       while80
F00:0914       loopstart84
F00:0915       	; Swapped comparison expressions
F00:0916       	moveq #0,d0
               S01:00000D9C:  70 00
F00:0917       	move.w lightypos,d0     ; BOP move
               S01:00000D9E:  30 3A F3 1C
F00:0918       	add.w #$1000,d0 ; simple bop
               S01:00000DA2:  D0 7C 10 00
F00:0919       	cmp.w row,d0
               S01:00000DA6:  B0 7A F8 40
F00:0920       	blo edblock83
               S01:00000DAA:  65 1E
F00:0921       ctb81: ;Main true block ;keep 
F00:0922       	move.w row,(a5)+
               S01:00000DAC:  3A FA F8 3A
F00:0923       	move.w #$fffe,(a5)+
               S01:00000DB0:  3A FC FF FE
F00:0924       	cmp.w #$0,beerinput
               S01:00000DB4:  4A 79 00 00 01 D8 [R]
F00:0925       	bls edblock97
               S01:00000DBA:  63 04
F00:0926       ctb95: ;Main true block ;keep 
F00:0927       	jsr DistortCopperLine
               S01:00000DBC:  61 00 FE 6E
F00:0928       edblock97
F00:0929       	add.w #$100,row ; Optimization: simple A := A op Const ADD SUB OR AND
               S01:00000DC0:  06 79 01 00 00 00 05 E8 [R]
F00:0930       	jmp while80
               S01:00000DC8:  60 D2
F00:0931       edblock83
F00:0932       loopend85
F00:0933       	cmp.w #$6,effectNumber
               S01:00000DCA:  0C 79 00 06 00 00 01 DE [R]
F00:0934       	bne edblock103
               S01:00000DD2:  66 20
F00:0935       ctb101: ;Main true block ;keep 
F00:0936       	move.w row,(a5)+
               S01:00000DD4:  3A FA F8 12
F00:0937       	move.w #$fffe,(a5)+
               S01:00000DD8:  3A FC FF FE
F00:0938       	jsr ColorCycleRestore
               S01:00000DDC:  61 00 FE FE
F00:0939       	cmp.w #$0,beerinput
               S01:00000DE0:  4A 79 00 00 01 D8 [R]
F00:0940       	bls edblock115
               S01:00000DE6:  63 04
F00:0941       ctb113: ;Main true block ;keep 
F00:0942       	jsr DistortCopperLine
               S01:00000DE8:  61 00 FE 42
F00:0943       edblock115
F00:0944       	add.w #$100,row ; Optimization: simple A := A op Const ADD SUB OR AND
               S01:00000DEC:  06 79 01 00 00 00 05 E8 [R]
F00:0945       edblock103
F00:0946       while118
F00:0947       loopstart122
F00:0948       	cmp.w #$2c01,row
               S01:00000DF4:  0C 79 2C 01 00 00 05 E8 [R]
F00:0949       	blo edblock121
               S01:00000DFC:  65 1E
F00:0950       ctb119: ;Main true block ;keep 
F00:0951       	move.w row,(a5)+
               S01:00000DFE:  3A FA F7 E8
F00:0952       	move.w #$fffe,(a5)+
               S01:00000E02:  3A FC FF FE
F00:0953       	cmp.w #$0,beerinput
               S01:00000E06:  4A 79 00 00 01 D8 [R]
F00:0954       	bls edblock135
               S01:00000E0C:  63 04
F00:0955       ctb133: ;Main true block ;keep 
F00:0956       	jsr DistortCopperLine
               S01:00000E0E:  61 00 FE 1C
F00:0957       edblock135
F00:0958       	add.w #$100,row ; Optimization: simple A := A op Const ADD SUB OR AND
               S01:00000E12:  06 79 01 00 00 00 05 E8 [R]
F00:0959       	jmp while118
               S01:00000E1A:  60 D8
F00:0960       edblock121
F00:0961       loopend123
F00:0962       while138
F00:0963       loopstart142
F00:0964       	cmp.w #$2c01,row
               S01:00000E1C:  0C 79 2C 01 00 00 05 E8 [R]
F00:0965       	bhs edblock141
               S01:00000E24:  64 1E
F00:0966       ctb139: ;Main true block ;keep 
F00:0967       	move.w row,(a5)+
               S01:00000E26:  3A FA F7 C0
F00:0968       	move.w #$fffe,(a5)+
               S01:00000E2A:  3A FC FF FE
F00:0969       	cmp.w #$0,beerinput
               S01:00000E2E:  4A 79 00 00 01 D8 [R]
F00:0970       	bls edblock155
               S01:00000E34:  63 04
F00:0971       ctb153: ;Main true block ;keep 
F00:0972       	jsr DistortCopperLine
               S01:00000E36:  61 00 FD F4
F00:0973       edblock155
F00:0974       	add.w #$100,row ; Optimization: simple A := A op Const ADD SUB OR AND
               S01:00000E3A:  06 79 01 00 00 00 05 E8 [R]
F00:0975       	jmp while138
               S01:00000E42:  60 D8
F00:0976       edblock141
F00:0977       loopend143
F00:0978       	move.w #$ffff,(a5)+
               S01:00000E44:  3A FC FF FF
F00:0979       	move.w #$fffe,(a5)+
               S01:00000E48:  3A FC FF FE
F00:0980       	cmp.w #$ff,istart
               S01:00000E4C:  0C 79 00 FF 00 00 01 DC [R]
F00:0981       	bhs eblock160
               S01:00000E54:  64 08
F00:0982       ctb159: ;Main true block ;keep 
F00:0983       	add.w #$1,istart ; Optimization: simple A := A op Const ADD SUB OR AND
               S01:00000E56:  52 79 00 00 01 DC [R]
F00:0984       	jmp edblock161
               S01:00000E5C:  60 08
F00:0985       eblock160
F00:0986       	move.w #$0,istart ; Simple a:=b optimization 
               S01:00000E5E:  33 FC 00 00 00 00 01 DC [R]
F00:0987       edblock161
F00:0988       	rts
               S01:00000E66:  4E 75
F00:0989       	
F00:0990       ; //Poke16(#$dff180,0,$000);			
F00:0991       	; ***********  Defining procedure : DistortMore
F00:0992       	;    Procedure type : User-defined procedure
F00:0993       DistortMore
F00:0994       	move.w #$0,i ; Simple a:=b optimization 
               S01:00000E68:  33 FC 00 00 00 00 01 D0 [R]
F00:0995       forloop167
F00:0996       	moveq #0,d0
               S01:00000E70:  70 00
F00:0997       	move.l #0,d2
               S01:00000E72:  74 00
F00:0998       	move.w i,d2          ; Loadvar regular end
               S01:00000E74:  34 3A F3 5A
F00:0999       	; Array is integer, so multiply with 2
F00:1000       	lsl #1,d2
               S01:00000E78:  E3 4A
F00:1001       	lea sine4Copper,a0             ; LoadVariable:: is array
               S01:00000E7A:  41 FA F3 6C
F00:1002       	move.w (a0,d2),d1             ; LoadVariable:: is array
               S01:00000E7E:  32 30 20 00
F00:1003       	move.w d1,d0     ; BOP move
               S01:00000E82:  30 01
F00:1004       	move.l #0,d2
               S01:00000E84:  74 00
F00:1005       	move.w i,d2          ; Loadvar regular end
               S01:00000E86:  34 3A F3 48
F00:1006       	; Array is integer, so multiply with 2
F00:1007       	lsl #1,d2
               S01:00000E8A:  E3 4A
F00:1008       	lea sine4CopperAdd,a0             ; LoadVariable:: is array
               S01:00000E8C:  41 FA F5 5A
F00:1009       	move.w (a0,d2),d1             ; LoadVariable:: is array
               S01:00000E90:  32 30 20 00
F00:1010       	add.w d1,d0 ; simple bop
               S01:00000E94:  D0 41
F00:1011       	; Store variable : sine4Copper
F00:1012       	move.w i,d2          ; Loadvar regular end
               S01:00000E96:  34 3A F3 38
F00:1013       	lsl #1,d2
               S01:00000E9A:  E3 4A
F00:1014       	lea sine4Copper,a0
               S01:00000E9C:  41 FA F3 4A
F00:1015       	move.w d0,(a0,d2)
               S01:00000EA0:  31 80 20 00
F00:1016       loopstart168
F00:1017       	; Create increasecounter
F00:1018       	add.w #$1,i ; Optimization: simple A := A op Const ADD SUB OR AND
               S01:00000EA4:  52 79 00 00 01 D0 [R]
F00:1019       	; end increasecounter
F00:1020       	move #$ff,d0
               S01:00000EAA:  30 3C 00 FF
F00:1021       	cmp.w i,d0
               S01:00000EAE:  B0 7A F3 20
F00:1022       	bne forloop167
               S01:00000EB2:  66 BC
F00:1023       loopend169
F00:1024       	rts
               S01:00000EB4:  4E 75
F00:1025       	; ***********  Defining procedure : BeerFoam
F00:1026       	;    Procedure type : User-defined procedure
F00:1027       	jmp block172
               S01:00000EB6:  60 08
F00:1028       bf_dstimage	dc.l	0
               S01:00000EB8:  00 00 00 00
F00:1029       foamsize	dc.w	0
               S01:00000EBC:  00 00
F00:1030       foampos	dc.w	0
               S01:00000EBE:  00 00
F00:1031       	 	CNOP 0,4
F00:1032       block172
F00:1033       BeerFoam
F00:1034       	
F00:1035       ; //ablit description:	
F00:1036       ; // - SrcImage 
F00:1037       ; // - DstImage
F00:1038       ; // - SrcShiftBytes: Start Byte to Blit From
F00:1039       ; // - XOffset: X Offset in Bytes (8 Pixel) to Blit To
F00:1040       ; // - YOffset: YOffset to Blit to
F00:1041       ; // - BlitWidth: With in Bytes of the Blit
F00:1042       ; // - BlitSize: Complete Size of the Blit
F00:1043       ; // - BlitAmod
F00:1044       ; // - BlitDmod
F00:1045       ; // - BlitB + BlitCmod
F00:1046       ; // - Channels and Minterm
F00:1047       	move.l #imageFoam,srcimage ; Simple a:=b optimization 
               S01:00000EC0:  23 FC 00 05 5F 24 00 00 01 E4 [R]
F00:1048       	move.l #imageMask,imagemask ; Simple a:=b optimization 
               S01:00000ECA:  23 FC 00 05 63 98 00 00 01 E0 [R]
F00:1049       	moveq #0,d0
               S01:00000ED4:  70 00
F00:1050       	move.l imagemask,d0     ; BOP move
               S01:00000ED6:  20 3A F3 08
F00:1051       	moveq #0,d1
               S01:00000EDA:  72 00
F00:1052       	move.w #$c,d1     ; BOP move
               S01:00000EDC:  32 3C 00 0C
F00:1053       	; LHS is byte, so initiate advanced op
F00:1054       	; is advanced bop
F00:1055       	moveq #0,d3
               S01:00000EE0:  76 00
F00:1056       	move.w foampos,d3     ; BOP move
               S01:00000EE2:  36 3A FF DA
F00:1057       	sub.w #$3e,d3 ; simple bop
               S01:00000EE6:  96 7C 00 3E
F00:1058       	; Reset register
F00:1059       	moveq #0,d2
               S01:00000EEA:  74 00
F00:1060       	move.w d3,d2     ; Advanced movee
               S01:00000EEC:  34 03
F00:1061       	mulu.w d2,d1
               S01:00000EEE:  C2 C2
F00:1062       	add.l d1,d0 ; simple bop
               S01:00000EF0:  D0 81
F00:1063       	; Store variable : imagemask
F00:1064       	move.l d0,imagemask
               S01:00000EF2:  23 C0 00 00 01 E0 [R]
F00:1065       	moveq #0,d0
               S01:00000EF8:  70 00
F00:1066       	moveq #0,d1
               S01:00000EFA:  72 00
F00:1067       	move.l bf_dstimage,d1     ; BOP move
               S01:00000EFC:  22 3A FF BA
F00:1068       	add.l #$e,d1 ; simple bop
               S01:00000F00:  D2 BC 00 00 00 0E
F00:1069       	move.l d1,d0     ; BOP move
               S01:00000F06:  20 01
F00:1070       	moveq #0,d1
               S01:00000F08:  72 00
F00:1071       	move.w foampos,d1     ; BOP move
               S01:00000F0A:  32 3A FF B2
F00:1072       	; ORG TYPE of foampos INTEGER
F00:1073       	; LHS is byte, so initiate advanced op
F00:1074       	; is advanced bop
F00:1075       	; Reset register
F00:1076       	moveq #0,d2
               S01:00000F0E:  74 00
F00:1077       	move.w #$28,d2     ; Advanced movee
               S01:00000F10:  34 3C 00 28
F00:1078       	mulu.w d2,d1
               S01:00000F14:  C2 C2
F00:1079       	add.l d1,d0 ; simple bop
               S01:00000F16:  D0 81
F00:1080       	; Store variable : bf_dstimage
F00:1081       	move.l d0,bf_dstimage
               S01:00000F18:  23 C0 00 00 0E B8 [R]
F00:1082       waitforblitter173
F00:1083       	btst	#14,DMACONR
               S01:00000F1E:  08 39 00 0E 00 DF F0 02
F00:1084       	bne.s	waitforblitter173
               S01:00000F26:  66 F6
F00:1085       	; Poke command
F00:1086       	move.l #$DFF000,a0
               S01:00000F28:  20 7C 00 DF F0 00
F00:1087       	add.w #$44,a0; #$FFFFFFFF
               S01:00000F2E:  41 E8 00 44
F00:1088       	move.l #$FFFFFFFF,(a0)
               S01:00000F32:  20 BC FF FF FF FF
F00:1089       	
F00:1090       ; //BltAfwm+BltAlwm
F00:1091       	; Poke command
F00:1092       	move.l #$DFF000,a0
               S01:00000F38:  20 7C 00 DF F0 00
F00:1093       	add.w #$60,a0; #$1c
               S01:00000F3E:  41 E8 00 60
F00:1094       	move.w #$1c,(a0)
               S01:00000F42:  30 BC 00 1C
F00:1095       	
F00:1096       ; //BLTCMOD
F00:1097       	; Poke command
F00:1098       	move.l #$DFF000,a0
               S01:00000F46:  20 7C 00 DF F0 00
F00:1099       	add.w #$62,a0; #$0
               S01:00000F4C:  41 E8 00 62
F00:1100       	move.w #$0,(a0)
               S01:00000F50:  30 BC 00 00
F00:1101       	
F00:1102       ; //BLTBMOD
F00:1103       	; Poke command
F00:1104       	move.l #$DFF000,a0
               S01:00000F54:  20 7C 00 DF F0 00
F00:1105       	add.w #$64,a0; #$0
               S01:00000F5A:  41 E8 00 64
F00:1106       	move.w #$0,(a0)
               S01:00000F5E:  30 BC 00 00
F00:1107       	
F00:1108       ; //BLTAMOD
F00:1109       	; Poke command
F00:1110       	move.l #$DFF000,a0
               S01:00000F62:  20 7C 00 DF F0 00
F00:1111       	add.w #$66,a0; #$1c
               S01:00000F68:  41 E8 00 66
F00:1112       	move.w #$1c,(a0)
               S01:00000F6C:  30 BC 00 1C
F00:1113       	
F00:1114       ; //BLTDMOD		
F00:1115       	; Poke command
F00:1116       	move.l #$DFF000,a0
               S01:00000F70:  20 7C 00 DF F0 00
F00:1117       	add.w #$42,a0; #$0
               S01:00000F76:  41 E8 00 42
F00:1118       	move.w #$0,(a0)
               S01:00000F7A:  30 BC 00 00
F00:1119       	
F00:1120       ; //BLTCON1		
F00:1121       	moveq #0,d0
               S01:00000F7E:  70 00
F00:1122       	moveq #0,d1
               S01:00000F80:  72 00
F00:1123       	move.w foamsize,d1     ; BOP move
               S01:00000F82:  32 3A FF 38
F00:1124       	lsl.w #$6,d1 ; simple bop
               S01:00000F86:  ED 49
F00:1125       	move.w d1,d0     ; BOP move
               S01:00000F88:  30 01
F00:1126       	add.w #$6,d0 ; simple bop
               S01:00000F8A:  5C 40
F00:1127       	; Store variable : bltsize
F00:1128       	move.w d0,bltsize
               S01:00000F8C:  33 C0 00 00 01 D2 [R]
F00:1129       	move.l srcimage,cc_src ; Simple a:=b optimization 
               S01:00000F92:  23 FA F2 50 00 00 0B BE [R]
F00:1130       	move.l bf_dstimage,cc_dst ; Simple a:=b optimization 
               S01:00000F9A:  23 FA FF 1C 00 00 0B C2 [R]
F00:1131       	move.l imagemask,cc_mask ; Simple a:=b optimization 
               S01:00000FA2:  23 FA F2 3C 00 00 0B C6 [R]
F00:1132       	move.w bltsize,cc_size ; Simple a:=b optimization 
               S01:00000FAA:  33 FA F2 26 00 00 0B CA [R]
F00:1133       	jsr CookieCut
               S01:00000FB2:  61 00 FC 18
F00:1134       	add.l #$e4,srcimage ; Optimization: simple A := A op Const ADD SUB OR AND
               S01:00000FB6:  06 B9 00 00 00 E4 00 00 01 E4 [R]
F00:1135       	add.l #$57d0,bf_dstimage ; Optimization: simple A := A op Const ADD SUB OR AND
               S01:00000FC0:  06 B9 00 00 57 D0 00 00 0E B8 [R]
F00:1136       	move.l srcimage,cc_src ; Simple a:=b optimization 
               S01:00000FCA:  23 FA F2 18 00 00 0B BE [R]
F00:1137       	move.l bf_dstimage,cc_dst ; Simple a:=b optimization 
               S01:00000FD2:  23 FA FE E4 00 00 0B C2 [R]
F00:1138       	move.l imagemask,cc_mask ; Simple a:=b optimization 
               S01:00000FDA:  23 FA F2 04 00 00 0B C6 [R]
F00:1139       	move.w bltsize,cc_size ; Simple a:=b optimization 
               S01:00000FE2:  33 FA F1 EE 00 00 0B CA [R]
F00:1140       	jsr CookieCut
               S01:00000FEA:  61 00 FB E0
F00:1141       	add.l #$e4,srcimage ; Optimization: simple A := A op Const ADD SUB OR AND
               S01:00000FEE:  06 B9 00 00 00 E4 00 00 01 E4 [R]
F00:1142       	add.l #$57d0,bf_dstimage ; Optimization: simple A := A op Const ADD SUB OR AND
               S01:00000FF8:  06 B9 00 00 57 D0 00 00 0E B8 [R]
F00:1143       	move.l srcimage,cc_src ; Simple a:=b optimization 
               S01:00001002:  23 FA F1 E0 00 00 0B BE [R]
F00:1144       	move.l bf_dstimage,cc_dst ; Simple a:=b optimization 
               S01:0000100A:  23 FA FE AC 00 00 0B C2 [R]
F00:1145       	move.l imagemask,cc_mask ; Simple a:=b optimization 
               S01:00001012:  23 FA F1 CC 00 00 0B C6 [R]
F00:1146       	move.w bltsize,cc_size ; Simple a:=b optimization 
               S01:0000101A:  33 FA F1 B6 00 00 0B CA [R]
F00:1147       	jsr CookieCut
               S01:00001022:  61 00 FB A8
F00:1148       	add.l #$e4,srcimage ; Optimization: simple A := A op Const ADD SUB OR AND
               S01:00001026:  06 B9 00 00 00 E4 00 00 01 E4 [R]
F00:1149       	add.l #$57d0,bf_dstimage ; Optimization: simple A := A op Const ADD SUB OR AND
               S01:00001030:  06 B9 00 00 57 D0 00 00 0E B8 [R]
F00:1150       	move.l srcimage,cc_src ; Simple a:=b optimization 
               S01:0000103A:  23 FA F1 A8 00 00 0B BE [R]
F00:1151       	move.l bf_dstimage,cc_dst ; Simple a:=b optimization 
               S01:00001042:  23 FA FE 74 00 00 0B C2 [R]
F00:1152       	move.l imagemask,cc_mask ; Simple a:=b optimization 
               S01:0000104A:  23 FA F1 94 00 00 0B C6 [R]
F00:1153       	move.w bltsize,cc_size ; Simple a:=b optimization 
               S01:00001052:  33 FA F1 7E 00 00 0B CA [R]
F00:1154       	jsr CookieCut
               S01:0000105A:  61 00 FB 70
F00:1155       	add.l #$e4,srcimage ; Optimization: simple A := A op Const ADD SUB OR AND
               S01:0000105E:  06 B9 00 00 00 E4 00 00 01 E4 [R]
F00:1156       	add.l #$57d0,bf_dstimage ; Optimization: simple A := A op Const ADD SUB OR AND
               S01:00001068:  06 B9 00 00 57 D0 00 00 0E B8 [R]
F00:1157       	move.l srcimage,cc_src ; Simple a:=b optimization 
               S01:00001072:  23 FA F1 70 00 00 0B BE [R]
F00:1158       	move.l bf_dstimage,cc_dst ; Simple a:=b optimization 
               S01:0000107A:  23 FA FE 3C 00 00 0B C2 [R]
F00:1159       	move.l imagemask,cc_mask ; Simple a:=b optimization 
               S01:00001082:  23 FA F1 5C 00 00 0B C6 [R]
F00:1160       	move.w bltsize,cc_size ; Simple a:=b optimization 
               S01:0000108A:  33 FA F1 46 00 00 0B CA [R]
F00:1161       	jsr CookieCut
               S01:00001092:  61 00 FB 38
F00:1162       	rts
               S01:00001096:  4E 75
F00:1163       	; ***********  Defining procedure : FillDrinkBeer
F00:1164       	;    Procedure type : User-defined procedure
F00:1165       	jmp block174
               S01:00001098:  60 0E
F00:1166       dstimage dc.l 0
               S01:0000109A:  00 00 00 00
F00:1167       yoffset	dc.w	0
               S01:0000109E:  00 00
F00:1168       fd_srcimage	dc.l	0
               S01:000010A0:  00 00 00 00
F00:1169       fd_srcimageoffset	dc.l	0
               S01:000010A4:  00 00 00 00
F00:1170       	 	CNOP 0,4
F00:1171       block174
F00:1172       FillDrinkBeer
F00:1173       	
F00:1174       ; //ablit description:	
F00:1175       ; // - SrcImage 
F00:1176       ; // - DstImage
F00:1177       ; // - SrcShiftBytes: Start Byte to Blit From
F00:1178       ; // - XOffset: X Offset in Bytes (8 Pixel) to Blit To
F00:1179       ; // - YOffset: YOffset to Blit to
F00:1180       ; // - BlitWidth: With in Bytes of the Blit
F00:1181       ; // - BlitSize: Complete Size of the Blit
F00:1182       ; // - BlitAmod
F00:1183       ; // - BlitDmod
F00:1184       ; // - BlitB + BlitCmod
F00:1185       ; // - Channels and Minterm
F00:1186       ; //	fd_srcimage := #imageCupFull;
F00:1187       waitforblitter175
F00:1188       	btst	#14,DMACONR
               S01:000010A8:  08 39 00 0E 00 DF F0 02
F00:1189       	bne.s	waitforblitter175
               S01:000010B0:  66 F6
F00:1190       	moveq.l #0,d6
               S01:000010B2:  7C 00
F00:1191       	lea     $dff000,a6 ; Hardware registers
               S01:000010B4:  4D F9 00 DF F0 00
F00:1192       	move.l fd_srcimage,a0
               S01:000010BA:  20 7A FF E4
F00:1193       	move.l dstimage,a1
               S01:000010BE:  22 7A FF DA
F00:1194       	moveq #0,d0
               S01:000010C2:  70 00
F00:1195       	move.w yoffset,d0     ; BOP move
               S01:000010C4:  30 3A FF D8
F00:1196       	; ORG TYPE of yoffset INTEGER
F00:1197       	; LHS is byte, so initiate advanced op
F00:1198       	; is advanced bop
F00:1199       	; Reset register
F00:1200       	moveq #0,d1
               S01:000010C8:  72 00
F00:1201       	move.w #$c,d1     ; Advanced movee
               S01:000010CA:  32 3C 00 0C
F00:1202       	mulu.w d1,d0
               S01:000010CE:  C0 C1
F00:1203       	move.w d0,d6
               S01:000010D0:  3C 00
F00:1204       	move.w #$e,d1
               S01:000010D2:  32 3C 00 0E
F00:1205       	moveq #0,d0
               S01:000010D6:  70 00
F00:1206       	move.w yoffset,d0     ; BOP move
               S01:000010D8:  30 3A FF C4
F00:1207       	add.w #$52,d0 ; simple bop
               S01:000010DC:  D0 7C 00 52
F00:1208       	move.w d0,d2
               S01:000010E0:  34 00
F00:1209       	move.w #$28,d3
               S01:000010E2:  36 3C 00 28
F00:1210       	move.w #$86,d4
               S01:000010E6:  38 3C 00 86
F00:1211       	move.w #$0,BLTAMOD(a6)
               S01:000010EA:  3D 7C 00 00 00 64
F00:1212       	move.w #$0,BLTBMOD(a6)
               S01:000010F0:  3D 7C 00 00 00 62
F00:1213       	move.w #$0,BLTCMOD(a6)
               S01:000010F6:  3D 7C 00 00 00 60
F00:1214       	move.w #$1c,BLTDMOD(a6)
               S01:000010FC:  3D 7C 00 1C 00 66
F00:1215       	move.w #$9f0,d0
               S01:00001102:  30 3C 09 F0
F00:1216       	move.w  #0,BLTCON1(a6) ;    issa 0   BLTCON1
               S01:00001106:  3D 7C 00 00 00 42
F00:1217       	jsr blitter
               S01:0000110C:  61 00 0C A4
F00:1218       	moveq #0,d0
               S01:00001110:  70 00
F00:1219       	move.l fd_srcimageoffset,d0     ; BOP move
               S01:00001112:  20 3A FF 90
F00:1220       	add.l fd_srcimage,d0 ; simple bop
               S01:00001116:  D0 BA FF 88
F00:1221       	; Store variable : fd_srcimage
F00:1222       	move.l d0,fd_srcimage
               S01:0000111A:  23 C0 00 00 10 A0 [R]
F00:1223       	add.l #$57d0,dstimage ; Optimization: simple A := A op Const ADD SUB OR AND
               S01:00001120:  06 B9 00 00 57 D0 00 00 10 9A [R]
F00:1224       waitforblitter176
F00:1225       	btst	#14,DMACONR
               S01:0000112A:  08 39 00 0E 00 DF F0 02
F00:1226       	bne.s	waitforblitter176
               S01:00001132:  66 F6
F00:1227       	moveq.l #0,d6
               S01:00001134:  7C 00
F00:1228       	lea     $dff000,a6 ; Hardware registers
               S01:00001136:  4D F9 00 DF F0 00
F00:1229       	move.l fd_srcimage,a0
               S01:0000113C:  20 7A FF 62
F00:1230       	move.l dstimage,a1
               S01:00001140:  22 7A FF 58
F00:1231       	moveq #0,d0
               S01:00001144:  70 00
F00:1232       	move.w yoffset,d0     ; BOP move
               S01:00001146:  30 3A FF 56
F00:1233       	; ORG TYPE of yoffset INTEGER
F00:1234       	; LHS is byte, so initiate advanced op
F00:1235       	; is advanced bop
F00:1236       	; Reset register
F00:1237       	moveq #0,d1
               S01:0000114A:  72 00
F00:1238       	move.w #$c,d1     ; Advanced movee
               S01:0000114C:  32 3C 00 0C
F00:1239       	mulu.w d1,d0
               S01:00001150:  C0 C1
F00:1240       	move.w d0,d6
               S01:00001152:  3C 00
F00:1241       	move.w #$e,d1
               S01:00001154:  32 3C 00 0E
F00:1242       	moveq #0,d0
               S01:00001158:  70 00
F00:1243       	move.w yoffset,d0     ; BOP move
               S01:0000115A:  30 3A FF 42
F00:1244       	add.w #$52,d0 ; simple bop
               S01:0000115E:  D0 7C 00 52
F00:1245       	move.w d0,d2
               S01:00001162:  34 00
F00:1246       	move.w #$28,d3
               S01:00001164:  36 3C 00 28
F00:1247       	move.w #$86,d4
               S01:00001168:  38 3C 00 86
F00:1248       	move.w #$0,BLTAMOD(a6)
               S01:0000116C:  3D 7C 00 00 00 64
F00:1249       	move.w #$0,BLTBMOD(a6)
               S01:00001172:  3D 7C 00 00 00 62
F00:1250       	move.w #$0,BLTCMOD(a6)
               S01:00001178:  3D 7C 00 00 00 60
F00:1251       	move.w #$1c,BLTDMOD(a6)
               S01:0000117E:  3D 7C 00 1C 00 66
F00:1252       	move.w #$9f0,d0
               S01:00001184:  30 3C 09 F0
F00:1253       	move.w  #0,BLTCON1(a6) ;    issa 0   BLTCON1
               S01:00001188:  3D 7C 00 00 00 42
F00:1254       	jsr blitter
               S01:0000118E:  61 00 0C 22
F00:1255       	moveq #0,d0
               S01:00001192:  70 00
F00:1256       	move.l fd_srcimageoffset,d0     ; BOP move
               S01:00001194:  20 3A FF 0E
F00:1257       	add.l fd_srcimage,d0 ; simple bop
               S01:00001198:  D0 BA FF 06
F00:1258       	; Store variable : fd_srcimage
F00:1259       	move.l d0,fd_srcimage
               S01:0000119C:  23 C0 00 00 10 A0 [R]
F00:1260       	add.l #$57d0,dstimage ; Optimization: simple A := A op Const ADD SUB OR AND
               S01:000011A2:  06 B9 00 00 57 D0 00 00 10 9A [R]
F00:1261       waitforblitter177
F00:1262       	btst	#14,DMACONR
               S01:000011AC:  08 39 00 0E 00 DF F0 02
F00:1263       	bne.s	waitforblitter177
               S01:000011B4:  66 F6
F00:1264       	moveq.l #0,d6
               S01:000011B6:  7C 00
F00:1265       	lea     $dff000,a6 ; Hardware registers
               S01:000011B8:  4D F9 00 DF F0 00
F00:1266       	move.l fd_srcimage,a0
               S01:000011BE:  20 7A FE E0
F00:1267       	move.l dstimage,a1
               S01:000011C2:  22 7A FE D6
F00:1268       	moveq #0,d0
               S01:000011C6:  70 00
F00:1269       	move.w yoffset,d0     ; BOP move
               S01:000011C8:  30 3A FE D4
F00:1270       	; ORG TYPE of yoffset INTEGER
F00:1271       	; LHS is byte, so initiate advanced op
F00:1272       	; is advanced bop
F00:1273       	; Reset register
F00:1274       	moveq #0,d1
               S01:000011CC:  72 00
F00:1275       	move.w #$c,d1     ; Advanced movee
               S01:000011CE:  32 3C 00 0C
F00:1276       	mulu.w d1,d0
               S01:000011D2:  C0 C1
F00:1277       	move.w d0,d6
               S01:000011D4:  3C 00
F00:1278       	move.w #$e,d1
               S01:000011D6:  32 3C 00 0E
F00:1279       	moveq #0,d0
               S01:000011DA:  70 00
F00:1280       	move.w yoffset,d0     ; BOP move
               S01:000011DC:  30 3A FE C0
F00:1281       	add.w #$52,d0 ; simple bop
               S01:000011E0:  D0 7C 00 52
F00:1282       	move.w d0,d2
               S01:000011E4:  34 00
F00:1283       	move.w #$28,d3
               S01:000011E6:  36 3C 00 28
F00:1284       	move.w #$86,d4
               S01:000011EA:  38 3C 00 86
F00:1285       	move.w #$0,BLTAMOD(a6)
               S01:000011EE:  3D 7C 00 00 00 64
F00:1286       	move.w #$0,BLTBMOD(a6)
               S01:000011F4:  3D 7C 00 00 00 62
F00:1287       	move.w #$0,BLTCMOD(a6)
               S01:000011FA:  3D 7C 00 00 00 60
F00:1288       	move.w #$1c,BLTDMOD(a6)
               S01:00001200:  3D 7C 00 1C 00 66
F00:1289       	move.w #$9f0,d0
               S01:00001206:  30 3C 09 F0
F00:1290       	move.w  #0,BLTCON1(a6) ;    issa 0   BLTCON1
               S01:0000120A:  3D 7C 00 00 00 42
F00:1291       	jsr blitter
               S01:00001210:  61 00 0B A0
F00:1292       	moveq #0,d0
               S01:00001214:  70 00
F00:1293       	move.l fd_srcimageoffset,d0     ; BOP move
               S01:00001216:  20 3A FE 8C
F00:1294       	add.l fd_srcimage,d0 ; simple bop
               S01:0000121A:  D0 BA FE 84
F00:1295       	; Store variable : fd_srcimage
F00:1296       	move.l d0,fd_srcimage
               S01:0000121E:  23 C0 00 00 10 A0 [R]
F00:1297       	add.l #$57d0,dstimage ; Optimization: simple A := A op Const ADD SUB OR AND
               S01:00001224:  06 B9 00 00 57 D0 00 00 10 9A [R]
F00:1298       waitforblitter178
F00:1299       	btst	#14,DMACONR
               S01:0000122E:  08 39 00 0E 00 DF F0 02
F00:1300       	bne.s	waitforblitter178
               S01:00001236:  66 F6
F00:1301       	moveq.l #0,d6
               S01:00001238:  7C 00
F00:1302       	lea     $dff000,a6 ; Hardware registers
               S01:0000123A:  4D F9 00 DF F0 00
F00:1303       	move.l fd_srcimage,a0
               S01:00001240:  20 7A FE 5E
F00:1304       	move.l dstimage,a1
               S01:00001244:  22 7A FE 54
F00:1305       	moveq #0,d0
               S01:00001248:  70 00
F00:1306       	move.w yoffset,d0     ; BOP move
               S01:0000124A:  30 3A FE 52
F00:1307       	; ORG TYPE of yoffset INTEGER
F00:1308       	; LHS is byte, so initiate advanced op
F00:1309       	; is advanced bop
F00:1310       	; Reset register
F00:1311       	moveq #0,d1
               S01:0000124E:  72 00
F00:1312       	move.w #$c,d1     ; Advanced movee
               S01:00001250:  32 3C 00 0C
F00:1313       	mulu.w d1,d0
               S01:00001254:  C0 C1
F00:1314       	move.w d0,d6
               S01:00001256:  3C 00
F00:1315       	move.w #$e,d1
               S01:00001258:  32 3C 00 0E
F00:1316       	moveq #0,d0
               S01:0000125C:  70 00
F00:1317       	move.w yoffset,d0     ; BOP move
               S01:0000125E:  30 3A FE 3E
F00:1318       	add.w #$52,d0 ; simple bop
               S01:00001262:  D0 7C 00 52
F00:1319       	move.w d0,d2
               S01:00001266:  34 00
F00:1320       	move.w #$28,d3
               S01:00001268:  36 3C 00 28
F00:1321       	move.w #$86,d4
               S01:0000126C:  38 3C 00 86
F00:1322       	move.w #$0,BLTAMOD(a6)
               S01:00001270:  3D 7C 00 00 00 64
F00:1323       	move.w #$0,BLTBMOD(a6)
               S01:00001276:  3D 7C 00 00 00 62
F00:1324       	move.w #$0,BLTCMOD(a6)
               S01:0000127C:  3D 7C 00 00 00 60
F00:1325       	move.w #$1c,BLTDMOD(a6)
               S01:00001282:  3D 7C 00 1C 00 66
F00:1326       	move.w #$9f0,d0
               S01:00001288:  30 3C 09 F0
F00:1327       	move.w  #0,BLTCON1(a6) ;    issa 0   BLTCON1
               S01:0000128C:  3D 7C 00 00 00 42
F00:1328       	jsr blitter
               S01:00001292:  61 00 0B 1E
F00:1329       	moveq #0,d0
               S01:00001296:  70 00
F00:1330       	move.l fd_srcimageoffset,d0     ; BOP move
               S01:00001298:  20 3A FE 0A
F00:1331       	add.l fd_srcimage,d0 ; simple bop
               S01:0000129C:  D0 BA FE 02
F00:1332       	; Store variable : fd_srcimage
F00:1333       	move.l d0,fd_srcimage
               S01:000012A0:  23 C0 00 00 10 A0 [R]
F00:1334       	add.l #$57d0,dstimage ; Optimization: simple A := A op Const ADD SUB OR AND
               S01:000012A6:  06 B9 00 00 57 D0 00 00 10 9A [R]
F00:1335       waitforblitter179
F00:1336       	btst	#14,DMACONR
               S01:000012B0:  08 39 00 0E 00 DF F0 02
F00:1337       	bne.s	waitforblitter179
               S01:000012B8:  66 F6
F00:1338       	moveq.l #0,d6
               S01:000012BA:  7C 00
F00:1339       	lea     $dff000,a6 ; Hardware registers
               S01:000012BC:  4D F9 00 DF F0 00
F00:1340       	move.l fd_srcimage,a0
               S01:000012C2:  20 7A FD DC
F00:1341       	move.l dstimage,a1
               S01:000012C6:  22 7A FD D2
F00:1342       	moveq #0,d0
               S01:000012CA:  70 00
F00:1343       	move.w yoffset,d0     ; BOP move
               S01:000012CC:  30 3A FD D0
F00:1344       	; ORG TYPE of yoffset INTEGER
F00:1345       	; LHS is byte, so initiate advanced op
F00:1346       	; is advanced bop
F00:1347       	; Reset register
F00:1348       	moveq #0,d1
               S01:000012D0:  72 00
F00:1349       	move.w #$c,d1     ; Advanced movee
               S01:000012D2:  32 3C 00 0C
F00:1350       	mulu.w d1,d0
               S01:000012D6:  C0 C1
F00:1351       	move.w d0,d6
               S01:000012D8:  3C 00
F00:1352       	move.w #$e,d1
               S01:000012DA:  32 3C 00 0E
F00:1353       	moveq #0,d0
               S01:000012DE:  70 00
F00:1354       	move.w yoffset,d0     ; BOP move
               S01:000012E0:  30 3A FD BC
F00:1355       	add.w #$52,d0 ; simple bop
               S01:000012E4:  D0 7C 00 52
F00:1356       	move.w d0,d2
               S01:000012E8:  34 00
F00:1357       	move.w #$28,d3
               S01:000012EA:  36 3C 00 28
F00:1358       	move.w #$86,d4
               S01:000012EE:  38 3C 00 86
F00:1359       	move.w #$0,BLTAMOD(a6)
               S01:000012F2:  3D 7C 00 00 00 64
F00:1360       	move.w #$0,BLTBMOD(a6)
               S01:000012F8:  3D 7C 00 00 00 62
F00:1361       	move.w #$0,BLTCMOD(a6)
               S01:000012FE:  3D 7C 00 00 00 60
F00:1362       	move.w #$1c,BLTDMOD(a6)
               S01:00001304:  3D 7C 00 1C 00 66
F00:1363       	move.w #$9f0,d0
               S01:0000130A:  30 3C 09 F0
F00:1364       	move.w  #0,BLTCON1(a6) ;    issa 0   BLTCON1
               S01:0000130E:  3D 7C 00 00 00 42
F00:1365       	jsr blitter
               S01:00001314:  61 00 0A 9C
F00:1366       	rts
               S01:00001318:  4E 75
F00:1367       	
F00:1368       ; //	Flips rendering buffer and updates copper list & pointers
F00:1369       ; //
F00:1370       	; ***********  Defining procedure : FlipBuffers
F00:1371       	;    Procedure type : User-defined procedure
F00:1372       FlipBuffers
F00:1373       	cmp.w #$0,curBuf
               S01:0000131A:  4A 79 00 00 00 B2 [R]
F00:1374       	bne eblock183
               S01:00001320:  66 36
F00:1375       ctb182: ;Main true block ;keep 
F00:1376       	move.l #image1,screen ; Simple a:=b optimization 
               S01:00001322:  23 FC 00 01 CF F8 00 00 01 C8 [R]
F00:1377       	moveq #0,d0
               S01:0000132C:  70 00
F00:1378       	move.l screen,d0     ; BOP move
               S01:0000132E:  20 3A EE 98
F00:1379       	add.l screenOffset,d0 ; simple bop
               S01:00001332:  D0 BA ED 8A
F00:1380       	; Store variable : screen
F00:1381       	move.l d0,screen
               S01:00001336:  23 C0 00 00 01 C8 [R]
F00:1382       	move.l #image2,offscreen ; Simple a:=b optimization 
               S01:0000133C:  23 FC 00 03 87 08 00 00 01 CC [R]
F00:1383       	moveq #0,d0
               S01:00001346:  70 00
F00:1384       	move.l offscreen,d0     ; BOP move
               S01:00001348:  20 3A EE 82
F00:1385       	add.l screenOffset,d0 ; simple bop
               S01:0000134C:  D0 BA ED 70
F00:1386       	; Store variable : offscreen
F00:1387       	move.l d0,offscreen
               S01:00001350:  23 C0 00 00 01 CC [R]
F00:1388       	jmp edblock184
               S01:00001356:  60 34
F00:1389       eblock183
F00:1390       	move.l #image2,screen ; Simple a:=b optimization 
               S01:00001358:  23 FC 00 03 87 08 00 00 01 C8 [R]
F00:1391       	moveq #0,d0
               S01:00001362:  70 00
F00:1392       	move.l screen,d0     ; BOP move
               S01:00001364:  20 3A EE 62
F00:1393       	add.l screenOffset,d0 ; simple bop
               S01:00001368:  D0 BA ED 54
F00:1394       	; Store variable : screen
F00:1395       	move.l d0,screen
               S01:0000136C:  23 C0 00 00 01 C8 [R]
F00:1396       	move.l #image1,offscreen ; Simple a:=b optimization 
               S01:00001372:  23 FC 00 01 CF F8 00 00 01 CC [R]
F00:1397       	moveq #0,d0
               S01:0000137C:  70 00
F00:1398       	move.l offscreen,d0     ; BOP move
               S01:0000137E:  20 3A EE 4C
F00:1399       	add.l screenOffset,d0 ; simple bop
               S01:00001382:  D0 BA ED 3A
F00:1400       	; Store variable : offscreen
F00:1401       	move.l d0,offscreen
               S01:00001386:  23 C0 00 00 01 CC [R]
F00:1402       edblock184
F00:1403       	; setcopperlist32
F00:1404       	move.l offscreen,a1
               S01:0000138C:  22 7A EE 3E
F00:1405       	move.l a1,d0
               S01:00001390:  20 09
F00:1406       	move.l #copper_bitplane0,a0
               S01:00001392:  41 F9 00 00 00 E8 [R]
F00:1407       	move.w d0,6(a0)
               S01:00001398:  31 40 00 06
F00:1408       	swap d0
               S01:0000139C:  48 40
F00:1409       	move.w d0,2(a0)
               S01:0000139E:  31 40 00 02
F00:1410       	; setcopperlist32
F00:1411       	moveq #0,d1
               S01:000013A2:  72 00
F00:1412       	move.l offscreen,d1     ; BOP move
               S01:000013A4:  22 3A EE 26
F00:1413       	add.l #$57d0,d1 ; simple bop
               S01:000013A8:  D2 BC 00 00 57 D0
F00:1414       	move.l d1,d0
               S01:000013AE:  20 01
F00:1415       	move.l #copper_bitplane1,a0
               S01:000013B0:  41 F9 00 00 00 F0 [R]
F00:1416       	move.w d0,6(a0)
               S01:000013B6:  31 40 00 06
F00:1417       	swap d0
               S01:000013BA:  48 40
F00:1418       	move.w d0,2(a0)
               S01:000013BC:  31 40 00 02
F00:1419       	; setcopperlist32
F00:1420       	moveq #0,d1
               S01:000013C0:  72 00
F00:1421       	move.l offscreen,d1     ; BOP move
               S01:000013C2:  22 3A EE 08
F00:1422       	; NodeBinop : both are pure numeric optimization : #$afa0
F00:1423       	add.l #$afa0,d1 ; simple bop
               S01:000013C6:  D2 BC 00 00 AF A0
F00:1424       	move.l d1,d0
               S01:000013CC:  20 01
F00:1425       	move.l #copper_bitplane2,a0
               S01:000013CE:  41 F9 00 00 00 F8 [R]
F00:1426       	move.w d0,6(a0)
               S01:000013D4:  31 40 00 06
F00:1427       	swap d0
               S01:000013D8:  48 40
F00:1428       	move.w d0,2(a0)
               S01:000013DA:  31 40 00 02
F00:1429       	; setcopperlist32
F00:1430       	moveq #0,d1
               S01:000013DE:  72 00
F00:1431       	move.l offscreen,d1     ; BOP move
               S01:000013E0:  22 3A ED EA
F00:1432       	; NodeBinop : both are pure numeric optimization : #$10770
F00:1433       	add.l #$10770,d1 ; simple bop
               S01:000013E4:  D2 BC 00 01 07 70
F00:1434       	move.l d1,d0
               S01:000013EA:  20 01
F00:1435       	move.l #copper_bitplane3,a0
               S01:000013EC:  41 F9 00 00 01 00 [R]
F00:1436       	move.w d0,6(a0)
               S01:000013F2:  31 40 00 06
F00:1437       	swap d0
               S01:000013F6:  48 40
F00:1438       	move.w d0,2(a0)
               S01:000013F8:  31 40 00 02
F00:1439       	; setcopperlist32
F00:1440       	moveq #0,d1
               S01:000013FC:  72 00
F00:1441       	move.l offscreen,d1     ; BOP move
               S01:000013FE:  22 3A ED CC
F00:1442       	; NodeBinop : both are pure numeric optimization : #$15f40
F00:1443       	add.l #$15f40,d1 ; simple bop
               S01:00001402:  D2 BC 00 01 5F 40
F00:1444       	move.l d1,d0
               S01:00001408:  20 01
F00:1445       	move.l #copper_bitplane4,a0
               S01:0000140A:  41 F9 00 00 01 08 [R]
F00:1446       	move.w d0,6(a0)
               S01:00001410:  31 40 00 06
F00:1447       	swap d0
               S01:00001414:  48 40
F00:1448       	move.w d0,2(a0)
               S01:00001416:  31 40 00 02
F00:1449       	moveq #0,d0
               S01:0000141A:  70 00
F00:1450       	moveq #0,d1
               S01:0000141C:  72 00
F00:1451       	move.w curBuf,d1     ; BOP move
               S01:0000141E:  32 3A EC 92
F00:1452       	add.w #$1,d1 ; simple bop
               S01:00001422:  52 41
F00:1453       	move.w d1,d0     ; BOP move
               S01:00001424:  30 01
F00:1454       	and.w #$1,d0 ; simple bop
               S01:00001426:  C0 7C 00 01
F00:1455       	; Store variable : curBuf
F00:1456       	move.w d0,curBuf
               S01:0000142A:  33 C0 00 00 00 B2 [R]
F00:1457       	rts
               S01:00001430:  4E 75
F00:1458       	; ***********  Defining procedure : RemoveFoam
F00:1459       	;    Procedure type : User-defined procedure
F00:1460       	jmp block189
               S01:00001432:  60 08
F00:1461       rf_dstimage dc.l 0
               S01:00001434:  00 00 00 00
F00:1462       rf_yoffset	dc.w	0
               S01:00001438:  00 00
F00:1463       	 	CNOP 0,4
F00:1464       block189
F00:1465       RemoveFoam
F00:1466       	cmp.w #$94,rf_yoffset
               S01:0000143C:  0C 79 00 94 00 00 14 38 [R]
F00:1467       	bls edblock193
               S01:00001444:  63 08
F00:1468       ctb191: ;Main true block ;keep 
F00:1469       	
F00:1470       ; //ablit description:	
F00:1471       ; // - SrcImage 
F00:1472       ; // - DstImage
F00:1473       ; // - SrcShiftBytes: Start Byte to Blit From
F00:1474       ; // - XOffset: X Offset in Bytes (8 Pixel) to Blit To
F00:1475       ; // - YOffset: YOffset to Blit to
F00:1476       ; // - BlitWidth: With in Bytes of the Blit
F00:1477       ; // - BlitSize: Complete Size of the Blit
F00:1478       ; // - BlitAmod
F00:1479       ; // - BlitDmod
F00:1480       ; // - BlitB + BlitCmod
F00:1481       ; // - Channels and Minterm
F00:1482       	move.w #$94,rf_yoffset ; Simple a:=b optimization 
               S01:00001446:  33 FC 00 94 00 00 14 38 [R]
F00:1483       edblock193
F00:1484       	move.l #imageRestoreCup,srcimage ; Simple a:=b optimization 
               S01:0000144E:  23 FC 00 01 AA 00 00 00 01 E4 [R]
F00:1485       waitforblitter196
F00:1486       	btst	#14,DMACONR
               S01:00001458:  08 39 00 0E 00 DF F0 02
F00:1487       	bne.s	waitforblitter196
               S01:00001460:  66 F6
F00:1488       	moveq.l #0,d6
               S01:00001462:  7C 00
F00:1489       	lea     $dff000,a6 ; Hardware registers
               S01:00001464:  4D F9 00 DF F0 00
F00:1490       	move.l srcimage,a0
               S01:0000146A:  20 7A ED 78
F00:1491       	move.l rf_dstimage,a1
               S01:0000146E:  22 7A FF C4
F00:1492       	moveq #0,d0
               S01:00001472:  70 00
F00:1493       	move.w rf_yoffset,d0     ; BOP move
               S01:00001474:  30 3A FF C2
F00:1494       	; ORG TYPE of rf_yoffset INTEGER
F00:1495       	; LHS is byte, so initiate advanced op
F00:1496       	; is advanced bop
F00:1497       	; Reset register
F00:1498       	moveq #0,d1
               S01:00001478:  72 00
F00:1499       	move.w #$c,d1     ; Advanced movee
               S01:0000147A:  32 3C 00 0C
F00:1500       	mulu.w d1,d0
               S01:0000147E:  C0 C1
F00:1501       	move.w d0,d6
               S01:00001480:  3C 00
F00:1502       	move.w #$e,d1
               S01:00001482:  32 3C 00 0E
F00:1503       	moveq #0,d0
               S01:00001486:  70 00
F00:1504       	move.w rf_yoffset,d0     ; BOP move
               S01:00001488:  30 3A FF AE
F00:1505       	add.w #$3e,d0 ; simple bop
               S01:0000148C:  D0 7C 00 3E
F00:1506       	move.w d0,d2
               S01:00001490:  34 00
F00:1507       	move.w #$28,d3
               S01:00001492:  36 3C 00 28
F00:1508       	move.w #$146,d4
               S01:00001496:  38 3C 01 46
F00:1509       	move.w #$0,BLTAMOD(a6)
               S01:0000149A:  3D 7C 00 00 00 64
F00:1510       	move.w #$0,BLTBMOD(a6)
               S01:000014A0:  3D 7C 00 00 00 62
F00:1511       	move.w #$0,BLTCMOD(a6)
               S01:000014A6:  3D 7C 00 00 00 60
F00:1512       	move.w #$1c,BLTDMOD(a6)
               S01:000014AC:  3D 7C 00 1C 00 66
F00:1513       	move.w #$9f0,d0
               S01:000014B2:  30 3C 09 F0
F00:1514       	move.w  #0,BLTCON1(a6) ;    issa 0   BLTCON1
               S01:000014B6:  3D 7C 00 00 00 42
F00:1515       	jsr blitter
               S01:000014BC:  61 00 08 F4
F00:1516       	add.l #$798,srcimage ; Optimization: simple A := A op Const ADD SUB OR AND
               S01:000014C0:  06 B9 00 00 07 98 00 00 01 E4 [R]
F00:1517       	add.l #$57d0,rf_dstimage ; Optimization: simple A := A op Const ADD SUB OR AND
               S01:000014CA:  06 B9 00 00 57 D0 00 00 14 34 [R]
F00:1518       waitforblitter197
F00:1519       	btst	#14,DMACONR
               S01:000014D4:  08 39 00 0E 00 DF F0 02
F00:1520       	bne.s	waitforblitter197
               S01:000014DC:  66 F6
F00:1521       	moveq.l #0,d6
               S01:000014DE:  7C 00
F00:1522       	lea     $dff000,a6 ; Hardware registers
               S01:000014E0:  4D F9 00 DF F0 00
F00:1523       	move.l srcimage,a0
               S01:000014E6:  20 7A EC FC
F00:1524       	move.l rf_dstimage,a1
               S01:000014EA:  22 7A FF 48
F00:1525       	moveq #0,d0
               S01:000014EE:  70 00
F00:1526       	move.w rf_yoffset,d0     ; BOP move
               S01:000014F0:  30 3A FF 46
F00:1527       	; ORG TYPE of rf_yoffset INTEGER
F00:1528       	; LHS is byte, so initiate advanced op
F00:1529       	; is advanced bop
F00:1530       	; Reset register
F00:1531       	moveq #0,d1
               S01:000014F4:  72 00
F00:1532       	move.w #$c,d1     ; Advanced movee
               S01:000014F6:  32 3C 00 0C
F00:1533       	mulu.w d1,d0
               S01:000014FA:  C0 C1
F00:1534       	move.w d0,d6
               S01:000014FC:  3C 00
F00:1535       	move.w #$e,d1
               S01:000014FE:  32 3C 00 0E
F00:1536       	moveq #0,d0
               S01:00001502:  70 00
F00:1537       	move.w rf_yoffset,d0     ; BOP move
               S01:00001504:  30 3A FF 32
F00:1538       	add.w #$3e,d0 ; simple bop
               S01:00001508:  D0 7C 00 3E
F00:1539       	move.w d0,d2
               S01:0000150C:  34 00
F00:1540       	move.w #$28,d3
               S01:0000150E:  36 3C 00 28
F00:1541       	move.w #$146,d4
               S01:00001512:  38 3C 01 46
F00:1542       	move.w #$0,BLTAMOD(a6)
               S01:00001516:  3D 7C 00 00 00 64
F00:1543       	move.w #$0,BLTBMOD(a6)
               S01:0000151C:  3D 7C 00 00 00 62
F00:1544       	move.w #$0,BLTCMOD(a6)
               S01:00001522:  3D 7C 00 00 00 60
F00:1545       	move.w #$1c,BLTDMOD(a6)
               S01:00001528:  3D 7C 00 1C 00 66
F00:1546       	move.w #$9f0,d0
               S01:0000152E:  30 3C 09 F0
F00:1547       	move.w  #0,BLTCON1(a6) ;    issa 0   BLTCON1
               S01:00001532:  3D 7C 00 00 00 42
F00:1548       	jsr blitter
               S01:00001538:  61 00 08 78
F00:1549       	add.l #$798,srcimage ; Optimization: simple A := A op Const ADD SUB OR AND
               S01:0000153C:  06 B9 00 00 07 98 00 00 01 E4 [R]
F00:1550       	add.l #$57d0,rf_dstimage ; Optimization: simple A := A op Const ADD SUB OR AND
               S01:00001546:  06 B9 00 00 57 D0 00 00 14 34 [R]
F00:1551       waitforblitter198
F00:1552       	btst	#14,DMACONR
               S01:00001550:  08 39 00 0E 00 DF F0 02
F00:1553       	bne.s	waitforblitter198
               S01:00001558:  66 F6
F00:1554       	moveq.l #0,d6
               S01:0000155A:  7C 00
F00:1555       	lea     $dff000,a6 ; Hardware registers
               S01:0000155C:  4D F9 00 DF F0 00
F00:1556       	move.l srcimage,a0
               S01:00001562:  20 7A EC 80
F00:1557       	move.l rf_dstimage,a1
               S01:00001566:  22 7A FE CC
F00:1558       	moveq #0,d0
               S01:0000156A:  70 00
F00:1559       	move.w rf_yoffset,d0     ; BOP move
               S01:0000156C:  30 3A FE CA
F00:1560       	; ORG TYPE of rf_yoffset INTEGER
F00:1561       	; LHS is byte, so initiate advanced op
F00:1562       	; is advanced bop
F00:1563       	; Reset register
F00:1564       	moveq #0,d1
               S01:00001570:  72 00
F00:1565       	move.w #$c,d1     ; Advanced movee
               S01:00001572:  32 3C 00 0C
F00:1566       	mulu.w d1,d0
               S01:00001576:  C0 C1
F00:1567       	move.w d0,d6
               S01:00001578:  3C 00
F00:1568       	move.w #$e,d1
               S01:0000157A:  32 3C 00 0E
F00:1569       	moveq #0,d0
               S01:0000157E:  70 00
F00:1570       	move.w rf_yoffset,d0     ; BOP move
               S01:00001580:  30 3A FE B6
F00:1571       	add.w #$3e,d0 ; simple bop
               S01:00001584:  D0 7C 00 3E
F00:1572       	move.w d0,d2
               S01:00001588:  34 00
F00:1573       	move.w #$28,d3
               S01:0000158A:  36 3C 00 28
F00:1574       	move.w #$146,d4
               S01:0000158E:  38 3C 01 46
F00:1575       	move.w #$0,BLTAMOD(a6)
               S01:00001592:  3D 7C 00 00 00 64
F00:1576       	move.w #$0,BLTBMOD(a6)
               S01:00001598:  3D 7C 00 00 00 62
F00:1577       	move.w #$0,BLTCMOD(a6)
               S01:0000159E:  3D 7C 00 00 00 60
F00:1578       	move.w #$1c,BLTDMOD(a6)
               S01:000015A4:  3D 7C 00 1C 00 66
F00:1579       	move.w #$9f0,d0
               S01:000015AA:  30 3C 09 F0
F00:1580       	move.w  #0,BLTCON1(a6) ;    issa 0   BLTCON1
               S01:000015AE:  3D 7C 00 00 00 42
F00:1581       	jsr blitter
               S01:000015B4:  61 00 07 FC
F00:1582       	add.l #$798,srcimage ; Optimization: simple A := A op Const ADD SUB OR AND
               S01:000015B8:  06 B9 00 00 07 98 00 00 01 E4 [R]
F00:1583       	add.l #$57d0,rf_dstimage ; Optimization: simple A := A op Const ADD SUB OR AND
               S01:000015C2:  06 B9 00 00 57 D0 00 00 14 34 [R]
F00:1584       waitforblitter199
F00:1585       	btst	#14,DMACONR
               S01:000015CC:  08 39 00 0E 00 DF F0 02
F00:1586       	bne.s	waitforblitter199
               S01:000015D4:  66 F6
F00:1587       	moveq.l #0,d6
               S01:000015D6:  7C 00
F00:1588       	lea     $dff000,a6 ; Hardware registers
               S01:000015D8:  4D F9 00 DF F0 00
F00:1589       	move.l srcimage,a0
               S01:000015DE:  20 7A EC 04
F00:1590       	move.l rf_dstimage,a1
               S01:000015E2:  22 7A FE 50
F00:1591       	moveq #0,d0
               S01:000015E6:  70 00
F00:1592       	move.w rf_yoffset,d0     ; BOP move
               S01:000015E8:  30 3A FE 4E
F00:1593       	; ORG TYPE of rf_yoffset INTEGER
F00:1594       	; LHS is byte, so initiate advanced op
F00:1595       	; is advanced bop
F00:1596       	; Reset register
F00:1597       	moveq #0,d1
               S01:000015EC:  72 00
F00:1598       	move.w #$c,d1     ; Advanced movee
               S01:000015EE:  32 3C 00 0C
F00:1599       	mulu.w d1,d0
               S01:000015F2:  C0 C1
F00:1600       	move.w d0,d6
               S01:000015F4:  3C 00
F00:1601       	move.w #$e,d1
               S01:000015F6:  32 3C 00 0E
F00:1602       	moveq #0,d0
               S01:000015FA:  70 00
F00:1603       	move.w rf_yoffset,d0     ; BOP move
               S01:000015FC:  30 3A FE 3A
F00:1604       	add.w #$3e,d0 ; simple bop
               S01:00001600:  D0 7C 00 3E
F00:1605       	move.w d0,d2
               S01:00001604:  34 00
F00:1606       	move.w #$28,d3
               S01:00001606:  36 3C 00 28
F00:1607       	move.w #$146,d4
               S01:0000160A:  38 3C 01 46
F00:1608       	move.w #$0,BLTAMOD(a6)
               S01:0000160E:  3D 7C 00 00 00 64
F00:1609       	move.w #$0,BLTBMOD(a6)
               S01:00001614:  3D 7C 00 00 00 62
F00:1610       	move.w #$0,BLTCMOD(a6)
               S01:0000161A:  3D 7C 00 00 00 60
F00:1611       	move.w #$1c,BLTDMOD(a6)
               S01:00001620:  3D 7C 00 1C 00 66
F00:1612       	move.w #$9f0,d0
               S01:00001626:  30 3C 09 F0
F00:1613       	move.w  #0,BLTCON1(a6) ;    issa 0   BLTCON1
               S01:0000162A:  3D 7C 00 00 00 42
F00:1614       	jsr blitter
               S01:00001630:  61 00 07 80
F00:1615       	add.l #$798,srcimage ; Optimization: simple A := A op Const ADD SUB OR AND
               S01:00001634:  06 B9 00 00 07 98 00 00 01 E4 [R]
F00:1616       	add.l #$57d0,rf_dstimage ; Optimization: simple A := A op Const ADD SUB OR AND
               S01:0000163E:  06 B9 00 00 57 D0 00 00 14 34 [R]
F00:1617       waitforblitter200
F00:1618       	btst	#14,DMACONR
               S01:00001648:  08 39 00 0E 00 DF F0 02
F00:1619       	bne.s	waitforblitter200
               S01:00001650:  66 F6
F00:1620       	moveq.l #0,d6
               S01:00001652:  7C 00
F00:1621       	lea     $dff000,a6 ; Hardware registers
               S01:00001654:  4D F9 00 DF F0 00
F00:1622       	move.l srcimage,a0
               S01:0000165A:  20 7A EB 88
F00:1623       	move.l rf_dstimage,a1
               S01:0000165E:  22 7A FD D4
F00:1624       	moveq #0,d0
               S01:00001662:  70 00
F00:1625       	move.w rf_yoffset,d0     ; BOP move
               S01:00001664:  30 3A FD D2
F00:1626       	; ORG TYPE of rf_yoffset INTEGER
F00:1627       	; LHS is byte, so initiate advanced op
F00:1628       	; is advanced bop
F00:1629       	; Reset register
F00:1630       	moveq #0,d1
               S01:00001668:  72 00
F00:1631       	move.w #$c,d1     ; Advanced movee
               S01:0000166A:  32 3C 00 0C
F00:1632       	mulu.w d1,d0
               S01:0000166E:  C0 C1
F00:1633       	move.w d0,d6
               S01:00001670:  3C 00
F00:1634       	move.w #$e,d1
               S01:00001672:  32 3C 00 0E
F00:1635       	moveq #0,d0
               S01:00001676:  70 00
F00:1636       	move.w rf_yoffset,d0     ; BOP move
               S01:00001678:  30 3A FD BE
F00:1637       	add.w #$3e,d0 ; simple bop
               S01:0000167C:  D0 7C 00 3E
F00:1638       	move.w d0,d2
               S01:00001680:  34 00
F00:1639       	move.w #$28,d3
               S01:00001682:  36 3C 00 28
F00:1640       	move.w #$146,d4
               S01:00001686:  38 3C 01 46
F00:1641       	move.w #$0,BLTAMOD(a6)
               S01:0000168A:  3D 7C 00 00 00 64
F00:1642       	move.w #$0,BLTBMOD(a6)
               S01:00001690:  3D 7C 00 00 00 62
F00:1643       	move.w #$0,BLTCMOD(a6)
               S01:00001696:  3D 7C 00 00 00 60
F00:1644       	move.w #$1c,BLTDMOD(a6)
               S01:0000169C:  3D 7C 00 1C 00 66
F00:1645       	move.w #$9f0,d0
               S01:000016A2:  30 3C 09 F0
F00:1646       	move.w  #0,BLTCON1(a6) ;    issa 0   BLTCON1
               S01:000016A6:  3D 7C 00 00 00 42
F00:1647       	jsr blitter
               S01:000016AC:  61 00 07 04
F00:1648       	rts
               S01:000016B0:  4E 75
F00:1649       	; ***********  Defining procedure : EffBeerFoam
F00:1650       	;    Procedure type : User-defined procedure
F00:1651       EffBeerFoam
F00:1652       	add.w #$1,foamCounter ; Optimization: simple A := A op Const ADD SUB OR AND
               S01:000016B2:  52 79 00 00 00 C2 [R]
F00:1653       	move.l screen,bf_dstimage ; Simple a:=b optimization 
               S01:000016B8:  23 FA EB 0E 00 00 0E B8 [R]
F00:1654       	move.w foamCounter,foamsize ; Simple a:=b optimization 
               S01:000016C0:  33 FA EA 00 00 00 0E BC [R]
F00:1655       	moveq #0,d0
               S01:000016C8:  70 00
F00:1656       	move.w #$d7,d0     ; BOP move
               S01:000016CA:  30 3C 00 D7
F00:1657       	sub.w foamCounter,d0 ; simple bop
               S01:000016CE:  90 7A E9 F2
F00:1658       	; Store variable : foampos
F00:1659       	move.w d0,foampos
               S01:000016D2:  33 C0 00 00 0E BE [R]
F00:1660       	jsr BeerFoam
               S01:000016D8:  61 00 F7 E6
F00:1661       	rts
               S01:000016DC:  4E 75
F00:1662       	; ***********  Defining procedure : EffBeerFill
F00:1663       	;    Procedure type : User-defined procedure
F00:1664       EffBeerFill
F00:1665       	move.l screen,dstimage ; Simple a:=b optimization 
               S01:000016DE:  23 FA EA E8 00 00 10 9A [R]
F00:1666       	move.w yOffset,yoffset ; Simple a:=b optimization 
               S01:000016E6:  33 FA E9 DE 00 00 10 9E [R]
F00:1667       	move.l #imageCupFull,fd_srcimage ; Simple a:=b optimization 
               S01:000016EE:  23 FC 00 05 3E 18 00 00 10 A0 [R]
F00:1668       	moveq #0,d0
               S01:000016F8:  70 00
F00:1669       	move.w #$69c,d0
               S01:000016FA:  30 3C 06 9C
F00:1670       	move.l d0,fd_srcimageoffset
               S01:000016FE:  23 C0 00 00 10 A4 [R]
F00:1671       	jsr FillDrinkBeer
               S01:00001704:  61 00 F9 A2
F00:1672       	cmp.w #$1,yOffset
               S01:00001708:  0C 79 00 01 00 00 00 C6 [R]
F00:1673       	blo edblock206
               S01:00001710:  65 0C
F00:1674       ctb204: ;Main true block ;keep 
F00:1675       	sub.w #$1,yOffset ; Optimization: simple A := A op Const ADD SUB OR AND
               S01:00001712:  53 79 00 00 00 C6 [R]
F00:1676       	add.w #$1,foamCounter ; Optimization: simple A := A op Const ADD SUB OR AND
               S01:00001718:  52 79 00 00 00 C2 [R]
F00:1677       edblock206
F00:1678       	cmp.w #$13,foamCounter
               S01:0000171E:  0C 79 00 13 00 00 00 C2 [R]
F00:1679       	bhi eblock211
               S01:00001726:  62 26
F00:1680       ctb210: ;Main true block ;keep 
F00:1681       	move.l screen,bf_dstimage ; Simple a:=b optimization 
               S01:00001728:  23 FA EA 9E 00 00 0E B8 [R]
F00:1682       	move.w foamCounter,foamsize ; Simple a:=b optimization 
               S01:00001730:  33 FA E9 90 00 00 0E BC [R]
F00:1683       	moveq #0,d0
               S01:00001738:  70 00
F00:1684       	move.w #$d8,d0     ; BOP move
               S01:0000173A:  30 3C 00 D8
F00:1685       	sub.w foamCounter,d0 ; simple bop
               S01:0000173E:  90 7A E9 82
F00:1686       	; Store variable : foampos
F00:1687       	move.w d0,foampos
               S01:00001742:  33 C0 00 00 0E BE [R]
F00:1688       	jsr BeerFoam
               S01:00001748:  61 00 F7 76
F00:1689       	jmp edblock212
               S01:0000174C:  60 24
F00:1690       eblock211
F00:1691       	move.l screen,bf_dstimage ; Simple a:=b optimization 
               S01:0000174E:  23 FA EA 78 00 00 0E B8 [R]
F00:1692       	move.w #$13,foamsize ; Simple a:=b optimization 
               S01:00001756:  33 FC 00 13 00 00 0E BC [R]
F00:1693       	moveq #0,d0
               S01:0000175E:  70 00
F00:1694       	move.w #$d8,d0     ; BOP move
               S01:00001760:  30 3C 00 D8
F00:1695       	sub.w foamCounter,d0 ; simple bop
               S01:00001764:  90 7A E9 5C
F00:1696       	; Store variable : foampos
F00:1697       	move.w d0,foampos
               S01:00001768:  33 C0 00 00 0E BE [R]
F00:1698       	jsr BeerFoam
               S01:0000176E:  61 00 F7 50
F00:1699       edblock212
F00:1700       	rts
               S01:00001772:  4E 75
F00:1701       	; ***********  Defining procedure : EffBeerDrink
F00:1702       	;    Procedure type : User-defined procedure
F00:1703       EffBeerDrink
F00:1704       	move.l screen,rf_dstimage ; Simple a:=b optimization 
               S01:00001774:  23 FA EA 52 00 00 14 34 [R]
F00:1705       	move.w yOffset,rf_yoffset ; Simple a:=b optimization 
               S01:0000177C:  33 FA E9 48 00 00 14 38 [R]
F00:1706       	jsr RemoveFoam
               S01:00001784:  61 00 FC B6
F00:1707       	cmp.w #$13,foamCounter
               S01:00001788:  0C 79 00 13 00 00 00 C2 [R]
F00:1708       	bhi eblock220
               S01:00001790:  62 26
F00:1709       ctb219: ;Main true block ;keep 
F00:1710       	move.l screen,bf_dstimage ; Simple a:=b optimization 
               S01:00001792:  23 FA EA 34 00 00 0E B8 [R]
F00:1711       	move.w foamCounter,foamsize ; Simple a:=b optimization 
               S01:0000179A:  33 FA E9 26 00 00 0E BC [R]
F00:1712       	moveq #0,d0
               S01:000017A2:  70 00
F00:1713       	move.w #$d8,d0     ; BOP move
               S01:000017A4:  30 3C 00 D8
F00:1714       	sub.w foamCounter,d0 ; simple bop
               S01:000017A8:  90 7A E9 18
F00:1715       	; Store variable : foampos
F00:1716       	move.w d0,foampos
               S01:000017AC:  33 C0 00 00 0E BE [R]
F00:1717       	jsr BeerFoam
               S01:000017B2:  61 00 F7 0C
F00:1718       	jmp edblock221
               S01:000017B6:  60 24
F00:1719       eblock220
F00:1720       	move.l screen,bf_dstimage ; Simple a:=b optimization 
               S01:000017B8:  23 FA EA 0E 00 00 0E B8 [R]
F00:1721       	move.w #$13,foamsize ; Simple a:=b optimization 
               S01:000017C0:  33 FC 00 13 00 00 0E BC [R]
F00:1722       	moveq #0,d0
               S01:000017C8:  70 00
F00:1723       	move.w #$d8,d0     ; BOP move
               S01:000017CA:  30 3C 00 D8
F00:1724       	sub.w foamCounter,d0 ; simple bop
               S01:000017CE:  90 7A E8 F2
F00:1725       	; Store variable : foampos
F00:1726       	move.w d0,foampos
               S01:000017D2:  33 C0 00 00 0E BE [R]
F00:1727       	jsr BeerFoam
               S01:000017D8:  61 00 F6 E6
F00:1728       edblock221
F00:1729       	rts
               S01:000017DC:  4E 75
F00:1730       	; ***********  Defining procedure : EffScrollup
F00:1731       	;    Procedure type : User-defined procedure
F00:1732       EffScrollup
F00:1733       	sub.l #$28,screenOffset ; Optimization: simple A := A op Const ADD SUB OR AND
               S01:000017DE:  04 B9 00 00 00 28 00 00 00 BE [R]
F00:1734       	rts
               S01:000017E8:  4E 75
F00:1735       	; ***********  Defining procedure : EffScrolldown
F00:1736       	;    Procedure type : User-defined procedure
F00:1737       EffScrolldown
F00:1738       	add.l #$28,screenOffset ; Optimization: simple A := A op Const ADD SUB OR AND
               S01:000017EA:  06 B9 00 00 00 28 00 00 00 BE [R]
F00:1739       	rts
               S01:000017F4:  4E 75
F00:1740       	; ***********  Defining procedure : RestoreCup
F00:1741       	;    Procedure type : User-defined procedure
F00:1742       	jmp block228
               S01:000017F6:  60 0C
F00:1743       rc_srcimage	dc.l	0
               S01:000017F8:  00 00 00 00
F00:1744       rc_dstimage	dc.l	0
               S01:000017FC:  00 00 00 00
F00:1745       rc_yoffset	dc.w	0
               S01:00001800:  00 00
F00:1746       	 	CNOP 0,4
F00:1747       block228
F00:1748       RestoreCup
F00:1749       	
F00:1750       ; //ablit description:	
F00:1751       ; // - SrcImage 
F00:1752       ; // - DstImage
F00:1753       ; // - SrcShiftBytes: Start Byte to Blit From
F00:1754       ; // - XOffset: X Offset in Bytes (8 Pixel) to Blit To
F00:1755       ; // - YOffset: YOffset to Blit to
F00:1756       ; // - BlitWidth: With in Bytes of the Blit
F00:1757       ; // - BlitSize: Complete Size of the Blit
F00:1758       ; // - BlitAmod
F00:1759       ; // - BlitDmod
F00:1760       ; // - BlitB + BlitCmod
F00:1761       ; // - Channels and Minterm
F00:1762       	move.l rc_srcimage,srcimage ; Simple a:=b optimization 
               S01:00001804:  23 FA FF F2 00 00 01 E4 [R]
F00:1763       waitforblitter229
F00:1764       	btst	#14,DMACONR
               S01:0000180C:  08 39 00 0E 00 DF F0 02
F00:1765       	bne.s	waitforblitter229
               S01:00001814:  66 F6
F00:1766       	moveq.l #0,d6
               S01:00001816:  7C 00
F00:1767       	lea     $dff000,a6 ; Hardware registers
               S01:00001818:  4D F9 00 DF F0 00
F00:1768       	move.l srcimage,a0
               S01:0000181E:  20 7A E9 C4
F00:1769       	move.l rc_dstimage,a1
               S01:00001822:  22 7A FF D8
F00:1770       	move.w #$0,d6
               S01:00001826:  3C 3C 00 00
F00:1771       	move.w #$e,d1
               S01:0000182A:  32 3C 00 0E
F00:1772       	move.w rc_yoffset,d2
               S01:0000182E:  34 3A FF D0
F00:1773       	move.w #$28,d3
               S01:00001832:  36 3C 00 28
F00:1774       	move.w #$2346,d4
               S01:00001836:  38 3C 23 46
F00:1775       	move.w #$0,BLTAMOD(a6)
               S01:0000183A:  3D 7C 00 00 00 64
F00:1776       	move.w #$0,BLTBMOD(a6)
               S01:00001840:  3D 7C 00 00 00 62
F00:1777       	move.w #$0,BLTCMOD(a6)
               S01:00001846:  3D 7C 00 00 00 60
F00:1778       	move.w #$1c,BLTDMOD(a6)
               S01:0000184C:  3D 7C 00 1C 00 66
F00:1779       	move.w #$9f0,d0
               S01:00001852:  30 3C 09 F0
F00:1780       	move.w  #0,BLTCON1(a6) ;    issa 0   BLTCON1
               S01:00001856:  3D 7C 00 00 00 42
F00:1781       	jsr blitter
               S01:0000185C:  61 00 05 54
F00:1782       	add.l #$69c,srcimage ; Optimization: simple A := A op Const ADD SUB OR AND
               S01:00001860:  06 B9 00 00 06 9C 00 00 01 E4 [R]
F00:1783       	add.l #$57d0,rc_dstimage ; Optimization: simple A := A op Const ADD SUB OR AND
               S01:0000186A:  06 B9 00 00 57 D0 00 00 17 FC [R]
F00:1784       waitforblitter230
F00:1785       	btst	#14,DMACONR
               S01:00001874:  08 39 00 0E 00 DF F0 02
F00:1786       	bne.s	waitforblitter230
               S01:0000187C:  66 F6
F00:1787       	moveq.l #0,d6
               S01:0000187E:  7C 00
F00:1788       	lea     $dff000,a6 ; Hardware registers
               S01:00001880:  4D F9 00 DF F0 00
F00:1789       	move.l srcimage,a0
               S01:00001886:  20 7A E9 5C
F00:1790       	move.l rc_dstimage,a1
               S01:0000188A:  22 7A FF 70
F00:1791       	move.w #$0,d6
               S01:0000188E:  3C 3C 00 00
F00:1792       	move.w #$e,d1
               S01:00001892:  32 3C 00 0E
F00:1793       	move.w rc_yoffset,d2
               S01:00001896:  34 3A FF 68
F00:1794       	move.w #$28,d3
               S01:0000189A:  36 3C 00 28
F00:1795       	move.w #$2346,d4
               S01:0000189E:  38 3C 23 46
F00:1796       	move.w #$0,BLTAMOD(a6)
               S01:000018A2:  3D 7C 00 00 00 64
F00:1797       	move.w #$0,BLTBMOD(a6)
               S01:000018A8:  3D 7C 00 00 00 62
F00:1798       	move.w #$0,BLTCMOD(a6)
               S01:000018AE:  3D 7C 00 00 00 60
F00:1799       	move.w #$1c,BLTDMOD(a6)
               S01:000018B4:  3D 7C 00 1C 00 66
F00:1800       	move.w #$9f0,d0
               S01:000018BA:  30 3C 09 F0
F00:1801       	move.w  #0,BLTCON1(a6) ;    issa 0   BLTCON1
               S01:000018BE:  3D 7C 00 00 00 42
F00:1802       	jsr blitter
               S01:000018C4:  61 00 04 EC
F00:1803       	add.l #$69c,srcimage ; Optimization: simple A := A op Const ADD SUB OR AND
               S01:000018C8:  06 B9 00 00 06 9C 00 00 01 E4 [R]
F00:1804       	add.l #$57d0,rc_dstimage ; Optimization: simple A := A op Const ADD SUB OR AND
               S01:000018D2:  06 B9 00 00 57 D0 00 00 17 FC [R]
F00:1805       waitforblitter231
F00:1806       	btst	#14,DMACONR
               S01:000018DC:  08 39 00 0E 00 DF F0 02
F00:1807       	bne.s	waitforblitter231
               S01:000018E4:  66 F6
F00:1808       	moveq.l #0,d6
               S01:000018E6:  7C 00
F00:1809       	lea     $dff000,a6 ; Hardware registers
               S01:000018E8:  4D F9 00 DF F0 00
F00:1810       	move.l srcimage,a0
               S01:000018EE:  20 7A E8 F4
F00:1811       	move.l rc_dstimage,a1
               S01:000018F2:  22 7A FF 08
F00:1812       	move.w #$0,d6
               S01:000018F6:  3C 3C 00 00
F00:1813       	move.w #$e,d1
               S01:000018FA:  32 3C 00 0E
F00:1814       	move.w rc_yoffset,d2
               S01:000018FE:  34 3A FF 00
F00:1815       	move.w #$28,d3
               S01:00001902:  36 3C 00 28
F00:1816       	move.w #$2346,d4
               S01:00001906:  38 3C 23 46
F00:1817       	move.w #$0,BLTAMOD(a6)
               S01:0000190A:  3D 7C 00 00 00 64
F00:1818       	move.w #$0,BLTBMOD(a6)
               S01:00001910:  3D 7C 00 00 00 62
F00:1819       	move.w #$0,BLTCMOD(a6)
               S01:00001916:  3D 7C 00 00 00 60
F00:1820       	move.w #$1c,BLTDMOD(a6)
               S01:0000191C:  3D 7C 00 1C 00 66
F00:1821       	move.w #$9f0,d0
               S01:00001922:  30 3C 09 F0
F00:1822       	move.w  #0,BLTCON1(a6) ;    issa 0   BLTCON1
               S01:00001926:  3D 7C 00 00 00 42
F00:1823       	jsr blitter
               S01:0000192C:  61 00 04 84
F00:1824       	add.l #$69c,srcimage ; Optimization: simple A := A op Const ADD SUB OR AND
               S01:00001930:  06 B9 00 00 06 9C 00 00 01 E4 [R]
F00:1825       	add.l #$57d0,rc_dstimage ; Optimization: simple A := A op Const ADD SUB OR AND
               S01:0000193A:  06 B9 00 00 57 D0 00 00 17 FC [R]
F00:1826       waitforblitter232
F00:1827       	btst	#14,DMACONR
               S01:00001944:  08 39 00 0E 00 DF F0 02
F00:1828       	bne.s	waitforblitter232
               S01:0000194C:  66 F6
F00:1829       	moveq.l #0,d6
               S01:0000194E:  7C 00
F00:1830       	lea     $dff000,a6 ; Hardware registers
               S01:00001950:  4D F9 00 DF F0 00
F00:1831       	move.l srcimage,a0
               S01:00001956:  20 7A E8 8C
F00:1832       	move.l rc_dstimage,a1
               S01:0000195A:  22 7A FE A0
F00:1833       	move.w #$0,d6
               S01:0000195E:  3C 3C 00 00
F00:1834       	move.w #$e,d1
               S01:00001962:  32 3C 00 0E
F00:1835       	move.w rc_yoffset,d2
               S01:00001966:  34 3A FE 98
F00:1836       	move.w #$28,d3
               S01:0000196A:  36 3C 00 28
F00:1837       	move.w #$2346,d4
               S01:0000196E:  38 3C 23 46
F00:1838       	move.w #$0,BLTAMOD(a6)
               S01:00001972:  3D 7C 00 00 00 64
F00:1839       	move.w #$0,BLTBMOD(a6)
               S01:00001978:  3D 7C 00 00 00 62
F00:1840       	move.w #$0,BLTCMOD(a6)
               S01:0000197E:  3D 7C 00 00 00 60
F00:1841       	move.w #$1c,BLTDMOD(a6)
               S01:00001984:  3D 7C 00 1C 00 66
F00:1842       	move.w #$9f0,d0
               S01:0000198A:  30 3C 09 F0
F00:1843       	move.w  #0,BLTCON1(a6) ;    issa 0   BLTCON1
               S01:0000198E:  3D 7C 00 00 00 42
F00:1844       	jsr blitter
               S01:00001994:  61 00 04 1C
F00:1845       	add.l #$69c,srcimage ; Optimization: simple A := A op Const ADD SUB OR AND
               S01:00001998:  06 B9 00 00 06 9C 00 00 01 E4 [R]
F00:1846       	add.l #$57d0,rc_dstimage ; Optimization: simple A := A op Const ADD SUB OR AND
               S01:000019A2:  06 B9 00 00 57 D0 00 00 17 FC [R]
F00:1847       waitforblitter233
F00:1848       	btst	#14,DMACONR
               S01:000019AC:  08 39 00 0E 00 DF F0 02
F00:1849       	bne.s	waitforblitter233
               S01:000019B4:  66 F6
F00:1850       	moveq.l #0,d6
               S01:000019B6:  7C 00
F00:1851       	lea     $dff000,a6 ; Hardware registers
               S01:000019B8:  4D F9 00 DF F0 00
F00:1852       	move.l srcimage,a0
               S01:000019BE:  20 7A E8 24
F00:1853       	move.l rc_dstimage,a1
               S01:000019C2:  22 7A FE 38
F00:1854       	move.w #$0,d6
               S01:000019C6:  3C 3C 00 00
F00:1855       	move.w #$e,d1
               S01:000019CA:  32 3C 00 0E
F00:1856       	move.w rc_yoffset,d2
               S01:000019CE:  34 3A FE 30
F00:1857       	move.w #$28,d3
               S01:000019D2:  36 3C 00 28
F00:1858       	move.w #$2346,d4
               S01:000019D6:  38 3C 23 46
F00:1859       	move.w #$0,BLTAMOD(a6)
               S01:000019DA:  3D 7C 00 00 00 64
F00:1860       	move.w #$0,BLTBMOD(a6)
               S01:000019E0:  3D 7C 00 00 00 62
F00:1861       	move.w #$0,BLTCMOD(a6)
               S01:000019E6:  3D 7C 00 00 00 60
F00:1862       	move.w #$1c,BLTDMOD(a6)
               S01:000019EC:  3D 7C 00 1C 00 66
F00:1863       	move.w #$9f0,d0
               S01:000019F2:  30 3C 09 F0
F00:1864       	move.w  #0,BLTCON1(a6) ;    issa 0   BLTCON1
               S01:000019F6:  3D 7C 00 00 00 42
F00:1865       	jsr blitter
               S01:000019FC:  61 00 03 B4
F00:1866       	rts
               S01:00001A00:  4E 75
F00:1867       	; ***********  Defining procedure : Get_Musicpos
F00:1868       	;    Procedure type : User-defined procedure
F00:1869       Get_Musicpos
F00:1870       		move.w	(LSP_State+m_currentSeq)(pc),musicPos
               S01:00001A02:  33 FA F1 B2 00 00 01 D4 [R]
F00:1871       	
F00:1872       	rts
               S01:00001A0A:  4E 75
F00:1873       	 	CNOP 0,4
F00:1874       block1
F00:1875       	moveq #0,d0
               S01:00001A0C:  70 00
F00:1876       	move.w #$0,d0
               S01:00001A0E:  30 3C 00 00
F00:1877       	move.l d0,curcopperpos
               S01:00001A12:  23 C0 00 00 00 B8 [R]
F00:1878       	move.l #music,cs_music ; Simple a:=b optimization 
               S01:00001A18:  23 FC 00 00 00 00 00 00 08 10 [R]
F00:1879       	move.l #bank,cs_bank ; Simple a:=b optimization 
               S01:00001A22:  23 FC 00 01 4E 20 00 00 08 14 [R]
F00:1880       	move.w #$0,cs_vbr ; Simple a:=b optimization 
               S01:00001A2C:  33 FC 00 00 00 00 08 18 [R]
F00:1881       	move.w #$0,cs_palntsc ; Simple a:=b optimization 
               S01:00001A34:  33 FC 00 00 00 00 08 1A [R]
F00:1882       	jsr LSP_CIAStart
               S01:00001A3C:  61 00 ED DE
F00:1883       	move.l #image1,Graphics_pa ; Simple a:=b optimization 
               S01:00001A40:  23 FC 00 01 CF F8 00 00 00 90 [R]
F00:1884       	move.w #$5,Graphics_bpl ; Simple a:=b optimization 
               S01:00001A4A:  33 FC 00 05 00 00 00 94 [R]
F00:1885       	jsr Graphics_SetupNonInterlacedScreen
               S01:00001A52:  61 00 EB A0
F00:1886       	jsr FlipBuffers
               S01:00001A56:  61 00 F8 C2
F00:1887       	move.w #$1f,d0
               S01:00001A5A:  30 3C 00 1F
F00:1888       	move.l #image_palette,a0
               S01:00001A5E:  41 FA E6 68
F00:1889       	move.l #copper_palette,a1
               S01:00001A62:  43 F9 00 00 00 68 [R]
F00:1890       memcpy235
F00:1891       	move.l (a0)+,(a1)+
               S01:00001A68:  22 D8
F00:1892       	dbf d0,memcpy235
               S01:00001A6A:  51 C8 FF FC
F00:1893       while236
F00:1894       loopstart240
F00:1895       	cmp.w #$0,isDone
               S01:00001A6E:  4A 79 00 00 00 B4 [R]
F00:1896       	bne edblock239
               S01:00001A74:  66 00 02 D2
F00:1897       ctb237: ;Main true block ;keep 
F00:1898       waitVB364
F00:1899       	move.l VPOSR,d0
               S01:00001A78:  20 39 00 DF F0 04
F00:1900       	and.l #$1ff00,d0
               S01:00001A7E:  C0 BC 00 01 FF 00
F00:1901       	cmp.l #300<<8,d0
               S01:00001A84:  B0 BC 00 01 2C 00
F00:1902       	bne waitVB364
               S01:00001A8A:  66 EC
F00:1903       	move.w #$0,colorcycled ; Simple a:=b optimization 
               S01:00001A8C:  33 FC 00 00 00 00 00 B6 [R]
F00:1904       	jsr FlipBuffers
               S01:00001A94:  61 00 F8 84
F00:1905       	jsr Get_Musicpos
               S01:00001A98:  61 00 FF 68
F00:1906       	move #$1,d0
               S01:00001A9C:  30 3C 00 01
F00:1907       	cmp.w effectNumber,d0
               S01:00001AA0:  B0 7A E7 3C
F00:1908       	bne casenext366
               S01:00001AA4:  66 1C
F00:1909       	add.w #$1,eff0Counter ; Optimization: simple A := A op Const ADD SUB OR AND
               S01:00001AA6:  52 79 00 00 00 C4 [R]
F00:1910       	cmp.w #$1e,eff0Counter
               S01:00001AAC:  0C 79 00 1E 00 00 00 C4 [R]
F00:1911       	blo edblock371
               S01:00001AB4:  65 08
F00:1912       ctb369: ;Main true block ;keep 
F00:1913       	move.w #$2,effectNumber ; Simple a:=b optimization 
               S01:00001AB6:  33 FC 00 02 00 00 01 DE [R]
F00:1914       edblock371
F00:1915       	jmp caseend365
               S01:00001ABE:  60 00 02 84
F00:1916       casenext366
F00:1917       	move #$2,d0
               S01:00001AC2:  30 3C 00 02
F00:1918       	cmp.w effectNumber,d0
               S01:00001AC6:  B0 7A E7 16
F00:1919       	bne casenext374
               S01:00001ACA:  66 20
F00:1920       	cmp.w #$c,foamCounter
               S01:00001ACC:  0C 79 00 0C 00 00 00 C2 [R]
F00:1921       	bhi eblock378
               S01:00001AD4:  62 06
F00:1922       ctb377: ;Main true block ;keep 
F00:1923       	jsr EffBeerFoam
               S01:00001AD6:  61 00 FB DA
F00:1924       	jmp edblock379
               S01:00001ADA:  60 08
F00:1925       eblock378
F00:1926       	move.w #$3,effectNumber ; Simple a:=b optimization 
               S01:00001ADC:  33 FC 00 03 00 00 01 DE [R]
F00:1927       edblock379
F00:1928       	jsr CopperEffects
               S01:00001AE4:  61 00 F2 1C
F00:1929       	jmp caseend365
               S01:00001AE8:  60 00 02 5A
F00:1930       casenext374
F00:1931       	move #$3,d0
               S01:00001AEC:  30 3C 00 03
F00:1932       	cmp.w effectNumber,d0
               S01:00001AF0:  B0 7A E6 EC
F00:1933       	bne casenext384
               S01:00001AF4:  66 1E
F00:1934       	jsr EffBeerFill
               S01:00001AF6:  61 00 FB E6
F00:1935       	cmp.w #$4,musicPos
               S01:00001AFA:  0C 79 00 04 00 00 01 D4 [R]
F00:1936       	bne edblock389
               S01:00001B02:  66 08
F00:1937       ctb387: ;Main true block ;keep 
F00:1938       	move.w #$4,effectNumber ; Simple a:=b optimization 
               S01:00001B04:  33 FC 00 04 00 00 01 DE [R]
F00:1939       edblock389
F00:1940       	jsr CopperEffects
               S01:00001B0C:  61 00 F1 F4
F00:1941       	jmp caseend365
               S01:00001B10:  60 00 02 32
F00:1942       casenext384
F00:1943       	move #$4,d0
               S01:00001B14:  30 3C 00 04
F00:1944       	cmp.w effectNumber,d0
               S01:00001B18:  B0 7A E6 C4
F00:1945       	bne casenext392
               S01:00001B1C:  66 26
F00:1946       	cmp.l #$0,screenOffset
               S01:00001B1E:  4A B9 00 00 00 BE [R]
F00:1947       	bls eblock396
               S01:00001B24:  63 06
F00:1948       ctb395: ;Main true block ;keep 
F00:1949       	jsr EffScrollup
               S01:00001B26:  61 00 FC B6
F00:1950       	jmp edblock397
               S01:00001B2A:  60 08
F00:1951       eblock396
F00:1952       	move.w #$5,effectNumber ; Simple a:=b optimization 
               S01:00001B2C:  33 FC 00 05 00 00 01 DE [R]
F00:1953       edblock397
F00:1954       	jsr CopperEffects
               S01:00001B34:  61 00 F1 CC
F00:1955       	move.w #$0,tmp ; Simple a:=b optimization 
               S01:00001B38:  33 FC 00 00 00 00 05 EA [R]
F00:1956       	jmp caseend365
               S01:00001B40:  60 00 02 02
F00:1957       casenext392
F00:1958       	move #$5,d0
               S01:00001B44:  30 3C 00 05
F00:1959       	cmp.w effectNumber,d0
               S01:00001B48:  B0 7A E6 94
F00:1960       	bne casenext402
               S01:00001B4C:  66 00 00 90
F00:1961       	cmp.w #$8,musicPos
               S01:00001B50:  0C 79 00 08 00 00 01 D4 [R]
F00:1962       	bne localfailed410
               S01:00001B58:  66 02
F00:1963       	jmp ctb405
               S01:00001B5A:  60 16
F00:1964       localfailed410: ;keep
F00:1965       	; ; logical OR, second chance
F00:1966       	cmp.w #$20,musicPos
               S01:00001B5C:  0C 79 00 20 00 00 01 D4 [R]
F00:1967       	bne localfailed409
               S01:00001B64:  66 02
F00:1968       	jmp ctb405
               S01:00001B66:  60 0A
F00:1969       localfailed409: ;keep
F00:1970       	; ; logical OR, second chance
F00:1971       	cmp.w #$38,musicPos
               S01:00001B68:  0C 79 00 38 00 00 01 D4 [R]
F00:1972       	bne edblock407
               S01:00001B70:  66 08
F00:1973       ctb405: ;Main true block ;keep 
F00:1974       	move.w #$6,effectNumber ; Simple a:=b optimization 
               S01:00001B72:  33 FC 00 06 00 00 01 DE [R]
F00:1975       edblock407
F00:1976       	cmp.w #$2,tmp
               S01:00001B7A:  0C 79 00 02 00 00 05 EA [R]
F00:1977       	bhs edblock415
               S01:00001B82:  64 4C
F00:1978       ctb413: ;Main true block ;keep 
F00:1979       	move.l #imageCupFull,rc_srcimage ; Simple a:=b optimization 
               S01:00001B84:  23 FC 00 05 3E 18 00 00 17 F8 [R]
F00:1980       	move.l screen,rc_dstimage ; Simple a:=b optimization 
               S01:00001B8E:  23 FA E6 38 00 00 17 FC [R]
F00:1981       	move.w #$152,rc_yoffset ; Simple a:=b optimization 
               S01:00001B96:  33 FC 01 52 00 00 18 00 [R]
F00:1982       	jsr RestoreCup
               S01:00001B9E:  61 00 FC 64
F00:1983       	moveq #0,d0
               S01:00001BA2:  70 00
F00:1984       	move.l screen,d0     ; BOP move
               S01:00001BA4:  20 3A E6 22
F00:1985       	add.l #$2800,d0 ; simple bop
               S01:00001BA8:  D0 BC 00 00 28 00
F00:1986       	; Store variable : tmp2
F00:1987       	move.l d0,tmp2
               S01:00001BAE:  23 C0 00 00 05 EC [R]
F00:1988       	move.l tmp2,bf_dstimage ; Simple a:=b optimization 
               S01:00001BB4:  23 FA EA 36 00 00 0E B8 [R]
F00:1989       	move.w #$13,foamsize ; Simple a:=b optimization 
               S01:00001BBC:  33 FC 00 13 00 00 0E BC [R]
F00:1990       	move.w #$40,foampos ; Simple a:=b optimization 
               S01:00001BC4:  33 FC 00 40 00 00 0E BE [R]
F00:1991       	jsr BeerFoam
               S01:00001BCC:  61 00 F2 F2
F00:1992       edblock415
F00:1993       	add.w #$1,tmp ; Optimization: simple A := A op Const ADD SUB OR AND
               S01:00001BD0:  52 79 00 00 05 EA [R]
F00:1994       	jsr CopperEffects
               S01:00001BD6:  61 00 F1 2A
F00:1995       	jmp caseend365
               S01:00001BDA:  60 00 01 68
F00:1996       casenext402
F00:1997       	move #$6,d0
               S01:00001BDE:  30 3C 00 06
F00:1998       	cmp.w effectNumber,d0
               S01:00001BE2:  B0 7A E5 FA
F00:1999       	bne casenext418
               S01:00001BE6:  66 4E
F00:2000       	jsr CopperEffects
               S01:00001BE8:  61 00 F1 18
F00:2001       	cmp.w #$8901,lightypos
               S01:00001BEC:  0C 79 89 01 00 00 00 BC [R]
F00:2002       	bhi eblock422
               S01:00001BF4:  62 0A
F00:2003       ctb421: ;Main true block ;keep 
F00:2004       	add.w #$100,lightypos ; Optimization: simple A := A op Const ADD SUB OR AND
               S01:00001BF6:  06 79 01 00 00 00 00 BC [R]
F00:2005       	jmp edblock423
               S01:00001BFE:  60 08
F00:2006       eblock422
F00:2007       	move.w #$3001,lightypos ; Simple a:=b optimization 
               S01:00001C00:  33 FC 30 01 00 00 00 BC [R]
F00:2008       edblock423
F00:2009       	cmp.w #$10,musicPos
               S01:00001C08:  0C 79 00 10 00 00 01 D4 [R]
F00:2010       	bne localfailed434
               S01:00001C10:  66 02
F00:2011       	jmp ctb429
               S01:00001C12:  60 16
F00:2012       localfailed434: ;keep
F00:2013       	; ; logical OR, second chance
F00:2014       	cmp.w #$28,musicPos
               S01:00001C14:  0C 79 00 28 00 00 01 D4 [R]
F00:2015       	bne localfailed433
               S01:00001C1C:  66 02
F00:2016       	jmp ctb429
               S01:00001C1E:  60 0A
F00:2017       localfailed433: ;keep
F00:2018       	; ; logical OR, second chance
F00:2019       	cmp.w #$40,musicPos
               S01:00001C20:  0C 79 00 40 00 00 01 D4 [R]
F00:2020       	bne edblock431
               S01:00001C28:  66 08
F00:2021       ctb429: ;Main true block ;keep 
F00:2022       	move.w #$7,effectNumber ; Simple a:=b optimization 
               S01:00001C2A:  33 FC 00 07 00 00 01 DE [R]
F00:2023       edblock431
F00:2024       	jmp caseend365
               S01:00001C32:  60 00 01 10
F00:2025       casenext418
F00:2026       	move #$7,d0
               S01:00001C36:  30 3C 00 07
F00:2027       	cmp.w effectNumber,d0
               S01:00001C3A:  B0 7A E5 A2
F00:2028       	bne casenext436
               S01:00001C3E:  66 22
F00:2029       	jsr CopperEffects
               S01:00001C40:  61 00 F0 C0
F00:2030       	cmp.l #$2800,screenOffset
               S01:00001C44:  0C B9 00 00 28 00 00 00 00 BE [R]
F00:2031       	bhs eblock440
               S01:00001C4E:  64 06
F00:2032       ctb439: ;Main true block ;keep 
F00:2033       	jsr EffScrolldown
               S01:00001C50:  61 00 FB 98
F00:2034       	jmp edblock441
               S01:00001C54:  60 08
F00:2035       eblock440
F00:2036       	move.w #$8,effectNumber ; Simple a:=b optimization 
               S01:00001C56:  33 FC 00 08 00 00 01 DE [R]
F00:2037       edblock441
F00:2038       	jmp caseend365
               S01:00001C5E:  60 00 00 E4
F00:2039       casenext436
F00:2040       	move #$8,d0
               S01:00001C62:  30 3C 00 08
F00:2041       	cmp.w effectNumber,d0
               S01:00001C66:  B0 7A E5 76
F00:2042       	bne casenext446
               S01:00001C6A:  66 30
F00:2043       	cmp.w #$18,musicPos
               S01:00001C6C:  0C 79 00 18 00 00 01 D4 [R]
F00:2044       	bne localfailed454
               S01:00001C74:  66 02
F00:2045       	jmp ctb449
               S01:00001C76:  60 14
F00:2046       localfailed454: ;keep
F00:2047       	; ; logical OR, second chance
F00:2048       	cmp.w #$2c,musicPos
               S01:00001C78:  0C 79 00 2C 00 00 01 D4 [R]
F00:2049       	bne localfailed453
               S01:00001C80:  66 02
F00:2050       	jmp ctb449
               S01:00001C82:  60 08
F00:2051       localfailed453: ;keep
F00:2052       	; ; logical OR, second chance
F00:2053       	cmp.w #$0,musicPos
               S01:00001C84:  4A 79 00 00 01 D4 [R]
F00:2054       	bne edblock451
               S01:00001C8A:  66 08
F00:2055       ctb449: ;Main true block ;keep 
F00:2056       	move.w #$9,effectNumber ; Simple a:=b optimization 
               S01:00001C8C:  33 FC 00 09 00 00 01 DE [R]
F00:2057       edblock451
F00:2058       	jsr CopperEffects
               S01:00001C94:  61 00 F0 6C
F00:2059       	jmp caseend365
               S01:00001C98:  60 00 00 AA
F00:2060       casenext446
F00:2061       	move #$9,d0
               S01:00001C9C:  30 3C 00 09
F00:2062       	cmp.w effectNumber,d0
               S01:00001CA0:  B0 7A E5 3C
F00:2063       	bne casenext456
               S01:00001CA4:  66 6A
F00:2064       	cmp.w #$1,foamCounter
               S01:00001CA6:  0C 79 00 01 00 00 00 C2 [R]
F00:2065       	bls eblock460
               S01:00001CAE:  63 12
F00:2066       ctb459: ;Main true block ;keep 
F00:2067       	jsr EffBeerDrink
               S01:00001CB0:  61 00 FA C2
F00:2068       	sub.w #$1,foamCounter ; Optimization: simple A := A op Const ADD SUB OR AND
               S01:00001CB4:  53 79 00 00 00 C2 [R]
F00:2069       	add.w #$1,yOffset ; Optimization: simple A := A op Const ADD SUB OR AND
               S01:00001CBA:  52 79 00 00 00 C6 [R]
F00:2070       	jmp edblock461
               S01:00001CC0:  60 48
F00:2071       eblock460
F00:2072       	move.l #imageRestoreCup,rc_srcimage ; Simple a:=b optimization 
               S01:00001CC2:  23 FC 00 01 AA 00 00 00 17 F8 [R]
F00:2073       	move.l screen,rc_dstimage ; Simple a:=b optimization 
               S01:00001CCC:  23 FA E4 FA 00 00 17 FC [R]
F00:2074       	move.w #$52,rc_yoffset ; Simple a:=b optimization 
               S01:00001CD4:  33 FC 00 52 00 00 18 00 [R]
F00:2075       	jsr RestoreCup
               S01:00001CDC:  61 00 FB 26
F00:2076       	cmp.w #$1c,musicPos
               S01:00001CE0:  0C 79 00 1C 00 00 01 D4 [R]
F00:2077       	bne localfailed480
               S01:00001CE8:  66 02
F00:2078       	jmp ctb475
               S01:00001CEA:  60 16
F00:2079       localfailed480: ;keep
F00:2080       	; ; logical OR, second chance
F00:2081       	cmp.w #$30,musicPos
               S01:00001CEC:  0C 79 00 30 00 00 01 D4 [R]
F00:2082       	bne localfailed479
               S01:00001CF4:  66 02
F00:2083       	jmp ctb475
               S01:00001CF6:  60 0A
F00:2084       localfailed479: ;keep
F00:2085       	; ; logical OR, second chance
F00:2086       	cmp.w #$4,musicPos
               S01:00001CF8:  0C 79 00 04 00 00 01 D4 [R]
F00:2087       	bne edblock477
               S01:00001D00:  66 08
F00:2088       ctb475: ;Main true block ;keep 
F00:2089       	move.w #$a,effectNumber ; Simple a:=b optimization 
               S01:00001D02:  33 FC 00 0A 00 00 01 DE [R]
F00:2090       edblock477
F00:2091       edblock461
F00:2092       	jsr CopperEffects
               S01:00001D0A:  61 00 EF F6
F00:2093       	jmp caseend365
               S01:00001D0E:  60 34
F00:2094       casenext456
F00:2095       	move #$a,d0
               S01:00001D10:  30 3C 00 0A
F00:2096       	cmp.w effectNumber,d0
               S01:00001D14:  B0 7A E4 C8
F00:2097       	bne casenext482
               S01:00001D18:  66 2A
F00:2098       	add.w #$1,beerinput ; Optimization: simple A := A op Const ADD SUB OR AND
               S01:00001D1A:  52 79 00 00 01 D8 [R]
F00:2099       	jsr DistortMore
               S01:00001D20:  61 00 F1 46
F00:2100       	move.w #$0,eff0Counter ; Simple a:=b optimization 
               S01:00001D24:  33 FC 00 00 00 00 00 C4 [R]
F00:2101       	move.w #$4,effectNumber ; Simple a:=b optimization 
               S01:00001D2C:  33 FC 00 04 00 00 01 DE [R]
F00:2102       	move.w #$97,foamCounter ; Simple a:=b optimization 
               S01:00001D34:  33 FC 00 97 00 00 00 C2 [R]
F00:2103       	move.w #$1,yOffset ; Simple a:=b optimization 
               S01:00001D3C:  33 FC 00 01 00 00 00 C6 [R]
F00:2104       casenext482
F00:2105       caseend365
F00:2106       	jmp while236
               S01:00001D44:  60 00 FD 28
F00:2107       edblock239
F00:2108       loopend241
F00:2109       	 	CNOP 0,4
F00:2110       	 	CNOP 0,4
F00:2111       ; exit gracefully - reverse everything done in init
F00:2112       	move.w #$7fff,DMACON
               S01:00001D48:  33 FC 7F FF 00 DF F0 96
F00:2113       	move.w	olddmareq,DMACON
               S01:00001D50:  33 FA 00 A6 00 DF F0 96
F00:2114       	move.w #$7fff,INTENA
               S01:00001D58:  33 FC 7F FF 00 DF F0 9A
F00:2115       	move.w	oldintena,INTENA
               S01:00001D60:  33 FA 00 9A 00 DF F0 9A
F00:2116       	move.w #$7fff,INTREQ
               S01:00001D68:  33 FC 7F FF 00 DF F0 9C
F00:2117       	move.w	oldintreq,INTREQ
               S01:00001D70:  33 FA 00 88 00 DF F0 9C
F00:2118       	move.w #$7fff,ADKCON
               S01:00001D78:  33 FC 7F FF 00 DF F0 9E
F00:2119       	move.w	oldadkcon,ADKCON
               S01:00001D80:  33 FA 00 7C 00 DF F0 9E
F00:2120       
F00:2121       	move.l	oldcopper,COP1LCH
               S01:00001D88:  23 FA 00 62 00 DF F0 80
F00:2122       	move.l 	gfxbase,a6
               S01:00001D90:  2C 7A 00 5E
F00:2123       	move.l 	oldview,a1
               S01:00001D94:  22 7A 00 52
F00:2124       	jsr -222(a6)	; LoadView
               S01:00001D98:  4E AE FF 22
F00:2125       	jsr -270(a6)	; WaitTOF
               S01:00001D9C:  4E AE FE F2
F00:2126       	jsr -270(a6)	; WaitTOF
               S01:00001DA0:  4E AE FE F2
F00:2127       	move.l	$4,a6
               S01:00001DA4:  2C 78 00 04
F00:2128       	jsr -138(a6)	; Permit
               S01:00001DA8:  4E AE FF 76
F00:2129       
F00:2130       	; end program
F00:2131       	movem.l (sp)+,d0-d7/a0-a6
               S01:00001DAC:  4C DF 7F FF
F00:2132       	rts
               S01:00001DB0:  4E 75
F00:2133       
F00:2134       
F00:2135       ;** PROCEDURES
F00:2136       ; d6 = src shift
F00:2137       ; d1 = dst x
F00:2138       ; d2 = dst y
F00:2139       ; d3 = modulo
F00:2140       ; a0 = source
F00:2141       ; a1 = dest
F00:2142       ; d4 = blitter size
F00:2143       ; d5 = bltmod
F00:2144       blitter:
F00:2145           add.l   d6,a0
               S01:00001DB2:  D1 C6
F00:2146           mulu.w  d3,d2
               S01:00001DB4:  C4 C3
F00:2147           add.l   d1,d2
               S01:00001DB6:  D4 81
F00:2148           add.l   d2,a1
               S01:00001DB8:  D3 C2
F00:2149                               ; Leftshift 1, use channels A and D, copy A -> D
F00:2150       
F00:2151           move.l  #$ffffffff,BLTAFWM(a6) ; Set last word and first word mask BLTAFWM and BLTALWM
               S01:00001DBA:  2D 7C FF FF FF FF 00 44
F00:2152       .lp:
F00:2153       
F00:2154       .litwait: ; Wait for blitter to be done
F00:2155           btst    #14,DMACONR
               S01:00001DC2:  08 39 00 0E 00 DF F0 02
F00:2156           bne.s   .litwait
               S01:00001DCA:  66 F6
F00:2157       
F00:2158           move.w  d0,BLTCON0(a6)  ; Set registers; BLTCON0
               S01:00001DCC:  3D 40 00 40
F00:2159           move.l  a0,BLTAPTH(a6) ; src 
               S01:00001DD0:  2D 48 00 50
F00:2160           move.l  a1,BLTBPTH(a6) ; BLT Dest PTR
               S01:00001DD4:  2D 49 00 4C
F00:2161           move.l  a1,BLTCPTH(a6) ; BLT Dest PTR
               S01:00001DD8:  2D 49 00 48
F00:2162           move.l  a1,BLTDPTH(a6) ; BLT Dest PTR
               S01:00001DDC:  2D 49 00 54
F00:2163           move.w  d4,BLTSIZE(a6) ; BLTSIZE & Start blitter
               S01:00001DE0:  3D 44 00 58
F00:2164           rts
               S01:00001DE4:  4E 75
F00:2165       
F00:2166       ; 1001
F00:2167       
F00:2168       
F00:2169       
F00:2170       
F00:2171       ; storage for 32-bit addresses and data
F00:2172       	CNOP 0,4
F00:2173       oldview:	dc.l 0
               S01:00001DE8:  00 00 00 00
F00:2174       oldcopper:	dc.l 0
               S01:00001DEC:  00 00 00 00
F00:2175       gfxbase:	dc.l 0
               S01:00001DF0:  00 00 00 00
F00:2176       frame:          dc.l 0
               S01:00001DF4:  00 00 00 00
F00:2177       
F00:2178       ; storage for 16-bit data
F00:2179       	CNOP 0,4
F00:2180       olddmareq:	dc.w 0
               S01:00001DF8:  00 00
F00:2181       oldintreq:	dc.w 0
               S01:00001DFA:  00 00
F00:2182       oldintena:	dc.w 0
               S01:00001DFC:  00 00
F00:2183       oldadkcon:	dc.w 0
               S01:00001DFE:  00 00
F00:2184       
F00:2185       copper_index    dc.w 0
               S01:00001E00:  00 00
F00:2186       	CNOP 0,4
F00:2187       gfxname: dc.b 'graphics.library',0
               S01:00001E04:  67 72 61 70 68 69 63 73 2E 6C 69 62 72 61 72 79
               S01:00001E14:  00
F00:2188       
F00:2189       
F00:2190       
F00:2191         section datachip,data_c
F00:2192       
F00:2193       Chip:
F00:2194       
F00:2195           even
F00:2196       cop:
F00:2197           dc.w    $008e
               S02:00000000:  00 8E
F00:2198       copper_diwstrt:
F00:2199           dc.w    $2c81,$0090
               S02:00000002:  2C 81
               S02:00000004:  00 90
F00:2200       copper_diwstop:
F00:2201           dc.w    $2cc1
               S02:00000006:  2C C1
F00:2202       
F00:2203           
F00:2204           dc.w    $0092
               S02:00000008:  00 92
F00:2205       ddfstrt:
F00:2206       ; 
F00:2207           dc.w    $0038,$0094
               S02:0000000A:  00 38
               S02:0000000C:  00 94
F00:2208       ddfstop:
F00:2209           dc.w    $00d0
               S02:0000000E:  00 D0
F00:2210           dc.w    $0108
               S02:00000010:  01 08
F00:2211       copper_mod_even:
F00:2212       
F00:2213       ;set bplmodulo here
F00:2214           dc.w    0,$010a
               S02:00000012:  00 00
               S02:00000014:  01 0A
F00:2215       copper_mod_odd:
F00:2216       ;set bplmodulo here
F00:2217           dc.w    0
               S02:00000016:  00 00
F00:2218       
F00:2219       
F00:2220       
F00:2221       
F00:2222           
F00:2223       copper_spritestruct0:
F00:2224           dc.w $120,0, $122,0
               S02:00000018:  01 20
               S02:0000001A:  00 00
               S02:0000001C:  01 22
               S02:0000001E:  00 00
F00:2225       copper_spritestruct1:
F00:2226           dc.w $124,0, $126,0
               S02:00000020:  01 24
               S02:00000022:  00 00
               S02:00000024:  01 26
               S02:00000026:  00 00
F00:2227       copper_spritestruct2:
F00:2228           dc.w $128,0, $12A,0
               S02:00000028:  01 28
               S02:0000002A:  00 00
               S02:0000002C:  01 2A
               S02:0000002E:  00 00
F00:2229       copper_spritestruct3:
F00:2230           dc.w $12C,0, $12E,0
               S02:00000030:  01 2C
               S02:00000032:  00 00
               S02:00000034:  01 2E
               S02:00000036:  00 00
F00:2231       copper_spritestruct4:
F00:2232           dc.w $130,0, $132,0
               S02:00000038:  01 30
               S02:0000003A:  00 00
               S02:0000003C:  01 32
               S02:0000003E:  00 00
F00:2233       copper_spritestruct5:
F00:2234           dc.w $134,0, $136,0
               S02:00000040:  01 34
               S02:00000042:  00 00
               S02:00000044:  01 36
               S02:00000046:  00 00
F00:2235       copper_spritestruct6:
F00:2236           dc.w $138,0, $13A,0
               S02:00000048:  01 38
               S02:0000004A:  00 00
               S02:0000004C:  01 3A
               S02:0000004E:  00 00
F00:2237       copper_spritestruct7:
F00:2238           dc.w $13C,0, $13E,0
               S02:00000050:  01 3C
               S02:00000052:  00 00
               S02:00000054:  01 3E
               S02:00000056:  00 00
F00:2239       
F00:2240       copper_spritedata0:
F00:2241           dc.w $144,0, $146,0
               S02:00000058:  01 44
               S02:0000005A:  00 00
               S02:0000005C:  01 46
               S02:0000005E:  00 00
F00:2242       copper_spritedata1:
F00:2243           dc.w $14C,0, $14E,0
               S02:00000060:  01 4C
               S02:00000062:  00 00
               S02:00000064:  01 4E
               S02:00000066:  00 00
F00:2244       
F00:2245       
F00:2246       copper_palette:
F00:2247           dc.w    $0180, $000
               S02:00000068:  01 80
               S02:0000006A:  00 00
F00:2248           dc.w    $0182, $fff
               S02:0000006C:  01 82
               S02:0000006E:  0F FF
F00:2249           dc.w    $0184, $236
               S02:00000070:  01 84
               S02:00000072:  02 36
F00:2250           dc.w    $0186, $ba7
               S02:00000074:  01 86
               S02:00000076:  0B A7
F00:2251           dc.w    $0188, $836
               S02:00000078:  01 88
               S02:0000007A:  08 36
F00:2252           dc.w    $018a, $485
               S02:0000007C:  01 8A
               S02:0000007E:  04 85
F00:2253           dc.w    $018c, $723
               S02:00000080:  01 8C
               S02:00000082:  07 23
F00:2254           dc.w    $018e, $6cb
               S02:00000084:  01 8E
               S02:00000086:  06 CB
F00:2255           dc.w    $0190, $246
               S02:00000088:  01 90
               S02:0000008A:  02 46
F00:2256           dc.w    $0192, $034
               S02:0000008C:  01 92
               S02:0000008E:  00 34
F00:2257           dc.w    $0194, $569
               S02:00000090:  01 94
               S02:00000092:  05 69
F00:2258           dc.w    $0196, $444
               S02:00000094:  01 96
               S02:00000096:  04 44
F00:2259           dc.w    $0198, $666
               S02:00000098:  01 98
               S02:0000009A:  06 66
F00:2260           dc.w    $019a, $8d9
               S02:0000009C:  01 9A
               S02:0000009E:  08 D9
F00:2261           dc.w    $019c, $b56
               S02:000000A0:  01 9C
               S02:000000A2:  0B 56
F00:2262           dc.w    $019e, $999
               S02:000000A4:  01 9E
               S02:000000A6:  09 99
F00:2263       
F00:2264           dc.w    $01A0, $000
               S02:000000A8:  01 A0
               S02:000000AA:  00 00
F00:2265           dc.w    $01A2, $fff
               S02:000000AC:  01 A2
               S02:000000AE:  0F FF
F00:2266           dc.w    $01A4, $236
               S02:000000B0:  01 A4
               S02:000000B2:  02 36
F00:2267           dc.w    $01A6, $ba7
               S02:000000B4:  01 A6
               S02:000000B6:  0B A7
F00:2268           dc.w    $01A8, $836
               S02:000000B8:  01 A8
               S02:000000BA:  08 36
F00:2269           dc.w    $01Aa, $485
               S02:000000BC:  01 AA
               S02:000000BE:  04 85
F00:2270           dc.w    $01Ac, $723
               S02:000000C0:  01 AC
               S02:000000C2:  07 23
F00:2271           dc.w    $01Ae, $6cb
               S02:000000C4:  01 AE
               S02:000000C6:  06 CB
F00:2272           dc.w    $01B0, $246
               S02:000000C8:  01 B0
               S02:000000CA:  02 46
F00:2273           dc.w    $01B2, $034
               S02:000000CC:  01 B2
               S02:000000CE:  00 34
F00:2274           dc.w    $01B4, $569
               S02:000000D0:  01 B4
               S02:000000D2:  05 69
F00:2275           dc.w    $01B6, $444
               S02:000000D4:  01 B6
               S02:000000D6:  04 44
F00:2276           dc.w    $01B8, $666
               S02:000000D8:  01 B8
               S02:000000DA:  06 66
F00:2277           dc.w    $01Ba, $8d9
               S02:000000DC:  01 BA
               S02:000000DE:  08 D9
F00:2278           dc.w    $01Bc, $b56
               S02:000000E0:  01 BC
               S02:000000E2:  0B 56
F00:2279           dc.w    $01Be, $999
               S02:000000E4:  01 BE
               S02:000000E6:  09 99
F00:2280       
F00:2281       
F00:2282       
F00:2283       
F00:2284       
F00:2285       copper_bitplane0:
F00:2286           dc.w    $e0,0
               S02:000000E8:  00 E0
               S02:000000EA:  00 00
F00:2287           dc.w    $e2,0
               S02:000000EC:  00 E2
               S02:000000EE:  00 00
F00:2288       copper_bitplane1:
F00:2289           dc.w    $e4,0
               S02:000000F0:  00 E4
               S02:000000F2:  00 00
F00:2290           dc.w    $e6,0
               S02:000000F4:  00 E6
               S02:000000F6:  00 00
F00:2291       copper_bitplane2:
F00:2292           dc.w    $e8,0
               S02:000000F8:  00 E8
               S02:000000FA:  00 00
F00:2293           dc.w    $ea,0
               S02:000000FC:  00 EA
               S02:000000FE:  00 00
F00:2294       copper_bitplane3:
F00:2295           dc.w    $ec,0
               S02:00000100:  00 EC
               S02:00000102:  00 00
F00:2296           dc.w    $ee,0
               S02:00000104:  00 EE
               S02:00000106:  00 00
F00:2297       copper_bitplane4:
F00:2298           dc.w    $f0,0
               S02:00000108:  00 F0
               S02:0000010A:  00 00
F00:2299           dc.w    $f2,0
               S02:0000010C:  00 F2
               S02:0000010E:  00 00
F00:2300       
F00:2301       
F00:2302       copbplcon1:
F00:2303           dc.l    $01020000
               S02:00000110:  01 02 00 00
F00:2304           dc.l    $2c01fffe
               S02:00000114:  2C 01 FF FE
F00:2305       copbplcon0
F00:2306       ; Set bitplane  B
F00:2307          dc.w    $0100
               S02:00000118:  01 00
F00:2308       copper_resolution
F00:2309          dc.w     $4200 
               S02:0000011A:  42 00
F00:2310       
F00:2311       copper_custom:
F00:2312           dc.w	$ffdf, $fffe
               S02:0000011C:  FF DF
               S02:0000011E:  FF FE
F00:2313           dc.w	$2401, $fffe
               S02:00000120:  24 01
               S02:00000122:  FF FE
F00:2314           dc.w	$0100, $0200
               S02:00000124:  01 00
               S02:00000126:  02 00
F00:2315           dc.l    $fffffffe
               S02:00000128:  FF FF FF FE
F00:2316       
F00:2317       ;    dc.l    $2d01fffe, $01800000
F00:2318        ;   dc.l    $8001fffe, $01002200
F00:2319         ;  dc.l    $9001fffe, $01001200
F00:2320       ;    dc.l    $ffdffffe
F00:2321        ;   dc.l    $0d01fffe, $01000200
F00:2322        blk.l   1024
F00:2323           dc.l    $fffffffe
               S02:0000112C:  FF FF FF FE
F00:2324       
F00:2325       
F00:2326       spritepointer:
F00:2327           blk.b    256
F00:2328       
F00:2329       
F00:2330       
F00:2331       
F00:2332       
F00:2333       
F00:2334       	Section ChipRAM,Data_c
F00:2335        	CNOP 0,4
F00:2336       	 	CNOP 0,4
F00:2337       music
F00:2338       	incbin "C:/Users/uersu/Documents/GitData/compofiller///resources/music/terra-mesta4.lsmusic"
               S03:00000000:  4C 53 50 31 8F 68 F0 A9 01 19 00 01 00 7D 00 31
               S03:00000010:  00 35 00 49 00 00 30 0C 00 1D 00 00 54 2A 00 EE
F00:2339       	 	CNOP 0,4
F00:2340       	 	CNOP 0,4
F00:2341       bank
F00:2342       	incbin "C:/Users/uersu/Documents/GitData/compofiller///resources/music/terra-mesta4.lsbank"
               S03:00014E20:  8F 68 F0 A9 1A 31 44 AC 5E 64 67 68 67 64 60 5B
               S03:00014E30:  55 4E 47 3F 36 2E 26 1F 17 10 0A 04 FD F7 F1 EB
F00:2343       	 	CNOP 0,4
F00:2344       	 	CNOP 0,4
F00:2345       imageRestoreCup
F00:2346       	incbin "C:/Users/uersu/Documents/GitData/compofiller///resources/images/restorecup.BPL"
               S03:0001AA00:  00 28 00 00 00 00 00 00 00 00 02 80 00 2C 00 00
               S03:0001AA10:  00 00 00 00 00 00 03 40 00 38 00 00 00 00 00 00
F00:2347       	 	CNOP 0,4
F00:2348       	 	CNOP 0,4
F00:2349       image1
F00:2350       	incbin "C:/Users/uersu/Documents/GitData/compofiller///resources/images/cupempty.BPL"
               S03:0001CFF8:  00 00 00 00 00 00 00 00 00 00 00 00 00 00 00 00
               S03:0001D008:  00 00 00 00 00 00 00 00 00 00 00 00 00 00 00 00
F00:2351       	 	CNOP 0,4
F00:2352       	 	CNOP 0,4
F00:2353       image2
F00:2354       	incbin "C:/Users/uersu/Documents/GitData/compofiller///resources/images/cupempty.BPL"
               S03:00038708:  00 00 00 00 00 00 00 00 00 00 00 00 00 00 00 00
               S03:00038718:  00 00 00 00 00 00 00 00 00 00 00 00 00 00 00 00
F00:2355       	 	CNOP 0,4
F00:2356       	 	CNOP 0,4
F00:2357       imageCupFull
F00:2358       	incbin "C:/Users/uersu/Documents/GitData/compofiller///resources/images/cupfull.BPL"
               S03:00053E18:  00 5F E1 FC 00 00 00 3F FA 1F FF A0 00 3F F8 7F
               S03:00053E28:  FF FF FF FF 00 7E 01 50 00 60 40 00 00 00 01 FF
F00:2359       	 	CNOP 0,4
F00:2360       	 	CNOP 0,4
F00:2361       imageFoam
F00:2362       	incbin "C:/Users/uersu/Documents/GitData/compofiller///resources/images/foam.BPL"
               S03:00055F24:  00 00 00 00 00 00 00 00 00 00 00 00 00 00 00 00
               S03:00055F34:  00 00 00 00 00 2C 00 00 00 00 00 00 00 00 00 00
F00:2363       	 	CNOP 0,4
F00:2364       	 	CNOP 0,4
F00:2365       imageMask
F00:2366       	incbin "C:/Users/uersu/Documents/GitData/compofiller///resources/images/mask.BPL"
               S03:00056398:  00 00 00 00 00 00 00 00 00 74 00 00 00 00 00 00
               S03:000563A8:  00 00 00 01 FF FF E0 00 00 00 01 FF 00 00 00 1F
F00:2367       	 	CNOP 0,4
F00:2368       


Sections:
S01  CODE
S02  datachip
S03  ChipRAM


Sources:
F00  C:\Users\uersu\Documents\GitData\compofiller\\main.asm


Symbols:
spritepointer LAB (0x1130) UNUSED sec=datachip 
copbplcon0 LAB (0x118) UNUSED sec=datachip 
copbplcon1 LAB (0x110) UNUSED sec=datachip 
copper_spritedata1 LAB (0x60) UNUSED sec=datachip 
copper_spritedata0 LAB (0x58) UNUSED sec=datachip 
copper_spritestruct7 LAB (0x50) UNUSED sec=datachip 
copper_spritestruct6 LAB (0x48) UNUSED sec=datachip 
copper_spritestruct5 LAB (0x40) UNUSED sec=datachip 
copper_spritestruct4 LAB (0x38) UNUSED sec=datachip 
copper_spritestruct3 LAB (0x30) UNUSED sec=datachip 
copper_spritestruct2 LAB (0x28) UNUSED sec=datachip 
copper_spritestruct1 LAB (0x20) UNUSED sec=datachip 
copper_spritestruct0 LAB (0x18) UNUSED sec=datachip 
ddfstop LAB (0xe) UNUSED sec=datachip 
ddfstrt LAB (0xa) UNUSED sec=datachip 
copper_diwstop LAB (0x6) UNUSED sec=datachip 
copper_diwstrt LAB (0x2) UNUSED sec=datachip 
Chip LAB (0x0) UNUSED sec=datachip 
copper_index LAB (0x1e00) UNUSED sec=CODE 
frame LAB (0x1df4) UNUSED sec=CODE 
 blitter .litwait LAB (0x1dc2) sec=CODE 
 blitter .lp LAB (0x1dc2) UNUSED sec=CODE 
loopend241 LAB (0x1d48) UNUSED sec=CODE 
casenext482 LAB (0x1d44) sec=CODE 
edblock477 LAB (0x1d0a) sec=CODE 
localfailed479 LAB (0x1cf8) sec=CODE 
ctb475 LAB (0x1d02) sec=CODE 
localfailed480 LAB (0x1cec) sec=CODE 
edblock461 LAB (0x1d0a) sec=CODE 
ctb459 LAB (0x1cb0) UNUSED sec=CODE 
eblock460 LAB (0x1cc2) sec=CODE 
casenext456 LAB (0x1d10) sec=CODE 
edblock451 LAB (0x1c94) sec=CODE 
localfailed453 LAB (0x1c84) sec=CODE 
ctb449 LAB (0x1c8c) sec=CODE 
localfailed454 LAB (0x1c78) sec=CODE 
casenext446 LAB (0x1c9c) sec=CODE 
edblock441 LAB (0x1c5e) sec=CODE 
ctb439 LAB (0x1c50) UNUSED sec=CODE 
eblock440 LAB (0x1c56) sec=CODE 
casenext436 LAB (0x1c62) sec=CODE 
edblock431 LAB (0x1c32) sec=CODE 
localfailed433 LAB (0x1c20) sec=CODE 
ctb429 LAB (0x1c2a) sec=CODE 
localfailed434 LAB (0x1c14) sec=CODE 
edblock423 LAB (0x1c08) sec=CODE 
ctb421 LAB (0x1bf6) UNUSED sec=CODE 
eblock422 LAB (0x1c00) sec=CODE 
casenext418 LAB (0x1c36) sec=CODE 
ctb413 LAB (0x1b84) UNUSED sec=CODE 
edblock415 LAB (0x1bd0) sec=CODE 
edblock407 LAB (0x1b7a) sec=CODE 
localfailed409 LAB (0x1b68) sec=CODE 
ctb405 LAB (0x1b72) sec=CODE 
localfailed410 LAB (0x1b5c) sec=CODE 
casenext402 LAB (0x1bde) sec=CODE 
edblock397 LAB (0x1b34) sec=CODE 
ctb395 LAB (0x1b26) UNUSED sec=CODE 
eblock396 LAB (0x1b2c) sec=CODE 
casenext392 LAB (0x1b44) sec=CODE 
ctb387 LAB (0x1b04) UNUSED sec=CODE 
edblock389 LAB (0x1b0c) sec=CODE 
casenext384 LAB (0x1b14) sec=CODE 
edblock379 LAB (0x1ae4) sec=CODE 
ctb377 LAB (0x1ad6) UNUSED sec=CODE 
eblock378 LAB (0x1adc) sec=CODE 
casenext374 LAB (0x1aec) sec=CODE 
caseend365 LAB (0x1d44) sec=CODE 
ctb369 LAB (0x1ab6) UNUSED sec=CODE 
edblock371 LAB (0x1abe) sec=CODE 
casenext366 LAB (0x1ac2) sec=CODE 
waitVB364 LAB (0x1a78) sec=CODE 
ctb237 LAB (0x1a78) UNUSED sec=CODE 
edblock239 LAB (0x1d48) sec=CODE 
loopstart240 LAB (0x1a6e) UNUSED sec=CODE 
while236 LAB (0x1a6e) sec=CODE 
memcpy235 LAB (0x1a68) sec=CODE 
copper_palette LAB (0x68) REF sec=datachip 
bank LAB (0x14e20) REF sec=ChipRAM 
music LAB (0x0) REF sec=ChipRAM 
Get_Musicpos LAB (0x1a02) sec=CODE 
waitforblitter233 LAB (0x19ac) sec=CODE 
waitforblitter232 LAB (0x1944) sec=CODE 
waitforblitter231 LAB (0x18dc) sec=CODE 
waitforblitter230 LAB (0x1874) sec=CODE 
waitforblitter229 LAB (0x180c) sec=CODE 
RestoreCup LAB (0x1804) sec=CODE 
rc_yoffset LAB (0x1800) REF sec=CODE 
rc_dstimage LAB (0x17fc) REF sec=CODE 
rc_srcimage LAB (0x17f8) REF sec=CODE 
block228 LAB (0x1804) sec=CODE 
EffScrolldown LAB (0x17ea) sec=CODE 
EffScrollup LAB (0x17de) sec=CODE 
edblock221 LAB (0x17dc) sec=CODE 
ctb219 LAB (0x1792) UNUSED sec=CODE 
eblock220 LAB (0x17b8) sec=CODE 
EffBeerDrink LAB (0x1774) sec=CODE 
edblock212 LAB (0x1772) sec=CODE 
ctb210 LAB (0x1728) UNUSED sec=CODE 
eblock211 LAB (0x174e) sec=CODE 
ctb204 LAB (0x1712) UNUSED sec=CODE 
edblock206 LAB (0x171e) sec=CODE 
imageCupFull LAB (0x53e18) REF sec=ChipRAM 
EffBeerFill LAB (0x16de) sec=CODE 
EffBeerFoam LAB (0x16b2) sec=CODE 
waitforblitter200 LAB (0x1648) sec=CODE 
waitforblitter199 LAB (0x15cc) sec=CODE 
waitforblitter198 LAB (0x1550) sec=CODE 
waitforblitter197 LAB (0x14d4) sec=CODE 
waitforblitter196 LAB (0x1458) sec=CODE 
imageRestoreCup LAB (0x1aa00) REF sec=ChipRAM 
ctb191 LAB (0x1446) UNUSED sec=CODE 
edblock193 LAB (0x144e) sec=CODE 
RemoveFoam LAB (0x143c) sec=CODE 
rf_yoffset LAB (0x1438) REF sec=CODE 
rf_dstimage LAB (0x1434) REF sec=CODE 
block189 LAB (0x143c) sec=CODE 
edblock184 LAB (0x138c) sec=CODE 
image2 LAB (0x38708) REF sec=ChipRAM 
image1 LAB (0x1cff8) REF sec=ChipRAM 
ctb182 LAB (0x1322) UNUSED sec=CODE 
eblock183 LAB (0x1358) sec=CODE 
FlipBuffers LAB (0x131a) sec=CODE 
waitforblitter179 LAB (0x12b0) sec=CODE 
waitforblitter178 LAB (0x122e) sec=CODE 
waitforblitter177 LAB (0x11ac) sec=CODE 
waitforblitter176 LAB (0x112a) sec=CODE 
blitter LAB (0x1db2) sec=CODE 
waitforblitter175 LAB (0x10a8) sec=CODE 
FillDrinkBeer LAB (0x10a8) sec=CODE 
fd_srcimageoffset LAB (0x10a4) REF sec=CODE 
fd_srcimage LAB (0x10a0) REF sec=CODE 
yoffset LAB (0x109e) REF sec=CODE 
dstimage LAB (0x109a) REF sec=CODE 
block174 LAB (0x10a8) sec=CODE 
waitforblitter173 LAB (0xf1e) sec=CODE 
imageMask LAB (0x56398) REF sec=ChipRAM 
imageFoam LAB (0x55f24) REF sec=ChipRAM 
BeerFoam LAB (0xec0) sec=CODE 
foampos LAB (0xebe) REF sec=CODE 
foamsize LAB (0xebc) REF sec=CODE 
bf_dstimage LAB (0xeb8) REF sec=CODE 
block172 LAB (0xec0) sec=CODE 
loopend169 LAB (0xeb4) UNUSED sec=CODE 
loopstart168 LAB (0xea4) UNUSED sec=CODE 
forloop167 LAB (0xe70) sec=CODE 
DistortMore LAB (0xe68) sec=CODE 
edblock161 LAB (0xe66) sec=CODE 
ctb159 LAB (0xe56) UNUSED sec=CODE 
eblock160 LAB (0xe5e) sec=CODE 
loopend143 LAB (0xe44) UNUSED sec=CODE 
ctb153 LAB (0xe36) UNUSED sec=CODE 
edblock155 LAB (0xe3a) sec=CODE 
ctb139 LAB (0xe26) UNUSED sec=CODE 
edblock141 LAB (0xe44) sec=CODE 
loopstart142 LAB (0xe1c) UNUSED sec=CODE 
while138 LAB (0xe1c) sec=CODE 
loopend123 LAB (0xe1c) UNUSED sec=CODE 
ctb133 LAB (0xe0e) UNUSED sec=CODE 
edblock135 LAB (0xe12) sec=CODE 
ctb119 LAB (0xdfe) UNUSED sec=CODE 
edblock121 LAB (0xe1c) sec=CODE 
loopstart122 LAB (0xdf4) UNUSED sec=CODE 
while118 LAB (0xdf4) sec=CODE 
ctb113 LAB (0xde8) UNUSED sec=CODE 
edblock115 LAB (0xdec) sec=CODE 
ctb101 LAB (0xdd4) UNUSED sec=CODE 
edblock103 LAB (0xdf4) sec=CODE 
loopend85 LAB (0xdca) UNUSED sec=CODE 
ctb95 LAB (0xdbc) UNUSED sec=CODE 
edblock97 LAB (0xdc0) sec=CODE 
ctb81 LAB (0xdac) UNUSED sec=CODE 
edblock83 LAB (0xdca) sec=CODE 
loopstart84 LAB (0xd9c) UNUSED sec=CODE 
while80 LAB (0xd9c) sec=CODE 
ctb75 LAB (0xd8c) UNUSED sec=CODE 
edblock77 LAB (0xd90) sec=CODE 
ctb63 LAB (0xd7c) UNUSED sec=CODE 
edblock65 LAB (0xd9c) sec=CODE 
loopend47 LAB (0xd72) UNUSED sec=CODE 
ctb57 LAB (0xd64) UNUSED sec=CODE 
edblock59 LAB (0xd68) sec=CODE 
ctb43 LAB (0xd54) UNUSED sec=CODE 
edblock45 LAB (0xd72) sec=CODE 
loopstart46 LAB (0xd48) UNUSED sec=CODE 
while42 LAB (0xd48) sec=CODE 
copper_custom LAB (0x11c) REF sec=datachip 
CopperEffects LAB (0xd02) sec=CODE 
memcpy40 LAB (0xcf6) sec=CODE 
ColorCycleRestore LAB (0xcdc) sec=CODE 
memcpy38 LAB (0xcd0) sec=CODE 
ColorCycle LAB (0xcb0) sec=CODE 
c_edblock136 LAB (0xca6) sec=CODE 
c_ctb134 LAB (0xc96) UNUSED sec=CODE 
c_eblock135 LAB (0xc9e) sec=CODE 
c_ctb128 LAB (0xc8a) UNUSED sec=CODE 
c_edblock130 LAB (0xc8c) sec=CODE 
c_edblock104 LAB (0xc8c) sec=CODE 
c_ctb121 LAB (0xc76) UNUSED sec=CODE 
c_edblock123 LAB (0xc78) sec=CODE 
c_ctb102 LAB (0xc6e) UNUSED sec=CODE 
c_eblock103 LAB (0xc82) sec=CODE 
c_edblock40 LAB (0xc8c) sec=CODE 
c_ctb95 LAB (0xc66) UNUSED sec=CODE 
c_edblock97 LAB (0xc68) sec=CODE 
c_ctb89 LAB (0xc52) UNUSED sec=CODE 
c_edblock91 LAB (0xc54) sec=CODE 
c_ctb38 LAB (0xc4a) UNUSED sec=CODE 
c_eblock39 LAB (0xc6a) sec=CODE 
DistortCopperLine LAB (0xc2c) sec=CODE 
waitforblitter35 LAB (0xbcc) sec=CODE 
CookieCut LAB (0xbcc) sec=CODE 
cc_size LAB (0xbca) REF sec=CODE 
cc_mask LAB (0xbc6) REF sec=CODE 
cc_dst LAB (0xbc2) REF sec=CODE 
cc_src LAB (0xbbe) REF sec=CODE 
block34 LAB (0xbcc) sec=CODE 
sizeof_LSPVars EXPR(46=0x2e) EQU 
m_relocDone EXPR(24=0x18) UNUSED EQU 
LSP_MusicGetPos LAB (0xb86) UNUSED sec=CODE 
 LSP_MusicSetPos .noTimingInfo LAB (0xb84) sec=CODE 
LSP_MusicSetPos LAB (0xb64) UNUSED sec=CODE 
 LSP_MusicPlayTick .r_setPos LAB (0xb36) UNUSED sec=CODE 
 LSP_MusicPlayTick .r_chgbpm LAB (0xb4c) sec=CODE 
 LSP_MusicPlayTick .r_rewind LAB (0xb3e) sec=CODE 
 LSP_MusicPlayTick .noReset LAB (0xaf8) sec=CODE 
 LSP_MusicPlayTick .skip LAB (0xb00) sec=CODE 
 LSP_MusicPlayTick .setIns LAB (0xaec) sec=CODE 
 LSP_MusicPlayTick .vloop LAB (0xada) sec=CODE 
 LSP_MusicPlayTick .resetv LAB (0xb54) sec=CODE 
 LSP_MusicPlayTick .noPb LAB (0xabe) sec=CODE 
 LSP_MusicPlayTick .noPc LAB (0xab6) sec=CODE 
 LSP_MusicPlayTick .noPd LAB (0xaae) sec=CODE 
 LSP_MusicPlayTick .noPa LAB (0xac6) sec=CODE 
 LSP_MusicPlayTick .noVa LAB (0xa9e) sec=CODE 
 LSP_MusicPlayTick .noVb LAB (0xa96) sec=CODE 
 LSP_MusicPlayTick .noVc LAB (0xa8e) sec=CODE 
 LSP_MusicPlayTick .noVd LAB (0xa86) sec=CODE 
 LSP_MusicPlayTick .cmdExec LAB (0xa7e) sec=CODE 
 LSP_MusicPlayTick .noInst LAB (0xb10) sec=CODE 
 LSP_MusicPlayTick .cextended LAB (0xb14) sec=CODE 
 LSP_MusicPlayTick .cloop LAB (0xa6e) UNUSED sec=CODE 
 LSP_MusicPlayTick .process LAB (0xa6c) sec=CODE 
m_byteStreamLoop EXPR(28=0x1c) EQU 
m_wordStreamLoop EXPR(32=0x20) EQU 
m_byteStream EXPR(0=0x0) EQU 
m_wordStream EXPR(4=0x4) EQU 
 LSP_MusicInit .skipRel LAB (0xa2e) sec=CODE 
 LSP_MusicInit .seqRel LAB (0xa24) sec=CODE 
m_currentSeq EXPR(42=0x2a) EQU 
m_seqTable EXPR(38=0x26) EQU 
 LSP_MusicInit .noSeq LAB (0xa34) sec=CODE 
m_seqCount EXPR(36=0x24) EQU 
m_codeTableAddr EXPR(12=0xc) EQU 
 LSP_MusicInit .relocated LAB (0x9f2) sec=CODE 
 LSP_MusicInit .relocLoop LAB (0x9e8) sec=CODE 
m_lspInstruments EXPR(20=0x14) EQU 
m_escCodeGetPos EXPR(44=0x2c) EQU 
m_escCodeSetBpm EXPR(18=0x12) EQU 
m_escCodeRewind EXPR(16=0x10) EQU 
m_currentBpm EXPR(26=0x1a) EQU 
m_dmaconPatch EXPR(8=0x8) EQU 
LSP_State LAB (0xb8c) sec=CODE 
 LSP_MusicInit .dataError LAB (0xa60) sec=CODE 
LSP_MusicDriver_CIA_Stop LAB (0x978) UNUSED sec=CODE 
 LSP_MusicDriver_CIA_Start .skipb LAB (0x96c) sec=CODE 
 LSP_MusicDriver_CIA_Start .LSP_DmaconIrq LAB (0x94c) sec=CODE 
 LSP_MusicDriver_CIA_Start .noChg LAB (0x92a) sec=CODE 
LSP_MusicPlayTick LAB (0xa62) sec=CODE 
 LSP_MusicDriver_CIA_Start .skipa LAB (0x940) sec=CODE 
 LSP_MusicDriver_CIA_Start .palClocks LAB (0x8e4) sec=CODE 
 LSP_MusicDriver_CIA_Start .LSP_MainIrq LAB (0x8ec) sec=CODE 
 LSP_MusicDriver_CIA_Start .ciaClock LAB (0x86e) sec=CODE 
 LSP_MusicDriver_CIA_Start .LSP_IrqInstall LAB (0x878) sec=CODE 
 LSP_MusicDriver_CIA_Start .curBpm LAB (0x872) sec=CODE 
 LSP_MusicDriver_CIA_Start .pMusicBPM LAB (0x874) sec=CODE 
LSP_MusicInit LAB (0x99a) sec=CODE 
 LSP_MusicDriver_CIA_Start .LSPDmaCon LAB (0x868) sec=CODE 
 LSP_MusicDriver_CIA_Start .irqVector LAB (0x86a) sec=CODE 
lspend LAB (0xbba) sec=CODE 
LSP_MusicDriver_CIA_Start LAB (0x83e) sec=CODE 
LSP_CIAStart LAB (0x81c) sec=CODE 
cs_palntsc LAB (0x81a) REF sec=CODE 
cs_vbr LAB (0x818) REF sec=CODE 
cs_bank LAB (0x814) REF sec=CODE 
cs_music LAB (0x810) REF sec=CODE 
block33 LAB (0x81c) sec=CODE 
ctb28 LAB (0x7f6) UNUSED sec=CODE 
edblock30 LAB (0x80c) sec=CODE 
ctb22 LAB (0x7b6) UNUSED sec=CODE 
edblock24 LAB (0x7ec) sec=CODE 
ctb16 LAB (0x756) UNUSED sec=CODE 
edblock18 LAB (0x7ac) sec=CODE 
ctb10 LAB (0x6d6) UNUSED sec=CODE 
edblock12 LAB (0x74c) sec=CODE 
copper_bitplane4 LAB (0x108) REF sec=datachip 
copper_bitplane3 LAB (0x100) REF sec=datachip 
copper_bitplane2 LAB (0xf8) REF sec=datachip 
copper_bitplane1 LAB (0xf0) REF sec=datachip 
copper_bitplane0 LAB (0xe8) REF sec=datachip 
ctb4 LAB (0x636) UNUSED sec=CODE 
edblock6 LAB (0x6cc) sec=CODE 
copper_mod_odd LAB (0x16) REF sec=datachip 
copper_mod_even LAB (0x12) REF sec=datachip 
copper_resolution LAB (0x11a) REF sec=datachip 
Graphics_SetupNonInterlacedScreen LAB (0x5f4) sec=CODE 
block2 LAB (0x5f4) sec=CODE 
tmp2 LAB (0x5ec) REF sec=CODE 
tmp LAB (0x5ea) REF sec=CODE 
row LAB (0x5e8) REF sec=CODE 
sine4CopperAdd LAB (0x3e8) sec=CODE 
sine4Copper LAB (0x1e8) sec=CODE 
srcimage LAB (0x1e4) REF sec=CODE 
imagemask LAB (0x1e0) REF sec=CODE 
effectNumber LAB (0x1de) REF sec=CODE 
istart LAB (0x1dc) REF sec=CODE 
curbplmod LAB (0x1da) REF sec=CODE 
beerinput LAB (0x1d8) REF sec=CODE 
current LAB (0x1d6) UNUSED sec=CODE 
musicPos LAB (0x1d4) REF sec=CODE 
bltsize LAB (0x1d2) REF sec=CODE 
i LAB (0x1d0) REF sec=CODE 
offscreen LAB (0x1cc) REF sec=CODE 
screen LAB (0x1c8) REF sec=CODE 
image_palette_cycled LAB (0x148) sec=CODE 
image_palette LAB (0xc8) sec=CODE 
yOffset LAB (0xc6) REF sec=CODE 
eff0Counter LAB (0xc4) REF sec=CODE 
foamCounter LAB (0xc2) REF sec=CODE 
screenOffset LAB (0xbe) REF sec=CODE 
lightypos LAB (0xbc) REF sec=CODE 
curcopperpos LAB (0xb8) REF sec=CODE 
colorcycled LAB (0xb6) REF sec=CODE 
isDone LAB (0xb4) REF sec=CODE 
curBuf LAB (0xb2) REF sec=CODE 
Graphics_bytefill3 LAB (0xaa) UNUSED sec=CODE 
Graphics_bytefill2 LAB (0xa0) UNUSED sec=CODE 
Graphics_bytefill1 LAB (0x98) UNUSED sec=CODE 
Graphics_j LAB (0x96) REF sec=CODE 
Graphics_bpl LAB (0x94) REF sec=CODE 
Graphics_pa LAB (0x90) REF sec=CODE 
block1 LAB (0x1a0c) sec=CODE 
cop LAB (0x0) REF sec=datachip 
oldcopper LAB (0x1dec) REF sec=CODE 
oldview LAB (0x1de8) REF sec=CODE 
gfxbase LAB (0x1df0) REF sec=CODE 
gfxname LAB (0x1e04) sec=CODE 
oldadkcon LAB (0x1dfe) REF sec=CODE 
oldintreq LAB (0x1dfa) REF sec=CODE 
oldintena LAB (0x1dfc) REF sec=CODE 
olddmareq LAB (0x1df8) REF sec=CODE 
init LAB (0x0) UNUSED sec=CODE 
INTREQ2 EXPR(156=0x9c) UNUSED EQU 
INTENA2 EXPR(154=0x9a) UNUSED EQU 
ADKCON2 EXPR(158=0x9e) UNUSED EQU 
DMACON2 EXPR(150=0x96) UNUSED EQU 
INTREQ EXPR(14676124=0xdff09c) EQU 
INTENA EXPR(14676122=0xdff09a) EQU 
ADKCON EXPR(14676126=0xdff09e) EQU 
DMACON EXPR(14676118=0xdff096) EQU 
INTREQR2 EXPR(30=0x1e) UNUSED EQU 
INTENAR2 EXPR(28=0x1c) UNUSED EQU 
ADKCONR2 EXPR(16=0x10) UNUSED EQU 
DMACONR2 EXPR(2=0x2) UNUSED EQU 
COP1LCH2 EXPR(128=0x80) UNUSED EQU 
VPOSR2 EXPR(4=0x4) UNUSED EQU 
CIAAPRA2 EXPR(1=0x1) UNUSED EQU 
INTREQR EXPR(14675998=0xdff01e) EQU 
INTENAR EXPR(14675996=0xdff01c) EQU 
ADKCONR EXPR(14675984=0xdff010) EQU 
DMACONR EXPR(14675970=0xdff002) EQU 
COP1LCH EXPR(14676096=0xdff080) EQU 
VPOSR EXPR(14675972=0xdff004) EQU 
CIAAPRA EXPR(12574721=0xbfe001) UNUSED EQU 
BLTBDAT EXPR(114=0x72) UNUSED EQU 
BLTADAT EXPR(116=0x74) UNUSED EQU 
BLTSIZE EXPR(88=0x58) EQU 
BLTDPTH EXPR(84=0x54) EQU 
BLTCPTH EXPR(72=0x48) EQU 
BLTBPTH EXPR(76=0x4c) EQU 
BLTAPTL EXPR(82=0x52) UNUSED EQU 
BLTAPTH EXPR(80=0x50) EQU 
VHPOSR EXPR(6=0x6) UNUSED EQU 
BLTCON1 EXPR(66=0x42) EQU 
BLTCON0 EXPR(64=0x40) EQU 
BLTAFWM EXPR(68=0x44) EQU 
BLTDMOD EXPR(102=0x66) EQU 
BLTCMOD EXPR(96=0x60) EQU 
BLTBMOD EXPR(98=0x62) EQU 
BLTAMOD EXPR(100=0x64) EQU 
BPLCON2 EXPR(260=0x104) UNUSED EQU 
BPLCON1 EXPR(258=0x102) UNUSED EQU 
BPLCON0 EXPR(256=0x100) UNUSED EQU 
__LINE__ EXPR(2368=0x940) INTERNAL 
__FO EXPR(0=0x0) INTERNAL 
__RS EXPR(46=0x2e) INTERNAL 
REPTN EXPR(-1=0xffffffff) INTERNAL 
__VASM EXPR(1=0x1) INTERNAL 

There have been no errors.
