F00:0001       BPLCON0=                    $100
F00:0002       BPLCON1=                    $102
F00:0003       BPLCON2=                    $104
F00:0004       BLTAMOD:                equ $64
F00:0005       BLTBMOD:                equ $62
F00:0006       BLTCMOD:                equ $60
F00:0007       BLTDMOD:                equ $66
F00:0008       BLTAFWM:                equ $44
F00:0009       BLTCON0:                equ $40
F00:0010       BLTCON1:                equ $42
F00:0011       VHPOSR:                 equ 6
F00:0012       BLTAPTH:                equ $50
F00:0013       BLTAPTL:                equ $52
F00:0014       BLTBPTH:                equ $4c
F00:0015       BLTCPTH:                equ $48
F00:0016       BLTDPTH:                equ $54
F00:0017       BLTSIZE:                equ $58
F00:0018       BLTADAT:                equ $74
F00:0019       BLTBDAT:                equ $72
F00:0020       CIAAPRA         EQU             $bfe001
F00:0021       VPOSR           EQU             $dff004
F00:0022       COP1LCH         EQU             $dff080
F00:0023       DMACONR		EQU		$dff002
F00:0024       ADKCONR		EQU		$dff010
F00:0025       INTENAR		EQU		$dff01c
F00:0026       INTREQR		EQU		$dff01e
F00:0027       CIAAPRA2         EQU             $001
F00:0028       VPOSR2           EQU             $004
F00:0029       COP1LCH2         EQU             $080
F00:0030       DMACONR2		EQU		$002
F00:0031       ADKCONR2		EQU		$010
F00:0032       INTENAR2		EQU		$01c
F00:0033       INTREQR2		EQU		$01e
F00:0034       DMACON		EQU		$dff096
F00:0035       ADKCON		EQU		$dff09e
F00:0036       INTENA		EQU		$dff09a
F00:0037       INTREQ		EQU		$dff09c
F00:0038       DMACON2		EQU		$096
F00:0039       ADKCON2		EQU		$09e
F00:0040       INTENA2		EQU		$09a
F00:0041       INTREQ2		EQU		$09c
F00:0042       init:
F00:0043       	; store data in hardwareregisters ORed with $8000
F00:0044               ;(bit 15 is a write-set bit when values are written back into the system)
F00:0045       ;Stack the registers
F00:0046       	movem.l d0-d7/a0-a6,-(sp)
               S01:00000000:  48 E7 FF FE
F00:0047       	move.w	DMACONR,d0
               S01:00000004:  30 39 00 DF F0 02
F00:0048       	or.w #$8000,d0
               S01:0000000A:  80 7C 80 00
F00:0049       	move.w d0,olddmareq
               S01:0000000E:  33 C0 00 00 1E 58 [R]
F00:0050       	move.w	INTENAR,d0
               S01:00000014:  30 39 00 DF F0 1C
F00:0051       	or.w #$8000,d0
               S01:0000001A:  80 7C 80 00
F00:0052       	move.w d0,oldintena
               S01:0000001E:  33 C0 00 00 1E 5C [R]
F00:0053       	move.w	INTREQR,d0
               S01:00000024:  30 39 00 DF F0 1E
F00:0054       	or.w #$8000,d0
               S01:0000002A:  80 7C 80 00
F00:0055       	move.w d0,oldintreq
               S01:0000002E:  33 C0 00 00 1E 5A [R]
F00:0056       ;        move.w  #$7fff,INTENA
F00:0057               move.w	ADKCONR,d0;
               S01:00000034:  30 39 00 DF F0 10
F00:0058       	or.w #$8000,d0
               S01:0000003A:  80 7C 80 00
F00:0059       	move.w d0,oldadkcon
               S01:0000003E:  33 C0 00 00 1E 5E [R]
F00:0060       	; base library address in $4
F00:0061       	move.l	$4,a6
               S01:00000044:  2C 78 00 04
F00:0062       	move.l	#gfxname,a1
               S01:00000048:  43 FA 1E 1A
F00:0063       	moveq	#0,d0 ; whatever
               S01:0000004C:  70 00
F00:0064       	jsr	-552(a6) 
               S01:0000004E:  4E AE FD D8
F00:0065       	move.l	d0,gfxbase
               S01:00000052:  23 C0 00 00 1E 50 [R]
F00:0066       	move.l 	d0,a6
               S01:00000058:  2C 40
F00:0067       	move.l 	34(a6),oldview
               S01:0000005A:  23 EE 00 22 00 00 1E 48 [R]
F00:0068       	move.l 	38(a6),oldcopper
               S01:00000062:  23 EE 00 26 00 00 1E 4C [R]
F00:0069       	move.l #0,a1
               S01:0000006A:  93 C9
F00:0070       	jsr -222(a6)	; LoadView
               S01:0000006C:  4E AE FF 22
F00:0071       	jsr -270(a6)	; WaitTOF
               S01:00000070:  4E AE FE F2
F00:0072       	jsr -270(a6)	; WaitTOF
               S01:00000074:  4E AE FE F2
F00:0073       	move.l	$4,a6
               S01:00000078:  2C 78 00 04
F00:0074       	jsr -132(a6)	; Forbid
               S01:0000007C:  4E AE FF 7C
F00:0075               move.l #cop,a0
               S01:00000080:  41 F9 00 00 00 00 [R]
F00:0076               move.l a0,COP1LCH
               S01:00000086:  23 C8 00 DF F0 80
F00:0077       	jmp block1
               S01:0000008C:  60 00 19 C6
F00:0078       Graphics_pa dc.l 0
               S01:00000090:  00 00 00 00
F00:0079       Graphics_bpl	dc.w	0
               S01:00000094:  00 00
F00:0080       Graphics_j	dc.w	0
               S01:00000096:  00 00
F00:0081       Graphics_bytefill1	dc.b $ff, $7f, $3f, $1f, $f, $7, $3, $1
               S01:00000098:  FF
               S01:00000099:  7F
               S01:0000009A:  3F
               S01:0000009B:  1F
               S01:0000009C:  0F
               S01:0000009D:  07
               S01:0000009E:  03
               S01:0000009F:  01
F00:0082       Graphics_bytefill2	dc.b $0, $80, $c0, $e0, $f0, $f8, $fc, $fe
               S01:000000A0:  00
               S01:000000A1:  80
               S01:000000A2:  C0
               S01:000000A3:  E0
               S01:000000A4:  F0
               S01:000000A5:  F8
               S01:000000A6:  FC
               S01:000000A7:  FE
F00:0083       	dc.b $ff, $ff
               S01:000000A8:  FF
               S01:000000A9:  FF
F00:0084       Graphics_bytefill3	dc.b $fe, $fc, $f8, $f0, $e0, $c0, $80, $0
               S01:000000AA:  FE
               S01:000000AB:  FC
               S01:000000AC:  F8
               S01:000000AD:  F0
               S01:000000AE:  E0
               S01:000000AF:  C0
               S01:000000B0:  80
               S01:000000B1:  00
F00:0085       curBuf	dc.w	$00
               S01:000000B2:  00 00
F00:0086       isDone	dc.w	$00
               S01:000000B4:  00 00
F00:0087       colorcycled	dc.w	$00
               S01:000000B6:  00 00
F00:0088       curcopperpos	dc.l	$00
               S01:000000B8:  00 00 00 00
F00:0089       lightypos	dc.w	$3001
               S01:000000BC:  30 01
F00:0090       screenOffset	dc.l	$2800
               S01:000000BE:  00 00 28 00
F00:0091       foamCounter	dc.w	$00
               S01:000000C2:  00 00
F00:0092       eff0Counter	dc.w	$00
               S01:000000C4:  00 00
F00:0093       yOffset	dc.w	$8b
               S01:000000C6:  00 8B
F00:0094       	 	CNOP 0,4
F00:0095       image_palette
F00:0096       	incbin "C:/Users/uersu/Documents/GitData/compofiller///resources/images/cupempty.COP"
               S01:000000C8:  01 80 00 00 01 82 08 52 01 84 0C 73 01 86 0E B8
               S01:000000D8:  01 88 0F DA 01 8A 0E DC 01 8C 0B A8 01 8E 0C 63
F00:0097       	 	CNOP 0,4
F00:0098       	 	CNOP 0,4
F00:0099       image_palette_cycled
F00:0100       	incbin "C:/Users/uersu/Documents/GitData/compofiller///resources/images/cupemptycycle.COP"
               S01:00000148:  01 80 00 00 01 82 0C 94 01 84 0F B5 01 86 0F EA
               S01:00000158:  01 88 0F FC 01 8A 0F FE 01 8C 0F EA 01 8E 0C 63
F00:0101       	 	CNOP 0,4
F00:0102       screen	dc.l	0
               S01:000001C8:  00 00 00 00
F00:0103       offscreen	dc.l	0
               S01:000001CC:  00 00 00 00
F00:0104       i	dc.w	$00
               S01:000001D0:  00 00
F00:0105       bltsize	dc.w	$00
               S01:000001D2:  00 00
F00:0106       musicPos	dc.w	$00
               S01:000001D4:  00 00
F00:0107       current	dc.w	$00
               S01:000001D6:  00 00
F00:0108       beerinput	dc.w	$00
               S01:000001D8:  00 00
F00:0109       curbplmod	dc.w	$ffd8
               S01:000001DA:  FF D8
F00:0110       istart	dc.w	$82
               S01:000001DC:  00 82
F00:0111       effectNumber	dc.w	$01
               S01:000001DE:  00 01
F00:0112       imagemask	dc.l	0
               S01:000001E0:  00 00 00 00
F00:0113       srcimage	dc.l	0
               S01:000001E4:  00 00 00 00
F00:0114       sine4Copper	dc.w $182, $188, $18e, $195, $19b, $1a1, $1a7, $1ad
               S01:000001E8:  01 82
               S01:000001EA:  01 88
               S01:000001EC:  01 8E
               S01:000001EE:  01 95
               S01:000001F0:  01 9B
               S01:000001F2:  01 A1
               S01:000001F4:  01 A7
               S01:000001F6:  01 AD
F00:0115       	dc.w $1b3, $1b9, $1bf, $1c5, $1ca, $1cf, $1d4, $1d9
               S01:000001F8:  01 B3
               S01:000001FA:  01 B9
               S01:000001FC:  01 BF
               S01:000001FE:  01 C5
               S01:00000200:  01 CA
               S01:00000202:  01 CF
               S01:00000204:  01 D4
               S01:00000206:  01 D9
F00:0116       	dc.w $1de, $1e2, $1e6, $1ea, $1ee, $1f1, $1f5, $1f7
               S01:00000208:  01 DE
               S01:0000020A:  01 E2
               S01:0000020C:  01 E6
               S01:0000020E:  01 EA
               S01:00000210:  01 EE
               S01:00000212:  01 F1
               S01:00000214:  01 F5
               S01:00000216:  01 F7
F00:0117       	dc.w $1fa, $1fc, $1fe, $200, $202, $203, $203, $204
               S01:00000218:  01 FA
               S01:0000021A:  01 FC
               S01:0000021C:  01 FE
               S01:0000021E:  02 00
               S01:00000220:  02 02
               S01:00000222:  02 03
               S01:00000224:  02 03
               S01:00000226:  02 04
F00:0118       	dc.w $204, $204, $203, $203, $202, $200, $1fe, $1fc
               S01:00000228:  02 04
               S01:0000022A:  02 04
               S01:0000022C:  02 03
               S01:0000022E:  02 03
               S01:00000230:  02 02
               S01:00000232:  02 00
               S01:00000234:  01 FE
               S01:00000236:  01 FC
F00:0119       	dc.w $1fa, $1f8, $1f5, $1f2, $1ee, $1ea, $1e7, $1e2
               S01:00000238:  01 FA
               S01:0000023A:  01 F8
               S01:0000023C:  01 F5
               S01:0000023E:  01 F2
               S01:00000240:  01 EE
               S01:00000242:  01 EA
               S01:00000244:  01 E7
               S01:00000246:  01 E2
F00:0120       	dc.w $1de, $1d9, $1d4, $1cf, $1ca, $1c5, $1bf, $1b9
               S01:00000248:  01 DE
               S01:0000024A:  01 D9
               S01:0000024C:  01 D4
               S01:0000024E:  01 CF
               S01:00000250:  01 CA
               S01:00000252:  01 C5
               S01:00000254:  01 BF
               S01:00000256:  01 B9
F00:0121       	dc.w $1b4, $1ae, $1a8, $1a1, $19b, $195, $18e, $188
               S01:00000258:  01 B4
               S01:0000025A:  01 AE
               S01:0000025C:  01 A8
               S01:0000025E:  01 A1
               S01:00000260:  01 9B
               S01:00000262:  01 95
               S01:00000264:  01 8E
               S01:00000266:  01 88
F00:0122       	dc.w $182, $17b, $175, $16f, $168, $162, $15c, $156
               S01:00000268:  01 82
               S01:0000026A:  01 7B
               S01:0000026C:  01 75
               S01:0000026E:  01 6F
               S01:00000270:  01 68
               S01:00000272:  01 62
               S01:00000274:  01 5C
               S01:00000276:  01 56
F00:0123       	dc.w $150, $14a, $144, $13f, $139, $134, $12f, $12a
               S01:00000278:  01 50
               S01:0000027A:  01 4A
               S01:0000027C:  01 44
               S01:0000027E:  01 3F
               S01:00000280:  01 39
               S01:00000282:  01 34
               S01:00000284:  01 2F
               S01:00000286:  01 2A
F00:0124       	dc.w $125, $121, $11d, $119, $115, $112, $10e, $10c
               S01:00000288:  01 25
               S01:0000028A:  01 21
               S01:0000028C:  01 1D
               S01:0000028E:  01 19
               S01:00000290:  01 15
               S01:00000292:  01 12
               S01:00000294:  01 0E
               S01:00000296:  01 0C
F00:0125       	dc.w $109, $107, $105, $103, $102, $100, $100, $ff
               S01:00000298:  01 09
               S01:0000029A:  01 07
               S01:0000029C:  01 05
               S01:0000029E:  01 03
               S01:000002A0:  01 02
               S01:000002A2:  01 00
               S01:000002A4:  01 00
               S01:000002A6:  00 FF
F00:0126       	dc.w $ff, $ff, $100, $100, $101, $103, $104, $106
               S01:000002A8:  00 FF
               S01:000002AA:  00 FF
               S01:000002AC:  01 00
               S01:000002AE:  01 00
               S01:000002B0:  01 01
               S01:000002B2:  01 03
               S01:000002B4:  01 04
               S01:000002B6:  01 06
F00:0127       	dc.w $109, $10b, $10e, $111, $115, $118, $11c, $121
               S01:000002B8:  01 09
               S01:000002BA:  01 0B
               S01:000002BC:  01 0E
               S01:000002BE:  01 11
               S01:000002C0:  01 15
               S01:000002C2:  01 18
               S01:000002C4:  01 1C
               S01:000002C6:  01 21
F00:0128       	dc.w $125, $12a, $12e, $133, $139, $13e, $144, $149
               S01:000002C8:  01 25
               S01:000002CA:  01 2A
               S01:000002CC:  01 2E
               S01:000002CE:  01 33
               S01:000002D0:  01 39
               S01:000002D2:  01 3E
               S01:000002D4:  01 44
               S01:000002D6:  01 49
F00:0129       	dc.w $14f, $155, $15b, $161, $168, $16e, $174, $17b
               S01:000002D8:  01 4F
               S01:000002DA:  01 55
               S01:000002DC:  01 5B
               S01:000002DE:  01 61
               S01:000002E0:  01 68
               S01:000002E2:  01 6E
               S01:000002E4:  01 74
               S01:000002E6:  01 7B
F00:0130       	dc.w $181, $187, $18e, $194, $19b, $1a1, $1a7, $1ad
               S01:000002E8:  01 81
               S01:000002EA:  01 87
               S01:000002EC:  01 8E
               S01:000002EE:  01 94
               S01:000002F0:  01 9B
               S01:000002F2:  01 A1
               S01:000002F4:  01 A7
               S01:000002F6:  01 AD
F00:0131       	dc.w $1b3, $1b9, $1bf, $1c4, $1ca, $1cf, $1d4, $1d9
               S01:000002F8:  01 B3
               S01:000002FA:  01 B9
               S01:000002FC:  01 BF
               S01:000002FE:  01 C4
               S01:00000300:  01 CA
               S01:00000302:  01 CF
               S01:00000304:  01 D4
               S01:00000306:  01 D9
F00:0132       	dc.w $1dd, $1e2, $1e6, $1ea, $1ee, $1f1, $1f4, $1f7
               S01:00000308:  01 DD
               S01:0000030A:  01 E2
               S01:0000030C:  01 E6
               S01:0000030E:  01 EA
               S01:00000310:  01 EE
               S01:00000312:  01 F1
               S01:00000314:  01 F4
               S01:00000316:  01 F7
F00:0133       	dc.w $1fa, $1fc, $1fe, $200, $201, $203, $203, $204
               S01:00000318:  01 FA
               S01:0000031A:  01 FC
               S01:0000031C:  01 FE
               S01:0000031E:  02 00
               S01:00000320:  02 01
               S01:00000322:  02 03
               S01:00000324:  02 03
               S01:00000326:  02 04
F00:0134       	dc.w $204, $204, $203, $203, $202, $200, $1ff, $1fd
               S01:00000328:  02 04
               S01:0000032A:  02 04
               S01:0000032C:  02 03
               S01:0000032E:  02 03
               S01:00000330:  02 02
               S01:00000332:  02 00
               S01:00000334:  01 FF
               S01:00000336:  01 FD
F00:0135       	dc.w $1fa, $1f8, $1f5, $1f2, $1ee, $1eb, $1e7, $1e3
               S01:00000338:  01 FA
               S01:0000033A:  01 F8
               S01:0000033C:  01 F5
               S01:0000033E:  01 F2
               S01:00000340:  01 EE
               S01:00000342:  01 EB
               S01:00000344:  01 E7
               S01:00000346:  01 E3
F00:0136       	dc.w $1de, $1da, $1d5, $1d0, $1cb, $1c5, $1c0, $1ba
               S01:00000348:  01 DE
               S01:0000034A:  01 DA
               S01:0000034C:  01 D5
               S01:0000034E:  01 D0
               S01:00000350:  01 CB
               S01:00000352:  01 C5
               S01:00000354:  01 C0
               S01:00000356:  01 BA
F00:0137       	dc.w $1b4, $1ae, $1a8, $1a2, $19c, $195, $18f, $189
               S01:00000358:  01 B4
               S01:0000035A:  01 AE
               S01:0000035C:  01 A8
               S01:0000035E:  01 A2
               S01:00000360:  01 9C
               S01:00000362:  01 95
               S01:00000364:  01 8F
               S01:00000366:  01 89
F00:0138       	dc.w $182, $17c, $175, $16f, $169, $162, $15c, $156
               S01:00000368:  01 82
               S01:0000036A:  01 7C
               S01:0000036C:  01 75
               S01:0000036E:  01 6F
               S01:00000370:  01 69
               S01:00000372:  01 62
               S01:00000374:  01 5C
               S01:00000376:  01 56
F00:0139       	dc.w $150, $14a, $145, $13f, $13a, $134, $12f, $12a
               S01:00000378:  01 50
               S01:0000037A:  01 4A
               S01:0000037C:  01 45
               S01:0000037E:  01 3F
               S01:00000380:  01 3A
               S01:00000382:  01 34
               S01:00000384:  01 2F
               S01:00000386:  01 2A
F00:0140       	dc.w $126, $121, $11d, $119, $115, $112, $10f, $10c
               S01:00000388:  01 26
               S01:0000038A:  01 21
               S01:0000038C:  01 1D
               S01:0000038E:  01 19
               S01:00000390:  01 15
               S01:00000392:  01 12
               S01:00000394:  01 0F
               S01:00000396:  01 0C
F00:0141       	dc.w $109, $107, $105, $103, $102, $100, $100, $ff
               S01:00000398:  01 09
               S01:0000039A:  01 07
               S01:0000039C:  01 05
               S01:0000039E:  01 03
               S01:000003A0:  01 02
               S01:000003A2:  01 00
               S01:000003A4:  01 00
               S01:000003A6:  00 FF
F00:0142       	dc.w $ff, $ff, $ff, $100, $101, $103, $104, $106
               S01:000003A8:  00 FF
               S01:000003AA:  00 FF
               S01:000003AC:  00 FF
               S01:000003AE:  01 00
               S01:000003B0:  01 01
               S01:000003B2:  01 03
               S01:000003B4:  01 04
               S01:000003B6:  01 06
F00:0143       	dc.w $109, $10b, $10e, $111, $115, $118, $11c, $120
               S01:000003B8:  01 09
               S01:000003BA:  01 0B
               S01:000003BC:  01 0E
               S01:000003BE:  01 11
               S01:000003C0:  01 15
               S01:000003C2:  01 18
               S01:000003C4:  01 1C
               S01:000003C6:  01 20
F00:0144       	dc.w $125, $129, $12e, $133, $138, $13e, $143, $149
               S01:000003C8:  01 25
               S01:000003CA:  01 29
               S01:000003CC:  01 2E
               S01:000003CE:  01 33
               S01:000003D0:  01 38
               S01:000003D2:  01 3E
               S01:000003D4:  01 43
               S01:000003D6:  01 49
F00:0145       	dc.w $14f, $155, $15b, $161, $167, $16e, $174, $17a
               S01:000003D8:  01 4F
               S01:000003DA:  01 55
               S01:000003DC:  01 5B
               S01:000003DE:  01 61
               S01:000003E0:  01 67
               S01:000003E2:  01 6E
               S01:000003E4:  01 74
               S01:000003E6:  01 7A
F00:0146       sine4CopperAdd	dc.w $0, $0, $1, $1, $2, $3, $3, $4
               S01:000003E8:  00 00
               S01:000003EA:  00 00
               S01:000003EC:  00 01
               S01:000003EE:  00 01
               S01:000003F0:  00 02
               S01:000003F2:  00 03
               S01:000003F4:  00 03
               S01:000003F6:  00 04
F00:0147       	dc.w $4, $5, $6, $6, $7, $7, $8, $8
               S01:000003F8:  00 04
               S01:000003FA:  00 05
               S01:000003FC:  00 06
               S01:000003FE:  00 06
               S01:00000400:  00 07
               S01:00000402:  00 07
               S01:00000404:  00 08
               S01:00000406:  00 08
F00:0148       	dc.w $9, $9, $a, $a, $a, $b, $b, $b
               S01:00000408:  00 09
               S01:0000040A:  00 09
               S01:0000040C:  00 0A
               S01:0000040E:  00 0A
               S01:00000410:  00 0A
               S01:00000412:  00 0B
               S01:00000414:  00 0B
               S01:00000416:  00 0B
F00:0149       	dc.w $c, $c, $c, $c, $c, $c, $c, $d
               S01:00000418:  00 0C
               S01:0000041A:  00 0C
               S01:0000041C:  00 0C
               S01:0000041E:  00 0C
               S01:00000420:  00 0C
               S01:00000422:  00 0C
               S01:00000424:  00 0C
               S01:00000426:  00 0D
F00:0150       	dc.w $d, $d, $c, $c, $c, $c, $c, $c
               S01:00000428:  00 0D
               S01:0000042A:  00 0D
               S01:0000042C:  00 0C
               S01:0000042E:  00 0C
               S01:00000430:  00 0C
               S01:00000432:  00 0C
               S01:00000434:  00 0C
               S01:00000436:  00 0C
F00:0151       	dc.w $c, $b, $b, $b, $a, $a, $a, $9
               S01:00000438:  00 0C
               S01:0000043A:  00 0B
               S01:0000043C:  00 0B
               S01:0000043E:  00 0B
               S01:00000440:  00 0A
               S01:00000442:  00 0A
               S01:00000444:  00 0A
               S01:00000446:  00 09
F00:0152       	dc.w $9, $8, $8, $7, $7, $6, $6, $5
               S01:00000448:  00 09
               S01:0000044A:  00 08
               S01:0000044C:  00 08
               S01:0000044E:  00 07
               S01:00000450:  00 07
               S01:00000452:  00 06
               S01:00000454:  00 06
               S01:00000456:  00 05
F00:0153       	dc.w $5, $4, $3, $3, $2, $1, $1, $0
               S01:00000458:  00 05
               S01:0000045A:  00 04
               S01:0000045C:  00 03
               S01:0000045E:  00 03
               S01:00000460:  00 02
               S01:00000462:  00 01
               S01:00000464:  00 01
               S01:00000466:  00 00
F00:0154       	dc.w $0, $0, $ffff, $ffff, $fffe, $fffd, $fffd, $fffc
               S01:00000468:  00 00
               S01:0000046A:  00 00
               S01:0000046C:  FF FF
               S01:0000046E:  FF FF
               S01:00000470:  FF FE
               S01:00000472:  FF FD
               S01:00000474:  FF FD
               S01:00000476:  FF FC
F00:0155       	dc.w $fffc, $fffb, $fffa, $fffa, $fff9, $fff9, $fff8, $fff8
               S01:00000478:  FF FC
               S01:0000047A:  FF FB
               S01:0000047C:  FF FA
               S01:0000047E:  FF FA
               S01:00000480:  FF F9
               S01:00000482:  FF F9
               S01:00000484:  FF F8
               S01:00000486:  FF F8
F00:0156       	dc.w $fff7, $fff7, $fff6, $fff6, $fff6, $fff5, $fff5, $fff5
               S01:00000488:  FF F7
               S01:0000048A:  FF F7
               S01:0000048C:  FF F6
               S01:0000048E:  FF F6
               S01:00000490:  FF F6
               S01:00000492:  FF F5
               S01:00000494:  FF F5
               S01:00000496:  FF F5
F00:0157       	dc.w $fff4, $fff4, $fff4, $fff4, $fff4, $fff4, $fff4, $fff3
               S01:00000498:  FF F4
               S01:0000049A:  FF F4
               S01:0000049C:  FF F4
               S01:0000049E:  FF F4
               S01:000004A0:  FF F4
               S01:000004A2:  FF F4
               S01:000004A4:  FF F4
               S01:000004A6:  FF F3
F00:0158       	dc.w $fff3, $fff3, $fff4, $fff4, $fff4, $fff4, $fff4, $fff4
               S01:000004A8:  FF F3
               S01:000004AA:  FF F3
               S01:000004AC:  FF F4
               S01:000004AE:  FF F4
               S01:000004B0:  FF F4
               S01:000004B2:  FF F4
               S01:000004B4:  FF F4
               S01:000004B6:  FF F4
F00:0159       	dc.w $fff4, $fff5, $fff5, $fff5, $fff6, $fff6, $fff6, $fff7
               S01:000004B8:  FF F4
               S01:000004BA:  FF F5
               S01:000004BC:  FF F5
               S01:000004BE:  FF F5
               S01:000004C0:  FF F6
               S01:000004C2:  FF F6
               S01:000004C4:  FF F6
               S01:000004C6:  FF F7
F00:0160       	dc.w $fff7, $fff8, $fff8, $fff9, $fff9, $fffa, $fffa, $fffb
               S01:000004C8:  FF F7
               S01:000004CA:  FF F8
               S01:000004CC:  FF F8
               S01:000004CE:  FF F9
               S01:000004D0:  FF F9
               S01:000004D2:  FF FA
               S01:000004D4:  FF FA
               S01:000004D6:  FF FB
F00:0161       	dc.w $fffb, $fffc, $fffd, $fffd, $fffe, $ffff, $ffff, $0
               S01:000004D8:  FF FB
               S01:000004DA:  FF FC
               S01:000004DC:  FF FD
               S01:000004DE:  FF FD
               S01:000004E0:  FF FE
               S01:000004E2:  FF FF
               S01:000004E4:  FF FF
               S01:000004E6:  00 00
F00:0162       	dc.w $0, $0, $1, $1, $2, $3, $3, $4
               S01:000004E8:  00 00
               S01:000004EA:  00 00
               S01:000004EC:  00 01
               S01:000004EE:  00 01
               S01:000004F0:  00 02
               S01:000004F2:  00 03
               S01:000004F4:  00 03
               S01:000004F6:  00 04
F00:0163       	dc.w $4, $5, $6, $6, $7, $7, $8, $8
               S01:000004F8:  00 04
               S01:000004FA:  00 05
               S01:000004FC:  00 06
               S01:000004FE:  00 06
               S01:00000500:  00 07
               S01:00000502:  00 07
               S01:00000504:  00 08
               S01:00000506:  00 08
F00:0164       	dc.w $9, $9, $a, $a, $a, $b, $b, $b
               S01:00000508:  00 09
               S01:0000050A:  00 09
               S01:0000050C:  00 0A
               S01:0000050E:  00 0A
               S01:00000510:  00 0A
               S01:00000512:  00 0B
               S01:00000514:  00 0B
               S01:00000516:  00 0B
F00:0165       	dc.w $c, $c, $c, $c, $c, $c, $c, $d
               S01:00000518:  00 0C
               S01:0000051A:  00 0C
               S01:0000051C:  00 0C
               S01:0000051E:  00 0C
               S01:00000520:  00 0C
               S01:00000522:  00 0C
               S01:00000524:  00 0C
               S01:00000526:  00 0D
F00:0166       	dc.w $d, $d, $c, $c, $c, $c, $c, $c
               S01:00000528:  00 0D
               S01:0000052A:  00 0D
               S01:0000052C:  00 0C
               S01:0000052E:  00 0C
               S01:00000530:  00 0C
               S01:00000532:  00 0C
               S01:00000534:  00 0C
               S01:00000536:  00 0C
F00:0167       	dc.w $c, $b, $b, $b, $a, $a, $a, $9
               S01:00000538:  00 0C
               S01:0000053A:  00 0B
               S01:0000053C:  00 0B
               S01:0000053E:  00 0B
               S01:00000540:  00 0A
               S01:00000542:  00 0A
               S01:00000544:  00 0A
               S01:00000546:  00 09
F00:0168       	dc.w $9, $8, $8, $7, $7, $6, $6, $5
               S01:00000548:  00 09
               S01:0000054A:  00 08
               S01:0000054C:  00 08
               S01:0000054E:  00 07
               S01:00000550:  00 07
               S01:00000552:  00 06
               S01:00000554:  00 06
               S01:00000556:  00 05
F00:0169       	dc.w $5, $4, $3, $3, $2, $1, $1, $0
               S01:00000558:  00 05
               S01:0000055A:  00 04
               S01:0000055C:  00 03
               S01:0000055E:  00 03
               S01:00000560:  00 02
               S01:00000562:  00 01
               S01:00000564:  00 01
               S01:00000566:  00 00
F00:0170       	dc.w $0, $0, $ffff, $ffff, $fffe, $fffd, $fffd, $fffc
               S01:00000568:  00 00
               S01:0000056A:  00 00
               S01:0000056C:  FF FF
               S01:0000056E:  FF FF
               S01:00000570:  FF FE
               S01:00000572:  FF FD
               S01:00000574:  FF FD
               S01:00000576:  FF FC
F00:0171       	dc.w $fffc, $fffb, $fffa, $fffa, $fff9, $fff9, $fff8, $fff8
               S01:00000578:  FF FC
               S01:0000057A:  FF FB
               S01:0000057C:  FF FA
               S01:0000057E:  FF FA
               S01:00000580:  FF F9
               S01:00000582:  FF F9
               S01:00000584:  FF F8
               S01:00000586:  FF F8
F00:0172       	dc.w $fff7, $fff7, $fff6, $fff6, $fff6, $fff5, $fff5, $fff5
               S01:00000588:  FF F7
               S01:0000058A:  FF F7
               S01:0000058C:  FF F6
               S01:0000058E:  FF F6
               S01:00000590:  FF F6
               S01:00000592:  FF F5
               S01:00000594:  FF F5
               S01:00000596:  FF F5
F00:0173       	dc.w $fff4, $fff4, $fff4, $fff4, $fff4, $fff4, $fff4, $fff3
               S01:00000598:  FF F4
               S01:0000059A:  FF F4
               S01:0000059C:  FF F4
               S01:0000059E:  FF F4
               S01:000005A0:  FF F4
               S01:000005A2:  FF F4
               S01:000005A4:  FF F4
               S01:000005A6:  FF F3
F00:0174       	dc.w $fff3, $fff3, $fff3, $fff4, $fff4, $fff4, $fff4, $fff4
               S01:000005A8:  FF F3
               S01:000005AA:  FF F3
               S01:000005AC:  FF F3
               S01:000005AE:  FF F4
               S01:000005B0:  FF F4
               S01:000005B2:  FF F4
               S01:000005B4:  FF F4
               S01:000005B6:  FF F4
F00:0175       	dc.w $fff4, $fff5, $fff5, $fff5, $fff6, $fff6, $fff6, $fff7
               S01:000005B8:  FF F4
               S01:000005BA:  FF F5
               S01:000005BC:  FF F5
               S01:000005BE:  FF F5
               S01:000005C0:  FF F6
               S01:000005C2:  FF F6
               S01:000005C4:  FF F6
               S01:000005C6:  FF F7
F00:0176       	dc.w $fff7, $fff8, $fff8, $fff9, $fff9, $fffa, $fffa, $fffb
               S01:000005C8:  FF F7
               S01:000005CA:  FF F8
               S01:000005CC:  FF F8
               S01:000005CE:  FF F9
               S01:000005D0:  FF F9
               S01:000005D2:  FF FA
               S01:000005D4:  FF FA
               S01:000005D6:  FF FB
F00:0177       	dc.w $fffb, $fffc, $fffd, $fffd, $fffe, $ffff, $ffff, $0
               S01:000005D8:  FF FB
               S01:000005DA:  FF FC
               S01:000005DC:  FF FD
               S01:000005DE:  FF FD
               S01:000005E0:  FF FE
               S01:000005E2:  FF FF
               S01:000005E4:  FF FF
               S01:000005E6:  00 00
F00:0178       row	dc.w	$01
               S01:000005E8:  00 01
F00:0179       tmp	dc.w	$01
               S01:000005EA:  00 01
F00:0180       tmp2	dc.l	$00
               S01:000005EC:  00 00 00 00
F00:0181       planeoffset	dc.l	$00
               S01:000005F0:  00 00 00 00
F00:0182       	;*
F00:0183       ; //	Sets up the copper list to point to a 320x256 buffer. Note that the screen will be set up 
F00:0184       ; //	non-interlaced, with 40*256 bytes per bitplane. <p>
F00:0185       ; //	
F00:0186       ; //	Usage: 
F00:0187       ; //		SetupNonInterlacedScreen( [ data buffer ], [ number of bitplanes ] )
F00:0188       ; //		
F00:0189       ; //	Note that the data buffer must reside in chipmem
F00:0190       ; //	
F00:0191       ; //	Example:
F00:0192       ; //	
F00:0193       ; //	<code>
F00:0194       ; //var
F00:0195       ; //	const noBitPlanes = 4; 
F00:0196       ; // 4 bitplanes = 16 colors
F00:0197       ; //	buf : array[40*256*noBitPlanes] chipmem; 
F00:0198       ; // data buffer stored in chipmem  
F00:0199       ; //...
F00:0200       ; //begin
F00:0201       ; //	Graphics::SetupNonInterlacedScreen(#buf, noBitPlanes);
F00:0202       ; //	</code>
F00:0203       ; //	
F00:0204       ; 
F00:0205       
F00:0206       	; ***********  Defining procedure : Graphics_SetupNonInterlacedScreen
F00:0207       	;    Procedure type : User-defined procedure
F00:0208       	jmp block2
               S01:000005F4:  60 02
F00:0209        ; Temp vars section
F00:0210        ; Temp vars section ends
F00:0211       	 	CNOP 0,4
F00:0212       block2
F00:0213       Graphics_SetupNonInterlacedScreen
F00:0214       	moveq #0,d0
               S01:000005F8:  70 00
F00:0215       	moveq #0,d1
               S01:000005FA:  72 00
F00:0216       	move.w #$1000,d1     ; BOP move
               S01:000005FC:  32 3C 10 00
F00:0217       	mulu.w Graphics_bpl,d1 ; simple bop
               S01:00000600:  C2 FA FA 92
F00:0218       	move.w d1,d0     ; BOP move
               S01:00000604:  30 01
F00:0219       	or.w #$200,d0 ; simple bop
               S01:00000606:  80 7C 02 00
F00:0220       	; Store variable : Graphics_j
F00:0221       	move.w d0,Graphics_j
               S01:0000060A:  33 C0 00 00 00 96 [R]
F00:0222       	; Poke command
F00:0223       	move.l #copper_resolution,a0
               S01:00000610:  41 F9 00 00 01 1A [R]
F00:0224       	move.w Graphics_j,(a0)
               S01:00000616:  30 BA FA 7E
F00:0225       	
F00:0226       ; // $4000  = bitplanes, $200 = colours
F00:0227       	; Poke command
F00:0228       	move.l #copper_mod_even,a0
               S01:0000061A:  41 F9 00 00 00 12 [R]
F00:0229       	move.w #$0,(a0)
               S01:00000620:  30 BC 00 00
F00:0230       	; Poke command
F00:0231       	move.l #copper_mod_odd,a0
               S01:00000624:  41 F9 00 00 00 16 [R]
F00:0232       	move.w #$0,(a0)
               S01:0000062A:  30 BC 00 00
F00:0233       	cmp.w #$5,Graphics_bpl
               S01:0000062E:  0C 79 00 05 00 00 00 94 [R]
F00:0234       	bne edblock6
               S01:00000636:  66 00 00 98
F00:0235       ctb4: ;Main true block ;keep 
F00:0236       	
F00:0237       ; // Set palette at copper palette location, 16 colors
F00:0238       ; // Setup image copper list (4 bitplanes, 40*40 modulo 120
F00:0239       	; setcopperlist32
F00:0240       	move.l Graphics_pa,a1
               S01:0000063A:  22 7A FA 54
F00:0241       	move.l a1,d0
               S01:0000063E:  20 09
F00:0242       	move.l #copper_bitplane0,a0
               S01:00000640:  41 F9 00 00 00 E8 [R]
F00:0243       	move.w d0,6(a0)
               S01:00000646:  31 40 00 06
F00:0244       	swap d0
               S01:0000064A:  48 40
F00:0245       	move.w d0,2(a0)
               S01:0000064C:  31 40 00 02
F00:0246       	add.l #$2800,Graphics_pa ; Optimization: simple A := A op Const ADD SUB OR AND
               S01:00000650:  06 B9 00 00 28 00 00 00 00 90 [R]
F00:0247       	; setcopperlist32
F00:0248       	move.l Graphics_pa,a1
               S01:0000065A:  22 7A FA 34
F00:0249       	move.l a1,d0
               S01:0000065E:  20 09
F00:0250       	move.l #copper_bitplane1,a0
               S01:00000660:  41 F9 00 00 00 F0 [R]
F00:0251       	move.w d0,6(a0)
               S01:00000666:  31 40 00 06
F00:0252       	swap d0
               S01:0000066A:  48 40
F00:0253       	move.w d0,2(a0)
               S01:0000066C:  31 40 00 02
F00:0254       	add.l #$2800,Graphics_pa ; Optimization: simple A := A op Const ADD SUB OR AND
               S01:00000670:  06 B9 00 00 28 00 00 00 00 90 [R]
F00:0255       	; setcopperlist32
F00:0256       	move.l Graphics_pa,a1
               S01:0000067A:  22 7A FA 14
F00:0257       	move.l a1,d0
               S01:0000067E:  20 09
F00:0258       	move.l #copper_bitplane2,a0
               S01:00000680:  41 F9 00 00 00 F8 [R]
F00:0259       	move.w d0,6(a0)
               S01:00000686:  31 40 00 06
F00:0260       	swap d0
               S01:0000068A:  48 40
F00:0261       	move.w d0,2(a0)
               S01:0000068C:  31 40 00 02
F00:0262       	add.l #$2800,Graphics_pa ; Optimization: simple A := A op Const ADD SUB OR AND
               S01:00000690:  06 B9 00 00 28 00 00 00 00 90 [R]
F00:0263       	; setcopperlist32
F00:0264       	move.l Graphics_pa,a1
               S01:0000069A:  22 7A F9 F4
F00:0265       	move.l a1,d0
               S01:0000069E:  20 09
F00:0266       	move.l #copper_bitplane3,a0
               S01:000006A0:  41 F9 00 00 01 00 [R]
F00:0267       	move.w d0,6(a0)
               S01:000006A6:  31 40 00 06
F00:0268       	swap d0
               S01:000006AA:  48 40
F00:0269       	move.w d0,2(a0)
               S01:000006AC:  31 40 00 02
F00:0270       	add.l #$2800,Graphics_pa ; Optimization: simple A := A op Const ADD SUB OR AND
               S01:000006B0:  06 B9 00 00 28 00 00 00 00 90 [R]
F00:0271       	; setcopperlist32
F00:0272       	move.l Graphics_pa,a1
               S01:000006BA:  22 7A F9 D4
F00:0273       	move.l a1,d0
               S01:000006BE:  20 09
F00:0274       	move.l #copper_bitplane4,a0
               S01:000006C0:  41 F9 00 00 01 08 [R]
F00:0275       	move.w d0,6(a0)
               S01:000006C6:  31 40 00 06
F00:0276       	swap d0
               S01:000006CA:  48 40
F00:0277       	move.w d0,2(a0)
               S01:000006CC:  31 40 00 02
F00:0278       edblock6
F00:0279       	cmp.w #$4,Graphics_bpl
               S01:000006D0:  0C 79 00 04 00 00 00 94 [R]
F00:0280       	bne edblock12
               S01:000006D8:  66 76
F00:0281       ctb10: ;Main true block ;keep 
F00:0282       	; setcopperlist32
F00:0283       	move.l Graphics_pa,a1
               S01:000006DA:  22 7A F9 B4
F00:0284       	move.l a1,d0
               S01:000006DE:  20 09
F00:0285       	move.l #copper_bitplane0,a0
               S01:000006E0:  41 F9 00 00 00 E8 [R]
F00:0286       	move.w d0,6(a0)
               S01:000006E6:  31 40 00 06
F00:0287       	swap d0
               S01:000006EA:  48 40
F00:0288       	move.w d0,2(a0)
               S01:000006EC:  31 40 00 02
F00:0289       	add.l #$2800,Graphics_pa ; Optimization: simple A := A op Const ADD SUB OR AND
               S01:000006F0:  06 B9 00 00 28 00 00 00 00 90 [R]
F00:0290       	; setcopperlist32
F00:0291       	move.l Graphics_pa,a1
               S01:000006FA:  22 7A F9 94
F00:0292       	move.l a1,d0
               S01:000006FE:  20 09
F00:0293       	move.l #copper_bitplane1,a0
               S01:00000700:  41 F9 00 00 00 F0 [R]
F00:0294       	move.w d0,6(a0)
               S01:00000706:  31 40 00 06
F00:0295       	swap d0
               S01:0000070A:  48 40
F00:0296       	move.w d0,2(a0)
               S01:0000070C:  31 40 00 02
F00:0297       	add.l #$2800,Graphics_pa ; Optimization: simple A := A op Const ADD SUB OR AND
               S01:00000710:  06 B9 00 00 28 00 00 00 00 90 [R]
F00:0298       	; setcopperlist32
F00:0299       	move.l Graphics_pa,a1
               S01:0000071A:  22 7A F9 74
F00:0300       	move.l a1,d0
               S01:0000071E:  20 09
F00:0301       	move.l #copper_bitplane2,a0
               S01:00000720:  41 F9 00 00 00 F8 [R]
F00:0302       	move.w d0,6(a0)
               S01:00000726:  31 40 00 06
F00:0303       	swap d0
               S01:0000072A:  48 40
F00:0304       	move.w d0,2(a0)
               S01:0000072C:  31 40 00 02
F00:0305       	add.l #$2800,Graphics_pa ; Optimization: simple A := A op Const ADD SUB OR AND
               S01:00000730:  06 B9 00 00 28 00 00 00 00 90 [R]
F00:0306       	; setcopperlist32
F00:0307       	move.l Graphics_pa,a1
               S01:0000073A:  22 7A F9 54
F00:0308       	move.l a1,d0
               S01:0000073E:  20 09
F00:0309       	move.l #copper_bitplane3,a0
               S01:00000740:  41 F9 00 00 01 00 [R]
F00:0310       	move.w d0,6(a0)
               S01:00000746:  31 40 00 06
F00:0311       	swap d0
               S01:0000074A:  48 40
F00:0312       	move.w d0,2(a0)
               S01:0000074C:  31 40 00 02
F00:0313       edblock12
F00:0314       	cmp.w #$3,Graphics_bpl
               S01:00000750:  0C 79 00 03 00 00 00 94 [R]
F00:0315       	bne edblock18
               S01:00000758:  66 56
F00:0316       ctb16: ;Main true block ;keep 
F00:0317       	; setcopperlist32
F00:0318       	move.l Graphics_pa,a1
               S01:0000075A:  22 7A F9 34
F00:0319       	move.l a1,d0
               S01:0000075E:  20 09
F00:0320       	move.l #copper_bitplane0,a0
               S01:00000760:  41 F9 00 00 00 E8 [R]
F00:0321       	move.w d0,6(a0)
               S01:00000766:  31 40 00 06
F00:0322       	swap d0
               S01:0000076A:  48 40
F00:0323       	move.w d0,2(a0)
               S01:0000076C:  31 40 00 02
F00:0324       	add.l #$2800,Graphics_pa ; Optimization: simple A := A op Const ADD SUB OR AND
               S01:00000770:  06 B9 00 00 28 00 00 00 00 90 [R]
F00:0325       	; setcopperlist32
F00:0326       	move.l Graphics_pa,a1
               S01:0000077A:  22 7A F9 14
F00:0327       	move.l a1,d0
               S01:0000077E:  20 09
F00:0328       	move.l #copper_bitplane1,a0
               S01:00000780:  41 F9 00 00 00 F0 [R]
F00:0329       	move.w d0,6(a0)
               S01:00000786:  31 40 00 06
F00:0330       	swap d0
               S01:0000078A:  48 40
F00:0331       	move.w d0,2(a0)
               S01:0000078C:  31 40 00 02
F00:0332       	add.l #$2800,Graphics_pa ; Optimization: simple A := A op Const ADD SUB OR AND
               S01:00000790:  06 B9 00 00 28 00 00 00 00 90 [R]
F00:0333       	; setcopperlist32
F00:0334       	move.l Graphics_pa,a1
               S01:0000079A:  22 7A F8 F4
F00:0335       	move.l a1,d0
               S01:0000079E:  20 09
F00:0336       	move.l #copper_bitplane2,a0
               S01:000007A0:  41 F9 00 00 00 F8 [R]
F00:0337       	move.w d0,6(a0)
               S01:000007A6:  31 40 00 06
F00:0338       	swap d0
               S01:000007AA:  48 40
F00:0339       	move.w d0,2(a0)
               S01:000007AC:  31 40 00 02
F00:0340       edblock18
F00:0341       	cmp.w #$2,Graphics_bpl
               S01:000007B0:  0C 79 00 02 00 00 00 94 [R]
F00:0342       	bne edblock24
               S01:000007B8:  66 36
F00:0343       ctb22: ;Main true block ;keep 
F00:0344       	; setcopperlist32
F00:0345       	move.l Graphics_pa,a1
               S01:000007BA:  22 7A F8 D4
F00:0346       	move.l a1,d0
               S01:000007BE:  20 09
F00:0347       	move.l #copper_bitplane0,a0
               S01:000007C0:  41 F9 00 00 00 E8 [R]
F00:0348       	move.w d0,6(a0)
               S01:000007C6:  31 40 00 06
F00:0349       	swap d0
               S01:000007CA:  48 40
F00:0350       	move.w d0,2(a0)
               S01:000007CC:  31 40 00 02
F00:0351       	add.l #$2800,Graphics_pa ; Optimization: simple A := A op Const ADD SUB OR AND
               S01:000007D0:  06 B9 00 00 28 00 00 00 00 90 [R]
F00:0352       	; setcopperlist32
F00:0353       	move.l Graphics_pa,a1
               S01:000007DA:  22 7A F8 B4
F00:0354       	move.l a1,d0
               S01:000007DE:  20 09
F00:0355       	move.l #copper_bitplane1,a0
               S01:000007E0:  41 F9 00 00 00 F0 [R]
F00:0356       	move.w d0,6(a0)
               S01:000007E6:  31 40 00 06
F00:0357       	swap d0
               S01:000007EA:  48 40
F00:0358       	move.w d0,2(a0)
               S01:000007EC:  31 40 00 02
F00:0359       edblock24
F00:0360       	cmp.w #$1,Graphics_bpl
               S01:000007F0:  0C 79 00 01 00 00 00 94 [R]
F00:0361       	bne edblock30
               S01:000007F8:  66 16
F00:0362       ctb28: ;Main true block ;keep 
F00:0363       	; setcopperlist32
F00:0364       	move.l Graphics_pa,a1
               S01:000007FA:  22 7A F8 94
F00:0365       	move.l a1,d0
               S01:000007FE:  20 09
F00:0366       	move.l #copper_bitplane0,a0
               S01:00000800:  41 F9 00 00 00 E8 [R]
F00:0367       	move.w d0,6(a0)
               S01:00000806:  31 40 00 06
F00:0368       	swap d0
               S01:0000080A:  48 40
F00:0369       	move.w d0,2(a0)
               S01:0000080C:  31 40 00 02
F00:0370       edblock30
F00:0371       	rts
               S01:00000810:  4E 75
F00:0372       	; ***********  Defining procedure : LSP_CIAStart
F00:0373       	;    Procedure type : User-defined procedure
F00:0374       	jmp block33
               S01:00000812:  60 0C
F00:0375       cs_music	dc.l	0
               S01:00000814:  00 00 00 00
F00:0376       cs_bank	dc.l	0
               S01:00000818:  00 00 00 00
F00:0377       cs_vbr	dc.w	0
               S01:0000081C:  00 00
F00:0378       cs_palntsc	dc.w	0
               S01:0000081E:  00 00
F00:0379       	 	CNOP 0,4
F00:0380       block33
F00:0381       LSP_CIAStart
F00:0382       		; Init LSP and start replay using easy CIA toolbox
F00:0383       			move.l	cs_music,a0
               S01:00000820:  20 7A FF F2
F00:0384       			move.l	cs_bank,a1
               S01:00000824:  22 7A FF F2
F00:0385       			suba.l	a2,a2			
               S01:00000828:  95 CA
F00:0386       			move.w	cs_vbr,a2			; VBR
               S01:0000082A:  34 7A FF F0
F00:0387       			moveq	#0,d0			
               S01:0000082E:  70 00
F00:0388       			move.w  cs_palntsc,d0		; PALNTSC
               S01:00000830:  30 3A FF EC
F00:0389       			bsr		LSP_MusicDriver_CIA_Start
               S01:00000834:  61 0C
F00:0390       			move.w	#$e000,$dff09a
               S01:00000836:  33 FC E0 00 00 DF F0 9A
F00:0391       			bra.w   lspend
               S01:0000083E:  60 00 03 7E
F00:0392       			
F00:0393       LSP_MusicDriver_CIA_Start:
F00:0394       			move.w	d0,-(a7)
               S01:00000842:  3F 00
F00:0395       			lea		.irqVector(pc),a3
               S01:00000844:  47 FA 00 28
F00:0396       			lea		$78(a2),a2
               S01:00000848:  45 EA 00 78
F00:0397       			move.l	a2,(a3)
               S01:0000084C:  26 8A
F00:0398       			lea		.LSPDmaCon+1(pc),a2		; DMACON byte patch address
               S01:0000084E:  45 FA 00 1D
F00:0399       			bsr		LSP_MusicInit			; init the LSP player ( whatever fast or insane version )
               S01:00000852:  61 00 01 4A
F00:0400       			lea		.pMusicBPM(pc),a2
               S01:00000856:  45 FA 00 20
F00:0401       			move.l	a0,(a2)					; store music BPM pointer
               S01:0000085A:  24 88
F00:0402       			move.w	(a0),d0					; start BPM
               S01:0000085C:  30 10
F00:0403       			lea		.curBpm(pc),a2
               S01:0000085E:  45 FA 00 16
F00:0404       			move.w	d0,(a2)
               S01:00000862:  34 80
F00:0405       			moveq	#1,d1
               S01:00000864:  72 01
F00:0406       			and.w	(a7)+,d1
               S01:00000866:  C2 5F
F00:0407       			bsr.s	.LSP_IrqInstall
               S01:00000868:  61 12
F00:0408       			rts
               S01:0000086A:  4E 75
F00:0409       .LSPDmaCon:	dc.w	$8000
               S01:0000086C:  80 00
F00:0410       .irqVector:	dc.l	0
               S01:0000086E:  00 00 00 00
F00:0411       .ciaClock:	dc.l	0
               S01:00000872:  00 00 00 00
F00:0412       .curBpm:	dc.w	0
               S01:00000876:  00 00
F00:0413       .pMusicBPM:	dc.l	0
               S01:00000878:  00 00 00 00
F00:0414       ; d0: music BPM
F00:0415       ; d1: PAL(0) or NTSC(1)
F00:0416       .LSP_IrqInstall:
F00:0417       			move.w 	#(1<<13),$dff09a		; disable CIA interrupt
               S01:0000087C:  33 FC 20 00 00 DF F0 9A
F00:0418       			lea		.LSP_MainIrq(pc),a0
               S01:00000884:  41 FA 00 6A
F00:0419       			move.l	.irqVector(pc),a5
               S01:00000888:  2A 7A FF E4
F00:0420       			move.l	a0,(a5)
               S01:0000088C:  2A 88
F00:0421       			lea		$bfd000,a0
               S01:0000088E:  41 F9 00 BF D0 00
F00:0422       			move.b 	#$7f,$d00(a0)
               S01:00000894:  11 7C 00 7F 0D 00
F00:0423       			move.b 	#$10,$e00(a0)
               S01:0000089A:  11 7C 00 10 0E 00
F00:0424       			move.b 	#$10,$f00(a0)
               S01:000008A0:  11 7C 00 10 0F 00
F00:0425       			lsl.w	#2,d1
               S01:000008A6:  E5 49
F00:0426       			move.l	.palClocks(pc,d1.w),d1				; PAL or NTSC clock
               S01:000008A8:  22 3B 10 3E
F00:0427       			lea		.ciaClock(pc),a5
               S01:000008AC:  4B FA FF C4
F00:0428       			move.l	d1,(a5)
               S01:000008B0:  2A 81
F00:0429       			divu.w	d0,d1
               S01:000008B2:  82 C0
F00:0430       			move.b	d1,$400(a0)
               S01:000008B4:  11 41 04 00
F00:0431       			lsr.w 	#8,d1
               S01:000008B8:  E0 49
F00:0432       			move.b	d1,$500(a0)
               S01:000008BA:  11 41 05 00
F00:0433       			move.b	#$83,$d00(a0)
               S01:000008BE:  11 7C 00 83 0D 00
F00:0434       			move.b	#$11,$e00(a0)
               S01:000008C4:  11 7C 00 11 0E 00
F00:0435       			
F00:0436       			move.b	#496&255,$600(a0)		; set timer b to 496 ( to set DMACON )
               S01:000008CA:  11 7C 00 F0 06 00
F00:0437       			move.b	#496>>8,$700(a0)
               S01:000008D0:  11 7C 00 01 07 00
F00:0438       			move.w 	#(1<<13),$dff09c		; clear any req CIA
               S01:000008D6:  33 FC 20 00 00 DF F0 9C
F00:0439       			move.w 	#$a000,$dff09a			; CIA interrupt enabled
               S01:000008DE:  33 FC A0 00 00 DF F0 9A
F00:0440       			rts
               S01:000008E6:  4E 75
F00:0441       		
F00:0442       .palClocks:	dc.l	1773447,1789773
               S01:000008E8:  00 1B 0F 87
               S01:000008EC:  00 1B 4F 4D
F00:0443       .LSP_MainIrq:
F00:0444       			btst.b	#0,$bfdd00
               S01:000008F0:  08 39 00 00 00 BF DD 00
F00:0445       			beq.s	.skipa
               S01:000008F8:  67 4A
F00:0446       			
F00:0447       			movem.l	d0-a6,-(a7)
               S01:000008FA:  48 E7 FF FE
F00:0448       		; call player tick
F00:0449       			lea		$dff0a0,a6
               S01:000008FE:  4D F9 00 DF F0 A0
F00:0450       			bsr		LSP_MusicPlayTick		; LSP main music driver tick
               S01:00000904:  61 00 01 60
F00:0451       		; check if BMP changed in the middle of the music
F00:0452       			move.l	.pMusicBPM(pc),a0
               S01:00000908:  20 7A FF 6E
F00:0453       			move.w	(a0),d0					; current music BPM
               S01:0000090C:  30 10
F00:0454       			cmp.w	.curBpm(pc),d0
               S01:0000090E:  B0 7A FF 66
F00:0455       			beq.s	.noChg
               S01:00000912:  67 1A
F00:0456       			lea		.curBpm(pc),a2			
               S01:00000914:  45 FA FF 60
F00:0457       			move.w	d0,(a2)					; current BPM
               S01:00000918:  34 80
F00:0458       			move.l	.ciaClock(pc),d1
               S01:0000091A:  22 3A FF 56
F00:0459       			divu.w	d0,d1
               S01:0000091E:  82 C0
F00:0460       			move.b	d1,$bfd400
               S01:00000920:  13 C1 00 BF D4 00
F00:0461       			lsr.w 	#8,d1
               S01:00000926:  E0 49
F00:0462       			move.b	d1,$bfd500			
               S01:00000928:  13 C1 00 BF D5 00
F00:0463       .noChg:		lea		.LSP_DmaconIrq(pc),a0
               S01:0000092E:  41 FA 00 20
F00:0464       			move.l	.irqVector(pc),a1
               S01:00000932:  22 7A FF 3A
F00:0465       			move.l	a0,(a1)
               S01:00000936:  22 88
F00:0466       			move.b	#$19,$bfdf00			; start timerB, one shot
               S01:00000938:  13 FC 00 19 00 BF DF 00
F00:0467       			movem.l	(a7)+,d0-a6
               S01:00000940:  4C DF 7F FF
F00:0468       .skipa:		move.w	#$2000,$dff09c
               S01:00000944:  33 FC 20 00 00 DF F0 9C
F00:0469       			nop
               S01:0000094C:  4E 71
F00:0470       			rte
               S01:0000094E:  4E 73
F00:0471       .LSP_DmaconIrq:
F00:0472       			btst.b	#1,$bfdd00
               S01:00000950:  08 39 00 01 00 BF DD 00
F00:0473       			beq.s	.skipb
               S01:00000958:  67 16
F00:0474       			move.w	.LSPDmaCon(pc),$dff096
               S01:0000095A:  33 FA FF 10 00 DF F0 96
F00:0475       			pea		(a0)
               S01:00000962:  48 50
F00:0476       			move.l	.irqVector(pc),a0
               S01:00000964:  20 7A FF 08
F00:0477       			pea		.LSP_MainIrq(pc)
               S01:00000968:  48 7A FF 86
F00:0478       			move.l	(a7)+,(a0)
               S01:0000096C:  20 9F
F00:0479       			move.l	(a7)+,a0
               S01:0000096E:  20 5F
F00:0480       .skipb:		move.w	#$2000,$dff09c
               S01:00000970:  33 FC 20 00 00 DF F0 9C
F00:0481       			nop
               S01:00000978:  4E 71
F00:0482       			rte
               S01:0000097A:  4E 73
F00:0483       LSP_MusicDriver_CIA_Stop:
F00:0484       			move.b	#$7f,$bfdd00
               S01:0000097C:  13 FC 00 7F 00 BF DD 00
F00:0485       			move.w	#$2000,$dff09a
               S01:00000984:  33 FC 20 00 00 DF F0 9A
F00:0486       			move.w	#$2000,$dff09c
               S01:0000098C:  33 FC 20 00 00 DF F0 9C
F00:0487       			move.w	#$000f,$dff096
               S01:00000994:  33 FC 00 0F 00 DF F0 96
F00:0488       			rts
               S01:0000099C:  4E 75
F00:0489       			
F00:0490       LSP_MusicInit:
F00:0491       			cmpi.l	#'LSP1',(a0)+
               S01:0000099E:  0C 98 4C 53 50 31
F00:0492       			bne		.dataError
               S01:000009A4:  66 00 00 BE
F00:0493       			move.l	(a0)+,d0		; unique id
               S01:000009A8:  20 18
F00:0494       			cmp.l	(a1),d0			; check sample bank matches the lsmusic file
               S01:000009AA:  B0 91
F00:0495       			bne		.dataError
               S01:000009AC:  66 00 00 B6
F00:0496       			lea		LSP_State(pc),a3
               S01:000009B0:  47 FA 01 DE
F00:0497       			move.l	a2,m_dmaconPatch(a3)
               S01:000009B4:  27 4A 00 08
F00:0498       			move.w	#$8000,-1(a2)			; Be sure DMACon word is $8000 (note: a2 should be ODD address)
               S01:000009B8:  35 7C 80 00 FF FF
F00:0499       			cmpi.w	#$010b,(a0)+			; this play routine supports v1.11 as minimal version of LPConvert.exe
               S01:000009BE:  0C 58 01 0B
F00:0500       			blt		.dataError
               S01:000009C2:  6D 00 00 A0
F00:0501       			movea.l	a0,a4					; relocation flag ad
               S01:000009C6:  28 48
F00:0502       			addq.w	#2,a0					; skip relocation flag
               S01:000009C8:  54 48
F00:0503       			move.w	(a0)+,m_currentBpm(a3)	; default BPM
               S01:000009CA:  37 58 00 1A
F00:0504       			move.w	(a0)+,m_escCodeRewind(a3)
               S01:000009CE:  37 58 00 10
F00:0505       			move.w	(a0)+,m_escCodeSetBpm(a3)
               S01:000009D2:  37 58 00 12
F00:0506       			move.w	(a0)+,m_escCodeGetPos(a3)
               S01:000009D6:  37 58 00 2C
F00:0507       			move.l	(a0)+,-(a7)				; music len in frame ticks
               S01:000009DA:  2F 18
F00:0508       			move.w	(a0)+,d0				; instrument count
               S01:000009DC:  30 18
F00:0509       			lea		-12(a0),a2				; LSP data has -12 offset on instrument tab ( to win 2 cycles in insane player :) )
               S01:000009DE:  45 E8 FF F4
F00:0510       			move.l	a2,m_lspInstruments(a3)	; instrument tab addr ( minus 4 )
               S01:000009E2:  27 4A 00 14
F00:0511       			subq.w	#1,d0
               S01:000009E6:  53 40
F00:0512       			move.l	a1,d1
               S01:000009E8:  22 09
F00:0513       			movea.l	a0,a1					; keep relocated flag
               S01:000009EA:  22 48
F00:0514       .relocLoop:	tst.b	(a4)					; relocation guard
               S01:000009EC:  4A 14
F00:0515       			bne.s	.relocated
               S01:000009EE:  66 06
F00:0516       			add.l	d1,(a0)
               S01:000009F0:  D3 90
F00:0517       			add.l	d1,6(a0)
               S01:000009F2:  D3 A8 00 06
F00:0518       .relocated:	lea		12(a0),a0
               S01:000009F6:  41 E8 00 0C
F00:0519       			dbf		d0,.relocLoop
               S01:000009FA:  51 C8 FF F0
F00:0520       			move.w	(a0)+,d0				; codes table size
               S01:000009FE:  30 18
F00:0521       			move.l	a0,m_codeTableAddr(a3)	; code table
               S01:00000A00:  27 48 00 0C
F00:0522       			add.w	d0,d0
               S01:00000A04:  D0 40
F00:0523       			add.w	d0,a0
               S01:00000A06:  D0 C0
F00:0524       		; read sequence timing infos (if any)
F00:0525       			move.w	(a0)+,m_seqCount(a3)
               S01:00000A08:  37 58 00 24
F00:0526       			beq.s	.noSeq
               S01:00000A0C:  67 2A
F00:0527       			move.l	a0,m_seqTable(a3)
               S01:00000A0E:  27 48 00 26
F00:0528       			clr.w	m_currentSeq(a3)
               S01:00000A12:  42 6B 00 2A
F00:0529       			move.w	m_seqCount(a3),d0
               S01:00000A16:  30 2B 00 24
F00:0530       			moveq	#0,d1
               S01:00000A1A:  72 00
F00:0531       			move.w	d0,d1
               S01:00000A1C:  32 00
F00:0532       			lsl.w	#3,d1			; 8 bytes per entry
               S01:00000A1E:  E7 49
F00:0533       			add.w	#12,d1			; add 3 last 32bits (word stream size, byte stream loop, word stream loop)
               S01:00000A20:  D2 7C 00 0C
F00:0534       			add.l	a0,d1			; word stream data address
               S01:00000A24:  D2 88
F00:0535       			subq.w	#1,d0
               S01:00000A26:  53 40
F00:0536       .seqRel:	tst.b	(a4)
               S01:00000A28:  4A 14
F00:0537       			bne.s	.skipRel
               S01:00000A2A:  66 06
F00:0538       			add.l	d1,(a0)
               S01:00000A2C:  D3 90
F00:0539       			add.l	d1,4(a0)
               S01:00000A2E:  D3 A8 00 04
F00:0540       .skipRel:	addq.w	#8,a0
               S01:00000A32:  50 48
F00:0541       			dbf		d0,.seqRel
               S01:00000A34:  51 C8 FF F2
F00:0542       .noSeq:		movem.l	(a0)+,d0-d2				; word stream size, byte stream loop point, word stream loop point
               S01:00000A38:  4C D8 00 07
F00:0543       			st		(a4)					
               S01:00000A3C:  50 D4
F00:0544       			move.l	a0,m_wordStream(a3)
               S01:00000A3E:  27 48 00 04
F00:0545       			lea		0(a0,d0.l),a1			; byte stream
               S01:00000A42:  43 F0 08 00
F00:0546       			move.l	a1,m_byteStream(a3)
               S01:00000A46:  26 89
F00:0547       			add.l	d2,a0
               S01:00000A48:  D1 C2
F00:0548       			add.l	d1,a1
               S01:00000A4A:  D3 C1
F00:0549       			move.l	a0,m_wordStreamLoop(a3)
               S01:00000A4C:  27 48 00 20
F00:0550       			move.l	a1,m_byteStreamLoop(a3)
               S01:00000A50:  27 49 00 1C
F00:0551       			bset.b	#1,$bfe001				; disabling this fucking Low pass filter!!
               S01:00000A54:  08 F9 00 01 00 BF E0 01
F00:0552       			lea		m_currentBpm(a3),a0
               S01:00000A5C:  41 EB 00 1A
F00:0553       			move.l	(a7)+,d0				; music len in frame ticks
               S01:00000A60:  20 1F
F00:0554       			rts
               S01:00000A62:  4E 75
F00:0555       .dataError:	illegal
               S01:00000A64:  4A FC
F00:0556       ;------------------------------------------------------------------
F00:0557       ;
F00:0558       ;	LSP_MusicPlayTick
F00:0559       ;
F00:0560       ;		In:	a6: should be $dff0a0
F00:0561       ;			Scratched regs: d0/d1/d2/a0/a1/a2/a3/a4/a5
F00:0562       ;		Out:None
F00:0563       ;
F00:0564       ;------------------------------------------------------------------
F00:0565       LSP_MusicPlayTick:
F00:0566       			lea		LSP_State(pc),a1
               S01:00000A66:  43 FA 01 28
F00:0567       			move.l	(a1),a0					; byte stream
               S01:00000A6A:  20 51
F00:0568       			move.l	m_codeTableAddr(a1),a2	; code table
               S01:00000A6C:  24 69 00 0C
F00:0569       .process:	moveq	#0,d0
               S01:00000A70:  70 00
F00:0570       .cloop:		move.b	(a0)+,d0
               S01:00000A72:  10 18
F00:0571       			beq		.cextended
               S01:00000A74:  67 00 00 A2
F00:0572       			add.w	d0,d0
               S01:00000A78:  D0 40
F00:0573       			move.w	0(a2,d0.w),d0			; code
               S01:00000A7A:  30 32 00 00
F00:0574       			beq		.noInst
               S01:00000A7E:  67 00 00 94
F00:0575       .cmdExec:	add.b	d0,d0
               S01:00000A82:  D0 00
F00:0576       			bcc.s	.noVd
               S01:00000A84:  64 04
F00:0577       			move.b	(a0)+,$d9-$a0(a6)
               S01:00000A86:  1D 58 00 39
F00:0578       .noVd:		add.b	d0,d0
               S01:00000A8A:  D0 00
F00:0579       			bcc.s	.noVc
               S01:00000A8C:  64 04
F00:0580       			move.b	(a0)+,$c9-$a0(a6)
               S01:00000A8E:  1D 58 00 29
F00:0581       .noVc:		add.b	d0,d0
               S01:00000A92:  D0 00
F00:0582       			bcc.s	.noVb
               S01:00000A94:  64 04
F00:0583       			move.b	(a0)+,$b9-$a0(a6)
               S01:00000A96:  1D 58 00 19
F00:0584       .noVb:		add.b	d0,d0
               S01:00000A9A:  D0 00
F00:0585       			bcc.s	.noVa
               S01:00000A9C:  64 04
F00:0586       			move.b	(a0)+,$a9-$a0(a6)
               S01:00000A9E:  1D 58 00 09
F00:0587       .noVa:		
F00:0588       			move.l	a0,(a1)+	; store byte stream ptr
               S01:00000AA2:  22 C8
F00:0589       			move.l	(a1),a0		; word stream
               S01:00000AA4:  20 51
F00:0590       			tst.b	d0
               S01:00000AA6:  4A 00
F00:0591       			beq.s	.noPa
               S01:00000AA8:  67 20
F00:0592       			add.b	d0,d0
               S01:00000AAA:  D0 00
F00:0593       			bcc.s	.noPd
               S01:00000AAC:  64 04
F00:0594       			move.w	(a0)+,$d6-$a0(a6)
               S01:00000AAE:  3D 58 00 36
F00:0595       .noPd:		add.b	d0,d0
               S01:00000AB2:  D0 00
F00:0596       			bcc.s	.noPc
               S01:00000AB4:  64 04
F00:0597       			move.w	(a0)+,$c6-$a0(a6)
               S01:00000AB6:  3D 58 00 26
F00:0598       .noPc:		add.b	d0,d0
               S01:00000ABA:  D0 00
F00:0599       			bcc.s	.noPb
               S01:00000ABC:  64 04
F00:0600       			move.w	(a0)+,$b6-$a0(a6)
               S01:00000ABE:  3D 58 00 16
F00:0601       .noPb:		add.b	d0,d0
               S01:00000AC2:  D0 00
F00:0602       			bcc.s	.noPa
               S01:00000AC4:  64 04
F00:0603       			move.w	(a0)+,$a6-$a0(a6)
               S01:00000AC6:  3D 58 00 06
F00:0604       .noPa:		
F00:0605       			tst.w	d0
               S01:00000ACA:  4A 40
F00:0606       			beq.s	.noInst
               S01:00000ACC:  67 46
F00:0607       			moveq	#0,d1
               S01:00000ACE:  72 00
F00:0608       			move.l	m_lspInstruments-4(a1),a2	; instrument table
               S01:00000AD0:  24 69 00 10
F00:0609       			lea		.resetv+12(pc),a4
               S01:00000AD4:  49 FA 00 8E
F00:0610       			lea		3*16(a6),a5
               S01:00000AD8:  4B EE 00 30
F00:0611       			moveq	#4-1,d2
               S01:00000ADC:  74 03
F00:0612       .vloop:		add.w	d0,d0
               S01:00000ADE:  D0 40
F00:0613       			bcs.s	.setIns
               S01:00000AE0:  65 0E
F00:0614       			add.w	d0,d0
               S01:00000AE2:  D0 40
F00:0615       			bcc.s	.skip
               S01:00000AE4:  64 1E
F00:0616       			move.l	(a4),a3
               S01:00000AE6:  26 54
F00:0617       			move.l	(a3)+,(a5)
               S01:00000AE8:  2A 9B
F00:0618       			move.w	(a3)+,4(a5)
               S01:00000AEA:  3B 5B 00 04
F00:0619       			bra.s	.skip
               S01:00000AEE:  60 14
F00:0620       .setIns:	add.w	(a0)+,a2
               S01:00000AF0:  D4 D8
F00:0621       			add.w	d0,d0
               S01:00000AF2:  D0 40
F00:0622       			bcc.s	.noReset
               S01:00000AF4:  64 06
F00:0623       			bset	d2,d1
               S01:00000AF6:  05 C1
F00:0624       			move.w	d1,$96-$a0(a6)
               S01:00000AF8:  3D 41 FF F6
F00:0625       .noReset:	move.l	(a2)+,(a5)
               S01:00000AFC:  2A 9A
F00:0626       			move.w	(a2)+,4(a5)
               S01:00000AFE:  3B 5A 00 04
F00:0627       			move.l	a2,(a4)
               S01:00000B02:  28 8A
F00:0628       .skip:		subq.w	#4,a4
               S01:00000B04:  59 4C
F00:0629       			lea		-16(a5),a5
               S01:00000B06:  4B ED FF F0
F00:0630       			dbf		d2,.vloop
               S01:00000B0A:  51 CA FF D2
F00:0631       			move.l	m_dmaconPatch-4(a1),a3		; dmacon patch
               S01:00000B0E:  26 69 00 04
F00:0632       			move.b	d1,(a3)						; dmacon			
               S01:00000B12:  16 81
F00:0633       .noInst:	move.l	a0,(a1)			; store word stream (or byte stream if coming from early out)
               S01:00000B14:  22 88
F00:0634       			rts
               S01:00000B16:  4E 75
F00:0635       .cextended:	addi.w	#$100,d0
               S01:00000B18:  06 40 01 00
F00:0636       			move.b	(a0)+,d0
               S01:00000B1C:  10 18
F00:0637       			beq.s	.cextended
               S01:00000B1E:  67 F8
F00:0638       			add.w	d0,d0
               S01:00000B20:  D0 40
F00:0639       			move.w	0(a2,d0.w),d0			; code
               S01:00000B22:  30 32 00 00
F00:0640       			cmp.w	m_escCodeRewind(a1),d0
               S01:00000B26:  B0 69 00 10
F00:0641       			beq.s	.r_rewind
               S01:00000B2A:  67 16
F00:0642       			cmp.w	m_escCodeSetBpm(a1),d0
               S01:00000B2C:  B0 69 00 12
F00:0643       			beq.s	.r_chgbpm
               S01:00000B30:  67 1E
F00:0644       			cmp.w	m_escCodeGetPos(a1),d0
               S01:00000B32:  B0 69 00 2C
F00:0645       			bne		.cmdExec
               S01:00000B36:  66 00 FF 4A
F00:0646       .r_setPos:	move.b	(a0)+,(m_currentSeq+1)(a1)
               S01:00000B3A:  13 58 00 2B
F00:0647       			bra		.process
               S01:00000B3E:  60 00 FF 30
F00:0648       .r_rewind:	
F00:0649       			move.l	m_byteStreamLoop(a1),a0
               S01:00000B42:  20 69 00 1C
F00:0650       			move.l	m_wordStreamLoop(a1),m_wordStream(a1)
               S01:00000B46:  23 69 00 20 00 04
F00:0651       			bra		.process
               S01:00000B4C:  60 00 FF 22
F00:0652       .r_chgbpm:	move.b	(a0)+,(m_currentBpm+1)(a1)	; BPM
               S01:00000B50:  13 58 00 1B
F00:0653       			bra		.process
               S01:00000B54:  60 00 FF 1A
F00:0654       .resetv:	dc.l	0,0,0,0
               S01:00000B58:  00 00 00 00
               S01:00000B5C:  00 00 00 00
               S01:00000B60:  00 00 00 00
               S01:00000B64:  00 00 00 00
F00:0655       ;------------------------------------------------------------------
F00:0656       ;
F00:0657       ;	LSP_MusicSetPos
F00:0658       ;
F00:0659       ;		In: d0: seq position (from 0 to last seq of the song)
F00:0660       ;		Out:None
F00:0661       ;
F00:0662       ;	Force the replay pointer to a seq position. If music wasn't converted
F00:0663       ;	using -setpos option, this func does nothing
F00:0664       ;
F00:0665       ;------------------------------------------------------------------
F00:0666       LSP_MusicSetPos:
F00:0667       			lea		LSP_State(pc),a3
               S01:00000B68:  47 FA 00 26
F00:0668       			move.w	m_seqCount(a3),d1
               S01:00000B6C:  32 2B 00 24
F00:0669       			beq.s	.noTimingInfo
               S01:00000B70:  67 16
F00:0670       			cmp.w	d1,d0
               S01:00000B72:  B0 41
F00:0671       			bge.s	.noTimingInfo
               S01:00000B74:  6C 12
F00:0672       			move.w	d0,m_currentSeq(a3)
               S01:00000B76:  37 40 00 2A
F00:0673       			move.l	m_seqTable(a3),a0
               S01:00000B7A:  20 6B 00 26
F00:0674       			lsl.w	#3,d0
               S01:00000B7E:  E7 48
F00:0675       			add.w	d0,a0
               S01:00000B80:  D0 C0
F00:0676       			move.l	(a0)+,m_wordStream(a3)
               S01:00000B82:  27 58 00 04
F00:0677       			move.l	(a0)+,m_byteStream(a3)
               S01:00000B86:  26 98
F00:0678       .noTimingInfo:
F00:0679       			rts
               S01:00000B88:  4E 75
F00:0680       ;------------------------------------------------------------------
F00:0681       ;
F00:0682       ;	LSP_MusicGetPos
F00:0683       ;
F00:0684       ;		In: None
F00:0685       ;		Out: d0:  seq position (from 0 to last seq of the song)
F00:0686       ;
F00:0687       ;	Get the current seq position. If music wasn't converted with
F00:0688       ;	-getpos option, this func just returns 0
F00:0689       ;
F00:0690       ;------------------------------------------------------------------
F00:0691       LSP_MusicGetPos:			
F00:0692       			move.w	(LSP_State+m_currentSeq)(pc),d0
               S01:00000B8A:  30 3A 00 2E
F00:0693       			rts
               S01:00000B8E:  4E 75
F00:0694       	rsreset
F00:0695       	
F00:0696       m_byteStream:		rs.l	1	;  0 byte stream
F00:0697       m_wordStream:		rs.l	1	;  4 word stream
F00:0698       m_dmaconPatch:		rs.l	1	;  8 m_lfmDmaConPatch
F00:0699       m_codeTableAddr:	rs.l	1	; 12 code table addr
F00:0700       m_escCodeRewind:	rs.w	1	; 16 rewind special escape code
F00:0701       m_escCodeSetBpm:	rs.w	1	; 18 set BPM escape code
F00:0702       m_lspInstruments:	rs.l	1	; 20 LSP instruments table addr
F00:0703       m_relocDone:		rs.w	1	; 24 reloc done flag
F00:0704       m_currentBpm:		rs.w	1	; 26 current BPM
F00:0705       m_byteStreamLoop:	rs.l	1	; 28 byte stream loop point
F00:0706       m_wordStreamLoop:	rs.l	1	; 32 word stream loop point
F00:0707       m_seqCount:			rs.w	1
F00:0708       m_seqTable:			rs.l	1
F00:0709       m_currentSeq:		rs.w	1
F00:0710       m_escCodeGetPos:	rs.w	1
F00:0711       sizeof_LSPVars:		rs.w	0
F00:0712       LSP_State:			ds.b	sizeof_LSPVars		
F00:0713       lspend:	
F00:0714       	
F00:0715       	rts
               S01:00000BBE:  4E 75
F00:0716       	; ***********  Defining procedure : CookieCut
F00:0717       	;    Procedure type : User-defined procedure
F00:0718       	jmp block34
               S01:00000BC0:  60 0E
F00:0719       cc_src	dc.l	0
               S01:00000BC2:  00 00 00 00
F00:0720       cc_dst	dc.l	0
               S01:00000BC6:  00 00 00 00
F00:0721       cc_mask	dc.l	0
               S01:00000BCA:  00 00 00 00
F00:0722       cc_size	dc.w	0
               S01:00000BCE:  00 00
F00:0723       	 	CNOP 0,4
F00:0724       block34
F00:0725       CookieCut
F00:0726       waitforblitter35
F00:0727       	btst	#14,DMACONR
               S01:00000BD0:  08 39 00 0E 00 DF F0 02
F00:0728       	bne.s	waitforblitter35
               S01:00000BD8:  66 F6
F00:0729       	; Poke command
F00:0730       	move.l #$DFF000,a0
               S01:00000BDA:  20 7C 00 DF F0 00
F00:0731       	add.w #$50,a0; cc_mask
               S01:00000BE0:  41 E8 00 50
F00:0732       	move.l cc_mask,(a0)
               S01:00000BE4:  20 BA FF E4
F00:0733       	
F00:0734       ; //BLTAPT
F00:0735       	; Poke command
F00:0736       	move.l #$DFF000,a0
               S01:00000BE8:  20 7C 00 DF F0 00
F00:0737       	add.w #$4c,a0; cc_src
               S01:00000BEE:  41 E8 00 4C
F00:0738       	move.l cc_src,(a0)
               S01:00000BF2:  20 BA FF CE
F00:0739       	
F00:0740       ; //BLTBPT
F00:0741       	; Poke command
F00:0742       	move.l #$DFF000,a0
               S01:00000BF6:  20 7C 00 DF F0 00
F00:0743       	add.w #$48,a0; cc_dst
               S01:00000BFC:  41 E8 00 48
F00:0744       	move.l cc_dst,(a0)
               S01:00000C00:  20 BA FF C4
F00:0745       	
F00:0746       ; //BLTCPT	
F00:0747       	; Poke command
F00:0748       	move.l #$DFF000,a0
               S01:00000C04:  20 7C 00 DF F0 00
F00:0749       	add.w #$54,a0; cc_dst
               S01:00000C0A:  41 E8 00 54
F00:0750       	move.l cc_dst,(a0)
               S01:00000C0E:  20 BA FF B6
F00:0751       	
F00:0752       ; //BLTDPT		
F00:0753       	; Poke command
F00:0754       	move.l #$DFF000,a0
               S01:00000C12:  20 7C 00 DF F0 00
F00:0755       	add.w #$40,a0; #$FCA
               S01:00000C18:  41 E8 00 40
F00:0756       	move.w #$FCA,(a0)
               S01:00000C1C:  30 BC 0F CA
F00:0757       	
F00:0758       ; //BLTCON0	
F00:0759       	; Poke command
F00:0760       	move.l #$DFF000,a0
               S01:00000C20:  20 7C 00 DF F0 00
F00:0761       	add.w #$58,a0; cc_size
               S01:00000C26:  41 E8 00 58
F00:0762       	move.w cc_size,(a0)
               S01:00000C2A:  30 BA FF A2
F00:0763       	rts
               S01:00000C2E:  4E 75
F00:0764       	
F00:0765       ; //BLTSIZE*
F00:0766       ; ///All Channels / Cookie Cut
F00:0767       	; ***********  Defining procedure : DistortCopperLine
F00:0768       	;    Procedure type : User-defined procedure
F00:0769       DistortCopperLine
F00:0770       	moveq.l #0,d1
               S01:00000C30:  72 00
F00:0771       	move.w i,d1          ; Loadvar regular end
               S01:00000C32:  32 3A F5 9C
F00:0772       	moveq.l #0,d2
               S01:00000C36:  74 00
F00:0773       	move.w  row,d2 
               S01:00000C38:  34 3A F9 AE
F00:0774       	; Array is integer, so multiply with 2
F00:0775       	add.w d1,d1
               S01:00000C3C:  D2 41
F00:0776       	lea sine4Copper,a0             ; LoadVariable:: is array
               S01:00000C3E:  41 FA F5 A8
F00:0777       	move.w (a0,d1),d0             ; LoadVariable:: is array
               S01:00000C42:  30 30 10 00
F00:0778       	; Store variable : current
F00:0779       	lsr.w #$8,d0 ; Optimization: simple A := A op Const MUL DIV SHR etc
               S01:00000C46:  E0 48
F00:0780       	cmp.w #$1,d0
               S01:00000C48:  B0 7C 00 01
F00:0781       	bls c_eblock39
               S01:00000C4C:  63 20
F00:0782       c_ctb38: ;Main true block ;keep 
F00:0783       	move.l d6,(a5)+
               S01:00000C4E:  2A C6
F00:0784       	move.l d5,(a5)+
               S01:00000C50:  2A C5
F00:0785       	cmp.w d7,d2
               S01:00000C52:  B4 47
F00:0786       	bne c_edblock91
               S01:00000C54:  66 02
F00:0787       c_ctb89: ;Main true block ;keep 
F00:0788       	move.l a3,(a5)+
               S01:00000C56:  2A CB
F00:0789       c_edblock91
F00:0790       	add.w #$100,d2 ; Optimization: simple A := A op Const ADD SUB OR AND
               S01:00000C58:  D4 7C 01 00
F00:0791       	move.w d2,(a5)+
               S01:00000C5C:  3A C2
F00:0792       	move.w #$fffe,(a5)+
               S01:00000C5E:  3A FC FF FE
F00:0793       	move.l d4,(a5)+
               S01:00000C62:  2A C4
F00:0794       	move.l d3,(a5)+
               S01:00000C64:  2A C3
F00:0795       	cmp.w d7,d2
               S01:00000C66:  B4 47
F00:0796       	bne c_edblock97
               S01:00000C68:  66 02
F00:0797       c_ctb95: ;Main true block ;keep 
F00:0798       	move.l a3,(a5)+
               S01:00000C6A:  2A CB
F00:0799       c_edblock97
F00:0800       	bra.s c_edblock40
               S01:00000C6C:  60 22
F00:0801       c_eblock39
F00:0802       	cmp.w #$0,d0
               S01:00000C6E:  4A 40
F00:0803       	bls c_eblock103
               S01:00000C70:  63 14
F00:0804       c_ctb102: ;Main true block ;keep 
F00:0805       	move.l d6,(a5)+
               S01:00000C72:  2A C6
F00:0806       	move.l d5,(a5)+
               S01:00000C74:  2A C5
F00:0807       	cmp.w d7,d2
               S01:00000C76:  B4 47
F00:0808       	bne c_edblock123
               S01:00000C78:  66 02
F00:0809       c_ctb121: ;Main true block ;keep 
F00:0810       	move.l a3,(a5)+
               S01:00000C7A:  2A CB
F00:0811       c_edblock123
F00:0812       	move.w #$0,curbplmod ; Simple a:=b optimization 
               S01:00000C7C:  33 FC 00 00 00 00 01 DA [R]
F00:0813       	bra.s c_edblock104
               S01:00000C84:  60 0A
F00:0814       c_eblock103
F00:0815       	move.l a6,(a5)+
               S01:00000C86:  2A CE
F00:0816       	move.l a4,(a5)+
               S01:00000C88:  2A CC
F00:0817       	cmp.w d7,d2
               S01:00000C8A:  B4 47
F00:0818       	bne c_edblock130
               S01:00000C8C:  66 02
F00:0819       c_ctb128: ;Main true block ;keep 
F00:0820       	move.l a3,(a5)+
               S01:00000C8E:  2A CB
F00:0821       c_edblock130
F00:0822       c_edblock104
F00:0823       c_edblock40
F00:0824       	cmp.w #$fe,i
               S01:00000C90:  0C 79 00 FE 00 00 01 D0 [R]
F00:0825       	bhs c_eblock135
               S01:00000C98:  64 08
F00:0826       c_ctb134: ;Main true block ;keep 
F00:0827       	add.w #$1,i ; Optimization: simple A := A op Const ADD SUB OR AND
               S01:00000C9A:  52 79 00 00 01 D0 [R]
F00:0828       	bra.s c_edblock136
               S01:00000CA0:  60 08
F00:0829       c_eblock135
F00:0830       	move.w #$0,i ; Simple a:=b optimization 
               S01:00000CA2:  33 FC 00 00 00 00 01 D0 [R]
F00:0831       c_edblock136
F00:0832       	move.w d2,row
               S01:00000CAA:  33 C2 00 00 05 E8 [R]
F00:0833       	rts
               S01:00000CB0:  4E 75
F00:0834       	
F00:0835       	rts
               S01:00000CB2:  4E 75
F00:0836       	; ***********  Defining procedure : ColorCycle
F00:0837       	;    Procedure type : User-defined procedure
F00:0838       ColorCycle
F00:0839       	move.w #$1,colorcycled ; Simple a:=b optimization 
               S01:00000CB4:  33 FC 00 01 00 00 00 B6 [R]
F00:0840       	move.w  #1,$100
               S01:00000CBC:  31 FC 00 01 01 00
F00:0841       	move.l	a5,curcopperpos
               S01:00000CC2:  23 CD 00 00 00 B8 [R]
F00:0842       	
F00:0843       	move.w #$1f,d0
               S01:00000CC8:  30 3C 00 1F
F00:0844       	move.l #image_palette_cycled,a0
               S01:00000CCC:  41 FA F4 7A
F00:0845       	move.l curcopperpos,a1
               S01:00000CD0:  22 7A F3 E6
F00:0846       memcpy38
F00:0847       	move.l (a0)+,(a1)+
               S01:00000CD4:  22 D8
F00:0848       	dbf d0,memcpy38
               S01:00000CD6:  51 C8 FF FC
F00:0849       	add.l #128,a5
               S01:00000CDA:  4B ED 00 80
F00:0850       	
F00:0851       	rts
               S01:00000CDE:  4E 75
F00:0852       	; ***********  Defining procedure : ColorCycleRestore
F00:0853       	;    Procedure type : User-defined procedure
F00:0854       ColorCycleRestore
F00:0855       	move.w #$2,colorcycled ; Simple a:=b optimization 
               S01:00000CE0:  33 FC 00 02 00 00 00 B6 [R]
F00:0856       	move.l	a5,curcopperpos
               S01:00000CE8:  23 CD 00 00 00 B8 [R]
F00:0857       	
F00:0858       	move.w #$1f,d0
               S01:00000CEE:  30 3C 00 1F
F00:0859       	move.l #image_palette,a1
               S01:00000CF2:  43 FA F3 D4
F00:0860       	move.l curcopperpos,a0
               S01:00000CF6:  20 7A F3 C0
F00:0861       memcpy40
F00:0862       	move.l (a1)+,(a0)+
               S01:00000CFA:  20 D9
F00:0863       	dbf d0,memcpy40
               S01:00000CFC:  51 C8 FF FC
F00:0864       	add.l #128,a5
               S01:00000D00:  4B ED 00 80
F00:0865       	
F00:0866       	rts
               S01:00000D04:  4E 75
F00:0867       	; ***********  Defining procedure : CopperEffects
F00:0868       	;    Procedure type : User-defined procedure
F00:0869       CopperEffects
F00:0870       	move.w istart,i ; Simple a:=b optimization 
               S01:00000D06:  33 FA F4 D4 00 00 01 D0 [R]
F00:0871       	move.w #$2c01,row ; Simple a:=b optimization 
               S01:00000D0E:  33 FC 2C 01 00 00 05 E8 [R]
F00:0872       		moveq.l #0,d7
               S01:00000D16:  7E 00
F00:0873       		move.w #$ff01,d7	
               S01:00000D18:  3E 3C FF 01
F00:0874       		move.l #$1080000,d6
               S01:00000D1C:  2C 3C 01 08 00 00
F00:0875       		move.l #$10a0000,d5
               S01:00000D22:  2A 3C 01 0A 00 00
F00:0876       		move.l #$108ffd8,d4
               S01:00000D28:  28 3C 01 08 FF D8
F00:0877       		move.l #$10affd8,d3
               S01:00000D2E:  26 3C 01 0A FF D8
F00:0878       		move.l #$1080028,a6
               S01:00000D34:  2C 7C 01 08 00 28
F00:0879       		move.l #$10a0028,a4
               S01:00000D3A:  28 7C 01 0A 00 28
F00:0880       		move.l #$ffdffffe,a3
               S01:00000D40:  26 7C FF DF FF FE
F00:0881       	
F00:0882       	lea copper_custom,a5
               S01:00000D46:  4B F9 00 00 01 1C [R]
F00:0883       while42
F00:0884       loopstart46
F00:0885       	move.w lightypos,d1          ; Loadvar regular end
               S01:00000D4C:  32 3A F3 6E
F00:0886       	move.w row,d0
               S01:00000D50:  30 3A F8 96
F00:0887       	cmp.w d1,d0
               S01:00000D54:  B0 41
F00:0888       	bhi edblock45
               S01:00000D56:  62 1E
F00:0889       ctb43: ;Main true block ;keep 
F00:0890       	move.w row,(a5)+
               S01:00000D58:  3A FA F8 8E
F00:0891       	move.w #$fffe,(a5)+
               S01:00000D5C:  3A FC FF FE
F00:0892       	cmp.w #$0,beerinput
               S01:00000D60:  4A 79 00 00 01 D8 [R]
F00:0893       	bls edblock59
               S01:00000D66:  63 04
F00:0894       ctb57: ;Main true block ;keep 
F00:0895       	jsr DistortCopperLine
               S01:00000D68:  61 00 FE C6
F00:0896       edblock59
F00:0897       	add.w #$100,row ; Optimization: simple A := A op Const ADD SUB OR AND
               S01:00000D6C:  06 79 01 00 00 00 05 E8 [R]
F00:0898       	jmp while42
               S01:00000D74:  60 D6
F00:0899       edblock45
F00:0900       loopend47
F00:0901       	cmp.w #$6,effectNumber
               S01:00000D76:  0C 79 00 06 00 00 01 DE [R]
F00:0902       	bne edblock65
               S01:00000D7E:  66 20
F00:0903       ctb63: ;Main true block ;keep 
F00:0904       	move.w row,(a5)+
               S01:00000D80:  3A FA F8 66
F00:0905       	move.w #$fffe,(a5)+
               S01:00000D84:  3A FC FF FE
F00:0906       	cmp.w #$0,beerinput
               S01:00000D88:  4A 79 00 00 01 D8 [R]
F00:0907       	bls edblock77
               S01:00000D8E:  63 04
F00:0908       ctb75: ;Main true block ;keep 
F00:0909       	jsr DistortCopperLine
               S01:00000D90:  61 00 FE 9E
F00:0910       edblock77
F00:0911       	jsr ColorCycle
               S01:00000D94:  61 00 FF 1E
F00:0912       	add.w #$100,row ; Optimization: simple A := A op Const ADD SUB OR AND
               S01:00000D98:  06 79 01 00 00 00 05 E8 [R]
F00:0913       edblock65
F00:0914       while80
F00:0915       loopstart84
F00:0916       	; Swapped comparison expressions
F00:0917       	moveq #0,d0
               S01:00000DA0:  70 00
F00:0918       	move.w lightypos,d0     ; BOP move
               S01:00000DA2:  30 3A F3 18
F00:0919       	add.w #$1000,d0 ; simple bop
               S01:00000DA6:  D0 7C 10 00
F00:0920       	cmp.w row,d0
               S01:00000DAA:  B0 7A F8 3C
F00:0921       	blo edblock83
               S01:00000DAE:  65 1E
F00:0922       ctb81: ;Main true block ;keep 
F00:0923       	move.w row,(a5)+
               S01:00000DB0:  3A FA F8 36
F00:0924       	move.w #$fffe,(a5)+
               S01:00000DB4:  3A FC FF FE
F00:0925       	cmp.w #$0,beerinput
               S01:00000DB8:  4A 79 00 00 01 D8 [R]
F00:0926       	bls edblock97
               S01:00000DBE:  63 04
F00:0927       ctb95: ;Main true block ;keep 
F00:0928       	jsr DistortCopperLine
               S01:00000DC0:  61 00 FE 6E
F00:0929       edblock97
F00:0930       	add.w #$100,row ; Optimization: simple A := A op Const ADD SUB OR AND
               S01:00000DC4:  06 79 01 00 00 00 05 E8 [R]
F00:0931       	jmp while80
               S01:00000DCC:  60 D2
F00:0932       edblock83
F00:0933       loopend85
F00:0934       	cmp.w #$6,effectNumber
               S01:00000DCE:  0C 79 00 06 00 00 01 DE [R]
F00:0935       	bne edblock103
               S01:00000DD6:  66 20
F00:0936       ctb101: ;Main true block ;keep 
F00:0937       	move.w row,(a5)+
               S01:00000DD8:  3A FA F8 0E
F00:0938       	move.w #$fffe,(a5)+
               S01:00000DDC:  3A FC FF FE
F00:0939       	jsr ColorCycleRestore
               S01:00000DE0:  61 00 FE FE
F00:0940       	cmp.w #$0,beerinput
               S01:00000DE4:  4A 79 00 00 01 D8 [R]
F00:0941       	bls edblock115
               S01:00000DEA:  63 04
F00:0942       ctb113: ;Main true block ;keep 
F00:0943       	jsr DistortCopperLine
               S01:00000DEC:  61 00 FE 42
F00:0944       edblock115
F00:0945       	add.w #$100,row ; Optimization: simple A := A op Const ADD SUB OR AND
               S01:00000DF0:  06 79 01 00 00 00 05 E8 [R]
F00:0946       edblock103
F00:0947       while118
F00:0948       loopstart122
F00:0949       	cmp.w #$2c01,row
               S01:00000DF8:  0C 79 2C 01 00 00 05 E8 [R]
F00:0950       	blo edblock121
               S01:00000E00:  65 1E
F00:0951       ctb119: ;Main true block ;keep 
F00:0952       	move.w row,(a5)+
               S01:00000E02:  3A FA F7 E4
F00:0953       	move.w #$fffe,(a5)+
               S01:00000E06:  3A FC FF FE
F00:0954       	cmp.w #$0,beerinput
               S01:00000E0A:  4A 79 00 00 01 D8 [R]
F00:0955       	bls edblock135
               S01:00000E10:  63 04
F00:0956       ctb133: ;Main true block ;keep 
F00:0957       	jsr DistortCopperLine
               S01:00000E12:  61 00 FE 1C
F00:0958       edblock135
F00:0959       	add.w #$100,row ; Optimization: simple A := A op Const ADD SUB OR AND
               S01:00000E16:  06 79 01 00 00 00 05 E8 [R]
F00:0960       	jmp while118
               S01:00000E1E:  60 D8
F00:0961       edblock121
F00:0962       loopend123
F00:0963       while138
F00:0964       loopstart142
F00:0965       	cmp.w #$2c01,row
               S01:00000E20:  0C 79 2C 01 00 00 05 E8 [R]
F00:0966       	bhs edblock141
               S01:00000E28:  64 1E
F00:0967       ctb139: ;Main true block ;keep 
F00:0968       	move.w row,(a5)+
               S01:00000E2A:  3A FA F7 BC
F00:0969       	move.w #$fffe,(a5)+
               S01:00000E2E:  3A FC FF FE
F00:0970       	cmp.w #$0,beerinput
               S01:00000E32:  4A 79 00 00 01 D8 [R]
F00:0971       	bls edblock155
               S01:00000E38:  63 04
F00:0972       ctb153: ;Main true block ;keep 
F00:0973       	jsr DistortCopperLine
               S01:00000E3A:  61 00 FD F4
F00:0974       edblock155
F00:0975       	add.w #$100,row ; Optimization: simple A := A op Const ADD SUB OR AND
               S01:00000E3E:  06 79 01 00 00 00 05 E8 [R]
F00:0976       	jmp while138
               S01:00000E46:  60 D8
F00:0977       edblock141
F00:0978       loopend143
F00:0979       	move.w #$ffff,(a5)+
               S01:00000E48:  3A FC FF FF
F00:0980       	move.w #$fffe,(a5)+
               S01:00000E4C:  3A FC FF FE
F00:0981       	cmp.w #$ff,istart
               S01:00000E50:  0C 79 00 FF 00 00 01 DC [R]
F00:0982       	bhs eblock160
               S01:00000E58:  64 08
F00:0983       ctb159: ;Main true block ;keep 
F00:0984       	add.w #$1,istart ; Optimization: simple A := A op Const ADD SUB OR AND
               S01:00000E5A:  52 79 00 00 01 DC [R]
F00:0985       	jmp edblock161
               S01:00000E60:  60 08
F00:0986       eblock160
F00:0987       	move.w #$0,istart ; Simple a:=b optimization 
               S01:00000E62:  33 FC 00 00 00 00 01 DC [R]
F00:0988       edblock161
F00:0989       	rts
               S01:00000E6A:  4E 75
F00:0990       	
F00:0991       ; //Poke16(#$dff180,0,$000);			
F00:0992       	; ***********  Defining procedure : DistortMore
F00:0993       	;    Procedure type : User-defined procedure
F00:0994       DistortMore
F00:0995       	move.w #$0,i ; Simple a:=b optimization 
               S01:00000E6C:  33 FC 00 00 00 00 01 D0 [R]
F00:0996       forloop167
F00:0997       	moveq #0,d0
               S01:00000E74:  70 00
F00:0998       	move.l #0,d2
               S01:00000E76:  74 00
F00:0999       	move.w i,d2          ; Loadvar regular end
               S01:00000E78:  34 3A F3 56
F00:1000       	; Array is integer, so multiply with 2
F00:1001       	lsl #1,d2
               S01:00000E7C:  E3 4A
F00:1002       	lea sine4Copper,a0             ; LoadVariable:: is array
               S01:00000E7E:  41 FA F3 68
F00:1003       	move.w (a0,d2),d1             ; LoadVariable:: is array
               S01:00000E82:  32 30 20 00
F00:1004       	move.w d1,d0     ; BOP move
               S01:00000E86:  30 01
F00:1005       	move.l #0,d2
               S01:00000E88:  74 00
F00:1006       	move.w i,d2          ; Loadvar regular end
               S01:00000E8A:  34 3A F3 44
F00:1007       	; Array is integer, so multiply with 2
F00:1008       	lsl #1,d2
               S01:00000E8E:  E3 4A
F00:1009       	lea sine4CopperAdd,a0             ; LoadVariable:: is array
               S01:00000E90:  41 FA F5 56
F00:1010       	move.w (a0,d2),d1             ; LoadVariable:: is array
               S01:00000E94:  32 30 20 00
F00:1011       	add.w d1,d0 ; simple bop
               S01:00000E98:  D0 41
F00:1012       	; Store variable : sine4Copper
F00:1013       	move.w i,d2          ; Loadvar regular end
               S01:00000E9A:  34 3A F3 34
F00:1014       	lsl #1,d2
               S01:00000E9E:  E3 4A
F00:1015       	lea sine4Copper,a0
               S01:00000EA0:  41 FA F3 46
F00:1016       	move.w d0,(a0,d2)
               S01:00000EA4:  31 80 20 00
F00:1017       loopstart168
F00:1018       	; Create increasecounter
F00:1019       	add.w #$1,i ; Optimization: simple A := A op Const ADD SUB OR AND
               S01:00000EA8:  52 79 00 00 01 D0 [R]
F00:1020       	; end increasecounter
F00:1021       	move #$ff,d0
               S01:00000EAE:  30 3C 00 FF
F00:1022       	cmp.w i,d0
               S01:00000EB2:  B0 7A F3 1C
F00:1023       	bne forloop167
               S01:00000EB6:  66 BC
F00:1024       loopend169
F00:1025       	rts
               S01:00000EB8:  4E 75
F00:1026       	; ***********  Defining procedure : BeerFoam
F00:1027       	;    Procedure type : User-defined procedure
F00:1028       	jmp block172
               S01:00000EBA:  60 08
F00:1029       bf_dstimage	dc.l	0
               S01:00000EBC:  00 00 00 00
F00:1030       foamsize	dc.w	0
               S01:00000EC0:  00 00
F00:1031       foampos	dc.w	0
               S01:00000EC2:  00 00
F00:1032       	 	CNOP 0,4
F00:1033       block172
F00:1034       BeerFoam
F00:1035       	
F00:1036       ; //ablit description:	
F00:1037       ; // - SrcImage 
F00:1038       ; // - DstImage
F00:1039       ; // - SrcShiftBytes: Start Byte to Blit From
F00:1040       ; // - XOffset: X Offset in Bytes (8 Pixel) to Blit To
F00:1041       ; // - YOffset: YOffset to Blit to
F00:1042       ; // - BlitWidth: With in Bytes of the Blit
F00:1043       ; // - BlitSize: Complete Size of the Blit
F00:1044       ; // - BlitAmod
F00:1045       ; // - BlitDmod
F00:1046       ; // - BlitB + BlitCmod
F00:1047       ; // - Channels and Minterm
F00:1048       	move.l #imageFoam,srcimage ; Simple a:=b optimization 
               S01:00000EC4:  23 FC 00 06 0A D0 00 00 01 E4 [R]
F00:1049       	move.l #imageMask,imagemask ; Simple a:=b optimization 
               S01:00000ECE:  23 FC 00 06 0F 44 00 00 01 E0 [R]
F00:1050       	moveq #0,d0
               S01:00000ED8:  70 00
F00:1051       	move.l imagemask,d0     ; BOP move
               S01:00000EDA:  20 3A F3 04
F00:1052       	moveq #0,d1
               S01:00000EDE:  72 00
F00:1053       	move.w #$c,d1     ; BOP move
               S01:00000EE0:  32 3C 00 0C
F00:1054       	; LHS is byte, so initiate advanced op
F00:1055       	; is advanced bop
F00:1056       	moveq #0,d3
               S01:00000EE4:  76 00
F00:1057       	move.w foampos,d3     ; BOP move
               S01:00000EE6:  36 3A FF DA
F00:1058       	sub.w #$3e,d3 ; simple bop
               S01:00000EEA:  96 7C 00 3E
F00:1059       	; Reset register
F00:1060       	moveq #0,d2
               S01:00000EEE:  74 00
F00:1061       	move.w d3,d2     ; Advanced movee
               S01:00000EF0:  34 03
F00:1062       	mulu.w d2,d1
               S01:00000EF2:  C2 C2
F00:1063       	add.l d1,d0 ; simple bop
               S01:00000EF4:  D0 81
F00:1064       	; Store variable : imagemask
F00:1065       	move.l d0,imagemask
               S01:00000EF6:  23 C0 00 00 01 E0 [R]
F00:1066       	moveq #0,d0
               S01:00000EFC:  70 00
F00:1067       	moveq #0,d1
               S01:00000EFE:  72 00
F00:1068       	move.l bf_dstimage,d1     ; BOP move
               S01:00000F00:  22 3A FF BA
F00:1069       	add.l #$e,d1 ; simple bop
               S01:00000F04:  D2 BC 00 00 00 0E
F00:1070       	move.l d1,d0     ; BOP move
               S01:00000F0A:  20 01
F00:1071       	moveq #0,d1
               S01:00000F0C:  72 00
F00:1072       	move.w foampos,d1     ; BOP move
               S01:00000F0E:  32 3A FF B2
F00:1073       	; ORG TYPE of foampos INTEGER
F00:1074       	; LHS is byte, so initiate advanced op
F00:1075       	; is advanced bop
F00:1076       	; Reset register
F00:1077       	moveq #0,d2
               S01:00000F12:  74 00
F00:1078       	move.w #$28,d2     ; Advanced movee
               S01:00000F14:  34 3C 00 28
F00:1079       	mulu.w d2,d1
               S01:00000F18:  C2 C2
F00:1080       	add.l d1,d0 ; simple bop
               S01:00000F1A:  D0 81
F00:1081       	; Store variable : bf_dstimage
F00:1082       	move.l d0,bf_dstimage
               S01:00000F1C:  23 C0 00 00 0E BC [R]
F00:1083       waitforblitter173
F00:1084       	btst	#14,DMACONR
               S01:00000F22:  08 39 00 0E 00 DF F0 02
F00:1085       	bne.s	waitforblitter173
               S01:00000F2A:  66 F6
F00:1086       	; Poke command
F00:1087       	move.l #$DFF000,a0
               S01:00000F2C:  20 7C 00 DF F0 00
F00:1088       	add.w #$44,a0; #$FFFFFFFF
               S01:00000F32:  41 E8 00 44
F00:1089       	move.l #$FFFFFFFF,(a0)
               S01:00000F36:  20 BC FF FF FF FF
F00:1090       	
F00:1091       ; //BltAfwm+BltAlwm
F00:1092       	; Poke command
F00:1093       	move.l #$DFF000,a0
               S01:00000F3C:  20 7C 00 DF F0 00
F00:1094       	add.w #$60,a0; #$1c
               S01:00000F42:  41 E8 00 60
F00:1095       	move.w #$1c,(a0)
               S01:00000F46:  30 BC 00 1C
F00:1096       	
F00:1097       ; //BLTCMOD
F00:1098       	; Poke command
F00:1099       	move.l #$DFF000,a0
               S01:00000F4A:  20 7C 00 DF F0 00
F00:1100       	add.w #$62,a0; #$0
               S01:00000F50:  41 E8 00 62
F00:1101       	move.w #$0,(a0)
               S01:00000F54:  30 BC 00 00
F00:1102       	
F00:1103       ; //BLTBMOD
F00:1104       	; Poke command
F00:1105       	move.l #$DFF000,a0
               S01:00000F58:  20 7C 00 DF F0 00
F00:1106       	add.w #$64,a0; #$0
               S01:00000F5E:  41 E8 00 64
F00:1107       	move.w #$0,(a0)
               S01:00000F62:  30 BC 00 00
F00:1108       	
F00:1109       ; //BLTAMOD
F00:1110       	; Poke command
F00:1111       	move.l #$DFF000,a0
               S01:00000F66:  20 7C 00 DF F0 00
F00:1112       	add.w #$66,a0; #$1c
               S01:00000F6C:  41 E8 00 66
F00:1113       	move.w #$1c,(a0)
               S01:00000F70:  30 BC 00 1C
F00:1114       	
F00:1115       ; //BLTDMOD		
F00:1116       	; Poke command
F00:1117       	move.l #$DFF000,a0
               S01:00000F74:  20 7C 00 DF F0 00
F00:1118       	add.w #$42,a0; #$0
               S01:00000F7A:  41 E8 00 42
F00:1119       	move.w #$0,(a0)
               S01:00000F7E:  30 BC 00 00
F00:1120       	
F00:1121       ; //BLTCON1		
F00:1122       	moveq #0,d0
               S01:00000F82:  70 00
F00:1123       	moveq #0,d1
               S01:00000F84:  72 00
F00:1124       	move.w foamsize,d1     ; BOP move
               S01:00000F86:  32 3A FF 38
F00:1125       	lsl.w #$6,d1 ; simple bop
               S01:00000F8A:  ED 49
F00:1126       	move.w d1,d0     ; BOP move
               S01:00000F8C:  30 01
F00:1127       	add.w #$6,d0 ; simple bop
               S01:00000F8E:  5C 40
F00:1128       	; Store variable : bltsize
F00:1129       	move.w d0,bltsize
               S01:00000F90:  33 C0 00 00 01 D2 [R]
F00:1130       	move.l srcimage,cc_src ; Simple a:=b optimization 
               S01:00000F96:  23 FA F2 4C 00 00 0B C2 [R]
F00:1131       	move.l bf_dstimage,cc_dst ; Simple a:=b optimization 
               S01:00000F9E:  23 FA FF 1C 00 00 0B C6 [R]
F00:1132       	move.l imagemask,cc_mask ; Simple a:=b optimization 
               S01:00000FA6:  23 FA F2 38 00 00 0B CA [R]
F00:1133       	move.w bltsize,cc_size ; Simple a:=b optimization 
               S01:00000FAE:  33 FA F2 22 00 00 0B CE [R]
F00:1134       	jsr CookieCut
               S01:00000FB6:  61 00 FC 18
F00:1135       	add.l #$e4,srcimage ; Optimization: simple A := A op Const ADD SUB OR AND
               S01:00000FBA:  06 B9 00 00 00 E4 00 00 01 E4 [R]
F00:1136       	add.l #$57d0,bf_dstimage ; Optimization: simple A := A op Const ADD SUB OR AND
               S01:00000FC4:  06 B9 00 00 57 D0 00 00 0E BC [R]
F00:1137       	move.l srcimage,cc_src ; Simple a:=b optimization 
               S01:00000FCE:  23 FA F2 14 00 00 0B C2 [R]
F00:1138       	move.l bf_dstimage,cc_dst ; Simple a:=b optimization 
               S01:00000FD6:  23 FA FE E4 00 00 0B C6 [R]
F00:1139       	move.l imagemask,cc_mask ; Simple a:=b optimization 
               S01:00000FDE:  23 FA F2 00 00 00 0B CA [R]
F00:1140       	move.w bltsize,cc_size ; Simple a:=b optimization 
               S01:00000FE6:  33 FA F1 EA 00 00 0B CE [R]
F00:1141       	jsr CookieCut
               S01:00000FEE:  61 00 FB E0
F00:1142       	add.l #$e4,srcimage ; Optimization: simple A := A op Const ADD SUB OR AND
               S01:00000FF2:  06 B9 00 00 00 E4 00 00 01 E4 [R]
F00:1143       	add.l #$57d0,bf_dstimage ; Optimization: simple A := A op Const ADD SUB OR AND
               S01:00000FFC:  06 B9 00 00 57 D0 00 00 0E BC [R]
F00:1144       	move.l srcimage,cc_src ; Simple a:=b optimization 
               S01:00001006:  23 FA F1 DC 00 00 0B C2 [R]
F00:1145       	move.l bf_dstimage,cc_dst ; Simple a:=b optimization 
               S01:0000100E:  23 FA FE AC 00 00 0B C6 [R]
F00:1146       	move.l imagemask,cc_mask ; Simple a:=b optimization 
               S01:00001016:  23 FA F1 C8 00 00 0B CA [R]
F00:1147       	move.w bltsize,cc_size ; Simple a:=b optimization 
               S01:0000101E:  33 FA F1 B2 00 00 0B CE [R]
F00:1148       	jsr CookieCut
               S01:00001026:  61 00 FB A8
F00:1149       	add.l #$e4,srcimage ; Optimization: simple A := A op Const ADD SUB OR AND
               S01:0000102A:  06 B9 00 00 00 E4 00 00 01 E4 [R]
F00:1150       	add.l #$57d0,bf_dstimage ; Optimization: simple A := A op Const ADD SUB OR AND
               S01:00001034:  06 B9 00 00 57 D0 00 00 0E BC [R]
F00:1151       	move.l srcimage,cc_src ; Simple a:=b optimization 
               S01:0000103E:  23 FA F1 A4 00 00 0B C2 [R]
F00:1152       	move.l bf_dstimage,cc_dst ; Simple a:=b optimization 
               S01:00001046:  23 FA FE 74 00 00 0B C6 [R]
F00:1153       	move.l imagemask,cc_mask ; Simple a:=b optimization 
               S01:0000104E:  23 FA F1 90 00 00 0B CA [R]
F00:1154       	move.w bltsize,cc_size ; Simple a:=b optimization 
               S01:00001056:  33 FA F1 7A 00 00 0B CE [R]
F00:1155       	jsr CookieCut
               S01:0000105E:  61 00 FB 70
F00:1156       	add.l #$e4,srcimage ; Optimization: simple A := A op Const ADD SUB OR AND
               S01:00001062:  06 B9 00 00 00 E4 00 00 01 E4 [R]
F00:1157       	add.l #$57d0,bf_dstimage ; Optimization: simple A := A op Const ADD SUB OR AND
               S01:0000106C:  06 B9 00 00 57 D0 00 00 0E BC [R]
F00:1158       	move.l srcimage,cc_src ; Simple a:=b optimization 
               S01:00001076:  23 FA F1 6C 00 00 0B C2 [R]
F00:1159       	move.l bf_dstimage,cc_dst ; Simple a:=b optimization 
               S01:0000107E:  23 FA FE 3C 00 00 0B C6 [R]
F00:1160       	move.l imagemask,cc_mask ; Simple a:=b optimization 
               S01:00001086:  23 FA F1 58 00 00 0B CA [R]
F00:1161       	move.w bltsize,cc_size ; Simple a:=b optimization 
               S01:0000108E:  33 FA F1 42 00 00 0B CE [R]
F00:1162       	jsr CookieCut
               S01:00001096:  61 00 FB 38
F00:1163       	rts
               S01:0000109A:  4E 75
F00:1164       	; ***********  Defining procedure : FillDrinkBeer
F00:1165       	;    Procedure type : User-defined procedure
F00:1166       	jmp block174
               S01:0000109C:  60 0E
F00:1167       dstimage dc.l 0
               S01:0000109E:  00 00 00 00
F00:1168       yoffset	dc.w	0
               S01:000010A2:  00 00
F00:1169       fd_srcimage	dc.l	0
               S01:000010A4:  00 00 00 00
F00:1170       fd_srcimageoffset	dc.l	0
               S01:000010A8:  00 00 00 00
F00:1171       	 	CNOP 0,4
F00:1172       block174
F00:1173       FillDrinkBeer
F00:1174       	
F00:1175       ; //ablit description:	
F00:1176       ; // - SrcImage 
F00:1177       ; // - DstImage
F00:1178       ; // - SrcShiftBytes: Start Byte to Blit From
F00:1179       ; // - XOffset: X Offset in Bytes (8 Pixel) to Blit To
F00:1180       ; // - YOffset: YOffset to Blit to
F00:1181       ; // - BlitWidth: With in Bytes of the Blit
F00:1182       ; // - BlitSize: Complete Size of the Blit
F00:1183       ; // - BlitAmod
F00:1184       ; // - BlitDmod
F00:1185       ; // - BlitB + BlitCmod
F00:1186       ; // - Channels and Minterm
F00:1187       ; //	fd_srcimage := #imageCupFull;
F00:1188       waitforblitter175
F00:1189       	btst	#14,DMACONR
               S01:000010AC:  08 39 00 0E 00 DF F0 02
F00:1190       	bne.s	waitforblitter175
               S01:000010B4:  66 F6
F00:1191       	moveq.l #0,d6
               S01:000010B6:  7C 00
F00:1192       	lea     $dff000,a6 ; Hardware registers
               S01:000010B8:  4D F9 00 DF F0 00
F00:1193       	move.l fd_srcimage,a0
               S01:000010BE:  20 7A FF E4
F00:1194       	move.l dstimage,a1
               S01:000010C2:  22 7A FF DA
F00:1195       	moveq #0,d0
               S01:000010C6:  70 00
F00:1196       	move.w yoffset,d0     ; BOP move
               S01:000010C8:  30 3A FF D8
F00:1197       	; ORG TYPE of yoffset INTEGER
F00:1198       	; LHS is byte, so initiate advanced op
F00:1199       	; is advanced bop
F00:1200       	; Reset register
F00:1201       	moveq #0,d1
               S01:000010CC:  72 00
F00:1202       	move.w #$c,d1     ; Advanced movee
               S01:000010CE:  32 3C 00 0C
F00:1203       	mulu.w d1,d0
               S01:000010D2:  C0 C1
F00:1204       	move.w d0,d6
               S01:000010D4:  3C 00
F00:1205       	move.w #$e,d1
               S01:000010D6:  32 3C 00 0E
F00:1206       	moveq #0,d0
               S01:000010DA:  70 00
F00:1207       	move.w yoffset,d0     ; BOP move
               S01:000010DC:  30 3A FF C4
F00:1208       	add.w #$52,d0 ; simple bop
               S01:000010E0:  D0 7C 00 52
F00:1209       	move.w d0,d2
               S01:000010E4:  34 00
F00:1210       	move.w #$28,d3
               S01:000010E6:  36 3C 00 28
F00:1211       	move.w #$86,d4
               S01:000010EA:  38 3C 00 86
F00:1212       	move.w #$0,BLTAMOD(a6)
               S01:000010EE:  3D 7C 00 00 00 64
F00:1213       	move.w #$0,BLTBMOD(a6)
               S01:000010F4:  3D 7C 00 00 00 62
F00:1214       	move.w #$0,BLTCMOD(a6)
               S01:000010FA:  3D 7C 00 00 00 60
F00:1215       	move.w #$1c,BLTDMOD(a6)
               S01:00001100:  3D 7C 00 1C 00 66
F00:1216       	move.w #$9f0,d0
               S01:00001106:  30 3C 09 F0
F00:1217       	move.w  #0,BLTCON1(a6) ;    issa 0   BLTCON1
               S01:0000110A:  3D 7C 00 00 00 42
F00:1218       	jsr blitter
               S01:00001110:  61 00 0D 00
F00:1219       	moveq #0,d0
               S01:00001114:  70 00
F00:1220       	move.l fd_srcimageoffset,d0     ; BOP move
               S01:00001116:  20 3A FF 90
F00:1221       	add.l fd_srcimage,d0 ; simple bop
               S01:0000111A:  D0 BA FF 88
F00:1222       	; Store variable : fd_srcimage
F00:1223       	move.l d0,fd_srcimage
               S01:0000111E:  23 C0 00 00 10 A4 [R]
F00:1224       	add.l #$57d0,dstimage ; Optimization: simple A := A op Const ADD SUB OR AND
               S01:00001124:  06 B9 00 00 57 D0 00 00 10 9E [R]
F00:1225       waitforblitter176
F00:1226       	btst	#14,DMACONR
               S01:0000112E:  08 39 00 0E 00 DF F0 02
F00:1227       	bne.s	waitforblitter176
               S01:00001136:  66 F6
F00:1228       	moveq.l #0,d6
               S01:00001138:  7C 00
F00:1229       	lea     $dff000,a6 ; Hardware registers
               S01:0000113A:  4D F9 00 DF F0 00
F00:1230       	move.l fd_srcimage,a0
               S01:00001140:  20 7A FF 62
F00:1231       	move.l dstimage,a1
               S01:00001144:  22 7A FF 58
F00:1232       	moveq #0,d0
               S01:00001148:  70 00
F00:1233       	move.w yoffset,d0     ; BOP move
               S01:0000114A:  30 3A FF 56
F00:1234       	; ORG TYPE of yoffset INTEGER
F00:1235       	; LHS is byte, so initiate advanced op
F00:1236       	; is advanced bop
F00:1237       	; Reset register
F00:1238       	moveq #0,d1
               S01:0000114E:  72 00
F00:1239       	move.w #$c,d1     ; Advanced movee
               S01:00001150:  32 3C 00 0C
F00:1240       	mulu.w d1,d0
               S01:00001154:  C0 C1
F00:1241       	move.w d0,d6
               S01:00001156:  3C 00
F00:1242       	move.w #$e,d1
               S01:00001158:  32 3C 00 0E
F00:1243       	moveq #0,d0
               S01:0000115C:  70 00
F00:1244       	move.w yoffset,d0     ; BOP move
               S01:0000115E:  30 3A FF 42
F00:1245       	add.w #$52,d0 ; simple bop
               S01:00001162:  D0 7C 00 52
F00:1246       	move.w d0,d2
               S01:00001166:  34 00
F00:1247       	move.w #$28,d3
               S01:00001168:  36 3C 00 28
F00:1248       	move.w #$86,d4
               S01:0000116C:  38 3C 00 86
F00:1249       	move.w #$0,BLTAMOD(a6)
               S01:00001170:  3D 7C 00 00 00 64
F00:1250       	move.w #$0,BLTBMOD(a6)
               S01:00001176:  3D 7C 00 00 00 62
F00:1251       	move.w #$0,BLTCMOD(a6)
               S01:0000117C:  3D 7C 00 00 00 60
F00:1252       	move.w #$1c,BLTDMOD(a6)
               S01:00001182:  3D 7C 00 1C 00 66
F00:1253       	move.w #$9f0,d0
               S01:00001188:  30 3C 09 F0
F00:1254       	move.w  #0,BLTCON1(a6) ;    issa 0   BLTCON1
               S01:0000118C:  3D 7C 00 00 00 42
F00:1255       	jsr blitter
               S01:00001192:  61 00 0C 7E
F00:1256       	moveq #0,d0
               S01:00001196:  70 00
F00:1257       	move.l fd_srcimageoffset,d0     ; BOP move
               S01:00001198:  20 3A FF 0E
F00:1258       	add.l fd_srcimage,d0 ; simple bop
               S01:0000119C:  D0 BA FF 06
F00:1259       	; Store variable : fd_srcimage
F00:1260       	move.l d0,fd_srcimage
               S01:000011A0:  23 C0 00 00 10 A4 [R]
F00:1261       	add.l #$57d0,dstimage ; Optimization: simple A := A op Const ADD SUB OR AND
               S01:000011A6:  06 B9 00 00 57 D0 00 00 10 9E [R]
F00:1262       waitforblitter177
F00:1263       	btst	#14,DMACONR
               S01:000011B0:  08 39 00 0E 00 DF F0 02
F00:1264       	bne.s	waitforblitter177
               S01:000011B8:  66 F6
F00:1265       	moveq.l #0,d6
               S01:000011BA:  7C 00
F00:1266       	lea     $dff000,a6 ; Hardware registers
               S01:000011BC:  4D F9 00 DF F0 00
F00:1267       	move.l fd_srcimage,a0
               S01:000011C2:  20 7A FE E0
F00:1268       	move.l dstimage,a1
               S01:000011C6:  22 7A FE D6
F00:1269       	moveq #0,d0
               S01:000011CA:  70 00
F00:1270       	move.w yoffset,d0     ; BOP move
               S01:000011CC:  30 3A FE D4
F00:1271       	; ORG TYPE of yoffset INTEGER
F00:1272       	; LHS is byte, so initiate advanced op
F00:1273       	; is advanced bop
F00:1274       	; Reset register
F00:1275       	moveq #0,d1
               S01:000011D0:  72 00
F00:1276       	move.w #$c,d1     ; Advanced movee
               S01:000011D2:  32 3C 00 0C
F00:1277       	mulu.w d1,d0
               S01:000011D6:  C0 C1
F00:1278       	move.w d0,d6
               S01:000011D8:  3C 00
F00:1279       	move.w #$e,d1
               S01:000011DA:  32 3C 00 0E
F00:1280       	moveq #0,d0
               S01:000011DE:  70 00
F00:1281       	move.w yoffset,d0     ; BOP move
               S01:000011E0:  30 3A FE C0
F00:1282       	add.w #$52,d0 ; simple bop
               S01:000011E4:  D0 7C 00 52
F00:1283       	move.w d0,d2
               S01:000011E8:  34 00
F00:1284       	move.w #$28,d3
               S01:000011EA:  36 3C 00 28
F00:1285       	move.w #$86,d4
               S01:000011EE:  38 3C 00 86
F00:1286       	move.w #$0,BLTAMOD(a6)
               S01:000011F2:  3D 7C 00 00 00 64
F00:1287       	move.w #$0,BLTBMOD(a6)
               S01:000011F8:  3D 7C 00 00 00 62
F00:1288       	move.w #$0,BLTCMOD(a6)
               S01:000011FE:  3D 7C 00 00 00 60
F00:1289       	move.w #$1c,BLTDMOD(a6)
               S01:00001204:  3D 7C 00 1C 00 66
F00:1290       	move.w #$9f0,d0
               S01:0000120A:  30 3C 09 F0
F00:1291       	move.w  #0,BLTCON1(a6) ;    issa 0   BLTCON1
               S01:0000120E:  3D 7C 00 00 00 42
F00:1292       	jsr blitter
               S01:00001214:  61 00 0B FC
F00:1293       	moveq #0,d0
               S01:00001218:  70 00
F00:1294       	move.l fd_srcimageoffset,d0     ; BOP move
               S01:0000121A:  20 3A FE 8C
F00:1295       	add.l fd_srcimage,d0 ; simple bop
               S01:0000121E:  D0 BA FE 84
F00:1296       	; Store variable : fd_srcimage
F00:1297       	move.l d0,fd_srcimage
               S01:00001222:  23 C0 00 00 10 A4 [R]
F00:1298       	add.l #$57d0,dstimage ; Optimization: simple A := A op Const ADD SUB OR AND
               S01:00001228:  06 B9 00 00 57 D0 00 00 10 9E [R]
F00:1299       waitforblitter178
F00:1300       	btst	#14,DMACONR
               S01:00001232:  08 39 00 0E 00 DF F0 02
F00:1301       	bne.s	waitforblitter178
               S01:0000123A:  66 F6
F00:1302       	moveq.l #0,d6
               S01:0000123C:  7C 00
F00:1303       	lea     $dff000,a6 ; Hardware registers
               S01:0000123E:  4D F9 00 DF F0 00
F00:1304       	move.l fd_srcimage,a0
               S01:00001244:  20 7A FE 5E
F00:1305       	move.l dstimage,a1
               S01:00001248:  22 7A FE 54
F00:1306       	moveq #0,d0
               S01:0000124C:  70 00
F00:1307       	move.w yoffset,d0     ; BOP move
               S01:0000124E:  30 3A FE 52
F00:1308       	; ORG TYPE of yoffset INTEGER
F00:1309       	; LHS is byte, so initiate advanced op
F00:1310       	; is advanced bop
F00:1311       	; Reset register
F00:1312       	moveq #0,d1
               S01:00001252:  72 00
F00:1313       	move.w #$c,d1     ; Advanced movee
               S01:00001254:  32 3C 00 0C
F00:1314       	mulu.w d1,d0
               S01:00001258:  C0 C1
F00:1315       	move.w d0,d6
               S01:0000125A:  3C 00
F00:1316       	move.w #$e,d1
               S01:0000125C:  32 3C 00 0E
F00:1317       	moveq #0,d0
               S01:00001260:  70 00
F00:1318       	move.w yoffset,d0     ; BOP move
               S01:00001262:  30 3A FE 3E
F00:1319       	add.w #$52,d0 ; simple bop
               S01:00001266:  D0 7C 00 52
F00:1320       	move.w d0,d2
               S01:0000126A:  34 00
F00:1321       	move.w #$28,d3
               S01:0000126C:  36 3C 00 28
F00:1322       	move.w #$86,d4
               S01:00001270:  38 3C 00 86
F00:1323       	move.w #$0,BLTAMOD(a6)
               S01:00001274:  3D 7C 00 00 00 64
F00:1324       	move.w #$0,BLTBMOD(a6)
               S01:0000127A:  3D 7C 00 00 00 62
F00:1325       	move.w #$0,BLTCMOD(a6)
               S01:00001280:  3D 7C 00 00 00 60
F00:1326       	move.w #$1c,BLTDMOD(a6)
               S01:00001286:  3D 7C 00 1C 00 66
F00:1327       	move.w #$9f0,d0
               S01:0000128C:  30 3C 09 F0
F00:1328       	move.w  #0,BLTCON1(a6) ;    issa 0   BLTCON1
               S01:00001290:  3D 7C 00 00 00 42
F00:1329       	jsr blitter
               S01:00001296:  61 00 0B 7A
F00:1330       	moveq #0,d0
               S01:0000129A:  70 00
F00:1331       	move.l fd_srcimageoffset,d0     ; BOP move
               S01:0000129C:  20 3A FE 0A
F00:1332       	add.l fd_srcimage,d0 ; simple bop
               S01:000012A0:  D0 BA FE 02
F00:1333       	; Store variable : fd_srcimage
F00:1334       	move.l d0,fd_srcimage
               S01:000012A4:  23 C0 00 00 10 A4 [R]
F00:1335       	add.l #$57d0,dstimage ; Optimization: simple A := A op Const ADD SUB OR AND
               S01:000012AA:  06 B9 00 00 57 D0 00 00 10 9E [R]
F00:1336       waitforblitter179
F00:1337       	btst	#14,DMACONR
               S01:000012B4:  08 39 00 0E 00 DF F0 02
F00:1338       	bne.s	waitforblitter179
               S01:000012BC:  66 F6
F00:1339       	moveq.l #0,d6
               S01:000012BE:  7C 00
F00:1340       	lea     $dff000,a6 ; Hardware registers
               S01:000012C0:  4D F9 00 DF F0 00
F00:1341       	move.l fd_srcimage,a0
               S01:000012C6:  20 7A FD DC
F00:1342       	move.l dstimage,a1
               S01:000012CA:  22 7A FD D2
F00:1343       	moveq #0,d0
               S01:000012CE:  70 00
F00:1344       	move.w yoffset,d0     ; BOP move
               S01:000012D0:  30 3A FD D0
F00:1345       	; ORG TYPE of yoffset INTEGER
F00:1346       	; LHS is byte, so initiate advanced op
F00:1347       	; is advanced bop
F00:1348       	; Reset register
F00:1349       	moveq #0,d1
               S01:000012D4:  72 00
F00:1350       	move.w #$c,d1     ; Advanced movee
               S01:000012D6:  32 3C 00 0C
F00:1351       	mulu.w d1,d0
               S01:000012DA:  C0 C1
F00:1352       	move.w d0,d6
               S01:000012DC:  3C 00
F00:1353       	move.w #$e,d1
               S01:000012DE:  32 3C 00 0E
F00:1354       	moveq #0,d0
               S01:000012E2:  70 00
F00:1355       	move.w yoffset,d0     ; BOP move
               S01:000012E4:  30 3A FD BC
F00:1356       	add.w #$52,d0 ; simple bop
               S01:000012E8:  D0 7C 00 52
F00:1357       	move.w d0,d2
               S01:000012EC:  34 00
F00:1358       	move.w #$28,d3
               S01:000012EE:  36 3C 00 28
F00:1359       	move.w #$86,d4
               S01:000012F2:  38 3C 00 86
F00:1360       	move.w #$0,BLTAMOD(a6)
               S01:000012F6:  3D 7C 00 00 00 64
F00:1361       	move.w #$0,BLTBMOD(a6)
               S01:000012FC:  3D 7C 00 00 00 62
F00:1362       	move.w #$0,BLTCMOD(a6)
               S01:00001302:  3D 7C 00 00 00 60
F00:1363       	move.w #$1c,BLTDMOD(a6)
               S01:00001308:  3D 7C 00 1C 00 66
F00:1364       	move.w #$9f0,d0
               S01:0000130E:  30 3C 09 F0
F00:1365       	move.w  #0,BLTCON1(a6) ;    issa 0   BLTCON1
               S01:00001312:  3D 7C 00 00 00 42
F00:1366       	jsr blitter
               S01:00001318:  61 00 0A F8
F00:1367       	rts
               S01:0000131C:  4E 75
F00:1368       	
F00:1369       ; //	Flips rendering buffer and updates copper list & pointers
F00:1370       ; //
F00:1371       	; ***********  Defining procedure : FlipBuffers
F00:1372       	;    Procedure type : User-defined procedure
F00:1373       FlipBuffers
F00:1374       	cmp.w #$0,curBuf
               S01:0000131E:  4A 79 00 00 00 B2 [R]
F00:1375       	bne eblock183
               S01:00001324:  66 36
F00:1376       ctb182: ;Main true block ;keep 
F00:1377       	move.l #image1,screen ; Simple a:=b optimization 
               S01:00001326:  23 FC 00 02 7B A4 00 00 01 C8 [R]
F00:1378       	moveq #0,d0
               S01:00001330:  70 00
F00:1379       	move.l screen,d0     ; BOP move
               S01:00001332:  20 3A EE 94
F00:1380       	add.l screenOffset,d0 ; simple bop
               S01:00001336:  D0 BA ED 86
F00:1381       	; Store variable : screen
F00:1382       	move.l d0,screen
               S01:0000133A:  23 C0 00 00 01 C8 [R]
F00:1383       	move.l #image2,offscreen ; Simple a:=b optimization 
               S01:00001340:  23 FC 00 04 32 B4 00 00 01 CC [R]
F00:1384       	moveq #0,d0
               S01:0000134A:  70 00
F00:1385       	move.l offscreen,d0     ; BOP move
               S01:0000134C:  20 3A EE 7E
F00:1386       	add.l screenOffset,d0 ; simple bop
               S01:00001350:  D0 BA ED 6C
F00:1387       	; Store variable : offscreen
F00:1388       	move.l d0,offscreen
               S01:00001354:  23 C0 00 00 01 CC [R]
F00:1389       	jmp edblock184
               S01:0000135A:  60 34
F00:1390       eblock183
F00:1391       	move.l #image2,screen ; Simple a:=b optimization 
               S01:0000135C:  23 FC 00 04 32 B4 00 00 01 C8 [R]
F00:1392       	moveq #0,d0
               S01:00001366:  70 00
F00:1393       	move.l screen,d0     ; BOP move
               S01:00001368:  20 3A EE 5E
F00:1394       	add.l screenOffset,d0 ; simple bop
               S01:0000136C:  D0 BA ED 50
F00:1395       	; Store variable : screen
F00:1396       	move.l d0,screen
               S01:00001370:  23 C0 00 00 01 C8 [R]
F00:1397       	move.l #image1,offscreen ; Simple a:=b optimization 
               S01:00001376:  23 FC 00 02 7B A4 00 00 01 CC [R]
F00:1398       	moveq #0,d0
               S01:00001380:  70 00
F00:1399       	move.l offscreen,d0     ; BOP move
               S01:00001382:  20 3A EE 48
F00:1400       	add.l screenOffset,d0 ; simple bop
               S01:00001386:  D0 BA ED 36
F00:1401       	; Store variable : offscreen
F00:1402       	move.l d0,offscreen
               S01:0000138A:  23 C0 00 00 01 CC [R]
F00:1403       edblock184
F00:1404       	; setcopperlist32
F00:1405       	move.l offscreen,a1
               S01:00001390:  22 7A EE 3A
F00:1406       	move.l a1,d0
               S01:00001394:  20 09
F00:1407       	move.l #copper_bitplane0,a0
               S01:00001396:  41 F9 00 00 00 E8 [R]
F00:1408       	move.w d0,6(a0)
               S01:0000139C:  31 40 00 06
F00:1409       	swap d0
               S01:000013A0:  48 40
F00:1410       	move.w d0,2(a0)
               S01:000013A2:  31 40 00 02
F00:1411       	; setcopperlist32
F00:1412       	moveq #0,d1
               S01:000013A6:  72 00
F00:1413       	move.l offscreen,d1     ; BOP move
               S01:000013A8:  22 3A EE 22
F00:1414       	add.l #$57d0,d1 ; simple bop
               S01:000013AC:  D2 BC 00 00 57 D0
F00:1415       	move.l d1,d0
               S01:000013B2:  20 01
F00:1416       	move.l #copper_bitplane1,a0
               S01:000013B4:  41 F9 00 00 00 F0 [R]
F00:1417       	move.w d0,6(a0)
               S01:000013BA:  31 40 00 06
F00:1418       	swap d0
               S01:000013BE:  48 40
F00:1419       	move.w d0,2(a0)
               S01:000013C0:  31 40 00 02
F00:1420       	; setcopperlist32
F00:1421       	moveq #0,d1
               S01:000013C4:  72 00
F00:1422       	move.l offscreen,d1     ; BOP move
               S01:000013C6:  22 3A EE 04
F00:1423       	; NodeBinop : both are pure numeric optimization : #$afa0
F00:1424       	add.l #$afa0,d1 ; simple bop
               S01:000013CA:  D2 BC 00 00 AF A0
F00:1425       	move.l d1,d0
               S01:000013D0:  20 01
F00:1426       	move.l #copper_bitplane2,a0
               S01:000013D2:  41 F9 00 00 00 F8 [R]
F00:1427       	move.w d0,6(a0)
               S01:000013D8:  31 40 00 06
F00:1428       	swap d0
               S01:000013DC:  48 40
F00:1429       	move.w d0,2(a0)
               S01:000013DE:  31 40 00 02
F00:1430       	; setcopperlist32
F00:1431       	moveq #0,d1
               S01:000013E2:  72 00
F00:1432       	move.l offscreen,d1     ; BOP move
               S01:000013E4:  22 3A ED E6
F00:1433       	; NodeBinop : both are pure numeric optimization : #$10770
F00:1434       	add.l #$10770,d1 ; simple bop
               S01:000013E8:  D2 BC 00 01 07 70
F00:1435       	move.l d1,d0
               S01:000013EE:  20 01
F00:1436       	move.l #copper_bitplane3,a0
               S01:000013F0:  41 F9 00 00 01 00 [R]
F00:1437       	move.w d0,6(a0)
               S01:000013F6:  31 40 00 06
F00:1438       	swap d0
               S01:000013FA:  48 40
F00:1439       	move.w d0,2(a0)
               S01:000013FC:  31 40 00 02
F00:1440       	; setcopperlist32
F00:1441       	moveq #0,d1
               S01:00001400:  72 00
F00:1442       	move.l offscreen,d1     ; BOP move
               S01:00001402:  22 3A ED C8
F00:1443       	; NodeBinop : both are pure numeric optimization : #$15f40
F00:1444       	add.l #$15f40,d1 ; simple bop
               S01:00001406:  D2 BC 00 01 5F 40
F00:1445       	move.l d1,d0
               S01:0000140C:  20 01
F00:1446       	move.l #copper_bitplane4,a0
               S01:0000140E:  41 F9 00 00 01 08 [R]
F00:1447       	move.w d0,6(a0)
               S01:00001414:  31 40 00 06
F00:1448       	swap d0
               S01:00001418:  48 40
F00:1449       	move.w d0,2(a0)
               S01:0000141A:  31 40 00 02
F00:1450       	moveq #0,d0
               S01:0000141E:  70 00
F00:1451       	moveq #0,d1
               S01:00001420:  72 00
F00:1452       	move.w curBuf,d1     ; BOP move
               S01:00001422:  32 3A EC 8E
F00:1453       	add.w #$1,d1 ; simple bop
               S01:00001426:  52 41
F00:1454       	move.w d1,d0     ; BOP move
               S01:00001428:  30 01
F00:1455       	and.w #$1,d0 ; simple bop
               S01:0000142A:  C0 7C 00 01
F00:1456       	; Store variable : curBuf
F00:1457       	move.w d0,curBuf
               S01:0000142E:  33 C0 00 00 00 B2 [R]
F00:1458       	rts
               S01:00001434:  4E 75
F00:1459       	; ***********  Defining procedure : RemoveFoam
F00:1460       	;    Procedure type : User-defined procedure
F00:1461       	jmp block189
               S01:00001436:  60 08
F00:1462       rf_dstimage dc.l 0
               S01:00001438:  00 00 00 00
F00:1463       rf_yoffset	dc.w	0
               S01:0000143C:  00 00
F00:1464       	 	CNOP 0,4
F00:1465       block189
F00:1466       RemoveFoam
F00:1467       	cmp.w #$94,rf_yoffset
               S01:00001440:  0C 79 00 94 00 00 14 3C [R]
F00:1468       	bls edblock193
               S01:00001448:  63 08
F00:1469       ctb191: ;Main true block ;keep 
F00:1470       	
F00:1471       ; //ablit description:	
F00:1472       ; // - SrcImage 
F00:1473       ; // - DstImage
F00:1474       ; // - SrcShiftBytes: Start Byte to Blit From
F00:1475       ; // - XOffset: X Offset in Bytes (8 Pixel) to Blit To
F00:1476       ; // - YOffset: YOffset to Blit to
F00:1477       ; // - BlitWidth: With in Bytes of the Blit
F00:1478       ; // - BlitSize: Complete Size of the Blit
F00:1479       ; // - BlitAmod
F00:1480       ; // - BlitDmod
F00:1481       ; // - BlitB + BlitCmod
F00:1482       ; // - Channels and Minterm
F00:1483       	move.w #$94,rf_yoffset ; Simple a:=b optimization 
               S01:0000144A:  33 FC 00 94 00 00 14 3C [R]
F00:1484       edblock193
F00:1485       	move.l #imageRestoreCup,srcimage ; Simple a:=b optimization 
               S01:00001452:  23 FC 00 02 55 AC 00 00 01 E4 [R]
F00:1486       waitforblitter196
F00:1487       	btst	#14,DMACONR
               S01:0000145C:  08 39 00 0E 00 DF F0 02
F00:1488       	bne.s	waitforblitter196
               S01:00001464:  66 F6
F00:1489       	moveq.l #0,d6
               S01:00001466:  7C 00
F00:1490       	lea     $dff000,a6 ; Hardware registers
               S01:00001468:  4D F9 00 DF F0 00
F00:1491       	move.l srcimage,a0
               S01:0000146E:  20 7A ED 74
F00:1492       	move.l rf_dstimage,a1
               S01:00001472:  22 7A FF C4
F00:1493       	moveq #0,d0
               S01:00001476:  70 00
F00:1494       	move.w rf_yoffset,d0     ; BOP move
               S01:00001478:  30 3A FF C2
F00:1495       	; ORG TYPE of rf_yoffset INTEGER
F00:1496       	; LHS is byte, so initiate advanced op
F00:1497       	; is advanced bop
F00:1498       	; Reset register
F00:1499       	moveq #0,d1
               S01:0000147C:  72 00
F00:1500       	move.w #$c,d1     ; Advanced movee
               S01:0000147E:  32 3C 00 0C
F00:1501       	mulu.w d1,d0
               S01:00001482:  C0 C1
F00:1502       	move.w d0,d6
               S01:00001484:  3C 00
F00:1503       	move.w #$e,d1
               S01:00001486:  32 3C 00 0E
F00:1504       	moveq #0,d0
               S01:0000148A:  70 00
F00:1505       	move.w rf_yoffset,d0     ; BOP move
               S01:0000148C:  30 3A FF AE
F00:1506       	add.w #$3e,d0 ; simple bop
               S01:00001490:  D0 7C 00 3E
F00:1507       	move.w d0,d2
               S01:00001494:  34 00
F00:1508       	move.w #$28,d3
               S01:00001496:  36 3C 00 28
F00:1509       	move.w #$146,d4
               S01:0000149A:  38 3C 01 46
F00:1510       	move.w #$0,BLTAMOD(a6)
               S01:0000149E:  3D 7C 00 00 00 64
F00:1511       	move.w #$0,BLTBMOD(a6)
               S01:000014A4:  3D 7C 00 00 00 62
F00:1512       	move.w #$0,BLTCMOD(a6)
               S01:000014AA:  3D 7C 00 00 00 60
F00:1513       	move.w #$1c,BLTDMOD(a6)
               S01:000014B0:  3D 7C 00 1C 00 66
F00:1514       	move.w #$9f0,d0
               S01:000014B6:  30 3C 09 F0
F00:1515       	move.w  #0,BLTCON1(a6) ;    issa 0   BLTCON1
               S01:000014BA:  3D 7C 00 00 00 42
F00:1516       	jsr blitter
               S01:000014C0:  61 00 09 50
F00:1517       	add.l #$798,srcimage ; Optimization: simple A := A op Const ADD SUB OR AND
               S01:000014C4:  06 B9 00 00 07 98 00 00 01 E4 [R]
F00:1518       	add.l #$57d0,rf_dstimage ; Optimization: simple A := A op Const ADD SUB OR AND
               S01:000014CE:  06 B9 00 00 57 D0 00 00 14 38 [R]
F00:1519       waitforblitter197
F00:1520       	btst	#14,DMACONR
               S01:000014D8:  08 39 00 0E 00 DF F0 02
F00:1521       	bne.s	waitforblitter197
               S01:000014E0:  66 F6
F00:1522       	moveq.l #0,d6
               S01:000014E2:  7C 00
F00:1523       	lea     $dff000,a6 ; Hardware registers
               S01:000014E4:  4D F9 00 DF F0 00
F00:1524       	move.l srcimage,a0
               S01:000014EA:  20 7A EC F8
F00:1525       	move.l rf_dstimage,a1
               S01:000014EE:  22 7A FF 48
F00:1526       	moveq #0,d0
               S01:000014F2:  70 00
F00:1527       	move.w rf_yoffset,d0     ; BOP move
               S01:000014F4:  30 3A FF 46
F00:1528       	; ORG TYPE of rf_yoffset INTEGER
F00:1529       	; LHS is byte, so initiate advanced op
F00:1530       	; is advanced bop
F00:1531       	; Reset register
F00:1532       	moveq #0,d1
               S01:000014F8:  72 00
F00:1533       	move.w #$c,d1     ; Advanced movee
               S01:000014FA:  32 3C 00 0C
F00:1534       	mulu.w d1,d0
               S01:000014FE:  C0 C1
F00:1535       	move.w d0,d6
               S01:00001500:  3C 00
F00:1536       	move.w #$e,d1
               S01:00001502:  32 3C 00 0E
F00:1537       	moveq #0,d0
               S01:00001506:  70 00
F00:1538       	move.w rf_yoffset,d0     ; BOP move
               S01:00001508:  30 3A FF 32
F00:1539       	add.w #$3e,d0 ; simple bop
               S01:0000150C:  D0 7C 00 3E
F00:1540       	move.w d0,d2
               S01:00001510:  34 00
F00:1541       	move.w #$28,d3
               S01:00001512:  36 3C 00 28
F00:1542       	move.w #$146,d4
               S01:00001516:  38 3C 01 46
F00:1543       	move.w #$0,BLTAMOD(a6)
               S01:0000151A:  3D 7C 00 00 00 64
F00:1544       	move.w #$0,BLTBMOD(a6)
               S01:00001520:  3D 7C 00 00 00 62
F00:1545       	move.w #$0,BLTCMOD(a6)
               S01:00001526:  3D 7C 00 00 00 60
F00:1546       	move.w #$1c,BLTDMOD(a6)
               S01:0000152C:  3D 7C 00 1C 00 66
F00:1547       	move.w #$9f0,d0
               S01:00001532:  30 3C 09 F0
F00:1548       	move.w  #0,BLTCON1(a6) ;    issa 0   BLTCON1
               S01:00001536:  3D 7C 00 00 00 42
F00:1549       	jsr blitter
               S01:0000153C:  61 00 08 D4
F00:1550       	add.l #$798,srcimage ; Optimization: simple A := A op Const ADD SUB OR AND
               S01:00001540:  06 B9 00 00 07 98 00 00 01 E4 [R]
F00:1551       	add.l #$57d0,rf_dstimage ; Optimization: simple A := A op Const ADD SUB OR AND
               S01:0000154A:  06 B9 00 00 57 D0 00 00 14 38 [R]
F00:1552       waitforblitter198
F00:1553       	btst	#14,DMACONR
               S01:00001554:  08 39 00 0E 00 DF F0 02
F00:1554       	bne.s	waitforblitter198
               S01:0000155C:  66 F6
F00:1555       	moveq.l #0,d6
               S01:0000155E:  7C 00
F00:1556       	lea     $dff000,a6 ; Hardware registers
               S01:00001560:  4D F9 00 DF F0 00
F00:1557       	move.l srcimage,a0
               S01:00001566:  20 7A EC 7C
F00:1558       	move.l rf_dstimage,a1
               S01:0000156A:  22 7A FE CC
F00:1559       	moveq #0,d0
               S01:0000156E:  70 00
F00:1560       	move.w rf_yoffset,d0     ; BOP move
               S01:00001570:  30 3A FE CA
F00:1561       	; ORG TYPE of rf_yoffset INTEGER
F00:1562       	; LHS is byte, so initiate advanced op
F00:1563       	; is advanced bop
F00:1564       	; Reset register
F00:1565       	moveq #0,d1
               S01:00001574:  72 00
F00:1566       	move.w #$c,d1     ; Advanced movee
               S01:00001576:  32 3C 00 0C
F00:1567       	mulu.w d1,d0
               S01:0000157A:  C0 C1
F00:1568       	move.w d0,d6
               S01:0000157C:  3C 00
F00:1569       	move.w #$e,d1
               S01:0000157E:  32 3C 00 0E
F00:1570       	moveq #0,d0
               S01:00001582:  70 00
F00:1571       	move.w rf_yoffset,d0     ; BOP move
               S01:00001584:  30 3A FE B6
F00:1572       	add.w #$3e,d0 ; simple bop
               S01:00001588:  D0 7C 00 3E
F00:1573       	move.w d0,d2
               S01:0000158C:  34 00
F00:1574       	move.w #$28,d3
               S01:0000158E:  36 3C 00 28
F00:1575       	move.w #$146,d4
               S01:00001592:  38 3C 01 46
F00:1576       	move.w #$0,BLTAMOD(a6)
               S01:00001596:  3D 7C 00 00 00 64
F00:1577       	move.w #$0,BLTBMOD(a6)
               S01:0000159C:  3D 7C 00 00 00 62
F00:1578       	move.w #$0,BLTCMOD(a6)
               S01:000015A2:  3D 7C 00 00 00 60
F00:1579       	move.w #$1c,BLTDMOD(a6)
               S01:000015A8:  3D 7C 00 1C 00 66
F00:1580       	move.w #$9f0,d0
               S01:000015AE:  30 3C 09 F0
F00:1581       	move.w  #0,BLTCON1(a6) ;    issa 0   BLTCON1
               S01:000015B2:  3D 7C 00 00 00 42
F00:1582       	jsr blitter
               S01:000015B8:  61 00 08 58
F00:1583       	add.l #$798,srcimage ; Optimization: simple A := A op Const ADD SUB OR AND
               S01:000015BC:  06 B9 00 00 07 98 00 00 01 E4 [R]
F00:1584       	add.l #$57d0,rf_dstimage ; Optimization: simple A := A op Const ADD SUB OR AND
               S01:000015C6:  06 B9 00 00 57 D0 00 00 14 38 [R]
F00:1585       waitforblitter199
F00:1586       	btst	#14,DMACONR
               S01:000015D0:  08 39 00 0E 00 DF F0 02
F00:1587       	bne.s	waitforblitter199
               S01:000015D8:  66 F6
F00:1588       	moveq.l #0,d6
               S01:000015DA:  7C 00
F00:1589       	lea     $dff000,a6 ; Hardware registers
               S01:000015DC:  4D F9 00 DF F0 00
F00:1590       	move.l srcimage,a0
               S01:000015E2:  20 7A EC 00
F00:1591       	move.l rf_dstimage,a1
               S01:000015E6:  22 7A FE 50
F00:1592       	moveq #0,d0
               S01:000015EA:  70 00
F00:1593       	move.w rf_yoffset,d0     ; BOP move
               S01:000015EC:  30 3A FE 4E
F00:1594       	; ORG TYPE of rf_yoffset INTEGER
F00:1595       	; LHS is byte, so initiate advanced op
F00:1596       	; is advanced bop
F00:1597       	; Reset register
F00:1598       	moveq #0,d1
               S01:000015F0:  72 00
F00:1599       	move.w #$c,d1     ; Advanced movee
               S01:000015F2:  32 3C 00 0C
F00:1600       	mulu.w d1,d0
               S01:000015F6:  C0 C1
F00:1601       	move.w d0,d6
               S01:000015F8:  3C 00
F00:1602       	move.w #$e,d1
               S01:000015FA:  32 3C 00 0E
F00:1603       	moveq #0,d0
               S01:000015FE:  70 00
F00:1604       	move.w rf_yoffset,d0     ; BOP move
               S01:00001600:  30 3A FE 3A
F00:1605       	add.w #$3e,d0 ; simple bop
               S01:00001604:  D0 7C 00 3E
F00:1606       	move.w d0,d2
               S01:00001608:  34 00
F00:1607       	move.w #$28,d3
               S01:0000160A:  36 3C 00 28
F00:1608       	move.w #$146,d4
               S01:0000160E:  38 3C 01 46
F00:1609       	move.w #$0,BLTAMOD(a6)
               S01:00001612:  3D 7C 00 00 00 64
F00:1610       	move.w #$0,BLTBMOD(a6)
               S01:00001618:  3D 7C 00 00 00 62
F00:1611       	move.w #$0,BLTCMOD(a6)
               S01:0000161E:  3D 7C 00 00 00 60
F00:1612       	move.w #$1c,BLTDMOD(a6)
               S01:00001624:  3D 7C 00 1C 00 66
F00:1613       	move.w #$9f0,d0
               S01:0000162A:  30 3C 09 F0
F00:1614       	move.w  #0,BLTCON1(a6) ;    issa 0   BLTCON1
               S01:0000162E:  3D 7C 00 00 00 42
F00:1615       	jsr blitter
               S01:00001634:  61 00 07 DC
F00:1616       	add.l #$798,srcimage ; Optimization: simple A := A op Const ADD SUB OR AND
               S01:00001638:  06 B9 00 00 07 98 00 00 01 E4 [R]
F00:1617       	add.l #$57d0,rf_dstimage ; Optimization: simple A := A op Const ADD SUB OR AND
               S01:00001642:  06 B9 00 00 57 D0 00 00 14 38 [R]
F00:1618       waitforblitter200
F00:1619       	btst	#14,DMACONR
               S01:0000164C:  08 39 00 0E 00 DF F0 02
F00:1620       	bne.s	waitforblitter200
               S01:00001654:  66 F6
F00:1621       	moveq.l #0,d6
               S01:00001656:  7C 00
F00:1622       	lea     $dff000,a6 ; Hardware registers
               S01:00001658:  4D F9 00 DF F0 00
F00:1623       	move.l srcimage,a0
               S01:0000165E:  20 7A EB 84
F00:1624       	move.l rf_dstimage,a1
               S01:00001662:  22 7A FD D4
F00:1625       	moveq #0,d0
               S01:00001666:  70 00
F00:1626       	move.w rf_yoffset,d0     ; BOP move
               S01:00001668:  30 3A FD D2
F00:1627       	; ORG TYPE of rf_yoffset INTEGER
F00:1628       	; LHS is byte, so initiate advanced op
F00:1629       	; is advanced bop
F00:1630       	; Reset register
F00:1631       	moveq #0,d1
               S01:0000166C:  72 00
F00:1632       	move.w #$c,d1     ; Advanced movee
               S01:0000166E:  32 3C 00 0C
F00:1633       	mulu.w d1,d0
               S01:00001672:  C0 C1
F00:1634       	move.w d0,d6
               S01:00001674:  3C 00
F00:1635       	move.w #$e,d1
               S01:00001676:  32 3C 00 0E
F00:1636       	moveq #0,d0
               S01:0000167A:  70 00
F00:1637       	move.w rf_yoffset,d0     ; BOP move
               S01:0000167C:  30 3A FD BE
F00:1638       	add.w #$3e,d0 ; simple bop
               S01:00001680:  D0 7C 00 3E
F00:1639       	move.w d0,d2
               S01:00001684:  34 00
F00:1640       	move.w #$28,d3
               S01:00001686:  36 3C 00 28
F00:1641       	move.w #$146,d4
               S01:0000168A:  38 3C 01 46
F00:1642       	move.w #$0,BLTAMOD(a6)
               S01:0000168E:  3D 7C 00 00 00 64
F00:1643       	move.w #$0,BLTBMOD(a6)
               S01:00001694:  3D 7C 00 00 00 62
F00:1644       	move.w #$0,BLTCMOD(a6)
               S01:0000169A:  3D 7C 00 00 00 60
F00:1645       	move.w #$1c,BLTDMOD(a6)
               S01:000016A0:  3D 7C 00 1C 00 66
F00:1646       	move.w #$9f0,d0
               S01:000016A6:  30 3C 09 F0
F00:1647       	move.w  #0,BLTCON1(a6) ;    issa 0   BLTCON1
               S01:000016AA:  3D 7C 00 00 00 42
F00:1648       	jsr blitter
               S01:000016B0:  61 00 07 60
F00:1649       	rts
               S01:000016B4:  4E 75
F00:1650       	; ***********  Defining procedure : EffBeerFoam
F00:1651       	;    Procedure type : User-defined procedure
F00:1652       EffBeerFoam
F00:1653       	add.w #$1,foamCounter ; Optimization: simple A := A op Const ADD SUB OR AND
               S01:000016B6:  52 79 00 00 00 C2 [R]
F00:1654       	move.l screen,bf_dstimage ; Simple a:=b optimization 
               S01:000016BC:  23 FA EB 0A 00 00 0E BC [R]
F00:1655       	move.w foamCounter,foamsize ; Simple a:=b optimization 
               S01:000016C4:  33 FA E9 FC 00 00 0E C0 [R]
F00:1656       	moveq #0,d0
               S01:000016CC:  70 00
F00:1657       	move.w #$d7,d0     ; BOP move
               S01:000016CE:  30 3C 00 D7
F00:1658       	sub.w foamCounter,d0 ; simple bop
               S01:000016D2:  90 7A E9 EE
F00:1659       	; Store variable : foampos
F00:1660       	move.w d0,foampos
               S01:000016D6:  33 C0 00 00 0E C2 [R]
F00:1661       	jsr BeerFoam
               S01:000016DC:  61 00 F7 E6
F00:1662       	rts
               S01:000016E0:  4E 75
F00:1663       	; ***********  Defining procedure : EffBeerFill
F00:1664       	;    Procedure type : User-defined procedure
F00:1665       EffBeerFill
F00:1666       	move.l screen,dstimage ; Simple a:=b optimization 
               S01:000016E2:  23 FA EA E4 00 00 10 9E [R]
F00:1667       	move.w yOffset,yoffset ; Simple a:=b optimization 
               S01:000016EA:  33 FA E9 DA 00 00 10 A2 [R]
F00:1668       	move.l #imageCupFull,fd_srcimage ; Simple a:=b optimization 
               S01:000016F2:  23 FC 00 05 E9 C4 00 00 10 A4 [R]
F00:1669       	moveq #0,d0
               S01:000016FC:  70 00
F00:1670       	move.w #$69c,d0
               S01:000016FE:  30 3C 06 9C
F00:1671       	move.l d0,fd_srcimageoffset
               S01:00001702:  23 C0 00 00 10 A8 [R]
F00:1672       	jsr FillDrinkBeer
               S01:00001708:  61 00 F9 A2
F00:1673       	cmp.w #$1,yOffset
               S01:0000170C:  0C 79 00 01 00 00 00 C6 [R]
F00:1674       	blo edblock206
               S01:00001714:  65 0C
F00:1675       ctb204: ;Main true block ;keep 
F00:1676       	sub.w #$1,yOffset ; Optimization: simple A := A op Const ADD SUB OR AND
               S01:00001716:  53 79 00 00 00 C6 [R]
F00:1677       	add.w #$1,foamCounter ; Optimization: simple A := A op Const ADD SUB OR AND
               S01:0000171C:  52 79 00 00 00 C2 [R]
F00:1678       edblock206
F00:1679       	cmp.w #$13,foamCounter
               S01:00001722:  0C 79 00 13 00 00 00 C2 [R]
F00:1680       	bhi eblock211
               S01:0000172A:  62 26
F00:1681       ctb210: ;Main true block ;keep 
F00:1682       	move.l screen,bf_dstimage ; Simple a:=b optimization 
               S01:0000172C:  23 FA EA 9A 00 00 0E BC [R]
F00:1683       	move.w foamCounter,foamsize ; Simple a:=b optimization 
               S01:00001734:  33 FA E9 8C 00 00 0E C0 [R]
F00:1684       	moveq #0,d0
               S01:0000173C:  70 00
F00:1685       	move.w #$d8,d0     ; BOP move
               S01:0000173E:  30 3C 00 D8
F00:1686       	sub.w foamCounter,d0 ; simple bop
               S01:00001742:  90 7A E9 7E
F00:1687       	; Store variable : foampos
F00:1688       	move.w d0,foampos
               S01:00001746:  33 C0 00 00 0E C2 [R]
F00:1689       	jsr BeerFoam
               S01:0000174C:  61 00 F7 76
F00:1690       	jmp edblock212
               S01:00001750:  60 24
F00:1691       eblock211
F00:1692       	move.l screen,bf_dstimage ; Simple a:=b optimization 
               S01:00001752:  23 FA EA 74 00 00 0E BC [R]
F00:1693       	move.w #$13,foamsize ; Simple a:=b optimization 
               S01:0000175A:  33 FC 00 13 00 00 0E C0 [R]
F00:1694       	moveq #0,d0
               S01:00001762:  70 00
F00:1695       	move.w #$d8,d0     ; BOP move
               S01:00001764:  30 3C 00 D8
F00:1696       	sub.w foamCounter,d0 ; simple bop
               S01:00001768:  90 7A E9 58
F00:1697       	; Store variable : foampos
F00:1698       	move.w d0,foampos
               S01:0000176C:  33 C0 00 00 0E C2 [R]
F00:1699       	jsr BeerFoam
               S01:00001772:  61 00 F7 50
F00:1700       edblock212
F00:1701       	rts
               S01:00001776:  4E 75
F00:1702       	; ***********  Defining procedure : EffBeerDrink
F00:1703       	;    Procedure type : User-defined procedure
F00:1704       EffBeerDrink
F00:1705       	move.l screen,rf_dstimage ; Simple a:=b optimization 
               S01:00001778:  23 FA EA 4E 00 00 14 38 [R]
F00:1706       	move.w yOffset,rf_yoffset ; Simple a:=b optimization 
               S01:00001780:  33 FA E9 44 00 00 14 3C [R]
F00:1707       	jsr RemoveFoam
               S01:00001788:  61 00 FC B6
F00:1708       	cmp.w #$13,foamCounter
               S01:0000178C:  0C 79 00 13 00 00 00 C2 [R]
F00:1709       	bhi eblock220
               S01:00001794:  62 26
F00:1710       ctb219: ;Main true block ;keep 
F00:1711       	move.l screen,bf_dstimage ; Simple a:=b optimization 
               S01:00001796:  23 FA EA 30 00 00 0E BC [R]
F00:1712       	move.w foamCounter,foamsize ; Simple a:=b optimization 
               S01:0000179E:  33 FA E9 22 00 00 0E C0 [R]
F00:1713       	moveq #0,d0
               S01:000017A6:  70 00
F00:1714       	move.w #$d8,d0     ; BOP move
               S01:000017A8:  30 3C 00 D8
F00:1715       	sub.w foamCounter,d0 ; simple bop
               S01:000017AC:  90 7A E9 14
F00:1716       	; Store variable : foampos
F00:1717       	move.w d0,foampos
               S01:000017B0:  33 C0 00 00 0E C2 [R]
F00:1718       	jsr BeerFoam
               S01:000017B6:  61 00 F7 0C
F00:1719       	jmp edblock221
               S01:000017BA:  60 24
F00:1720       eblock220
F00:1721       	move.l screen,bf_dstimage ; Simple a:=b optimization 
               S01:000017BC:  23 FA EA 0A 00 00 0E BC [R]
F00:1722       	move.w #$13,foamsize ; Simple a:=b optimization 
               S01:000017C4:  33 FC 00 13 00 00 0E C0 [R]
F00:1723       	moveq #0,d0
               S01:000017CC:  70 00
F00:1724       	move.w #$d8,d0     ; BOP move
               S01:000017CE:  30 3C 00 D8
F00:1725       	sub.w foamCounter,d0 ; simple bop
               S01:000017D2:  90 7A E8 EE
F00:1726       	; Store variable : foampos
F00:1727       	move.w d0,foampos
               S01:000017D6:  33 C0 00 00 0E C2 [R]
F00:1728       	jsr BeerFoam
               S01:000017DC:  61 00 F6 E6
F00:1729       edblock221
F00:1730       	rts
               S01:000017E0:  4E 75
F00:1731       	; ***********  Defining procedure : EffScrollup
F00:1732       	;    Procedure type : User-defined procedure
F00:1733       EffScrollup
F00:1734       	sub.l #$28,screenOffset ; Optimization: simple A := A op Const ADD SUB OR AND
               S01:000017E2:  04 B9 00 00 00 28 00 00 00 BE [R]
F00:1735       	rts
               S01:000017EC:  4E 75
F00:1736       	; ***********  Defining procedure : EffScrolldown
F00:1737       	;    Procedure type : User-defined procedure
F00:1738       EffScrolldown
F00:1739       	add.l #$28,screenOffset ; Optimization: simple A := A op Const ADD SUB OR AND
               S01:000017EE:  06 B9 00 00 00 28 00 00 00 BE [R]
F00:1740       	rts
               S01:000017F8:  4E 75
F00:1741       	; ***********  Defining procedure : RestoreCup
F00:1742       	;    Procedure type : User-defined procedure
F00:1743       	jmp block228
               S01:000017FA:  60 10
F00:1744       rc_srcimage	dc.l	0
               S01:000017FC:  00 00 00 00
F00:1745       rc_dstimage	dc.l	0
               S01:00001800:  00 00 00 00
F00:1746       rc_yoffset	dc.w	0
               S01:00001804:  00 00
F00:1747       rc_height	dc.l	0
               S01:00001806:  00 00 00 00
F00:1748       	 	CNOP 0,4
F00:1749       block228
F00:1750       RestoreCup
F00:1751       	
F00:1752       ; //ablit description:	
F00:1753       ; // - SrcImage 
F00:1754       ; // - DstImage
F00:1755       ; // - SrcShiftBytes: Start Byte to Blit From
F00:1756       ; // - XOffset: X Offset in Bytes (8 Pixel) to Blit To
F00:1757       ; // - YOffset: YOffset to Blit to
F00:1758       ; // - BlitWidth: With in Bytes of the Blit
F00:1759       ; // - BlitSize: Complete Size of the Blit
F00:1760       ; // - BlitAmod
F00:1761       ; // - BlitDmod
F00:1762       ; // - BlitB + BlitCmod
F00:1763       ; // - Channels and Minterm
F00:1764       	move.l rc_srcimage,srcimage ; Simple a:=b optimization 
               S01:0000180C:  23 FA FF EE 00 00 01 E4 [R]
F00:1765       	moveq #0,d0
               S01:00001814:  70 00
F00:1766       	move.l rc_height,d0     ; BOP move
               S01:00001816:  20 3A FF EE
F00:1767       	; ORG TYPE of rc_height LONG
F00:1768       	; LHS is byte, so initiate advanced op
F00:1769       	; is advanced bop
F00:1770       	; Reset register
F00:1771       	moveq #0,d1
               S01:0000181A:  72 00
F00:1772       	move.w #$c,d1     ; Advanced movee
               S01:0000181C:  32 3C 00 0C
F00:1773       	mulu.w d1,d0
               S01:00001820:  C0 C1
F00:1774       	; Store variable : planeoffset
F00:1775       	move.l d0,planeoffset
               S01:00001822:  23 C0 00 00 05 F0 [R]
F00:1776       	moveq #0,d0
               S01:00001828:  70 00
F00:1777       	moveq #0,d1
               S01:0000182A:  72 00
F00:1778       	move.l rc_height,d1     ; BOP move
               S01:0000182C:  22 3A FF D8
F00:1779       	lsl.l #$6,d1 ; simple bop
               S01:00001830:  ED 89
F00:1780       	move.l d1,d0     ; BOP move
               S01:00001832:  20 01
F00:1781       	add.l #$6,d0 ; simple bop
               S01:00001834:  5C 80
F00:1782       	; Store variable : bltsize
F00:1783       	move.w d0,bltsize
               S01:00001836:  33 C0 00 00 01 D2 [R]
F00:1784       waitforblitter229
F00:1785       	btst	#14,DMACONR
               S01:0000183C:  08 39 00 0E 00 DF F0 02
F00:1786       	bne.s	waitforblitter229
               S01:00001844:  66 F6
F00:1787       	moveq.l #0,d6
               S01:00001846:  7C 00
F00:1788       	lea     $dff000,a6 ; Hardware registers
               S01:00001848:  4D F9 00 DF F0 00
F00:1789       	move.l srcimage,a0
               S01:0000184E:  20 7A E9 94
F00:1790       	move.l rc_dstimage,a1
               S01:00001852:  22 7A FF AC
F00:1791       	move.w #$0,d6
               S01:00001856:  3C 3C 00 00
F00:1792       	move.w #$e,d1
               S01:0000185A:  32 3C 00 0E
F00:1793       	move.w rc_yoffset,d2
               S01:0000185E:  34 3A FF A4
F00:1794       	move.w #$28,d3
               S01:00001862:  36 3C 00 28
F00:1795       	move.w bltsize,d4
               S01:00001866:  38 3A E9 6A
F00:1796       	move.w #$0,BLTAMOD(a6)
               S01:0000186A:  3D 7C 00 00 00 64
F00:1797       	move.w #$0,BLTBMOD(a6)
               S01:00001870:  3D 7C 00 00 00 62
F00:1798       	move.w #$0,BLTCMOD(a6)
               S01:00001876:  3D 7C 00 00 00 60
F00:1799       	move.w #$1c,BLTDMOD(a6)
               S01:0000187C:  3D 7C 00 1C 00 66
F00:1800       	move.w #$9f0,d0
               S01:00001882:  30 3C 09 F0
F00:1801       	move.w  #0,BLTCON1(a6) ;    issa 0   BLTCON1
               S01:00001886:  3D 7C 00 00 00 42
F00:1802       	jsr blitter
               S01:0000188C:  61 00 05 84
F00:1803       	moveq #0,d0
               S01:00001890:  70 00
F00:1804       	move.l planeoffset,d0     ; BOP move
               S01:00001892:  20 3A ED 5C
F00:1805       	add.l srcimage,d0 ; simple bop
               S01:00001896:  D0 BA E9 4C
F00:1806       	; Store variable : srcimage
F00:1807       	move.l d0,srcimage
               S01:0000189A:  23 C0 00 00 01 E4 [R]
F00:1808       	add.l #$57d0,rc_dstimage ; Optimization: simple A := A op Const ADD SUB OR AND
               S01:000018A0:  06 B9 00 00 57 D0 00 00 18 00 [R]
F00:1809       waitforblitter230
F00:1810       	btst	#14,DMACONR
               S01:000018AA:  08 39 00 0E 00 DF F0 02
F00:1811       	bne.s	waitforblitter230
               S01:000018B2:  66 F6
F00:1812       	moveq.l #0,d6
               S01:000018B4:  7C 00
F00:1813       	lea     $dff000,a6 ; Hardware registers
               S01:000018B6:  4D F9 00 DF F0 00
F00:1814       	move.l srcimage,a0
               S01:000018BC:  20 7A E9 26
F00:1815       	move.l rc_dstimage,a1
               S01:000018C0:  22 7A FF 3E
F00:1816       	move.w #$0,d6
               S01:000018C4:  3C 3C 00 00
F00:1817       	move.w #$e,d1
               S01:000018C8:  32 3C 00 0E
F00:1818       	move.w rc_yoffset,d2
               S01:000018CC:  34 3A FF 36
F00:1819       	move.w #$28,d3
               S01:000018D0:  36 3C 00 28
F00:1820       	move.w bltsize,d4
               S01:000018D4:  38 3A E8 FC
F00:1821       	move.w #$0,BLTAMOD(a6)
               S01:000018D8:  3D 7C 00 00 00 64
F00:1822       	move.w #$0,BLTBMOD(a6)
               S01:000018DE:  3D 7C 00 00 00 62
F00:1823       	move.w #$0,BLTCMOD(a6)
               S01:000018E4:  3D 7C 00 00 00 60
F00:1824       	move.w #$1c,BLTDMOD(a6)
               S01:000018EA:  3D 7C 00 1C 00 66
F00:1825       	move.w #$9f0,d0
               S01:000018F0:  30 3C 09 F0
F00:1826       	move.w  #0,BLTCON1(a6) ;    issa 0   BLTCON1
               S01:000018F4:  3D 7C 00 00 00 42
F00:1827       	jsr blitter
               S01:000018FA:  61 00 05 16
F00:1828       	moveq #0,d0
               S01:000018FE:  70 00
F00:1829       	move.l planeoffset,d0     ; BOP move
               S01:00001900:  20 3A EC EE
F00:1830       	add.l srcimage,d0 ; simple bop
               S01:00001904:  D0 BA E8 DE
F00:1831       	; Store variable : srcimage
F00:1832       	move.l d0,srcimage
               S01:00001908:  23 C0 00 00 01 E4 [R]
F00:1833       	add.l #$57d0,rc_dstimage ; Optimization: simple A := A op Const ADD SUB OR AND
               S01:0000190E:  06 B9 00 00 57 D0 00 00 18 00 [R]
F00:1834       waitforblitter231
F00:1835       	btst	#14,DMACONR
               S01:00001918:  08 39 00 0E 00 DF F0 02
F00:1836       	bne.s	waitforblitter231
               S01:00001920:  66 F6
F00:1837       	moveq.l #0,d6
               S01:00001922:  7C 00
F00:1838       	lea     $dff000,a6 ; Hardware registers
               S01:00001924:  4D F9 00 DF F0 00
F00:1839       	move.l srcimage,a0
               S01:0000192A:  20 7A E8 B8
F00:1840       	move.l rc_dstimage,a1
               S01:0000192E:  22 7A FE D0
F00:1841       	move.w #$0,d6
               S01:00001932:  3C 3C 00 00
F00:1842       	move.w #$e,d1
               S01:00001936:  32 3C 00 0E
F00:1843       	move.w rc_yoffset,d2
               S01:0000193A:  34 3A FE C8
F00:1844       	move.w #$28,d3
               S01:0000193E:  36 3C 00 28
F00:1845       	move.w bltsize,d4
               S01:00001942:  38 3A E8 8E
F00:1846       	move.w #$0,BLTAMOD(a6)
               S01:00001946:  3D 7C 00 00 00 64
F00:1847       	move.w #$0,BLTBMOD(a6)
               S01:0000194C:  3D 7C 00 00 00 62
F00:1848       	move.w #$0,BLTCMOD(a6)
               S01:00001952:  3D 7C 00 00 00 60
F00:1849       	move.w #$1c,BLTDMOD(a6)
               S01:00001958:  3D 7C 00 1C 00 66
F00:1850       	move.w #$9f0,d0
               S01:0000195E:  30 3C 09 F0
F00:1851       	move.w  #0,BLTCON1(a6) ;    issa 0   BLTCON1
               S01:00001962:  3D 7C 00 00 00 42
F00:1852       	jsr blitter
               S01:00001968:  61 00 04 A8
F00:1853       	moveq #0,d0
               S01:0000196C:  70 00
F00:1854       	move.l planeoffset,d0     ; BOP move
               S01:0000196E:  20 3A EC 80
F00:1855       	add.l srcimage,d0 ; simple bop
               S01:00001972:  D0 BA E8 70
F00:1856       	; Store variable : srcimage
F00:1857       	move.l d0,srcimage
               S01:00001976:  23 C0 00 00 01 E4 [R]
F00:1858       	add.l #$57d0,rc_dstimage ; Optimization: simple A := A op Const ADD SUB OR AND
               S01:0000197C:  06 B9 00 00 57 D0 00 00 18 00 [R]
F00:1859       waitforblitter232
F00:1860       	btst	#14,DMACONR
               S01:00001986:  08 39 00 0E 00 DF F0 02
F00:1861       	bne.s	waitforblitter232
               S01:0000198E:  66 F6
F00:1862       	moveq.l #0,d6
               S01:00001990:  7C 00
F00:1863       	lea     $dff000,a6 ; Hardware registers
               S01:00001992:  4D F9 00 DF F0 00
F00:1864       	move.l srcimage,a0
               S01:00001998:  20 7A E8 4A
F00:1865       	move.l rc_dstimage,a1
               S01:0000199C:  22 7A FE 62
F00:1866       	move.w #$0,d6
               S01:000019A0:  3C 3C 00 00
F00:1867       	move.w #$e,d1
               S01:000019A4:  32 3C 00 0E
F00:1868       	move.w rc_yoffset,d2
               S01:000019A8:  34 3A FE 5A
F00:1869       	move.w #$28,d3
               S01:000019AC:  36 3C 00 28
F00:1870       	move.w bltsize,d4
               S01:000019B0:  38 3A E8 20
F00:1871       	move.w #$0,BLTAMOD(a6)
               S01:000019B4:  3D 7C 00 00 00 64
F00:1872       	move.w #$0,BLTBMOD(a6)
               S01:000019BA:  3D 7C 00 00 00 62
F00:1873       	move.w #$0,BLTCMOD(a6)
               S01:000019C0:  3D 7C 00 00 00 60
F00:1874       	move.w #$1c,BLTDMOD(a6)
               S01:000019C6:  3D 7C 00 1C 00 66
F00:1875       	move.w #$9f0,d0
               S01:000019CC:  30 3C 09 F0
F00:1876       	move.w  #0,BLTCON1(a6) ;    issa 0   BLTCON1
               S01:000019D0:  3D 7C 00 00 00 42
F00:1877       	jsr blitter
               S01:000019D6:  61 00 04 3A
F00:1878       	moveq #0,d0
               S01:000019DA:  70 00
F00:1879       	move.l planeoffset,d0     ; BOP move
               S01:000019DC:  20 3A EC 12
F00:1880       	add.l srcimage,d0 ; simple bop
               S01:000019E0:  D0 BA E8 02
F00:1881       	; Store variable : srcimage
F00:1882       	move.l d0,srcimage
               S01:000019E4:  23 C0 00 00 01 E4 [R]
F00:1883       	add.l #$57d0,rc_dstimage ; Optimization: simple A := A op Const ADD SUB OR AND
               S01:000019EA:  06 B9 00 00 57 D0 00 00 18 00 [R]
F00:1884       waitforblitter233
F00:1885       	btst	#14,DMACONR
               S01:000019F4:  08 39 00 0E 00 DF F0 02
F00:1886       	bne.s	waitforblitter233
               S01:000019FC:  66 F6
F00:1887       	moveq.l #0,d6
               S01:000019FE:  7C 00
F00:1888       	lea     $dff000,a6 ; Hardware registers
               S01:00001A00:  4D F9 00 DF F0 00
F00:1889       	move.l srcimage,a0
               S01:00001A06:  20 7A E7 DC
F00:1890       	move.l rc_dstimage,a1
               S01:00001A0A:  22 7A FD F4
F00:1891       	move.w #$0,d6
               S01:00001A0E:  3C 3C 00 00
F00:1892       	move.w #$e,d1
               S01:00001A12:  32 3C 00 0E
F00:1893       	move.w rc_yoffset,d2
               S01:00001A16:  34 3A FD EC
F00:1894       	move.w #$28,d3
               S01:00001A1A:  36 3C 00 28
F00:1895       	move.w bltsize,d4
               S01:00001A1E:  38 3A E7 B2
F00:1896       	move.w #$0,BLTAMOD(a6)
               S01:00001A22:  3D 7C 00 00 00 64
F00:1897       	move.w #$0,BLTBMOD(a6)
               S01:00001A28:  3D 7C 00 00 00 62
F00:1898       	move.w #$0,BLTCMOD(a6)
               S01:00001A2E:  3D 7C 00 00 00 60
F00:1899       	move.w #$1c,BLTDMOD(a6)
               S01:00001A34:  3D 7C 00 1C 00 66
F00:1900       	move.w #$9f0,d0
               S01:00001A3A:  30 3C 09 F0
F00:1901       	move.w  #0,BLTCON1(a6) ;    issa 0   BLTCON1
               S01:00001A3E:  3D 7C 00 00 00 42
F00:1902       	jsr blitter
               S01:00001A44:  61 00 03 CC
F00:1903       	rts
               S01:00001A48:  4E 75
F00:1904       	; ***********  Defining procedure : Get_Musicpos
F00:1905       	;    Procedure type : User-defined procedure
F00:1906       Get_Musicpos
F00:1907       		move.w	(LSP_State+m_currentSeq)(pc),musicPos
               S01:00001A4A:  33 FA F1 6E 00 00 01 D4 [R]
F00:1908       	
F00:1909       	rts
               S01:00001A52:  4E 75
F00:1910       	 	CNOP 0,4
F00:1911       block1
F00:1912       	moveq #0,d0
               S01:00001A54:  70 00
F00:1913       	move.w #$0,d0
               S01:00001A56:  30 3C 00 00
F00:1914       	move.l d0,curcopperpos
               S01:00001A5A:  23 C0 00 00 00 B8 [R]
F00:1915       	move.l #music,cs_music ; Simple a:=b optimization 
               S01:00001A60:  23 FC 00 00 00 00 00 00 08 14 [R]
F00:1916       	move.l #bank,cs_bank ; Simple a:=b optimization 
               S01:00001A6A:  23 FC 00 01 D8 08 00 00 08 18 [R]
F00:1917       	move.w #$0,cs_vbr ; Simple a:=b optimization 
               S01:00001A74:  33 FC 00 00 00 00 08 1C [R]
F00:1918       	move.w #$0,cs_palntsc ; Simple a:=b optimization 
               S01:00001A7C:  33 FC 00 00 00 00 08 1E [R]
F00:1919       	jsr LSP_CIAStart
               S01:00001A84:  61 00 ED 9A
F00:1920       	move.l #image1,Graphics_pa ; Simple a:=b optimization 
               S01:00001A88:  23 FC 00 02 7B A4 00 00 00 90 [R]
F00:1921       	move.w #$5,Graphics_bpl ; Simple a:=b optimization 
               S01:00001A92:  33 FC 00 05 00 00 00 94 [R]
F00:1922       	jsr Graphics_SetupNonInterlacedScreen
               S01:00001A9A:  61 00 EB 5C
F00:1923       	jsr FlipBuffers
               S01:00001A9E:  61 00 F8 7E
F00:1924       	move.w #$1f,d0
               S01:00001AA2:  30 3C 00 1F
F00:1925       	move.l #image_palette,a0
               S01:00001AA6:  41 FA E6 20
F00:1926       	move.l #copper_palette,a1
               S01:00001AAA:  43 F9 00 00 00 68 [R]
F00:1927       memcpy235
F00:1928       	move.l (a0)+,(a1)+
               S01:00001AB0:  22 D8
F00:1929       	dbf d0,memcpy235
               S01:00001AB2:  51 C8 FF FC
F00:1930       while236
F00:1931       loopstart240
F00:1932       	cmp.w #$0,isDone
               S01:00001AB6:  4A 79 00 00 00 B4 [R]
F00:1933       	bne edblock239
               S01:00001ABC:  66 00 02 EA
F00:1934       ctb237: ;Main true block ;keep 
F00:1935       waitVB364
F00:1936       	move.l VPOSR,d0
               S01:00001AC0:  20 39 00 DF F0 04
F00:1937       	and.l #$1ff00,d0
               S01:00001AC6:  C0 BC 00 01 FF 00
F00:1938       	cmp.l #300<<8,d0
               S01:00001ACC:  B0 BC 00 01 2C 00
F00:1939       	bne waitVB364
               S01:00001AD2:  66 EC
F00:1940       	move.w #$0,colorcycled ; Simple a:=b optimization 
               S01:00001AD4:  33 FC 00 00 00 00 00 B6 [R]
F00:1941       	jsr FlipBuffers
               S01:00001ADC:  61 00 F8 40
F00:1942       	jsr Get_Musicpos
               S01:00001AE0:  61 00 FF 68
F00:1943       	move #$1,d0
               S01:00001AE4:  30 3C 00 01
F00:1944       	cmp.w effectNumber,d0
               S01:00001AE8:  B0 7A E6 F4
F00:1945       	bne casenext366
               S01:00001AEC:  66 1C
F00:1946       	add.w #$1,eff0Counter ; Optimization: simple A := A op Const ADD SUB OR AND
               S01:00001AEE:  52 79 00 00 00 C4 [R]
F00:1947       	cmp.w #$1e,eff0Counter
               S01:00001AF4:  0C 79 00 1E 00 00 00 C4 [R]
F00:1948       	blo edblock371
               S01:00001AFC:  65 08
F00:1949       ctb369: ;Main true block ;keep 
F00:1950       	move.w #$2,effectNumber ; Simple a:=b optimization 
               S01:00001AFE:  33 FC 00 02 00 00 01 DE [R]
F00:1951       edblock371
F00:1952       	jmp caseend365
               S01:00001B06:  60 00 02 9C
F00:1953       casenext366
F00:1954       	move #$2,d0
               S01:00001B0A:  30 3C 00 02
F00:1955       	cmp.w effectNumber,d0
               S01:00001B0E:  B0 7A E6 CE
F00:1956       	bne casenext374
               S01:00001B12:  66 20
F00:1957       	cmp.w #$c,foamCounter
               S01:00001B14:  0C 79 00 0C 00 00 00 C2 [R]
F00:1958       	bhi eblock378
               S01:00001B1C:  62 06
F00:1959       ctb377: ;Main true block ;keep 
F00:1960       	jsr EffBeerFoam
               S01:00001B1E:  61 00 FB 96
F00:1961       	jmp edblock379
               S01:00001B22:  60 08
F00:1962       eblock378
F00:1963       	move.w #$3,effectNumber ; Simple a:=b optimization 
               S01:00001B24:  33 FC 00 03 00 00 01 DE [R]
F00:1964       edblock379
F00:1965       	jsr CopperEffects
               S01:00001B2C:  61 00 F1 D8
F00:1966       	jmp caseend365
               S01:00001B30:  60 00 02 72
F00:1967       casenext374
F00:1968       	move #$3,d0
               S01:00001B34:  30 3C 00 03
F00:1969       	cmp.w effectNumber,d0
               S01:00001B38:  B0 7A E6 A4
F00:1970       	bne casenext384
               S01:00001B3C:  66 1E
F00:1971       	jsr EffBeerFill
               S01:00001B3E:  61 00 FB A2
F00:1972       	cmp.w #$4,musicPos
               S01:00001B42:  0C 79 00 04 00 00 01 D4 [R]
F00:1973       	bne edblock389
               S01:00001B4A:  66 08
F00:1974       ctb387: ;Main true block ;keep 
F00:1975       	move.w #$4,effectNumber ; Simple a:=b optimization 
               S01:00001B4C:  33 FC 00 04 00 00 01 DE [R]
F00:1976       edblock389
F00:1977       	jsr CopperEffects
               S01:00001B54:  61 00 F1 B0
F00:1978       	jmp caseend365
               S01:00001B58:  60 00 02 4A
F00:1979       casenext384
F00:1980       	move #$4,d0
               S01:00001B5C:  30 3C 00 04
F00:1981       	cmp.w effectNumber,d0
               S01:00001B60:  B0 7A E6 7C
F00:1982       	bne casenext392
               S01:00001B64:  66 26
F00:1983       	cmp.l #$0,screenOffset
               S01:00001B66:  4A B9 00 00 00 BE [R]
F00:1984       	bls eblock396
               S01:00001B6C:  63 06
F00:1985       ctb395: ;Main true block ;keep 
F00:1986       	jsr EffScrollup
               S01:00001B6E:  61 00 FC 72
F00:1987       	jmp edblock397
               S01:00001B72:  60 08
F00:1988       eblock396
F00:1989       	move.w #$5,effectNumber ; Simple a:=b optimization 
               S01:00001B74:  33 FC 00 05 00 00 01 DE [R]
F00:1990       edblock397
F00:1991       	jsr CopperEffects
               S01:00001B7C:  61 00 F1 88
F00:1992       	move.w #$0,tmp ; Simple a:=b optimization 
               S01:00001B80:  33 FC 00 00 00 00 05 EA [R]
F00:1993       	jmp caseend365
               S01:00001B88:  60 00 02 1A
F00:1994       casenext392
F00:1995       	move #$5,d0
               S01:00001B8C:  30 3C 00 05
F00:1996       	cmp.w effectNumber,d0
               S01:00001B90:  B0 7A E6 4C
F00:1997       	bne casenext402
               S01:00001B94:  66 00 00 9C
F00:1998       	cmp.w #$8,musicPos
               S01:00001B98:  0C 79 00 08 00 00 01 D4 [R]
F00:1999       	bne localfailed410
               S01:00001BA0:  66 02
F00:2000       	jmp ctb405
               S01:00001BA2:  60 16
F00:2001       localfailed410: ;keep
F00:2002       	; ; logical OR, second chance
F00:2003       	cmp.w #$20,musicPos
               S01:00001BA4:  0C 79 00 20 00 00 01 D4 [R]
F00:2004       	bne localfailed409
               S01:00001BAC:  66 02
F00:2005       	jmp ctb405
               S01:00001BAE:  60 0A
F00:2006       localfailed409: ;keep
F00:2007       	; ; logical OR, second chance
F00:2008       	cmp.w #$38,musicPos
               S01:00001BB0:  0C 79 00 38 00 00 01 D4 [R]
F00:2009       	bne edblock407
               S01:00001BB8:  66 08
F00:2010       ctb405: ;Main true block ;keep 
F00:2011       	move.w #$6,effectNumber ; Simple a:=b optimization 
               S01:00001BBA:  33 FC 00 06 00 00 01 DE [R]
F00:2012       edblock407
F00:2013       	cmp.w #$2,tmp
               S01:00001BC2:  0C 79 00 02 00 00 05 EA [R]
F00:2014       	bhs edblock415
               S01:00001BCA:  64 58
F00:2015       ctb413: ;Main true block ;keep 
F00:2016       	move.l #imageCupFull,rc_srcimage ; Simple a:=b optimization 
               S01:00001BCC:  23 FC 00 05 E9 C4 00 00 17 FC [R]
F00:2017       	move.l screen,rc_dstimage ; Simple a:=b optimization 
               S01:00001BD6:  23 FA E5 F0 00 00 18 00 [R]
F00:2018       	move.w #$152,rc_yoffset ; Simple a:=b optimization 
               S01:00001BDE:  33 FC 01 52 00 00 18 04 [R]
F00:2019       	moveq #0,d0
               S01:00001BE6:  70 00
F00:2020       	move.w #$8d,d0
               S01:00001BE8:  30 3C 00 8D
F00:2021       	move.l d0,rc_height
               S01:00001BEC:  23 C0 00 00 18 06 [R]
F00:2022       	jsr RestoreCup
               S01:00001BF2:  61 00 FC 18
F00:2023       	moveq #0,d0
               S01:00001BF6:  70 00
F00:2024       	move.l screen,d0     ; BOP move
               S01:00001BF8:  20 3A E5 CE
F00:2025       	add.l #$2800,d0 ; simple bop
               S01:00001BFC:  D0 BC 00 00 28 00
F00:2026       	; Store variable : tmp2
F00:2027       	move.l d0,tmp2
               S01:00001C02:  23 C0 00 00 05 EC [R]
F00:2028       	move.l tmp2,bf_dstimage ; Simple a:=b optimization 
               S01:00001C08:  23 FA E9 E2 00 00 0E BC [R]
F00:2029       	move.w #$13,foamsize ; Simple a:=b optimization 
               S01:00001C10:  33 FC 00 13 00 00 0E C0 [R]
F00:2030       	move.w #$40,foampos ; Simple a:=b optimization 
               S01:00001C18:  33 FC 00 40 00 00 0E C2 [R]
F00:2031       	jsr BeerFoam
               S01:00001C20:  61 00 F2 A2
F00:2032       edblock415
F00:2033       	add.w #$1,tmp ; Optimization: simple A := A op Const ADD SUB OR AND
               S01:00001C24:  52 79 00 00 05 EA [R]
F00:2034       	jsr CopperEffects
               S01:00001C2A:  61 00 F0 DA
F00:2035       	jmp caseend365
               S01:00001C2E:  60 00 01 74
F00:2036       casenext402
F00:2037       	move #$6,d0
               S01:00001C32:  30 3C 00 06
F00:2038       	cmp.w effectNumber,d0
               S01:00001C36:  B0 7A E5 A6
F00:2039       	bne casenext418
               S01:00001C3A:  66 4E
F00:2040       	jsr CopperEffects
               S01:00001C3C:  61 00 F0 C8
F00:2041       	cmp.w #$8901,lightypos
               S01:00001C40:  0C 79 89 01 00 00 00 BC [R]
F00:2042       	bhi eblock422
               S01:00001C48:  62 0A
F00:2043       ctb421: ;Main true block ;keep 
F00:2044       	add.w #$100,lightypos ; Optimization: simple A := A op Const ADD SUB OR AND
               S01:00001C4A:  06 79 01 00 00 00 00 BC [R]
F00:2045       	jmp edblock423
               S01:00001C52:  60 08
F00:2046       eblock422
F00:2047       	move.w #$3001,lightypos ; Simple a:=b optimization 
               S01:00001C54:  33 FC 30 01 00 00 00 BC [R]
F00:2048       edblock423
F00:2049       	cmp.w #$10,musicPos
               S01:00001C5C:  0C 79 00 10 00 00 01 D4 [R]
F00:2050       	bne localfailed434
               S01:00001C64:  66 02
F00:2051       	jmp ctb429
               S01:00001C66:  60 16
F00:2052       localfailed434: ;keep
F00:2053       	; ; logical OR, second chance
F00:2054       	cmp.w #$28,musicPos
               S01:00001C68:  0C 79 00 28 00 00 01 D4 [R]
F00:2055       	bne localfailed433
               S01:00001C70:  66 02
F00:2056       	jmp ctb429
               S01:00001C72:  60 0A
F00:2057       localfailed433: ;keep
F00:2058       	; ; logical OR, second chance
F00:2059       	cmp.w #$40,musicPos
               S01:00001C74:  0C 79 00 40 00 00 01 D4 [R]
F00:2060       	bne edblock431
               S01:00001C7C:  66 08
F00:2061       ctb429: ;Main true block ;keep 
F00:2062       	move.w #$7,effectNumber ; Simple a:=b optimization 
               S01:00001C7E:  33 FC 00 07 00 00 01 DE [R]
F00:2063       edblock431
F00:2064       	jmp caseend365
               S01:00001C86:  60 00 01 1C
F00:2065       casenext418
F00:2066       	move #$7,d0
               S01:00001C8A:  30 3C 00 07
F00:2067       	cmp.w effectNumber,d0
               S01:00001C8E:  B0 7A E5 4E
F00:2068       	bne casenext436
               S01:00001C92:  66 22
F00:2069       	jsr CopperEffects
               S01:00001C94:  61 00 F0 70
F00:2070       	cmp.l #$2800,screenOffset
               S01:00001C98:  0C B9 00 00 28 00 00 00 00 BE [R]
F00:2071       	bhs eblock440
               S01:00001CA2:  64 06
F00:2072       ctb439: ;Main true block ;keep 
F00:2073       	jsr EffScrolldown
               S01:00001CA4:  61 00 FB 48
F00:2074       	jmp edblock441
               S01:00001CA8:  60 08
F00:2075       eblock440
F00:2076       	move.w #$8,effectNumber ; Simple a:=b optimization 
               S01:00001CAA:  33 FC 00 08 00 00 01 DE [R]
F00:2077       edblock441
F00:2078       	jmp caseend365
               S01:00001CB2:  60 00 00 F0
F00:2079       casenext436
F00:2080       	move #$8,d0
               S01:00001CB6:  30 3C 00 08
F00:2081       	cmp.w effectNumber,d0
               S01:00001CBA:  B0 7A E5 22
F00:2082       	bne casenext446
               S01:00001CBE:  66 30
F00:2083       	cmp.w #$18,musicPos
               S01:00001CC0:  0C 79 00 18 00 00 01 D4 [R]
F00:2084       	bne localfailed454
               S01:00001CC8:  66 02
F00:2085       	jmp ctb449
               S01:00001CCA:  60 14
F00:2086       localfailed454: ;keep
F00:2087       	; ; logical OR, second chance
F00:2088       	cmp.w #$2c,musicPos
               S01:00001CCC:  0C 79 00 2C 00 00 01 D4 [R]
F00:2089       	bne localfailed453
               S01:00001CD4:  66 02
F00:2090       	jmp ctb449
               S01:00001CD6:  60 08
F00:2091       localfailed453: ;keep
F00:2092       	; ; logical OR, second chance
F00:2093       	cmp.w #$0,musicPos
               S01:00001CD8:  4A 79 00 00 01 D4 [R]
F00:2094       	bne edblock451
               S01:00001CDE:  66 08
F00:2095       ctb449: ;Main true block ;keep 
F00:2096       	move.w #$9,effectNumber ; Simple a:=b optimization 
               S01:00001CE0:  33 FC 00 09 00 00 01 DE [R]
F00:2097       edblock451
F00:2098       	jsr CopperEffects
               S01:00001CE8:  61 00 F0 1C
F00:2099       	jmp caseend365
               S01:00001CEC:  60 00 00 B6
F00:2100       casenext446
F00:2101       	move #$9,d0
               S01:00001CF0:  30 3C 00 09
F00:2102       	cmp.w effectNumber,d0
               S01:00001CF4:  B0 7A E4 E8
F00:2103       	bne casenext456
               S01:00001CF8:  66 76
F00:2104       	cmp.w #$1,foamCounter
               S01:00001CFA:  0C 79 00 01 00 00 00 C2 [R]
F00:2105       	bls eblock460
               S01:00001D02:  63 12
F00:2106       ctb459: ;Main true block ;keep 
F00:2107       	jsr EffBeerDrink
               S01:00001D04:  61 00 FA 72
F00:2108       	sub.w #$1,foamCounter ; Optimization: simple A := A op Const ADD SUB OR AND
               S01:00001D08:  53 79 00 00 00 C2 [R]
F00:2109       	add.w #$1,yOffset ; Optimization: simple A := A op Const ADD SUB OR AND
               S01:00001D0E:  52 79 00 00 00 C6 [R]
F00:2110       	jmp edblock461
               S01:00001D14:  60 54
F00:2111       eblock460
F00:2112       	move.l #imageRestoreCup,rc_srcimage ; Simple a:=b optimization 
               S01:00001D16:  23 FC 00 02 55 AC 00 00 17 FC [R]
F00:2113       	move.l screen,rc_dstimage ; Simple a:=b optimization 
               S01:00001D20:  23 FA E4 A6 00 00 18 00 [R]
F00:2114       	move.w #$3d,rc_yoffset ; Simple a:=b optimization 
               S01:00001D28:  33 FC 00 3D 00 00 18 04 [R]
F00:2115       	moveq #0,d0
               S01:00001D30:  70 00
F00:2116       	move.w #$a2,d0
               S01:00001D32:  30 3C 00 A2
F00:2117       	move.l d0,rc_height
               S01:00001D36:  23 C0 00 00 18 06 [R]
F00:2118       	jsr RestoreCup
               S01:00001D3C:  61 00 FA CE
F00:2119       	cmp.w #$1c,musicPos
               S01:00001D40:  0C 79 00 1C 00 00 01 D4 [R]
F00:2120       	bne localfailed480
               S01:00001D48:  66 02
F00:2121       	jmp ctb475
               S01:00001D4A:  60 16
F00:2122       localfailed480: ;keep
F00:2123       	; ; logical OR, second chance
F00:2124       	cmp.w #$30,musicPos
               S01:00001D4C:  0C 79 00 30 00 00 01 D4 [R]
F00:2125       	bne localfailed479
               S01:00001D54:  66 02
F00:2126       	jmp ctb475
               S01:00001D56:  60 0A
F00:2127       localfailed479: ;keep
F00:2128       	; ; logical OR, second chance
F00:2129       	cmp.w #$4,musicPos
               S01:00001D58:  0C 79 00 04 00 00 01 D4 [R]
F00:2130       	bne edblock477
               S01:00001D60:  66 08
F00:2131       ctb475: ;Main true block ;keep 
F00:2132       	move.w #$a,effectNumber ; Simple a:=b optimization 
               S01:00001D62:  33 FC 00 0A 00 00 01 DE [R]
F00:2133       edblock477
F00:2134       edblock461
F00:2135       	jsr CopperEffects
               S01:00001D6A:  61 00 EF 9A
F00:2136       	jmp caseend365
               S01:00001D6E:  60 34
F00:2137       casenext456
F00:2138       	move #$a,d0
               S01:00001D70:  30 3C 00 0A
F00:2139       	cmp.w effectNumber,d0
               S01:00001D74:  B0 7A E4 68
F00:2140       	bne casenext482
               S01:00001D78:  66 2A
F00:2141       	add.w #$1,beerinput ; Optimization: simple A := A op Const ADD SUB OR AND
               S01:00001D7A:  52 79 00 00 01 D8 [R]
F00:2142       	jsr DistortMore
               S01:00001D80:  61 00 F0 EA
F00:2143       	move.w #$0,eff0Counter ; Simple a:=b optimization 
               S01:00001D84:  33 FC 00 00 00 00 00 C4 [R]
F00:2144       	move.w #$4,effectNumber ; Simple a:=b optimization 
               S01:00001D8C:  33 FC 00 04 00 00 01 DE [R]
F00:2145       	move.w #$97,foamCounter ; Simple a:=b optimization 
               S01:00001D94:  33 FC 00 97 00 00 00 C2 [R]
F00:2146       	move.w #$1,yOffset ; Simple a:=b optimization 
               S01:00001D9C:  33 FC 00 01 00 00 00 C6 [R]
F00:2147       casenext482
F00:2148       caseend365
F00:2149       	jmp while236
               S01:00001DA4:  60 00 FD 10
F00:2150       edblock239
F00:2151       loopend241
F00:2152       	 	CNOP 0,4
F00:2153       	 	CNOP 0,4
F00:2154       ; exit gracefully - reverse everything done in init
F00:2155       	move.w #$7fff,DMACON
               S01:00001DA8:  33 FC 7F FF 00 DF F0 96
F00:2156       	move.w	olddmareq,DMACON
               S01:00001DB0:  33 FA 00 A6 00 DF F0 96
F00:2157       	move.w #$7fff,INTENA
               S01:00001DB8:  33 FC 7F FF 00 DF F0 9A
F00:2158       	move.w	oldintena,INTENA
               S01:00001DC0:  33 FA 00 9A 00 DF F0 9A
F00:2159       	move.w #$7fff,INTREQ
               S01:00001DC8:  33 FC 7F FF 00 DF F0 9C
F00:2160       	move.w	oldintreq,INTREQ
               S01:00001DD0:  33 FA 00 88 00 DF F0 9C
F00:2161       	move.w #$7fff,ADKCON
               S01:00001DD8:  33 FC 7F FF 00 DF F0 9E
F00:2162       	move.w	oldadkcon,ADKCON
               S01:00001DE0:  33 FA 00 7C 00 DF F0 9E
F00:2163       
F00:2164       	move.l	oldcopper,COP1LCH
               S01:00001DE8:  23 FA 00 62 00 DF F0 80
F00:2165       	move.l 	gfxbase,a6
               S01:00001DF0:  2C 7A 00 5E
F00:2166       	move.l 	oldview,a1
               S01:00001DF4:  22 7A 00 52
F00:2167       	jsr -222(a6)	; LoadView
               S01:00001DF8:  4E AE FF 22
F00:2168       	jsr -270(a6)	; WaitTOF
               S01:00001DFC:  4E AE FE F2
F00:2169       	jsr -270(a6)	; WaitTOF
               S01:00001E00:  4E AE FE F2
F00:2170       	move.l	$4,a6
               S01:00001E04:  2C 78 00 04
F00:2171       	jsr -138(a6)	; Permit
               S01:00001E08:  4E AE FF 76
F00:2172       
F00:2173       	; end program
F00:2174       	movem.l (sp)+,d0-d7/a0-a6
               S01:00001E0C:  4C DF 7F FF
F00:2175       	rts
               S01:00001E10:  4E 75
F00:2176       
F00:2177       
F00:2178       ;** PROCEDURES
F00:2179       ; d6 = src shift
F00:2180       ; d1 = dst x
F00:2181       ; d2 = dst y
F00:2182       ; d3 = modulo
F00:2183       ; a0 = source
F00:2184       ; a1 = dest
F00:2185       ; d4 = blitter size
F00:2186       ; d5 = bltmod
F00:2187       blitter:
F00:2188           add.l   d6,a0
               S01:00001E12:  D1 C6
F00:2189           mulu.w  d3,d2
               S01:00001E14:  C4 C3
F00:2190           add.l   d1,d2
               S01:00001E16:  D4 81
F00:2191           add.l   d2,a1
               S01:00001E18:  D3 C2
F00:2192                               ; Leftshift 1, use channels A and D, copy A -> D
F00:2193       
F00:2194           move.l  #$ffffffff,BLTAFWM(a6) ; Set last word and first word mask BLTAFWM and BLTALWM
               S01:00001E1A:  2D 7C FF FF FF FF 00 44
F00:2195       .lp:
F00:2196       
F00:2197       .litwait: ; Wait for blitter to be done
F00:2198           btst    #14,DMACONR
               S01:00001E22:  08 39 00 0E 00 DF F0 02
F00:2199           bne.s   .litwait
               S01:00001E2A:  66 F6
F00:2200       
F00:2201           move.w  d0,BLTCON0(a6)  ; Set registers; BLTCON0
               S01:00001E2C:  3D 40 00 40
F00:2202           move.l  a0,BLTAPTH(a6) ; src 
               S01:00001E30:  2D 48 00 50
F00:2203           move.l  a1,BLTBPTH(a6) ; BLT Dest PTR
               S01:00001E34:  2D 49 00 4C
F00:2204           move.l  a1,BLTCPTH(a6) ; BLT Dest PTR
               S01:00001E38:  2D 49 00 48
F00:2205           move.l  a1,BLTDPTH(a6) ; BLT Dest PTR
               S01:00001E3C:  2D 49 00 54
F00:2206           move.w  d4,BLTSIZE(a6) ; BLTSIZE & Start blitter
               S01:00001E40:  3D 44 00 58
F00:2207           rts
               S01:00001E44:  4E 75
F00:2208       
F00:2209       ; 1001
F00:2210       
F00:2211       
F00:2212       
F00:2213       
F00:2214       ; storage for 32-bit addresses and data
F00:2215       	CNOP 0,4
F00:2216       oldview:	dc.l 0
               S01:00001E48:  00 00 00 00
F00:2217       oldcopper:	dc.l 0
               S01:00001E4C:  00 00 00 00
F00:2218       gfxbase:	dc.l 0
               S01:00001E50:  00 00 00 00
F00:2219       frame:          dc.l 0
               S01:00001E54:  00 00 00 00
F00:2220       
F00:2221       ; storage for 16-bit data
F00:2222       	CNOP 0,4
F00:2223       olddmareq:	dc.w 0
               S01:00001E58:  00 00
F00:2224       oldintreq:	dc.w 0
               S01:00001E5A:  00 00
F00:2225       oldintena:	dc.w 0
               S01:00001E5C:  00 00
F00:2226       oldadkcon:	dc.w 0
               S01:00001E5E:  00 00
F00:2227       
F00:2228       copper_index    dc.w 0
               S01:00001E60:  00 00
F00:2229       	CNOP 0,4
F00:2230       gfxname: dc.b 'graphics.library',0
               S01:00001E64:  67 72 61 70 68 69 63 73 2E 6C 69 62 72 61 72 79
               S01:00001E74:  00
F00:2231       
F00:2232       
F00:2233       
F00:2234         section datachip,data_c
F00:2235       
F00:2236       Chip:
F00:2237       
F00:2238           even
F00:2239       cop:
F00:2240           dc.w    $008e
               S02:00000000:  00 8E
F00:2241       copper_diwstrt:
F00:2242           dc.w    $2c81,$0090
               S02:00000002:  2C 81
               S02:00000004:  00 90
F00:2243       copper_diwstop:
F00:2244           dc.w    $2cc1
               S02:00000006:  2C C1
F00:2245       
F00:2246           
F00:2247           dc.w    $0092
               S02:00000008:  00 92
F00:2248       ddfstrt:
F00:2249       ; 
F00:2250           dc.w    $0038,$0094
               S02:0000000A:  00 38
               S02:0000000C:  00 94
F00:2251       ddfstop:
F00:2252           dc.w    $00d0
               S02:0000000E:  00 D0
F00:2253           dc.w    $0108
               S02:00000010:  01 08
F00:2254       copper_mod_even:
F00:2255       
F00:2256       ;set bplmodulo here
F00:2257           dc.w    0,$010a
               S02:00000012:  00 00
               S02:00000014:  01 0A
F00:2258       copper_mod_odd:
F00:2259       ;set bplmodulo here
F00:2260           dc.w    0
               S02:00000016:  00 00
F00:2261       
F00:2262       
F00:2263       
F00:2264       
F00:2265           
F00:2266       copper_spritestruct0:
F00:2267           dc.w $120,0, $122,0
               S02:00000018:  01 20
               S02:0000001A:  00 00
               S02:0000001C:  01 22
               S02:0000001E:  00 00
F00:2268       copper_spritestruct1:
F00:2269           dc.w $124,0, $126,0
               S02:00000020:  01 24
               S02:00000022:  00 00
               S02:00000024:  01 26
               S02:00000026:  00 00
F00:2270       copper_spritestruct2:
F00:2271           dc.w $128,0, $12A,0
               S02:00000028:  01 28
               S02:0000002A:  00 00
               S02:0000002C:  01 2A
               S02:0000002E:  00 00
F00:2272       copper_spritestruct3:
F00:2273           dc.w $12C,0, $12E,0
               S02:00000030:  01 2C
               S02:00000032:  00 00
               S02:00000034:  01 2E
               S02:00000036:  00 00
F00:2274       copper_spritestruct4:
F00:2275           dc.w $130,0, $132,0
               S02:00000038:  01 30
               S02:0000003A:  00 00
               S02:0000003C:  01 32
               S02:0000003E:  00 00
F00:2276       copper_spritestruct5:
F00:2277           dc.w $134,0, $136,0
               S02:00000040:  01 34
               S02:00000042:  00 00
               S02:00000044:  01 36
               S02:00000046:  00 00
F00:2278       copper_spritestruct6:
F00:2279           dc.w $138,0, $13A,0
               S02:00000048:  01 38
               S02:0000004A:  00 00
               S02:0000004C:  01 3A
               S02:0000004E:  00 00
F00:2280       copper_spritestruct7:
F00:2281           dc.w $13C,0, $13E,0
               S02:00000050:  01 3C
               S02:00000052:  00 00
               S02:00000054:  01 3E
               S02:00000056:  00 00
F00:2282       
F00:2283       copper_spritedata0:
F00:2284           dc.w $144,0, $146,0
               S02:00000058:  01 44
               S02:0000005A:  00 00
               S02:0000005C:  01 46
               S02:0000005E:  00 00
F00:2285       copper_spritedata1:
F00:2286           dc.w $14C,0, $14E,0
               S02:00000060:  01 4C
               S02:00000062:  00 00
               S02:00000064:  01 4E
               S02:00000066:  00 00
F00:2287       
F00:2288       
F00:2289       copper_palette:
F00:2290           dc.w    $0180, $000
               S02:00000068:  01 80
               S02:0000006A:  00 00
F00:2291           dc.w    $0182, $fff
               S02:0000006C:  01 82
               S02:0000006E:  0F FF
F00:2292           dc.w    $0184, $236
               S02:00000070:  01 84
               S02:00000072:  02 36
F00:2293           dc.w    $0186, $ba7
               S02:00000074:  01 86
               S02:00000076:  0B A7
F00:2294           dc.w    $0188, $836
               S02:00000078:  01 88
               S02:0000007A:  08 36
F00:2295           dc.w    $018a, $485
               S02:0000007C:  01 8A
               S02:0000007E:  04 85
F00:2296           dc.w    $018c, $723
               S02:00000080:  01 8C
               S02:00000082:  07 23
F00:2297           dc.w    $018e, $6cb
               S02:00000084:  01 8E
               S02:00000086:  06 CB
F00:2298           dc.w    $0190, $246
               S02:00000088:  01 90
               S02:0000008A:  02 46
F00:2299           dc.w    $0192, $034
               S02:0000008C:  01 92
               S02:0000008E:  00 34
F00:2300           dc.w    $0194, $569
               S02:00000090:  01 94
               S02:00000092:  05 69
F00:2301           dc.w    $0196, $444
               S02:00000094:  01 96
               S02:00000096:  04 44
F00:2302           dc.w    $0198, $666
               S02:00000098:  01 98
               S02:0000009A:  06 66
F00:2303           dc.w    $019a, $8d9
               S02:0000009C:  01 9A
               S02:0000009E:  08 D9
F00:2304           dc.w    $019c, $b56
               S02:000000A0:  01 9C
               S02:000000A2:  0B 56
F00:2305           dc.w    $019e, $999
               S02:000000A4:  01 9E
               S02:000000A6:  09 99
F00:2306       
F00:2307           dc.w    $01A0, $000
               S02:000000A8:  01 A0
               S02:000000AA:  00 00
F00:2308           dc.w    $01A2, $fff
               S02:000000AC:  01 A2
               S02:000000AE:  0F FF
F00:2309           dc.w    $01A4, $236
               S02:000000B0:  01 A4
               S02:000000B2:  02 36
F00:2310           dc.w    $01A6, $ba7
               S02:000000B4:  01 A6
               S02:000000B6:  0B A7
F00:2311           dc.w    $01A8, $836
               S02:000000B8:  01 A8
               S02:000000BA:  08 36
F00:2312           dc.w    $01Aa, $485
               S02:000000BC:  01 AA
               S02:000000BE:  04 85
F00:2313           dc.w    $01Ac, $723
               S02:000000C0:  01 AC
               S02:000000C2:  07 23
F00:2314           dc.w    $01Ae, $6cb
               S02:000000C4:  01 AE
               S02:000000C6:  06 CB
F00:2315           dc.w    $01B0, $246
               S02:000000C8:  01 B0
               S02:000000CA:  02 46
F00:2316           dc.w    $01B2, $034
               S02:000000CC:  01 B2
               S02:000000CE:  00 34
F00:2317           dc.w    $01B4, $569
               S02:000000D0:  01 B4
               S02:000000D2:  05 69
F00:2318           dc.w    $01B6, $444
               S02:000000D4:  01 B6
               S02:000000D6:  04 44
F00:2319           dc.w    $01B8, $666
               S02:000000D8:  01 B8
               S02:000000DA:  06 66
F00:2320           dc.w    $01Ba, $8d9
               S02:000000DC:  01 BA
               S02:000000DE:  08 D9
F00:2321           dc.w    $01Bc, $b56
               S02:000000E0:  01 BC
               S02:000000E2:  0B 56
F00:2322           dc.w    $01Be, $999
               S02:000000E4:  01 BE
               S02:000000E6:  09 99
F00:2323       
F00:2324       
F00:2325       
F00:2326       
F00:2327       
F00:2328       copper_bitplane0:
F00:2329           dc.w    $e0,0
               S02:000000E8:  00 E0
               S02:000000EA:  00 00
F00:2330           dc.w    $e2,0
               S02:000000EC:  00 E2
               S02:000000EE:  00 00
F00:2331       copper_bitplane1:
F00:2332           dc.w    $e4,0
               S02:000000F0:  00 E4
               S02:000000F2:  00 00
F00:2333           dc.w    $e6,0
               S02:000000F4:  00 E6
               S02:000000F6:  00 00
F00:2334       copper_bitplane2:
F00:2335           dc.w    $e8,0
               S02:000000F8:  00 E8
               S02:000000FA:  00 00
F00:2336           dc.w    $ea,0
               S02:000000FC:  00 EA
               S02:000000FE:  00 00
F00:2337       copper_bitplane3:
F00:2338           dc.w    $ec,0
               S02:00000100:  00 EC
               S02:00000102:  00 00
F00:2339           dc.w    $ee,0
               S02:00000104:  00 EE
               S02:00000106:  00 00
F00:2340       copper_bitplane4:
F00:2341           dc.w    $f0,0
               S02:00000108:  00 F0
               S02:0000010A:  00 00
F00:2342           dc.w    $f2,0
               S02:0000010C:  00 F2
               S02:0000010E:  00 00
F00:2343       
F00:2344       
F00:2345       copbplcon1:
F00:2346           dc.l    $01020000
               S02:00000110:  01 02 00 00
F00:2347           dc.l    $2c01fffe
               S02:00000114:  2C 01 FF FE
F00:2348       copbplcon0
F00:2349       ; Set bitplane  B
F00:2350          dc.w    $0100
               S02:00000118:  01 00
F00:2351       copper_resolution
F00:2352          dc.w     $4200 
               S02:0000011A:  42 00
F00:2353       
F00:2354       copper_custom:
F00:2355           dc.w	$ffdf, $fffe
               S02:0000011C:  FF DF
               S02:0000011E:  FF FE
F00:2356           dc.w	$2401, $fffe
               S02:00000120:  24 01
               S02:00000122:  FF FE
F00:2357           dc.w	$0100, $0200
               S02:00000124:  01 00
               S02:00000126:  02 00
F00:2358           dc.l    $fffffffe
               S02:00000128:  FF FF FF FE
F00:2359       
F00:2360       ;    dc.l    $2d01fffe, $01800000
F00:2361        ;   dc.l    $8001fffe, $01002200
F00:2362         ;  dc.l    $9001fffe, $01001200
F00:2363       ;    dc.l    $ffdffffe
F00:2364        ;   dc.l    $0d01fffe, $01000200
F00:2365        blk.l   1024
F00:2366           dc.l    $fffffffe
               S02:0000112C:  FF FF FF FE
F00:2367       
F00:2368       
F00:2369       spritepointer:
F00:2370           blk.b    256
F00:2371       
F00:2372       
F00:2373       
F00:2374       
F00:2375       
F00:2376       
F00:2377       	Section ChipRAM,Data_c
F00:2378        	CNOP 0,4
F00:2379       	 	CNOP 0,4
F00:2380       music
F00:2381       	incbin "C:/Users/uersu/Documents/GitData/compofiller///resources/music/terra-mesta4.lsmusic"
               S03:00000000:  4C 53 50 31 45 CA 5B 1B 01 19 00 00 00 7D 00 2D
               S03:00000010:  00 35 00 3D 00 00 3A 0C 00 30 00 00 37 70 0D 1D
F00:2382       	 	CNOP 0,4
F00:2383       	 	CNOP 0,4
F00:2384       bank
F00:2385       	incbin "C:/Users/uersu/Documents/GitData/compofiller///resources/music/terra-mesta4.lsbank"
               S03:0001D808:  45 CA 5B 1B 1A 31 44 AC 5E 64 67 68 67 64 60 5B
               S03:0001D818:  55 4E 47 3F 36 2E 26 1F 17 10 0A 04 FD F7 F1 EB
F00:2386       	 	CNOP 0,4
F00:2387       	 	CNOP 0,4
F00:2388       imageRestoreCup
F00:2389       	incbin "C:/Users/uersu/Documents/GitData/compofiller///resources/images/restorecup.BPL"
               S03:000255AC:  00 28 00 00 00 00 00 00 00 00 02 80 00 2C 00 00
               S03:000255BC:  00 00 00 00 00 00 03 40 00 38 00 00 00 00 00 00
F00:2390       	 	CNOP 0,4
F00:2391       	 	CNOP 0,4
F00:2392       image1
F00:2393       	incbin "C:/Users/uersu/Documents/GitData/compofiller///resources/images/cupempty.BPL"
               S03:00027BA4:  00 00 00 00 00 00 00 00 00 00 00 00 00 00 00 00
               S03:00027BB4:  00 00 00 00 00 00 00 00 00 00 00 00 00 00 00 00
F00:2394       	 	CNOP 0,4
F00:2395       	 	CNOP 0,4
F00:2396       image2
F00:2397       	incbin "C:/Users/uersu/Documents/GitData/compofiller///resources/images/cupempty.BPL"
               S03:000432B4:  00 00 00 00 00 00 00 00 00 00 00 00 00 00 00 00
               S03:000432C4:  00 00 00 00 00 00 00 00 00 00 00 00 00 00 00 00
F00:2398       	 	CNOP 0,4
F00:2399       	 	CNOP 0,4
F00:2400       imageCupFull
F00:2401       	incbin "C:/Users/uersu/Documents/GitData/compofiller///resources/images/cupfull.BPL"
               S03:0005E9C4:  00 5F E1 FC 00 00 00 3F FA 1F FF A0 00 3F F8 7F
               S03:0005E9D4:  FF FF FF FF 00 7E 01 50 00 60 40 00 00 00 01 FF
F00:2402       	 	CNOP 0,4
F00:2403       	 	CNOP 0,4
F00:2404       imageFoam
F00:2405       	incbin "C:/Users/uersu/Documents/GitData/compofiller///resources/images/foam.BPL"
               S03:00060AD0:  00 00 00 00 00 00 00 00 00 00 00 00 00 00 00 00
               S03:00060AE0:  00 00 00 00 00 2C 00 00 00 00 00 00 00 00 00 00
F00:2406       	 	CNOP 0,4
F00:2407       	 	CNOP 0,4
F00:2408       imageMask
F00:2409       	incbin "C:/Users/uersu/Documents/GitData/compofiller///resources/images/mask.BPL"
               S03:00060F44:  00 00 00 00 00 00 00 00 00 74 00 00 00 00 00 00
               S03:00060F54:  00 00 00 01 FF FF E0 00 00 00 01 FF 00 00 00 1F
F00:2410       	 	CNOP 0,4
F00:2411       


Sections:
S01  CODE
S02  datachip
S03  ChipRAM


Sources:
F00  C:\Users\uersu\Documents\GitData\compofiller\\main.asm


Symbols:
spritepointer LAB (0x1130) UNUSED sec=datachip 
copbplcon0 LAB (0x118) UNUSED sec=datachip 
copbplcon1 LAB (0x110) UNUSED sec=datachip 
copper_spritedata1 LAB (0x60) UNUSED sec=datachip 
copper_spritedata0 LAB (0x58) UNUSED sec=datachip 
copper_spritestruct7 LAB (0x50) UNUSED sec=datachip 
copper_spritestruct6 LAB (0x48) UNUSED sec=datachip 
copper_spritestruct5 LAB (0x40) UNUSED sec=datachip 
copper_spritestruct4 LAB (0x38) UNUSED sec=datachip 
copper_spritestruct3 LAB (0x30) UNUSED sec=datachip 
copper_spritestruct2 LAB (0x28) UNUSED sec=datachip 
copper_spritestruct1 LAB (0x20) UNUSED sec=datachip 
copper_spritestruct0 LAB (0x18) UNUSED sec=datachip 
ddfstop LAB (0xe) UNUSED sec=datachip 
ddfstrt LAB (0xa) UNUSED sec=datachip 
copper_diwstop LAB (0x6) UNUSED sec=datachip 
copper_diwstrt LAB (0x2) UNUSED sec=datachip 
Chip LAB (0x0) UNUSED sec=datachip 
copper_index LAB (0x1e60) UNUSED sec=CODE 
frame LAB (0x1e54) UNUSED sec=CODE 
 blitter .litwait LAB (0x1e22) sec=CODE 
 blitter .lp LAB (0x1e22) UNUSED sec=CODE 
loopend241 LAB (0x1da8) UNUSED sec=CODE 
casenext482 LAB (0x1da4) sec=CODE 
edblock477 LAB (0x1d6a) sec=CODE 
localfailed479 LAB (0x1d58) sec=CODE 
ctb475 LAB (0x1d62) sec=CODE 
localfailed480 LAB (0x1d4c) sec=CODE 
edblock461 LAB (0x1d6a) sec=CODE 
ctb459 LAB (0x1d04) UNUSED sec=CODE 
eblock460 LAB (0x1d16) sec=CODE 
casenext456 LAB (0x1d70) sec=CODE 
edblock451 LAB (0x1ce8) sec=CODE 
localfailed453 LAB (0x1cd8) sec=CODE 
ctb449 LAB (0x1ce0) sec=CODE 
localfailed454 LAB (0x1ccc) sec=CODE 
casenext446 LAB (0x1cf0) sec=CODE 
edblock441 LAB (0x1cb2) sec=CODE 
ctb439 LAB (0x1ca4) UNUSED sec=CODE 
eblock440 LAB (0x1caa) sec=CODE 
casenext436 LAB (0x1cb6) sec=CODE 
edblock431 LAB (0x1c86) sec=CODE 
localfailed433 LAB (0x1c74) sec=CODE 
ctb429 LAB (0x1c7e) sec=CODE 
localfailed434 LAB (0x1c68) sec=CODE 
edblock423 LAB (0x1c5c) sec=CODE 
ctb421 LAB (0x1c4a) UNUSED sec=CODE 
eblock422 LAB (0x1c54) sec=CODE 
casenext418 LAB (0x1c8a) sec=CODE 
ctb413 LAB (0x1bcc) UNUSED sec=CODE 
edblock415 LAB (0x1c24) sec=CODE 
edblock407 LAB (0x1bc2) sec=CODE 
localfailed409 LAB (0x1bb0) sec=CODE 
ctb405 LAB (0x1bba) sec=CODE 
localfailed410 LAB (0x1ba4) sec=CODE 
casenext402 LAB (0x1c32) sec=CODE 
edblock397 LAB (0x1b7c) sec=CODE 
ctb395 LAB (0x1b6e) UNUSED sec=CODE 
eblock396 LAB (0x1b74) sec=CODE 
casenext392 LAB (0x1b8c) sec=CODE 
ctb387 LAB (0x1b4c) UNUSED sec=CODE 
edblock389 LAB (0x1b54) sec=CODE 
casenext384 LAB (0x1b5c) sec=CODE 
edblock379 LAB (0x1b2c) sec=CODE 
ctb377 LAB (0x1b1e) UNUSED sec=CODE 
eblock378 LAB (0x1b24) sec=CODE 
casenext374 LAB (0x1b34) sec=CODE 
caseend365 LAB (0x1da4) sec=CODE 
ctb369 LAB (0x1afe) UNUSED sec=CODE 
edblock371 LAB (0x1b06) sec=CODE 
casenext366 LAB (0x1b0a) sec=CODE 
waitVB364 LAB (0x1ac0) sec=CODE 
ctb237 LAB (0x1ac0) UNUSED sec=CODE 
edblock239 LAB (0x1da8) sec=CODE 
loopstart240 LAB (0x1ab6) UNUSED sec=CODE 
while236 LAB (0x1ab6) sec=CODE 
memcpy235 LAB (0x1ab0) sec=CODE 
copper_palette LAB (0x68) REF sec=datachip 
bank LAB (0x1d808) REF sec=ChipRAM 
music LAB (0x0) REF sec=ChipRAM 
Get_Musicpos LAB (0x1a4a) sec=CODE 
waitforblitter233 LAB (0x19f4) sec=CODE 
waitforblitter232 LAB (0x1986) sec=CODE 
waitforblitter231 LAB (0x1918) sec=CODE 
waitforblitter230 LAB (0x18aa) sec=CODE 
waitforblitter229 LAB (0x183c) sec=CODE 
RestoreCup LAB (0x180c) sec=CODE 
rc_height LAB (0x1806) REF sec=CODE 
rc_yoffset LAB (0x1804) REF sec=CODE 
rc_dstimage LAB (0x1800) REF sec=CODE 
rc_srcimage LAB (0x17fc) REF sec=CODE 
block228 LAB (0x180c) sec=CODE 
EffScrolldown LAB (0x17ee) sec=CODE 
EffScrollup LAB (0x17e2) sec=CODE 
edblock221 LAB (0x17e0) sec=CODE 
ctb219 LAB (0x1796) UNUSED sec=CODE 
eblock220 LAB (0x17bc) sec=CODE 
EffBeerDrink LAB (0x1778) sec=CODE 
edblock212 LAB (0x1776) sec=CODE 
ctb210 LAB (0x172c) UNUSED sec=CODE 
eblock211 LAB (0x1752) sec=CODE 
ctb204 LAB (0x1716) UNUSED sec=CODE 
edblock206 LAB (0x1722) sec=CODE 
imageCupFull LAB (0x5e9c4) REF sec=ChipRAM 
EffBeerFill LAB (0x16e2) sec=CODE 
EffBeerFoam LAB (0x16b6) sec=CODE 
waitforblitter200 LAB (0x164c) sec=CODE 
waitforblitter199 LAB (0x15d0) sec=CODE 
waitforblitter198 LAB (0x1554) sec=CODE 
waitforblitter197 LAB (0x14d8) sec=CODE 
waitforblitter196 LAB (0x145c) sec=CODE 
imageRestoreCup LAB (0x255ac) REF sec=ChipRAM 
ctb191 LAB (0x144a) UNUSED sec=CODE 
edblock193 LAB (0x1452) sec=CODE 
RemoveFoam LAB (0x1440) sec=CODE 
rf_yoffset LAB (0x143c) REF sec=CODE 
rf_dstimage LAB (0x1438) REF sec=CODE 
block189 LAB (0x1440) sec=CODE 
edblock184 LAB (0x1390) sec=CODE 
image2 LAB (0x432b4) REF sec=ChipRAM 
image1 LAB (0x27ba4) REF sec=ChipRAM 
ctb182 LAB (0x1326) UNUSED sec=CODE 
eblock183 LAB (0x135c) sec=CODE 
FlipBuffers LAB (0x131e) sec=CODE 
waitforblitter179 LAB (0x12b4) sec=CODE 
waitforblitter178 LAB (0x1232) sec=CODE 
waitforblitter177 LAB (0x11b0) sec=CODE 
waitforblitter176 LAB (0x112e) sec=CODE 
blitter LAB (0x1e12) sec=CODE 
waitforblitter175 LAB (0x10ac) sec=CODE 
FillDrinkBeer LAB (0x10ac) sec=CODE 
fd_srcimageoffset LAB (0x10a8) REF sec=CODE 
fd_srcimage LAB (0x10a4) REF sec=CODE 
yoffset LAB (0x10a2) REF sec=CODE 
dstimage LAB (0x109e) REF sec=CODE 
block174 LAB (0x10ac) sec=CODE 
waitforblitter173 LAB (0xf22) sec=CODE 
imageMask LAB (0x60f44) REF sec=ChipRAM 
imageFoam LAB (0x60ad0) REF sec=ChipRAM 
BeerFoam LAB (0xec4) sec=CODE 
foampos LAB (0xec2) REF sec=CODE 
foamsize LAB (0xec0) REF sec=CODE 
bf_dstimage LAB (0xebc) REF sec=CODE 
block172 LAB (0xec4) sec=CODE 
loopend169 LAB (0xeb8) UNUSED sec=CODE 
loopstart168 LAB (0xea8) UNUSED sec=CODE 
forloop167 LAB (0xe74) sec=CODE 
DistortMore LAB (0xe6c) sec=CODE 
edblock161 LAB (0xe6a) sec=CODE 
ctb159 LAB (0xe5a) UNUSED sec=CODE 
eblock160 LAB (0xe62) sec=CODE 
loopend143 LAB (0xe48) UNUSED sec=CODE 
ctb153 LAB (0xe3a) UNUSED sec=CODE 
edblock155 LAB (0xe3e) sec=CODE 
ctb139 LAB (0xe2a) UNUSED sec=CODE 
edblock141 LAB (0xe48) sec=CODE 
loopstart142 LAB (0xe20) UNUSED sec=CODE 
while138 LAB (0xe20) sec=CODE 
loopend123 LAB (0xe20) UNUSED sec=CODE 
ctb133 LAB (0xe12) UNUSED sec=CODE 
edblock135 LAB (0xe16) sec=CODE 
ctb119 LAB (0xe02) UNUSED sec=CODE 
edblock121 LAB (0xe20) sec=CODE 
loopstart122 LAB (0xdf8) UNUSED sec=CODE 
while118 LAB (0xdf8) sec=CODE 
ctb113 LAB (0xdec) UNUSED sec=CODE 
edblock115 LAB (0xdf0) sec=CODE 
ctb101 LAB (0xdd8) UNUSED sec=CODE 
edblock103 LAB (0xdf8) sec=CODE 
loopend85 LAB (0xdce) UNUSED sec=CODE 
ctb95 LAB (0xdc0) UNUSED sec=CODE 
edblock97 LAB (0xdc4) sec=CODE 
ctb81 LAB (0xdb0) UNUSED sec=CODE 
edblock83 LAB (0xdce) sec=CODE 
loopstart84 LAB (0xda0) UNUSED sec=CODE 
while80 LAB (0xda0) sec=CODE 
ctb75 LAB (0xd90) UNUSED sec=CODE 
edblock77 LAB (0xd94) sec=CODE 
ctb63 LAB (0xd80) UNUSED sec=CODE 
edblock65 LAB (0xda0) sec=CODE 
loopend47 LAB (0xd76) UNUSED sec=CODE 
ctb57 LAB (0xd68) UNUSED sec=CODE 
edblock59 LAB (0xd6c) sec=CODE 
ctb43 LAB (0xd58) UNUSED sec=CODE 
edblock45 LAB (0xd76) sec=CODE 
loopstart46 LAB (0xd4c) UNUSED sec=CODE 
while42 LAB (0xd4c) sec=CODE 
copper_custom LAB (0x11c) REF sec=datachip 
CopperEffects LAB (0xd06) sec=CODE 
memcpy40 LAB (0xcfa) sec=CODE 
ColorCycleRestore LAB (0xce0) sec=CODE 
memcpy38 LAB (0xcd4) sec=CODE 
ColorCycle LAB (0xcb4) sec=CODE 
c_edblock136 LAB (0xcaa) sec=CODE 
c_ctb134 LAB (0xc9a) UNUSED sec=CODE 
c_eblock135 LAB (0xca2) sec=CODE 
c_ctb128 LAB (0xc8e) UNUSED sec=CODE 
c_edblock130 LAB (0xc90) sec=CODE 
c_edblock104 LAB (0xc90) sec=CODE 
c_ctb121 LAB (0xc7a) UNUSED sec=CODE 
c_edblock123 LAB (0xc7c) sec=CODE 
c_ctb102 LAB (0xc72) UNUSED sec=CODE 
c_eblock103 LAB (0xc86) sec=CODE 
c_edblock40 LAB (0xc90) sec=CODE 
c_ctb95 LAB (0xc6a) UNUSED sec=CODE 
c_edblock97 LAB (0xc6c) sec=CODE 
c_ctb89 LAB (0xc56) UNUSED sec=CODE 
c_edblock91 LAB (0xc58) sec=CODE 
c_ctb38 LAB (0xc4e) UNUSED sec=CODE 
c_eblock39 LAB (0xc6e) sec=CODE 
DistortCopperLine LAB (0xc30) sec=CODE 
waitforblitter35 LAB (0xbd0) sec=CODE 
CookieCut LAB (0xbd0) sec=CODE 
cc_size LAB (0xbce) REF sec=CODE 
cc_mask LAB (0xbca) REF sec=CODE 
cc_dst LAB (0xbc6) REF sec=CODE 
cc_src LAB (0xbc2) REF sec=CODE 
block34 LAB (0xbd0) sec=CODE 
sizeof_LSPVars EXPR(46=0x2e) EQU 
m_relocDone EXPR(24=0x18) UNUSED EQU 
LSP_MusicGetPos LAB (0xb8a) UNUSED sec=CODE 
 LSP_MusicSetPos .noTimingInfo LAB (0xb88) sec=CODE 
LSP_MusicSetPos LAB (0xb68) UNUSED sec=CODE 
 LSP_MusicPlayTick .r_setPos LAB (0xb3a) UNUSED sec=CODE 
 LSP_MusicPlayTick .r_chgbpm LAB (0xb50) sec=CODE 
 LSP_MusicPlayTick .r_rewind LAB (0xb42) sec=CODE 
 LSP_MusicPlayTick .noReset LAB (0xafc) sec=CODE 
 LSP_MusicPlayTick .skip LAB (0xb04) sec=CODE 
 LSP_MusicPlayTick .setIns LAB (0xaf0) sec=CODE 
 LSP_MusicPlayTick .vloop LAB (0xade) sec=CODE 
 LSP_MusicPlayTick .resetv LAB (0xb58) sec=CODE 
 LSP_MusicPlayTick .noPb LAB (0xac2) sec=CODE 
 LSP_MusicPlayTick .noPc LAB (0xaba) sec=CODE 
 LSP_MusicPlayTick .noPd LAB (0xab2) sec=CODE 
 LSP_MusicPlayTick .noPa LAB (0xaca) sec=CODE 
 LSP_MusicPlayTick .noVa LAB (0xaa2) sec=CODE 
 LSP_MusicPlayTick .noVb LAB (0xa9a) sec=CODE 
 LSP_MusicPlayTick .noVc LAB (0xa92) sec=CODE 
 LSP_MusicPlayTick .noVd LAB (0xa8a) sec=CODE 
 LSP_MusicPlayTick .cmdExec LAB (0xa82) sec=CODE 
 LSP_MusicPlayTick .noInst LAB (0xb14) sec=CODE 
 LSP_MusicPlayTick .cextended LAB (0xb18) sec=CODE 
 LSP_MusicPlayTick .cloop LAB (0xa72) UNUSED sec=CODE 
 LSP_MusicPlayTick .process LAB (0xa70) sec=CODE 
m_byteStreamLoop EXPR(28=0x1c) EQU 
m_wordStreamLoop EXPR(32=0x20) EQU 
m_byteStream EXPR(0=0x0) EQU 
m_wordStream EXPR(4=0x4) EQU 
 LSP_MusicInit .skipRel LAB (0xa32) sec=CODE 
 LSP_MusicInit .seqRel LAB (0xa28) sec=CODE 
m_currentSeq EXPR(42=0x2a) EQU 
m_seqTable EXPR(38=0x26) EQU 
 LSP_MusicInit .noSeq LAB (0xa38) sec=CODE 
m_seqCount EXPR(36=0x24) EQU 
m_codeTableAddr EXPR(12=0xc) EQU 
 LSP_MusicInit .relocated LAB (0x9f6) sec=CODE 
 LSP_MusicInit .relocLoop LAB (0x9ec) sec=CODE 
m_lspInstruments EXPR(20=0x14) EQU 
m_escCodeGetPos EXPR(44=0x2c) EQU 
m_escCodeSetBpm EXPR(18=0x12) EQU 
m_escCodeRewind EXPR(16=0x10) EQU 
m_currentBpm EXPR(26=0x1a) EQU 
m_dmaconPatch EXPR(8=0x8) EQU 
LSP_State LAB (0xb90) sec=CODE 
 LSP_MusicInit .dataError LAB (0xa64) sec=CODE 
LSP_MusicDriver_CIA_Stop LAB (0x97c) UNUSED sec=CODE 
 LSP_MusicDriver_CIA_Start .skipb LAB (0x970) sec=CODE 
 LSP_MusicDriver_CIA_Start .LSP_DmaconIrq LAB (0x950) sec=CODE 
 LSP_MusicDriver_CIA_Start .noChg LAB (0x92e) sec=CODE 
LSP_MusicPlayTick LAB (0xa66) sec=CODE 
 LSP_MusicDriver_CIA_Start .skipa LAB (0x944) sec=CODE 
 LSP_MusicDriver_CIA_Start .palClocks LAB (0x8e8) sec=CODE 
 LSP_MusicDriver_CIA_Start .LSP_MainIrq LAB (0x8f0) sec=CODE 
 LSP_MusicDriver_CIA_Start .ciaClock LAB (0x872) sec=CODE 
 LSP_MusicDriver_CIA_Start .LSP_IrqInstall LAB (0x87c) sec=CODE 
 LSP_MusicDriver_CIA_Start .curBpm LAB (0x876) sec=CODE 
 LSP_MusicDriver_CIA_Start .pMusicBPM LAB (0x878) sec=CODE 
LSP_MusicInit LAB (0x99e) sec=CODE 
 LSP_MusicDriver_CIA_Start .LSPDmaCon LAB (0x86c) sec=CODE 
 LSP_MusicDriver_CIA_Start .irqVector LAB (0x86e) sec=CODE 
lspend LAB (0xbbe) sec=CODE 
LSP_MusicDriver_CIA_Start LAB (0x842) sec=CODE 
LSP_CIAStart LAB (0x820) sec=CODE 
cs_palntsc LAB (0x81e) REF sec=CODE 
cs_vbr LAB (0x81c) REF sec=CODE 
cs_bank LAB (0x818) REF sec=CODE 
cs_music LAB (0x814) REF sec=CODE 
block33 LAB (0x820) sec=CODE 
ctb28 LAB (0x7fa) UNUSED sec=CODE 
edblock30 LAB (0x810) sec=CODE 
ctb22 LAB (0x7ba) UNUSED sec=CODE 
edblock24 LAB (0x7f0) sec=CODE 
ctb16 LAB (0x75a) UNUSED sec=CODE 
edblock18 LAB (0x7b0) sec=CODE 
ctb10 LAB (0x6da) UNUSED sec=CODE 
edblock12 LAB (0x750) sec=CODE 
copper_bitplane4 LAB (0x108) REF sec=datachip 
copper_bitplane3 LAB (0x100) REF sec=datachip 
copper_bitplane2 LAB (0xf8) REF sec=datachip 
copper_bitplane1 LAB (0xf0) REF sec=datachip 
copper_bitplane0 LAB (0xe8) REF sec=datachip 
ctb4 LAB (0x63a) UNUSED sec=CODE 
edblock6 LAB (0x6d0) sec=CODE 
copper_mod_odd LAB (0x16) REF sec=datachip 
copper_mod_even LAB (0x12) REF sec=datachip 
copper_resolution LAB (0x11a) REF sec=datachip 
Graphics_SetupNonInterlacedScreen LAB (0x5f8) sec=CODE 
block2 LAB (0x5f8) sec=CODE 
planeoffset LAB (0x5f0) REF sec=CODE 
tmp2 LAB (0x5ec) REF sec=CODE 
tmp LAB (0x5ea) REF sec=CODE 
row LAB (0x5e8) REF sec=CODE 
sine4CopperAdd LAB (0x3e8) sec=CODE 
sine4Copper LAB (0x1e8) sec=CODE 
srcimage LAB (0x1e4) REF sec=CODE 
imagemask LAB (0x1e0) REF sec=CODE 
effectNumber LAB (0x1de) REF sec=CODE 
istart LAB (0x1dc) REF sec=CODE 
curbplmod LAB (0x1da) REF sec=CODE 
beerinput LAB (0x1d8) REF sec=CODE 
current LAB (0x1d6) UNUSED sec=CODE 
musicPos LAB (0x1d4) REF sec=CODE 
bltsize LAB (0x1d2) REF sec=CODE 
i LAB (0x1d0) REF sec=CODE 
offscreen LAB (0x1cc) REF sec=CODE 
screen LAB (0x1c8) REF sec=CODE 
image_palette_cycled LAB (0x148) sec=CODE 
image_palette LAB (0xc8) sec=CODE 
yOffset LAB (0xc6) REF sec=CODE 
eff0Counter LAB (0xc4) REF sec=CODE 
foamCounter LAB (0xc2) REF sec=CODE 
screenOffset LAB (0xbe) REF sec=CODE 
lightypos LAB (0xbc) REF sec=CODE 
curcopperpos LAB (0xb8) REF sec=CODE 
colorcycled LAB (0xb6) REF sec=CODE 
isDone LAB (0xb4) REF sec=CODE 
curBuf LAB (0xb2) REF sec=CODE 
Graphics_bytefill3 LAB (0xaa) UNUSED sec=CODE 
Graphics_bytefill2 LAB (0xa0) UNUSED sec=CODE 
Graphics_bytefill1 LAB (0x98) UNUSED sec=CODE 
Graphics_j LAB (0x96) REF sec=CODE 
Graphics_bpl LAB (0x94) REF sec=CODE 
Graphics_pa LAB (0x90) REF sec=CODE 
block1 LAB (0x1a54) sec=CODE 
cop LAB (0x0) REF sec=datachip 
oldcopper LAB (0x1e4c) REF sec=CODE 
oldview LAB (0x1e48) REF sec=CODE 
gfxbase LAB (0x1e50) REF sec=CODE 
gfxname LAB (0x1e64) sec=CODE 
oldadkcon LAB (0x1e5e) REF sec=CODE 
oldintreq LAB (0x1e5a) REF sec=CODE 
oldintena LAB (0x1e5c) REF sec=CODE 
olddmareq LAB (0x1e58) REF sec=CODE 
init LAB (0x0) UNUSED sec=CODE 
INTREQ2 EXPR(156=0x9c) UNUSED EQU 
INTENA2 EXPR(154=0x9a) UNUSED EQU 
ADKCON2 EXPR(158=0x9e) UNUSED EQU 
DMACON2 EXPR(150=0x96) UNUSED EQU 
INTREQ EXPR(14676124=0xdff09c) EQU 
INTENA EXPR(14676122=0xdff09a) EQU 
ADKCON EXPR(14676126=0xdff09e) EQU 
DMACON EXPR(14676118=0xdff096) EQU 
INTREQR2 EXPR(30=0x1e) UNUSED EQU 
INTENAR2 EXPR(28=0x1c) UNUSED EQU 
ADKCONR2 EXPR(16=0x10) UNUSED EQU 
DMACONR2 EXPR(2=0x2) UNUSED EQU 
COP1LCH2 EXPR(128=0x80) UNUSED EQU 
VPOSR2 EXPR(4=0x4) UNUSED EQU 
CIAAPRA2 EXPR(1=0x1) UNUSED EQU 
INTREQR EXPR(14675998=0xdff01e) EQU 
INTENAR EXPR(14675996=0xdff01c) EQU 
ADKCONR EXPR(14675984=0xdff010) EQU 
DMACONR EXPR(14675970=0xdff002) EQU 
COP1LCH EXPR(14676096=0xdff080) EQU 
VPOSR EXPR(14675972=0xdff004) EQU 
CIAAPRA EXPR(12574721=0xbfe001) UNUSED EQU 
BLTBDAT EXPR(114=0x72) UNUSED EQU 
BLTADAT EXPR(116=0x74) UNUSED EQU 
BLTSIZE EXPR(88=0x58) EQU 
BLTDPTH EXPR(84=0x54) EQU 
BLTCPTH EXPR(72=0x48) EQU 
BLTBPTH EXPR(76=0x4c) EQU 
BLTAPTL EXPR(82=0x52) UNUSED EQU 
BLTAPTH EXPR(80=0x50) EQU 
VHPOSR EXPR(6=0x6) UNUSED EQU 
BLTCON1 EXPR(66=0x42) EQU 
BLTCON0 EXPR(64=0x40) EQU 
BLTAFWM EXPR(68=0x44) EQU 
BLTDMOD EXPR(102=0x66) EQU 
BLTCMOD EXPR(96=0x60) EQU 
BLTBMOD EXPR(98=0x62) EQU 
BLTAMOD EXPR(100=0x64) EQU 
BPLCON2 EXPR(260=0x104) UNUSED EQU 
BPLCON1 EXPR(258=0x102) UNUSED EQU 
BPLCON0 EXPR(256=0x100) UNUSED EQU 
__LINE__ EXPR(2411=0x96b) INTERNAL 
__FO EXPR(0=0x0) INTERNAL 
__RS EXPR(46=0x2e) INTERNAL 
REPTN EXPR(-1=0xffffffff) INTERNAL 
__VASM EXPR(1=0x1) INTERNAL 

There have been no errors.
